[2025-05-30T12:17:01.024+0000] {processor.py:161} INFO - Started process (PID=56) to work on /home/airflow/.local/lib/python3.12/site-packages/airflow/example_dags/example_display_name.py
[2025-05-30T12:17:01.025+0000] {processor.py:830} INFO - Processing file /home/airflow/.local/lib/python3.12/site-packages/airflow/example_dags/example_display_name.py for tasks to queue
[2025-05-30T12:17:01.027+0000] {logging_mixin.py:188} INFO - [2025-05-30T12:17:01.026+0000] {dagbag.py:545} INFO - Filling up the DagBag from /home/airflow/.local/lib/python3.12/site-packages/airflow/example_dags/example_display_name.py
[2025-05-30T12:17:01.036+0000] {processor.py:840} INFO - DAG(s) 'example_display_name' retrieved from /home/airflow/.local/lib/python3.12/site-packages/airflow/example_dags/example_display_name.py
[2025-05-30T12:17:01.169+0000] {logging_mixin.py:188} INFO - [2025-05-30T12:17:01.169+0000] {override.py:1829} INFO - Created Permission View: can read on DAG:example_display_name
[2025-05-30T12:17:01.182+0000] {logging_mixin.py:188} INFO - [2025-05-30T12:17:01.182+0000] {override.py:1829} INFO - Created Permission View: can edit on DAG:example_display_name
[2025-05-30T12:17:01.190+0000] {logging_mixin.py:188} INFO - [2025-05-30T12:17:01.189+0000] {override.py:1829} INFO - Created Permission View: can delete on DAG:example_display_name
[2025-05-30T12:17:01.190+0000] {logging_mixin.py:188} INFO - [2025-05-30T12:17:01.190+0000] {dag.py:3096} INFO - Sync 1 DAGs
[2025-05-30T12:17:01.203+0000] {logging_mixin.py:188} INFO - [2025-05-30T12:17:01.203+0000] {dag.py:3118} INFO - Creating ORM DAG for example_display_name
[2025-05-30T12:17:01.204+0000] {logging_mixin.py:188} INFO - [2025-05-30T12:17:01.204+0000] {dag.py:3954} INFO - Setting next_dagrun for example_display_name to None, run_after=None
[2025-05-30T12:17:01.225+0000] {processor.py:183} INFO - Processing /home/airflow/.local/lib/python3.12/site-packages/airflow/example_dags/example_display_name.py took 0.207 seconds
[2025-05-30T12:17:31.459+0000] {processor.py:161} INFO - Started process (PID=113) to work on /home/airflow/.local/lib/python3.12/site-packages/airflow/example_dags/example_display_name.py
[2025-05-30T12:17:31.460+0000] {processor.py:830} INFO - Processing file /home/airflow/.local/lib/python3.12/site-packages/airflow/example_dags/example_display_name.py for tasks to queue
[2025-05-30T12:17:31.462+0000] {logging_mixin.py:188} INFO - [2025-05-30T12:17:31.462+0000] {dagbag.py:545} INFO - Filling up the DagBag from /home/airflow/.local/lib/python3.12/site-packages/airflow/example_dags/example_display_name.py
[2025-05-30T12:17:31.469+0000] {processor.py:840} INFO - DAG(s) 'example_display_name' retrieved from /home/airflow/.local/lib/python3.12/site-packages/airflow/example_dags/example_display_name.py
[2025-05-30T12:17:31.492+0000] {logging_mixin.py:188} INFO - [2025-05-30T12:17:31.492+0000] {dag.py:3096} INFO - Sync 1 DAGs
[2025-05-30T12:17:31.509+0000] {logging_mixin.py:188} INFO - [2025-05-30T12:17:31.508+0000] {dag.py:3954} INFO - Setting next_dagrun for example_display_name to None, run_after=None
[2025-05-30T12:17:31.532+0000] {processor.py:183} INFO - Processing /home/airflow/.local/lib/python3.12/site-packages/airflow/example_dags/example_display_name.py took 0.080 seconds
[2025-05-30T12:18:02.007+0000] {processor.py:161} INFO - Started process (PID=171) to work on /home/airflow/.local/lib/python3.12/site-packages/airflow/example_dags/example_display_name.py
[2025-05-30T12:18:02.009+0000] {processor.py:830} INFO - Processing file /home/airflow/.local/lib/python3.12/site-packages/airflow/example_dags/example_display_name.py for tasks to queue
[2025-05-30T12:18:02.013+0000] {logging_mixin.py:188} INFO - [2025-05-30T12:18:02.012+0000] {dagbag.py:545} INFO - Filling up the DagBag from /home/airflow/.local/lib/python3.12/site-packages/airflow/example_dags/example_display_name.py
[2025-05-30T12:18:02.025+0000] {processor.py:840} INFO - DAG(s) 'example_display_name' retrieved from /home/airflow/.local/lib/python3.12/site-packages/airflow/example_dags/example_display_name.py
[2025-05-30T12:18:02.071+0000] {logging_mixin.py:188} INFO - [2025-05-30T12:18:02.071+0000] {dag.py:3096} INFO - Sync 1 DAGs
[2025-05-30T12:18:02.099+0000] {logging_mixin.py:188} INFO - [2025-05-30T12:18:02.098+0000] {dag.py:3954} INFO - Setting next_dagrun for example_display_name to None, run_after=None
[2025-05-30T12:18:02.148+0000] {processor.py:183} INFO - Processing /home/airflow/.local/lib/python3.12/site-packages/airflow/example_dags/example_display_name.py took 0.154 seconds
[2025-05-30T12:18:32.327+0000] {processor.py:161} INFO - Started process (PID=230) to work on /home/airflow/.local/lib/python3.12/site-packages/airflow/example_dags/example_display_name.py
[2025-05-30T12:18:32.328+0000] {processor.py:830} INFO - Processing file /home/airflow/.local/lib/python3.12/site-packages/airflow/example_dags/example_display_name.py for tasks to queue
[2025-05-30T12:18:32.331+0000] {logging_mixin.py:188} INFO - [2025-05-30T12:18:32.330+0000] {dagbag.py:545} INFO - Filling up the DagBag from /home/airflow/.local/lib/python3.12/site-packages/airflow/example_dags/example_display_name.py
[2025-05-30T12:18:32.340+0000] {processor.py:840} INFO - DAG(s) 'example_display_name' retrieved from /home/airflow/.local/lib/python3.12/site-packages/airflow/example_dags/example_display_name.py
[2025-05-30T12:18:32.367+0000] {logging_mixin.py:188} INFO - [2025-05-30T12:18:32.367+0000] {dag.py:3096} INFO - Sync 1 DAGs
[2025-05-30T12:18:32.388+0000] {logging_mixin.py:188} INFO - [2025-05-30T12:18:32.388+0000] {dag.py:3954} INFO - Setting next_dagrun for example_display_name to None, run_after=None
[2025-05-30T12:18:32.419+0000] {processor.py:183} INFO - Processing /home/airflow/.local/lib/python3.12/site-packages/airflow/example_dags/example_display_name.py took 0.101 seconds
[2025-05-30T12:19:02.771+0000] {processor.py:161} INFO - Started process (PID=287) to work on /home/airflow/.local/lib/python3.12/site-packages/airflow/example_dags/example_display_name.py
[2025-05-30T12:19:02.774+0000] {processor.py:830} INFO - Processing file /home/airflow/.local/lib/python3.12/site-packages/airflow/example_dags/example_display_name.py for tasks to queue
[2025-05-30T12:19:02.777+0000] {logging_mixin.py:188} INFO - [2025-05-30T12:19:02.776+0000] {dagbag.py:545} INFO - Filling up the DagBag from /home/airflow/.local/lib/python3.12/site-packages/airflow/example_dags/example_display_name.py
[2025-05-30T12:19:02.788+0000] {processor.py:840} INFO - DAG(s) 'example_display_name' retrieved from /home/airflow/.local/lib/python3.12/site-packages/airflow/example_dags/example_display_name.py
[2025-05-30T12:19:02.825+0000] {logging_mixin.py:188} INFO - [2025-05-30T12:19:02.824+0000] {dag.py:3096} INFO - Sync 1 DAGs
[2025-05-30T12:19:02.853+0000] {logging_mixin.py:188} INFO - [2025-05-30T12:19:02.852+0000] {dag.py:3954} INFO - Setting next_dagrun for example_display_name to None, run_after=None
[2025-05-30T12:19:02.891+0000] {processor.py:183} INFO - Processing /home/airflow/.local/lib/python3.12/site-packages/airflow/example_dags/example_display_name.py took 0.130 seconds
