[2025-05-30T12:16:57.234+0000] {processor.py:161} INFO - Started process (PID=35) to work on /home/airflow/.local/lib/python3.12/site-packages/airflow/example_dags/example_nested_branch_dag.py
[2025-05-30T12:16:57.235+0000] {processor.py:830} INFO - Processing file /home/airflow/.local/lib/python3.12/site-packages/airflow/example_dags/example_nested_branch_dag.py for tasks to queue
[2025-05-30T12:16:57.237+0000] {logging_mixin.py:188} INFO - [2025-05-30T12:16:57.236+0000] {dagbag.py:545} INFO - Filling up the DagBag from /home/airflow/.local/lib/python3.12/site-packages/airflow/example_dags/example_nested_branch_dag.py
[2025-05-30T12:16:57.250+0000] {processor.py:840} INFO - DAG(s) 'example_nested_branch_dag' retrieved from /home/airflow/.local/lib/python3.12/site-packages/airflow/example_dags/example_nested_branch_dag.py
[2025-05-30T12:16:57.401+0000] {logging_mixin.py:188} INFO - [2025-05-30T12:16:57.400+0000] {override.py:1829} INFO - Created Permission View: can read on DAG:example_nested_branch_dag
[2025-05-30T12:16:57.419+0000] {logging_mixin.py:188} INFO - [2025-05-30T12:16:57.418+0000] {override.py:1829} INFO - Created Permission View: can edit on DAG:example_nested_branch_dag
[2025-05-30T12:16:57.432+0000] {logging_mixin.py:188} INFO - [2025-05-30T12:16:57.431+0000] {override.py:1829} INFO - Created Permission View: can delete on DAG:example_nested_branch_dag
[2025-05-30T12:16:57.433+0000] {logging_mixin.py:188} INFO - [2025-05-30T12:16:57.432+0000] {dag.py:3096} INFO - Sync 1 DAGs
[2025-05-30T12:16:57.456+0000] {logging_mixin.py:188} INFO - [2025-05-30T12:16:57.455+0000] {dag.py:3118} INFO - Creating ORM DAG for example_nested_branch_dag
[2025-05-30T12:16:57.476+0000] {logging_mixin.py:188} INFO - [2025-05-30T12:16:57.475+0000] {dag.py:3954} INFO - Setting next_dagrun for example_nested_branch_dag to 2025-05-29 00:00:00+00:00, run_after=2025-05-30 00:00:00+00:00
[2025-05-30T12:16:57.504+0000] {processor.py:183} INFO - Processing /home/airflow/.local/lib/python3.12/site-packages/airflow/example_dags/example_nested_branch_dag.py took 0.278 seconds
[2025-05-30T12:17:27.617+0000] {processor.py:161} INFO - Started process (PID=92) to work on /home/airflow/.local/lib/python3.12/site-packages/airflow/example_dags/example_nested_branch_dag.py
[2025-05-30T12:17:27.618+0000] {processor.py:830} INFO - Processing file /home/airflow/.local/lib/python3.12/site-packages/airflow/example_dags/example_nested_branch_dag.py for tasks to queue
[2025-05-30T12:17:27.620+0000] {logging_mixin.py:188} INFO - [2025-05-30T12:17:27.620+0000] {dagbag.py:545} INFO - Filling up the DagBag from /home/airflow/.local/lib/python3.12/site-packages/airflow/example_dags/example_nested_branch_dag.py
[2025-05-30T12:17:27.633+0000] {processor.py:840} INFO - DAG(s) 'example_nested_branch_dag' retrieved from /home/airflow/.local/lib/python3.12/site-packages/airflow/example_dags/example_nested_branch_dag.py
[2025-05-30T12:17:27.660+0000] {logging_mixin.py:188} INFO - [2025-05-30T12:17:27.659+0000] {dag.py:3096} INFO - Sync 1 DAGs
[2025-05-30T12:17:27.689+0000] {logging_mixin.py:188} INFO - [2025-05-30T12:17:27.689+0000] {dag.py:3954} INFO - Setting next_dagrun for example_nested_branch_dag to 2025-05-29 00:00:00+00:00, run_after=2025-05-30 00:00:00+00:00
[2025-05-30T12:17:27.714+0000] {processor.py:183} INFO - Processing /home/airflow/.local/lib/python3.12/site-packages/airflow/example_dags/example_nested_branch_dag.py took 0.103 seconds
[2025-05-30T12:17:58.178+0000] {processor.py:161} INFO - Started process (PID=150) to work on /home/airflow/.local/lib/python3.12/site-packages/airflow/example_dags/example_nested_branch_dag.py
[2025-05-30T12:17:58.179+0000] {processor.py:830} INFO - Processing file /home/airflow/.local/lib/python3.12/site-packages/airflow/example_dags/example_nested_branch_dag.py for tasks to queue
[2025-05-30T12:17:58.182+0000] {logging_mixin.py:188} INFO - [2025-05-30T12:17:58.181+0000] {dagbag.py:545} INFO - Filling up the DagBag from /home/airflow/.local/lib/python3.12/site-packages/airflow/example_dags/example_nested_branch_dag.py
[2025-05-30T12:17:58.195+0000] {processor.py:840} INFO - DAG(s) 'example_nested_branch_dag' retrieved from /home/airflow/.local/lib/python3.12/site-packages/airflow/example_dags/example_nested_branch_dag.py
[2025-05-30T12:17:58.225+0000] {logging_mixin.py:188} INFO - [2025-05-30T12:17:58.225+0000] {dag.py:3096} INFO - Sync 1 DAGs
[2025-05-30T12:17:58.256+0000] {logging_mixin.py:188} INFO - [2025-05-30T12:17:58.255+0000] {dag.py:3954} INFO - Setting next_dagrun for example_nested_branch_dag to 2025-05-29 00:00:00+00:00, run_after=2025-05-30 00:00:00+00:00
[2025-05-30T12:17:58.280+0000] {processor.py:183} INFO - Processing /home/airflow/.local/lib/python3.12/site-packages/airflow/example_dags/example_nested_branch_dag.py took 0.109 seconds
[2025-05-30T12:18:28.604+0000] {processor.py:161} INFO - Started process (PID=209) to work on /home/airflow/.local/lib/python3.12/site-packages/airflow/example_dags/example_nested_branch_dag.py
[2025-05-30T12:18:28.606+0000] {processor.py:830} INFO - Processing file /home/airflow/.local/lib/python3.12/site-packages/airflow/example_dags/example_nested_branch_dag.py for tasks to queue
[2025-05-30T12:18:28.608+0000] {logging_mixin.py:188} INFO - [2025-05-30T12:18:28.608+0000] {dagbag.py:545} INFO - Filling up the DagBag from /home/airflow/.local/lib/python3.12/site-packages/airflow/example_dags/example_nested_branch_dag.py
[2025-05-30T12:18:28.621+0000] {processor.py:840} INFO - DAG(s) 'example_nested_branch_dag' retrieved from /home/airflow/.local/lib/python3.12/site-packages/airflow/example_dags/example_nested_branch_dag.py
[2025-05-30T12:18:28.650+0000] {logging_mixin.py:188} INFO - [2025-05-30T12:18:28.650+0000] {dag.py:3096} INFO - Sync 1 DAGs
[2025-05-30T12:18:28.682+0000] {logging_mixin.py:188} INFO - [2025-05-30T12:18:28.681+0000] {dag.py:3954} INFO - Setting next_dagrun for example_nested_branch_dag to 2025-05-29 00:00:00+00:00, run_after=2025-05-30 00:00:00+00:00
[2025-05-30T12:18:28.708+0000] {processor.py:183} INFO - Processing /home/airflow/.local/lib/python3.12/site-packages/airflow/example_dags/example_nested_branch_dag.py took 0.115 seconds
[2025-05-30T12:18:59.582+0000] {processor.py:161} INFO - Started process (PID=266) to work on /home/airflow/.local/lib/python3.12/site-packages/airflow/example_dags/example_nested_branch_dag.py
[2025-05-30T12:18:59.583+0000] {processor.py:830} INFO - Processing file /home/airflow/.local/lib/python3.12/site-packages/airflow/example_dags/example_nested_branch_dag.py for tasks to queue
[2025-05-30T12:18:59.585+0000] {logging_mixin.py:188} INFO - [2025-05-30T12:18:59.585+0000] {dagbag.py:545} INFO - Filling up the DagBag from /home/airflow/.local/lib/python3.12/site-packages/airflow/example_dags/example_nested_branch_dag.py
[2025-05-30T12:18:59.598+0000] {processor.py:840} INFO - DAG(s) 'example_nested_branch_dag' retrieved from /home/airflow/.local/lib/python3.12/site-packages/airflow/example_dags/example_nested_branch_dag.py
[2025-05-30T12:18:59.627+0000] {logging_mixin.py:188} INFO - [2025-05-30T12:18:59.627+0000] {dag.py:3096} INFO - Sync 1 DAGs
[2025-05-30T12:18:59.657+0000] {logging_mixin.py:188} INFO - [2025-05-30T12:18:59.656+0000] {dag.py:3954} INFO - Setting next_dagrun for example_nested_branch_dag to 2025-05-29 00:00:00+00:00, run_after=2025-05-30 00:00:00+00:00
[2025-05-30T12:18:59.682+0000] {processor.py:183} INFO - Processing /home/airflow/.local/lib/python3.12/site-packages/airflow/example_dags/example_nested_branch_dag.py took 0.107 seconds
