[2025-05-30T12:17:02.251+0000] {processor.py:161} INFO - Started process (PID=66) to work on /home/airflow/.local/lib/python3.12/site-packages/airflow/example_dags/example_trigger_controller_dag.py
[2025-05-30T12:17:02.252+0000] {processor.py:830} INFO - Processing file /home/airflow/.local/lib/python3.12/site-packages/airflow/example_dags/example_trigger_controller_dag.py for tasks to queue
[2025-05-30T12:17:02.254+0000] {logging_mixin.py:188} INFO - [2025-05-30T12:17:02.254+0000] {dagbag.py:545} INFO - Filling up the DagBag from /home/airflow/.local/lib/python3.12/site-packages/airflow/example_dags/example_trigger_controller_dag.py
[2025-05-30T12:17:02.261+0000] {processor.py:840} INFO - DAG(s) 'example_trigger_controller_dag' retrieved from /home/airflow/.local/lib/python3.12/site-packages/airflow/example_dags/example_trigger_controller_dag.py
[2025-05-30T12:17:02.439+0000] {logging_mixin.py:188} INFO - [2025-05-30T12:17:02.438+0000] {override.py:1829} INFO - Created Permission View: can read on DAG:example_trigger_controller_dag
[2025-05-30T12:17:02.454+0000] {logging_mixin.py:188} INFO - [2025-05-30T12:17:02.454+0000] {override.py:1829} INFO - Created Permission View: can edit on DAG:example_trigger_controller_dag
[2025-05-30T12:17:02.464+0000] {logging_mixin.py:188} INFO - [2025-05-30T12:17:02.463+0000] {override.py:1829} INFO - Created Permission View: can delete on DAG:example_trigger_controller_dag
[2025-05-30T12:17:02.464+0000] {logging_mixin.py:188} INFO - [2025-05-30T12:17:02.464+0000] {dag.py:3096} INFO - Sync 1 DAGs
[2025-05-30T12:17:02.482+0000] {logging_mixin.py:188} INFO - [2025-05-30T12:17:02.481+0000] {dag.py:3118} INFO - Creating ORM DAG for example_trigger_controller_dag
[2025-05-30T12:17:02.496+0000] {logging_mixin.py:188} INFO - [2025-05-30T12:17:02.496+0000] {dag.py:3954} INFO - Setting next_dagrun for example_trigger_controller_dag to 2021-01-01 00:00:00+00:00, run_after=2021-01-01 00:00:00+00:00
[2025-05-30T12:17:02.519+0000] {processor.py:183} INFO - Processing /home/airflow/.local/lib/python3.12/site-packages/airflow/example_dags/example_trigger_controller_dag.py took 0.276 seconds
[2025-05-30T12:17:33.038+0000] {processor.py:161} INFO - Started process (PID=123) to work on /home/airflow/.local/lib/python3.12/site-packages/airflow/example_dags/example_trigger_controller_dag.py
[2025-05-30T12:17:33.039+0000] {processor.py:830} INFO - Processing file /home/airflow/.local/lib/python3.12/site-packages/airflow/example_dags/example_trigger_controller_dag.py for tasks to queue
[2025-05-30T12:17:33.041+0000] {logging_mixin.py:188} INFO - [2025-05-30T12:17:33.041+0000] {dagbag.py:545} INFO - Filling up the DagBag from /home/airflow/.local/lib/python3.12/site-packages/airflow/example_dags/example_trigger_controller_dag.py
[2025-05-30T12:17:33.047+0000] {processor.py:840} INFO - DAG(s) 'example_trigger_controller_dag' retrieved from /home/airflow/.local/lib/python3.12/site-packages/airflow/example_dags/example_trigger_controller_dag.py
[2025-05-30T12:17:33.071+0000] {logging_mixin.py:188} INFO - [2025-05-30T12:17:33.070+0000] {dag.py:3096} INFO - Sync 1 DAGs
[2025-05-30T12:17:33.101+0000] {logging_mixin.py:188} INFO - [2025-05-30T12:17:33.101+0000] {dag.py:3954} INFO - Setting next_dagrun for example_trigger_controller_dag to 2021-01-01 00:00:00+00:00, run_after=2021-01-01 00:00:00+00:00
[2025-05-30T12:17:33.125+0000] {processor.py:183} INFO - Processing /home/airflow/.local/lib/python3.12/site-packages/airflow/example_dags/example_trigger_controller_dag.py took 0.095 seconds
[2025-05-30T12:18:03.857+0000] {processor.py:161} INFO - Started process (PID=188) to work on /home/airflow/.local/lib/python3.12/site-packages/airflow/example_dags/example_trigger_controller_dag.py
[2025-05-30T12:18:03.858+0000] {processor.py:830} INFO - Processing file /home/airflow/.local/lib/python3.12/site-packages/airflow/example_dags/example_trigger_controller_dag.py for tasks to queue
[2025-05-30T12:18:03.861+0000] {logging_mixin.py:188} INFO - [2025-05-30T12:18:03.860+0000] {dagbag.py:545} INFO - Filling up the DagBag from /home/airflow/.local/lib/python3.12/site-packages/airflow/example_dags/example_trigger_controller_dag.py
[2025-05-30T12:18:03.867+0000] {processor.py:840} INFO - DAG(s) 'example_trigger_controller_dag' retrieved from /home/airflow/.local/lib/python3.12/site-packages/airflow/example_dags/example_trigger_controller_dag.py
[2025-05-30T12:18:03.893+0000] {logging_mixin.py:188} INFO - [2025-05-30T12:18:03.893+0000] {dag.py:3096} INFO - Sync 1 DAGs
[2025-05-30T12:18:03.926+0000] {logging_mixin.py:188} INFO - [2025-05-30T12:18:03.926+0000] {dag.py:3954} INFO - Setting next_dagrun for example_trigger_controller_dag to 2021-01-01 00:00:00+00:00, run_after=2021-01-01 00:00:00+00:00
[2025-05-30T12:18:03.955+0000] {processor.py:183} INFO - Processing /home/airflow/.local/lib/python3.12/site-packages/airflow/example_dags/example_trigger_controller_dag.py took 0.106 seconds
[2025-05-30T12:18:34.133+0000] {processor.py:161} INFO - Started process (PID=245) to work on /home/airflow/.local/lib/python3.12/site-packages/airflow/example_dags/example_trigger_controller_dag.py
[2025-05-30T12:18:34.135+0000] {processor.py:830} INFO - Processing file /home/airflow/.local/lib/python3.12/site-packages/airflow/example_dags/example_trigger_controller_dag.py for tasks to queue
[2025-05-30T12:18:34.137+0000] {logging_mixin.py:188} INFO - [2025-05-30T12:18:34.137+0000] {dagbag.py:545} INFO - Filling up the DagBag from /home/airflow/.local/lib/python3.12/site-packages/airflow/example_dags/example_trigger_controller_dag.py
[2025-05-30T12:18:34.143+0000] {processor.py:840} INFO - DAG(s) 'example_trigger_controller_dag' retrieved from /home/airflow/.local/lib/python3.12/site-packages/airflow/example_dags/example_trigger_controller_dag.py
[2025-05-30T12:18:34.169+0000] {logging_mixin.py:188} INFO - [2025-05-30T12:18:34.169+0000] {dag.py:3096} INFO - Sync 1 DAGs
[2025-05-30T12:18:34.200+0000] {logging_mixin.py:188} INFO - [2025-05-30T12:18:34.200+0000] {dag.py:3954} INFO - Setting next_dagrun for example_trigger_controller_dag to 2021-01-01 00:00:00+00:00, run_after=2021-01-01 00:00:00+00:00
[2025-05-30T12:18:34.227+0000] {processor.py:183} INFO - Processing /home/airflow/.local/lib/python3.12/site-packages/airflow/example_dags/example_trigger_controller_dag.py took 0.101 seconds
[2025-05-30T12:19:04.758+0000] {processor.py:161} INFO - Started process (PID=304) to work on /home/airflow/.local/lib/python3.12/site-packages/airflow/example_dags/example_trigger_controller_dag.py
[2025-05-30T12:19:04.759+0000] {processor.py:830} INFO - Processing file /home/airflow/.local/lib/python3.12/site-packages/airflow/example_dags/example_trigger_controller_dag.py for tasks to queue
[2025-05-30T12:19:04.762+0000] {logging_mixin.py:188} INFO - [2025-05-30T12:19:04.761+0000] {dagbag.py:545} INFO - Filling up the DagBag from /home/airflow/.local/lib/python3.12/site-packages/airflow/example_dags/example_trigger_controller_dag.py
[2025-05-30T12:19:04.768+0000] {processor.py:840} INFO - DAG(s) 'example_trigger_controller_dag' retrieved from /home/airflow/.local/lib/python3.12/site-packages/airflow/example_dags/example_trigger_controller_dag.py
[2025-05-30T12:19:04.795+0000] {logging_mixin.py:188} INFO - [2025-05-30T12:19:04.795+0000] {dag.py:3096} INFO - Sync 1 DAGs
[2025-05-30T12:19:04.825+0000] {logging_mixin.py:188} INFO - [2025-05-30T12:19:04.825+0000] {dag.py:3954} INFO - Setting next_dagrun for example_trigger_controller_dag to 2021-01-01 00:00:00+00:00, run_after=2021-01-01 00:00:00+00:00
[2025-05-30T12:19:04.853+0000] {processor.py:183} INFO - Processing /home/airflow/.local/lib/python3.12/site-packages/airflow/example_dags/example_trigger_controller_dag.py took 0.103 seconds
