[2025-05-30T12:16:56.331+0000] {processor.py:161} INFO - Started process (PID=31) to work on /home/airflow/.local/lib/python3.12/site-packages/airflow/example_dags/example_datasets.py
[2025-05-30T12:16:56.332+0000] {processor.py:830} INFO - Processing file /home/airflow/.local/lib/python3.12/site-packages/airflow/example_dags/example_datasets.py for tasks to queue
[2025-05-30T12:16:56.334+0000] {logging_mixin.py:188} INFO - [2025-05-30T12:16:56.334+0000] {dagbag.py:545} INFO - Filling up the DagBag from /home/airflow/.local/lib/python3.12/site-packages/airflow/example_dags/example_datasets.py
[2025-05-30T12:16:56.371+0000] {processor.py:840} INFO - DAG(s) 'dataset_produces_1', 'consume_1_and_2_with_dataset_expressions', 'dataset_consumes_1_never_scheduled', 'dataset_consumes_1', 'consume_1_or_both_2_and_3_with_dataset_expressions', 'dataset_consumes_1_and_2', 'dataset_produces_2', 'consume_1_or_2_with_dataset_expressions', 'conditional_dataset_and_time_based_timetable', 'dataset_consumes_unknown_never_scheduled' retrieved from /home/airflow/.local/lib/python3.12/site-packages/airflow/example_dags/example_datasets.py
[2025-05-30T12:16:56.703+0000] {logging_mixin.py:188} INFO - [2025-05-30T12:16:56.702+0000] {override.py:1829} INFO - Created Permission View: can read on DAG:dataset_produces_1
[2025-05-30T12:16:56.715+0000] {logging_mixin.py:188} INFO - [2025-05-30T12:16:56.715+0000] {override.py:1829} INFO - Created Permission View: can edit on DAG:dataset_produces_1
[2025-05-30T12:16:56.725+0000] {logging_mixin.py:188} INFO - [2025-05-30T12:16:56.724+0000] {override.py:1829} INFO - Created Permission View: can delete on DAG:dataset_produces_1
[2025-05-30T12:16:56.746+0000] {logging_mixin.py:188} INFO - [2025-05-30T12:16:56.745+0000] {override.py:1829} INFO - Created Permission View: can read on DAG:consume_1_and_2_with_dataset_expressions
[2025-05-30T12:16:56.758+0000] {logging_mixin.py:188} INFO - [2025-05-30T12:16:56.758+0000] {override.py:1829} INFO - Created Permission View: can edit on DAG:consume_1_and_2_with_dataset_expressions
[2025-05-30T12:16:56.779+0000] {logging_mixin.py:188} INFO - [2025-05-30T12:16:56.778+0000] {override.py:1829} INFO - Created Permission View: can delete on DAG:consume_1_and_2_with_dataset_expressions
[2025-05-30T12:16:56.839+0000] {logging_mixin.py:188} INFO - [2025-05-30T12:16:56.838+0000] {override.py:1829} INFO - Created Permission View: can read on DAG:dataset_consumes_1_never_scheduled
[2025-05-30T12:16:56.847+0000] {logging_mixin.py:188} INFO - [2025-05-30T12:16:56.846+0000] {override.py:1829} INFO - Created Permission View: can edit on DAG:dataset_consumes_1_never_scheduled
[2025-05-30T12:16:56.857+0000] {logging_mixin.py:188} INFO - [2025-05-30T12:16:56.856+0000] {override.py:1829} INFO - Created Permission View: can delete on DAG:dataset_consumes_1_never_scheduled
[2025-05-30T12:16:56.875+0000] {logging_mixin.py:188} INFO - [2025-05-30T12:16:56.875+0000] {override.py:1829} INFO - Created Permission View: can read on DAG:dataset_consumes_1
[2025-05-30T12:16:56.885+0000] {logging_mixin.py:188} INFO - [2025-05-30T12:16:56.884+0000] {override.py:1829} INFO - Created Permission View: can edit on DAG:dataset_consumes_1
[2025-05-30T12:16:56.894+0000] {logging_mixin.py:188} INFO - [2025-05-30T12:16:56.894+0000] {override.py:1829} INFO - Created Permission View: can delete on DAG:dataset_consumes_1
[2025-05-30T12:16:56.916+0000] {logging_mixin.py:188} INFO - [2025-05-30T12:16:56.915+0000] {override.py:1829} INFO - Created Permission View: can read on DAG:consume_1_or_both_2_and_3_with_dataset_expressions
[2025-05-30T12:16:56.924+0000] {logging_mixin.py:188} INFO - [2025-05-30T12:16:56.924+0000] {override.py:1829} INFO - Created Permission View: can edit on DAG:consume_1_or_both_2_and_3_with_dataset_expressions
[2025-05-30T12:16:56.933+0000] {logging_mixin.py:188} INFO - [2025-05-30T12:16:56.933+0000] {override.py:1829} INFO - Created Permission View: can delete on DAG:consume_1_or_both_2_and_3_with_dataset_expressions
[2025-05-30T12:16:56.948+0000] {logging_mixin.py:188} INFO - [2025-05-30T12:16:56.947+0000] {override.py:1829} INFO - Created Permission View: can read on DAG:dataset_consumes_1_and_2
[2025-05-30T12:16:56.955+0000] {logging_mixin.py:188} INFO - [2025-05-30T12:16:56.955+0000] {override.py:1829} INFO - Created Permission View: can edit on DAG:dataset_consumes_1_and_2
[2025-05-30T12:16:56.963+0000] {logging_mixin.py:188} INFO - [2025-05-30T12:16:56.962+0000] {override.py:1829} INFO - Created Permission View: can delete on DAG:dataset_consumes_1_and_2
[2025-05-30T12:16:56.978+0000] {logging_mixin.py:188} INFO - [2025-05-30T12:16:56.978+0000] {override.py:1829} INFO - Created Permission View: can read on DAG:dataset_produces_2
[2025-05-30T12:16:56.988+0000] {logging_mixin.py:188} INFO - [2025-05-30T12:16:56.987+0000] {override.py:1829} INFO - Created Permission View: can edit on DAG:dataset_produces_2
[2025-05-30T12:16:56.997+0000] {logging_mixin.py:188} INFO - [2025-05-30T12:16:56.996+0000] {override.py:1829} INFO - Created Permission View: can delete on DAG:dataset_produces_2
[2025-05-30T12:16:57.011+0000] {logging_mixin.py:188} INFO - [2025-05-30T12:16:57.010+0000] {override.py:1829} INFO - Created Permission View: can read on DAG:consume_1_or_2_with_dataset_expressions
[2025-05-30T12:16:57.018+0000] {logging_mixin.py:188} INFO - [2025-05-30T12:16:57.017+0000] {override.py:1829} INFO - Created Permission View: can edit on DAG:consume_1_or_2_with_dataset_expressions
[2025-05-30T12:16:57.025+0000] {logging_mixin.py:188} INFO - [2025-05-30T12:16:57.024+0000] {override.py:1829} INFO - Created Permission View: can delete on DAG:consume_1_or_2_with_dataset_expressions
[2025-05-30T12:16:57.039+0000] {logging_mixin.py:188} INFO - [2025-05-30T12:16:57.039+0000] {override.py:1829} INFO - Created Permission View: can read on DAG:conditional_dataset_and_time_based_timetable
[2025-05-30T12:16:57.049+0000] {logging_mixin.py:188} INFO - [2025-05-30T12:16:57.048+0000] {override.py:1829} INFO - Created Permission View: can edit on DAG:conditional_dataset_and_time_based_timetable
[2025-05-30T12:16:57.059+0000] {logging_mixin.py:188} INFO - [2025-05-30T12:16:57.058+0000] {override.py:1829} INFO - Created Permission View: can delete on DAG:conditional_dataset_and_time_based_timetable
[2025-05-30T12:16:57.076+0000] {logging_mixin.py:188} INFO - [2025-05-30T12:16:57.076+0000] {override.py:1829} INFO - Created Permission View: can read on DAG:dataset_consumes_unknown_never_scheduled
[2025-05-30T12:16:57.086+0000] {logging_mixin.py:188} INFO - [2025-05-30T12:16:57.086+0000] {override.py:1829} INFO - Created Permission View: can edit on DAG:dataset_consumes_unknown_never_scheduled
[2025-05-30T12:16:57.094+0000] {logging_mixin.py:188} INFO - [2025-05-30T12:16:57.094+0000] {override.py:1829} INFO - Created Permission View: can delete on DAG:dataset_consumes_unknown_never_scheduled
[2025-05-30T12:16:57.095+0000] {logging_mixin.py:188} INFO - [2025-05-30T12:16:57.094+0000] {dag.py:3096} INFO - Sync 10 DAGs
[2025-05-30T12:16:57.110+0000] {logging_mixin.py:188} INFO - [2025-05-30T12:16:57.110+0000] {dag.py:3118} INFO - Creating ORM DAG for dataset_consumes_unknown_never_scheduled
[2025-05-30T12:16:57.111+0000] {logging_mixin.py:188} INFO - [2025-05-30T12:16:57.111+0000] {dag.py:3118} INFO - Creating ORM DAG for consume_1_and_2_with_dataset_expressions
[2025-05-30T12:16:57.112+0000] {logging_mixin.py:188} INFO - [2025-05-30T12:16:57.112+0000] {dag.py:3118} INFO - Creating ORM DAG for dataset_consumes_1_never_scheduled
[2025-05-30T12:16:57.113+0000] {logging_mixin.py:188} INFO - [2025-05-30T12:16:57.113+0000] {dag.py:3118} INFO - Creating ORM DAG for dataset_consumes_1
[2025-05-30T12:16:57.114+0000] {logging_mixin.py:188} INFO - [2025-05-30T12:16:57.114+0000] {dag.py:3118} INFO - Creating ORM DAG for consume_1_or_both_2_and_3_with_dataset_expressions
[2025-05-30T12:16:57.115+0000] {logging_mixin.py:188} INFO - [2025-05-30T12:16:57.115+0000] {dag.py:3118} INFO - Creating ORM DAG for conditional_dataset_and_time_based_timetable
[2025-05-30T12:16:57.116+0000] {logging_mixin.py:188} INFO - [2025-05-30T12:16:57.116+0000] {dag.py:3118} INFO - Creating ORM DAG for consume_1_or_2_with_dataset_expressions
[2025-05-30T12:16:57.117+0000] {logging_mixin.py:188} INFO - [2025-05-30T12:16:57.117+0000] {dag.py:3118} INFO - Creating ORM DAG for dataset_consumes_1_and_2
[2025-05-30T12:16:57.118+0000] {logging_mixin.py:188} INFO - [2025-05-30T12:16:57.117+0000] {dag.py:3118} INFO - Creating ORM DAG for dataset_produces_2
[2025-05-30T12:16:57.118+0000] {logging_mixin.py:188} INFO - [2025-05-30T12:16:57.118+0000] {dag.py:3118} INFO - Creating ORM DAG for dataset_produces_1
[2025-05-30T12:16:57.133+0000] {logging_mixin.py:188} INFO - [2025-05-30T12:16:57.132+0000] {dag.py:3954} INFO - Setting next_dagrun for conditional_dataset_and_time_based_timetable to 2025-05-28 01:00:00+00:00, run_after=2025-05-28 01:00:00+00:00
[2025-05-30T12:16:57.134+0000] {logging_mixin.py:188} INFO - [2025-05-30T12:16:57.134+0000] {dag.py:3954} INFO - Setting next_dagrun for consume_1_and_2_with_dataset_expressions to None, run_after=None
[2025-05-30T12:16:57.135+0000] {logging_mixin.py:188} INFO - [2025-05-30T12:16:57.134+0000] {dag.py:3954} INFO - Setting next_dagrun for consume_1_or_2_with_dataset_expressions to None, run_after=None
[2025-05-30T12:16:57.135+0000] {logging_mixin.py:188} INFO - [2025-05-30T12:16:57.135+0000] {dag.py:3954} INFO - Setting next_dagrun for consume_1_or_both_2_and_3_with_dataset_expressions to None, run_after=None
[2025-05-30T12:16:57.136+0000] {logging_mixin.py:188} INFO - [2025-05-30T12:16:57.136+0000] {dag.py:3954} INFO - Setting next_dagrun for dataset_consumes_1 to None, run_after=None
[2025-05-30T12:16:57.137+0000] {logging_mixin.py:188} INFO - [2025-05-30T12:16:57.136+0000] {dag.py:3954} INFO - Setting next_dagrun for dataset_consumes_1_and_2 to None, run_after=None
[2025-05-30T12:16:57.137+0000] {logging_mixin.py:188} INFO - [2025-05-30T12:16:57.137+0000] {dag.py:3954} INFO - Setting next_dagrun for dataset_consumes_1_never_scheduled to None, run_after=None
[2025-05-30T12:16:57.138+0000] {logging_mixin.py:188} INFO - [2025-05-30T12:16:57.138+0000] {dag.py:3954} INFO - Setting next_dagrun for dataset_consumes_unknown_never_scheduled to None, run_after=None
[2025-05-30T12:16:57.141+0000] {logging_mixin.py:188} INFO - [2025-05-30T12:16:57.141+0000] {dag.py:3954} INFO - Setting next_dagrun for dataset_produces_1 to 2025-05-29 00:00:00+00:00, run_after=2025-05-30 00:00:00+00:00
[2025-05-30T12:16:57.142+0000] {logging_mixin.py:188} INFO - [2025-05-30T12:16:57.142+0000] {dag.py:3954} INFO - Setting next_dagrun for dataset_produces_2 to None, run_after=None
[2025-05-30T12:16:57.207+0000] {processor.py:183} INFO - Processing /home/airflow/.local/lib/python3.12/site-packages/airflow/example_dags/example_datasets.py took 0.883 seconds
[2025-05-30T12:17:27.285+0000] {processor.py:161} INFO - Started process (PID=89) to work on /home/airflow/.local/lib/python3.12/site-packages/airflow/example_dags/example_datasets.py
[2025-05-30T12:17:27.286+0000] {processor.py:830} INFO - Processing file /home/airflow/.local/lib/python3.12/site-packages/airflow/example_dags/example_datasets.py for tasks to queue
[2025-05-30T12:17:27.289+0000] {logging_mixin.py:188} INFO - [2025-05-30T12:17:27.288+0000] {dagbag.py:545} INFO - Filling up the DagBag from /home/airflow/.local/lib/python3.12/site-packages/airflow/example_dags/example_datasets.py
[2025-05-30T12:17:27.308+0000] {processor.py:840} INFO - DAG(s) 'conditional_dataset_and_time_based_timetable', 'dataset_produces_1', 'dataset_consumes_1_never_scheduled', 'consume_1_or_both_2_and_3_with_dataset_expressions', 'consume_1_and_2_with_dataset_expressions', 'dataset_consumes_unknown_never_scheduled', 'dataset_consumes_1', 'dataset_produces_2', 'consume_1_or_2_with_dataset_expressions', 'dataset_consumes_1_and_2' retrieved from /home/airflow/.local/lib/python3.12/site-packages/airflow/example_dags/example_datasets.py
[2025-05-30T12:17:27.372+0000] {logging_mixin.py:188} INFO - [2025-05-30T12:17:27.372+0000] {dag.py:3096} INFO - Sync 10 DAGs
[2025-05-30T12:17:27.402+0000] {logging_mixin.py:188} INFO - [2025-05-30T12:17:27.402+0000] {dag.py:3954} INFO - Setting next_dagrun for conditional_dataset_and_time_based_timetable to 2025-05-28 01:00:00+00:00, run_after=2025-05-28 01:00:00+00:00
[2025-05-30T12:17:27.407+0000] {logging_mixin.py:188} INFO - [2025-05-30T12:17:27.407+0000] {dag.py:3954} INFO - Setting next_dagrun for consume_1_and_2_with_dataset_expressions to None, run_after=None
[2025-05-30T12:17:27.408+0000] {logging_mixin.py:188} INFO - [2025-05-30T12:17:27.408+0000] {dag.py:3954} INFO - Setting next_dagrun for consume_1_or_2_with_dataset_expressions to None, run_after=None
[2025-05-30T12:17:27.410+0000] {logging_mixin.py:188} INFO - [2025-05-30T12:17:27.410+0000] {dag.py:3954} INFO - Setting next_dagrun for consume_1_or_both_2_and_3_with_dataset_expressions to None, run_after=None
[2025-05-30T12:17:27.411+0000] {logging_mixin.py:188} INFO - [2025-05-30T12:17:27.411+0000] {dag.py:3954} INFO - Setting next_dagrun for dataset_consumes_1 to None, run_after=None
[2025-05-30T12:17:27.413+0000] {logging_mixin.py:188} INFO - [2025-05-30T12:17:27.413+0000] {dag.py:3954} INFO - Setting next_dagrun for dataset_consumes_1_and_2 to None, run_after=None
[2025-05-30T12:17:27.414+0000] {logging_mixin.py:188} INFO - [2025-05-30T12:17:27.414+0000] {dag.py:3954} INFO - Setting next_dagrun for dataset_consumes_1_never_scheduled to None, run_after=None
[2025-05-30T12:17:27.416+0000] {logging_mixin.py:188} INFO - [2025-05-30T12:17:27.416+0000] {dag.py:3954} INFO - Setting next_dagrun for dataset_consumes_unknown_never_scheduled to None, run_after=None
[2025-05-30T12:17:27.419+0000] {logging_mixin.py:188} INFO - [2025-05-30T12:17:27.419+0000] {dag.py:3954} INFO - Setting next_dagrun for dataset_produces_1 to 2025-05-29 00:00:00+00:00, run_after=2025-05-30 00:00:00+00:00
[2025-05-30T12:17:27.421+0000] {logging_mixin.py:188} INFO - [2025-05-30T12:17:27.420+0000] {dag.py:3954} INFO - Setting next_dagrun for dataset_produces_2 to None, run_after=None
[2025-05-30T12:17:27.460+0000] {processor.py:183} INFO - Processing /home/airflow/.local/lib/python3.12/site-packages/airflow/example_dags/example_datasets.py took 0.182 seconds
[2025-05-30T12:17:57.815+0000] {processor.py:161} INFO - Started process (PID=146) to work on /home/airflow/.local/lib/python3.12/site-packages/airflow/example_dags/example_datasets.py
[2025-05-30T12:17:57.820+0000] {processor.py:830} INFO - Processing file /home/airflow/.local/lib/python3.12/site-packages/airflow/example_dags/example_datasets.py for tasks to queue
[2025-05-30T12:17:57.829+0000] {logging_mixin.py:188} INFO - [2025-05-30T12:17:57.827+0000] {dagbag.py:545} INFO - Filling up the DagBag from /home/airflow/.local/lib/python3.12/site-packages/airflow/example_dags/example_datasets.py
[2025-05-30T12:17:57.875+0000] {processor.py:840} INFO - DAG(s) 'conditional_dataset_and_time_based_timetable', 'consume_1_or_both_2_and_3_with_dataset_expressions', 'dataset_consumes_1_never_scheduled', 'dataset_produces_1', 'dataset_consumes_1', 'dataset_consumes_unknown_never_scheduled', 'dataset_consumes_1_and_2', 'consume_1_or_2_with_dataset_expressions', 'dataset_produces_2', 'consume_1_and_2_with_dataset_expressions' retrieved from /home/airflow/.local/lib/python3.12/site-packages/airflow/example_dags/example_datasets.py
[2025-05-30T12:17:57.944+0000] {logging_mixin.py:188} INFO - [2025-05-30T12:17:57.943+0000] {dag.py:3096} INFO - Sync 10 DAGs
[2025-05-30T12:17:57.978+0000] {logging_mixin.py:188} INFO - [2025-05-30T12:17:57.977+0000] {dag.py:3954} INFO - Setting next_dagrun for conditional_dataset_and_time_based_timetable to 2025-05-28 01:00:00+00:00, run_after=2025-05-28 01:00:00+00:00
[2025-05-30T12:17:57.983+0000] {logging_mixin.py:188} INFO - [2025-05-30T12:17:57.983+0000] {dag.py:3954} INFO - Setting next_dagrun for consume_1_and_2_with_dataset_expressions to None, run_after=None
[2025-05-30T12:17:57.985+0000] {logging_mixin.py:188} INFO - [2025-05-30T12:17:57.985+0000] {dag.py:3954} INFO - Setting next_dagrun for consume_1_or_2_with_dataset_expressions to None, run_after=None
[2025-05-30T12:17:57.986+0000] {logging_mixin.py:188} INFO - [2025-05-30T12:17:57.986+0000] {dag.py:3954} INFO - Setting next_dagrun for consume_1_or_both_2_and_3_with_dataset_expressions to None, run_after=None
[2025-05-30T12:17:57.988+0000] {logging_mixin.py:188} INFO - [2025-05-30T12:17:57.988+0000] {dag.py:3954} INFO - Setting next_dagrun for dataset_consumes_1 to None, run_after=None
[2025-05-30T12:17:57.990+0000] {logging_mixin.py:188} INFO - [2025-05-30T12:17:57.989+0000] {dag.py:3954} INFO - Setting next_dagrun for dataset_consumes_1_and_2 to None, run_after=None
[2025-05-30T12:17:57.991+0000] {logging_mixin.py:188} INFO - [2025-05-30T12:17:57.991+0000] {dag.py:3954} INFO - Setting next_dagrun for dataset_consumes_1_never_scheduled to None, run_after=None
[2025-05-30T12:17:57.993+0000] {logging_mixin.py:188} INFO - [2025-05-30T12:17:57.993+0000] {dag.py:3954} INFO - Setting next_dagrun for dataset_consumes_unknown_never_scheduled to None, run_after=None
[2025-05-30T12:17:57.996+0000] {logging_mixin.py:188} INFO - [2025-05-30T12:17:57.996+0000] {dag.py:3954} INFO - Setting next_dagrun for dataset_produces_1 to 2025-05-29 00:00:00+00:00, run_after=2025-05-30 00:00:00+00:00
[2025-05-30T12:17:57.998+0000] {logging_mixin.py:188} INFO - [2025-05-30T12:17:57.998+0000] {dag.py:3954} INFO - Setting next_dagrun for dataset_produces_2 to None, run_after=None
[2025-05-30T12:17:58.045+0000] {processor.py:183} INFO - Processing /home/airflow/.local/lib/python3.12/site-packages/airflow/example_dags/example_datasets.py took 0.260 seconds
[2025-05-30T12:18:28.250+0000] {processor.py:161} INFO - Started process (PID=205) to work on /home/airflow/.local/lib/python3.12/site-packages/airflow/example_dags/example_datasets.py
[2025-05-30T12:18:28.263+0000] {processor.py:830} INFO - Processing file /home/airflow/.local/lib/python3.12/site-packages/airflow/example_dags/example_datasets.py for tasks to queue
[2025-05-30T12:18:28.267+0000] {logging_mixin.py:188} INFO - [2025-05-30T12:18:28.266+0000] {dagbag.py:545} INFO - Filling up the DagBag from /home/airflow/.local/lib/python3.12/site-packages/airflow/example_dags/example_datasets.py
[2025-05-30T12:18:28.294+0000] {processor.py:840} INFO - DAG(s) 'dataset_consumes_1', 'conditional_dataset_and_time_based_timetable', 'consume_1_and_2_with_dataset_expressions', 'dataset_consumes_1_never_scheduled', 'dataset_consumes_1_and_2', 'consume_1_or_both_2_and_3_with_dataset_expressions', 'dataset_consumes_unknown_never_scheduled', 'dataset_produces_1', 'dataset_produces_2', 'consume_1_or_2_with_dataset_expressions' retrieved from /home/airflow/.local/lib/python3.12/site-packages/airflow/example_dags/example_datasets.py
[2025-05-30T12:18:28.375+0000] {logging_mixin.py:188} INFO - [2025-05-30T12:18:28.375+0000] {dag.py:3096} INFO - Sync 10 DAGs
[2025-05-30T12:18:28.411+0000] {logging_mixin.py:188} INFO - [2025-05-30T12:18:28.411+0000] {dag.py:3954} INFO - Setting next_dagrun for conditional_dataset_and_time_based_timetable to 2025-05-28 01:00:00+00:00, run_after=2025-05-28 01:00:00+00:00
[2025-05-30T12:18:28.416+0000] {logging_mixin.py:188} INFO - [2025-05-30T12:18:28.416+0000] {dag.py:3954} INFO - Setting next_dagrun for consume_1_and_2_with_dataset_expressions to None, run_after=None
[2025-05-30T12:18:28.419+0000] {logging_mixin.py:188} INFO - [2025-05-30T12:18:28.418+0000] {dag.py:3954} INFO - Setting next_dagrun for consume_1_or_2_with_dataset_expressions to None, run_after=None
[2025-05-30T12:18:28.421+0000] {logging_mixin.py:188} INFO - [2025-05-30T12:18:28.420+0000] {dag.py:3954} INFO - Setting next_dagrun for consume_1_or_both_2_and_3_with_dataset_expressions to None, run_after=None
[2025-05-30T12:18:28.423+0000] {logging_mixin.py:188} INFO - [2025-05-30T12:18:28.422+0000] {dag.py:3954} INFO - Setting next_dagrun for dataset_consumes_1 to None, run_after=None
[2025-05-30T12:18:28.424+0000] {logging_mixin.py:188} INFO - [2025-05-30T12:18:28.424+0000] {dag.py:3954} INFO - Setting next_dagrun for dataset_consumes_1_and_2 to None, run_after=None
[2025-05-30T12:18:28.426+0000] {logging_mixin.py:188} INFO - [2025-05-30T12:18:28.426+0000] {dag.py:3954} INFO - Setting next_dagrun for dataset_consumes_1_never_scheduled to None, run_after=None
[2025-05-30T12:18:28.428+0000] {logging_mixin.py:188} INFO - [2025-05-30T12:18:28.428+0000] {dag.py:3954} INFO - Setting next_dagrun for dataset_consumes_unknown_never_scheduled to None, run_after=None
[2025-05-30T12:18:28.433+0000] {logging_mixin.py:188} INFO - [2025-05-30T12:18:28.432+0000] {dag.py:3954} INFO - Setting next_dagrun for dataset_produces_1 to 2025-05-29 00:00:00+00:00, run_after=2025-05-30 00:00:00+00:00
[2025-05-30T12:18:28.435+0000] {logging_mixin.py:188} INFO - [2025-05-30T12:18:28.434+0000] {dag.py:3954} INFO - Setting next_dagrun for dataset_produces_2 to None, run_after=None
[2025-05-30T12:18:28.484+0000] {processor.py:183} INFO - Processing /home/airflow/.local/lib/python3.12/site-packages/airflow/example_dags/example_datasets.py took 0.261 seconds
[2025-05-30T12:18:59.257+0000] {processor.py:161} INFO - Started process (PID=262) to work on /home/airflow/.local/lib/python3.12/site-packages/airflow/example_dags/example_datasets.py
[2025-05-30T12:18:59.259+0000] {processor.py:830} INFO - Processing file /home/airflow/.local/lib/python3.12/site-packages/airflow/example_dags/example_datasets.py for tasks to queue
[2025-05-30T12:18:59.262+0000] {logging_mixin.py:188} INFO - [2025-05-30T12:18:59.262+0000] {dagbag.py:545} INFO - Filling up the DagBag from /home/airflow/.local/lib/python3.12/site-packages/airflow/example_dags/example_datasets.py
[2025-05-30T12:18:59.284+0000] {processor.py:840} INFO - DAG(s) 'conditional_dataset_and_time_based_timetable', 'dataset_consumes_1', 'dataset_consumes_unknown_never_scheduled', 'consume_1_or_2_with_dataset_expressions', 'dataset_consumes_1_and_2', 'dataset_consumes_1_never_scheduled', 'consume_1_and_2_with_dataset_expressions', 'dataset_produces_1', 'dataset_produces_2', 'consume_1_or_both_2_and_3_with_dataset_expressions' retrieved from /home/airflow/.local/lib/python3.12/site-packages/airflow/example_dags/example_datasets.py
[2025-05-30T12:18:59.359+0000] {logging_mixin.py:188} INFO - [2025-05-30T12:18:59.359+0000] {dag.py:3096} INFO - Sync 10 DAGs
[2025-05-30T12:18:59.396+0000] {logging_mixin.py:188} INFO - [2025-05-30T12:18:59.395+0000] {dag.py:3954} INFO - Setting next_dagrun for conditional_dataset_and_time_based_timetable to 2025-05-28 01:00:00+00:00, run_after=2025-05-28 01:00:00+00:00
[2025-05-30T12:18:59.402+0000] {logging_mixin.py:188} INFO - [2025-05-30T12:18:59.402+0000] {dag.py:3954} INFO - Setting next_dagrun for consume_1_and_2_with_dataset_expressions to None, run_after=None
[2025-05-30T12:18:59.403+0000] {logging_mixin.py:188} INFO - [2025-05-30T12:18:59.403+0000] {dag.py:3954} INFO - Setting next_dagrun for consume_1_or_2_with_dataset_expressions to None, run_after=None
[2025-05-30T12:18:59.405+0000] {logging_mixin.py:188} INFO - [2025-05-30T12:18:59.405+0000] {dag.py:3954} INFO - Setting next_dagrun for consume_1_or_both_2_and_3_with_dataset_expressions to None, run_after=None
[2025-05-30T12:18:59.406+0000] {logging_mixin.py:188} INFO - [2025-05-30T12:18:59.406+0000] {dag.py:3954} INFO - Setting next_dagrun for dataset_consumes_1 to None, run_after=None
[2025-05-30T12:18:59.408+0000] {logging_mixin.py:188} INFO - [2025-05-30T12:18:59.407+0000] {dag.py:3954} INFO - Setting next_dagrun for dataset_consumes_1_and_2 to None, run_after=None
[2025-05-30T12:18:59.409+0000] {logging_mixin.py:188} INFO - [2025-05-30T12:18:59.409+0000] {dag.py:3954} INFO - Setting next_dagrun for dataset_consumes_1_never_scheduled to None, run_after=None
[2025-05-30T12:18:59.411+0000] {logging_mixin.py:188} INFO - [2025-05-30T12:18:59.410+0000] {dag.py:3954} INFO - Setting next_dagrun for dataset_consumes_unknown_never_scheduled to None, run_after=None
[2025-05-30T12:18:59.414+0000] {logging_mixin.py:188} INFO - [2025-05-30T12:18:59.414+0000] {dag.py:3954} INFO - Setting next_dagrun for dataset_produces_1 to 2025-05-29 00:00:00+00:00, run_after=2025-05-30 00:00:00+00:00
[2025-05-30T12:18:59.415+0000] {logging_mixin.py:188} INFO - [2025-05-30T12:18:59.415+0000] {dag.py:3954} INFO - Setting next_dagrun for dataset_produces_2 to None, run_after=None
[2025-05-30T12:18:59.464+0000] {processor.py:183} INFO - Processing /home/airflow/.local/lib/python3.12/site-packages/airflow/example_dags/example_datasets.py took 0.215 seconds
