[2025-05-30T12:17:00.238+0000] {processor.py:161} INFO - Started process (PID=51) to work on /home/airflow/.local/lib/python3.12/site-packages/airflow/example_dags/example_branch_day_of_week_operator.py
[2025-05-30T12:17:00.240+0000] {processor.py:830} INFO - Processing file /home/airflow/.local/lib/python3.12/site-packages/airflow/example_dags/example_branch_day_of_week_operator.py for tasks to queue
[2025-05-30T12:17:00.244+0000] {logging_mixin.py:188} INFO - [2025-05-30T12:17:00.242+0000] {dagbag.py:545} INFO - Filling up the DagBag from /home/airflow/.local/lib/python3.12/site-packages/airflow/example_dags/example_branch_day_of_week_operator.py
[2025-05-30T12:17:00.262+0000] {processor.py:840} INFO - DAG(s) 'example_weekday_branch_operator' retrieved from /home/airflow/.local/lib/python3.12/site-packages/airflow/example_dags/example_branch_day_of_week_operator.py
[2025-05-30T12:17:00.467+0000] {logging_mixin.py:188} INFO - [2025-05-30T12:17:00.467+0000] {override.py:1829} INFO - Created Permission View: can read on DAG:example_weekday_branch_operator
[2025-05-30T12:17:00.478+0000] {logging_mixin.py:188} INFO - [2025-05-30T12:17:00.478+0000] {override.py:1829} INFO - Created Permission View: can edit on DAG:example_weekday_branch_operator
[2025-05-30T12:17:00.485+0000] {logging_mixin.py:188} INFO - [2025-05-30T12:17:00.484+0000] {override.py:1829} INFO - Created Permission View: can delete on DAG:example_weekday_branch_operator
[2025-05-30T12:17:00.485+0000] {logging_mixin.py:188} INFO - [2025-05-30T12:17:00.485+0000] {dag.py:3096} INFO - Sync 1 DAGs
[2025-05-30T12:17:00.499+0000] {logging_mixin.py:188} INFO - [2025-05-30T12:17:00.499+0000] {dag.py:3118} INFO - Creating ORM DAG for example_weekday_branch_operator
[2025-05-30T12:17:00.515+0000] {logging_mixin.py:188} INFO - [2025-05-30T12:17:00.514+0000] {dag.py:3954} INFO - Setting next_dagrun for example_weekday_branch_operator to 2025-05-29 00:00:00+00:00, run_after=2025-05-30 00:00:00+00:00
[2025-05-30T12:17:00.534+0000] {processor.py:183} INFO - Processing /home/airflow/.local/lib/python3.12/site-packages/airflow/example_dags/example_branch_day_of_week_operator.py took 0.308 seconds
[2025-05-30T12:17:31.130+0000] {processor.py:161} INFO - Started process (PID=108) to work on /home/airflow/.local/lib/python3.12/site-packages/airflow/example_dags/example_branch_day_of_week_operator.py
[2025-05-30T12:17:31.131+0000] {processor.py:830} INFO - Processing file /home/airflow/.local/lib/python3.12/site-packages/airflow/example_dags/example_branch_day_of_week_operator.py for tasks to queue
[2025-05-30T12:17:31.133+0000] {logging_mixin.py:188} INFO - [2025-05-30T12:17:31.132+0000] {dagbag.py:545} INFO - Filling up the DagBag from /home/airflow/.local/lib/python3.12/site-packages/airflow/example_dags/example_branch_day_of_week_operator.py
[2025-05-30T12:17:31.142+0000] {processor.py:840} INFO - DAG(s) 'example_weekday_branch_operator' retrieved from /home/airflow/.local/lib/python3.12/site-packages/airflow/example_dags/example_branch_day_of_week_operator.py
[2025-05-30T12:17:31.167+0000] {logging_mixin.py:188} INFO - [2025-05-30T12:17:31.167+0000] {dag.py:3096} INFO - Sync 1 DAGs
[2025-05-30T12:17:31.196+0000] {logging_mixin.py:188} INFO - [2025-05-30T12:17:31.196+0000] {dag.py:3954} INFO - Setting next_dagrun for example_weekday_branch_operator to 2025-05-29 00:00:00+00:00, run_after=2025-05-30 00:00:00+00:00
[2025-05-30T12:17:31.221+0000] {processor.py:183} INFO - Processing /home/airflow/.local/lib/python3.12/site-packages/airflow/example_dags/example_branch_day_of_week_operator.py took 0.098 seconds
[2025-05-30T12:18:01.509+0000] {processor.py:161} INFO - Started process (PID=166) to work on /home/airflow/.local/lib/python3.12/site-packages/airflow/example_dags/example_branch_day_of_week_operator.py
[2025-05-30T12:18:01.510+0000] {processor.py:830} INFO - Processing file /home/airflow/.local/lib/python3.12/site-packages/airflow/example_dags/example_branch_day_of_week_operator.py for tasks to queue
[2025-05-30T12:18:01.514+0000] {logging_mixin.py:188} INFO - [2025-05-30T12:18:01.513+0000] {dagbag.py:545} INFO - Filling up the DagBag from /home/airflow/.local/lib/python3.12/site-packages/airflow/example_dags/example_branch_day_of_week_operator.py
[2025-05-30T12:18:01.530+0000] {processor.py:840} INFO - DAG(s) 'example_weekday_branch_operator' retrieved from /home/airflow/.local/lib/python3.12/site-packages/airflow/example_dags/example_branch_day_of_week_operator.py
[2025-05-30T12:18:01.571+0000] {logging_mixin.py:188} INFO - [2025-05-30T12:18:01.570+0000] {dag.py:3096} INFO - Sync 1 DAGs
[2025-05-30T12:18:01.621+0000] {logging_mixin.py:188} INFO - [2025-05-30T12:18:01.620+0000] {dag.py:3954} INFO - Setting next_dagrun for example_weekday_branch_operator to 2025-05-29 00:00:00+00:00, run_after=2025-05-30 00:00:00+00:00
[2025-05-30T12:18:01.655+0000] {processor.py:183} INFO - Processing /home/airflow/.local/lib/python3.12/site-packages/airflow/example_dags/example_branch_day_of_week_operator.py took 0.159 seconds
[2025-05-30T12:18:31.929+0000] {processor.py:161} INFO - Started process (PID=225) to work on /home/airflow/.local/lib/python3.12/site-packages/airflow/example_dags/example_branch_day_of_week_operator.py
[2025-05-30T12:18:31.930+0000] {processor.py:830} INFO - Processing file /home/airflow/.local/lib/python3.12/site-packages/airflow/example_dags/example_branch_day_of_week_operator.py for tasks to queue
[2025-05-30T12:18:31.933+0000] {logging_mixin.py:188} INFO - [2025-05-30T12:18:31.933+0000] {dagbag.py:545} INFO - Filling up the DagBag from /home/airflow/.local/lib/python3.12/site-packages/airflow/example_dags/example_branch_day_of_week_operator.py
[2025-05-30T12:18:31.944+0000] {processor.py:840} INFO - DAG(s) 'example_weekday_branch_operator' retrieved from /home/airflow/.local/lib/python3.12/site-packages/airflow/example_dags/example_branch_day_of_week_operator.py
[2025-05-30T12:18:31.976+0000] {logging_mixin.py:188} INFO - [2025-05-30T12:18:31.976+0000] {dag.py:3096} INFO - Sync 1 DAGs
[2025-05-30T12:18:32.010+0000] {logging_mixin.py:188} INFO - [2025-05-30T12:18:32.010+0000] {dag.py:3954} INFO - Setting next_dagrun for example_weekday_branch_operator to 2025-05-29 00:00:00+00:00, run_after=2025-05-30 00:00:00+00:00
[2025-05-30T12:18:32.038+0000] {processor.py:183} INFO - Processing /home/airflow/.local/lib/python3.12/site-packages/airflow/example_dags/example_branch_day_of_week_operator.py took 0.118 seconds
[2025-05-30T12:19:02.340+0000] {processor.py:161} INFO - Started process (PID=282) to work on /home/airflow/.local/lib/python3.12/site-packages/airflow/example_dags/example_branch_day_of_week_operator.py
[2025-05-30T12:19:02.342+0000] {processor.py:830} INFO - Processing file /home/airflow/.local/lib/python3.12/site-packages/airflow/example_dags/example_branch_day_of_week_operator.py for tasks to queue
[2025-05-30T12:19:02.345+0000] {logging_mixin.py:188} INFO - [2025-05-30T12:19:02.344+0000] {dagbag.py:545} INFO - Filling up the DagBag from /home/airflow/.local/lib/python3.12/site-packages/airflow/example_dags/example_branch_day_of_week_operator.py
[2025-05-30T12:19:02.356+0000] {processor.py:840} INFO - DAG(s) 'example_weekday_branch_operator' retrieved from /home/airflow/.local/lib/python3.12/site-packages/airflow/example_dags/example_branch_day_of_week_operator.py
[2025-05-30T12:19:02.404+0000] {logging_mixin.py:188} INFO - [2025-05-30T12:19:02.403+0000] {dag.py:3096} INFO - Sync 1 DAGs
[2025-05-30T12:19:02.462+0000] {logging_mixin.py:188} INFO - [2025-05-30T12:19:02.462+0000] {dag.py:3954} INFO - Setting next_dagrun for example_weekday_branch_operator to 2025-05-29 00:00:00+00:00, run_after=2025-05-30 00:00:00+00:00
[2025-05-30T12:19:02.496+0000] {processor.py:183} INFO - Processing /home/airflow/.local/lib/python3.12/site-packages/airflow/example_dags/example_branch_day_of_week_operator.py took 0.165 seconds
