[2025-05-30T12:17:02.392+0000] {processor.py:161} INFO - Started process (PID=67) to work on /home/airflow/.local/lib/python3.12/site-packages/airflow/example_dags/example_branch_python_dop_operator_3.py
[2025-05-30T12:17:02.393+0000] {processor.py:830} INFO - Processing file /home/airflow/.local/lib/python3.12/site-packages/airflow/example_dags/example_branch_python_dop_operator_3.py for tasks to queue
[2025-05-30T12:17:02.395+0000] {logging_mixin.py:188} INFO - [2025-05-30T12:17:02.395+0000] {dagbag.py:545} INFO - Filling up the DagBag from /home/airflow/.local/lib/python3.12/site-packages/airflow/example_dags/example_branch_python_dop_operator_3.py
[2025-05-30T12:17:02.411+0000] {processor.py:840} INFO - DAG(s) 'example_branch_dop_operator_v3' retrieved from /home/airflow/.local/lib/python3.12/site-packages/airflow/example_dags/example_branch_python_dop_operator_3.py
[2025-05-30T12:17:02.583+0000] {logging_mixin.py:188} INFO - [2025-05-30T12:17:02.582+0000] {override.py:1829} INFO - Created Permission View: can read on DAG:example_branch_dop_operator_v3
[2025-05-30T12:17:02.595+0000] {logging_mixin.py:188} INFO - [2025-05-30T12:17:02.595+0000] {override.py:1829} INFO - Created Permission View: can edit on DAG:example_branch_dop_operator_v3
[2025-05-30T12:17:02.605+0000] {logging_mixin.py:188} INFO - [2025-05-30T12:17:02.605+0000] {override.py:1829} INFO - Created Permission View: can delete on DAG:example_branch_dop_operator_v3
[2025-05-30T12:17:02.606+0000] {logging_mixin.py:188} INFO - [2025-05-30T12:17:02.606+0000] {dag.py:3096} INFO - Sync 1 DAGs
[2025-05-30T12:17:02.625+0000] {logging_mixin.py:188} INFO - [2025-05-30T12:17:02.625+0000] {dag.py:3118} INFO - Creating ORM DAG for example_branch_dop_operator_v3
[2025-05-30T12:17:02.643+0000] {logging_mixin.py:188} INFO - [2025-05-30T12:17:02.643+0000] {dag.py:3954} INFO - Setting next_dagrun for example_branch_dop_operator_v3 to 2025-05-30 12:16:00+00:00, run_after=2025-05-30 12:17:00+00:00
[2025-05-30T12:17:02.666+0000] {processor.py:183} INFO - Processing /home/airflow/.local/lib/python3.12/site-packages/airflow/example_dags/example_branch_python_dop_operator_3.py took 0.282 seconds
[2025-05-30T12:17:33.102+0000] {processor.py:161} INFO - Started process (PID=124) to work on /home/airflow/.local/lib/python3.12/site-packages/airflow/example_dags/example_branch_python_dop_operator_3.py
[2025-05-30T12:17:33.103+0000] {processor.py:830} INFO - Processing file /home/airflow/.local/lib/python3.12/site-packages/airflow/example_dags/example_branch_python_dop_operator_3.py for tasks to queue
[2025-05-30T12:17:33.105+0000] {logging_mixin.py:188} INFO - [2025-05-30T12:17:33.105+0000] {dagbag.py:545} INFO - Filling up the DagBag from /home/airflow/.local/lib/python3.12/site-packages/airflow/example_dags/example_branch_python_dop_operator_3.py
[2025-05-30T12:17:33.116+0000] {processor.py:840} INFO - DAG(s) 'example_branch_dop_operator_v3' retrieved from /home/airflow/.local/lib/python3.12/site-packages/airflow/example_dags/example_branch_python_dop_operator_3.py
[2025-05-30T12:17:33.140+0000] {logging_mixin.py:188} INFO - [2025-05-30T12:17:33.140+0000] {dag.py:3096} INFO - Sync 1 DAGs
[2025-05-30T12:17:33.174+0000] {logging_mixin.py:188} INFO - [2025-05-30T12:17:33.174+0000] {dag.py:3954} INFO - Setting next_dagrun for example_branch_dop_operator_v3 to 2025-05-30 12:16:00+00:00, run_after=2025-05-30 12:17:00+00:00
[2025-05-30T12:17:33.197+0000] {processor.py:183} INFO - Processing /home/airflow/.local/lib/python3.12/site-packages/airflow/example_dags/example_branch_python_dop_operator_3.py took 0.103 seconds
[2025-05-30T12:18:03.932+0000] {processor.py:161} INFO - Started process (PID=189) to work on /home/airflow/.local/lib/python3.12/site-packages/airflow/example_dags/example_branch_python_dop_operator_3.py
[2025-05-30T12:18:03.933+0000] {processor.py:830} INFO - Processing file /home/airflow/.local/lib/python3.12/site-packages/airflow/example_dags/example_branch_python_dop_operator_3.py for tasks to queue
[2025-05-30T12:18:03.936+0000] {logging_mixin.py:188} INFO - [2025-05-30T12:18:03.936+0000] {dagbag.py:545} INFO - Filling up the DagBag from /home/airflow/.local/lib/python3.12/site-packages/airflow/example_dags/example_branch_python_dop_operator_3.py
[2025-05-30T12:18:03.949+0000] {processor.py:840} INFO - DAG(s) 'example_branch_dop_operator_v3' retrieved from /home/airflow/.local/lib/python3.12/site-packages/airflow/example_dags/example_branch_python_dop_operator_3.py
[2025-05-30T12:18:03.977+0000] {logging_mixin.py:188} INFO - [2025-05-30T12:18:03.976+0000] {dag.py:3096} INFO - Sync 1 DAGs
[2025-05-30T12:18:04.016+0000] {logging_mixin.py:188} INFO - [2025-05-30T12:18:04.016+0000] {dag.py:3954} INFO - Setting next_dagrun for example_branch_dop_operator_v3 to 2025-05-30 12:17:00+00:00, run_after=2025-05-30 12:18:00+00:00
[2025-05-30T12:18:04.043+0000] {processor.py:183} INFO - Processing /home/airflow/.local/lib/python3.12/site-packages/airflow/example_dags/example_branch_python_dop_operator_3.py took 0.119 seconds
[2025-05-30T12:18:34.201+0000] {processor.py:161} INFO - Started process (PID=246) to work on /home/airflow/.local/lib/python3.12/site-packages/airflow/example_dags/example_branch_python_dop_operator_3.py
[2025-05-30T12:18:34.202+0000] {processor.py:830} INFO - Processing file /home/airflow/.local/lib/python3.12/site-packages/airflow/example_dags/example_branch_python_dop_operator_3.py for tasks to queue
[2025-05-30T12:18:34.205+0000] {logging_mixin.py:188} INFO - [2025-05-30T12:18:34.204+0000] {dagbag.py:545} INFO - Filling up the DagBag from /home/airflow/.local/lib/python3.12/site-packages/airflow/example_dags/example_branch_python_dop_operator_3.py
[2025-05-30T12:18:34.216+0000] {processor.py:840} INFO - DAG(s) 'example_branch_dop_operator_v3' retrieved from /home/airflow/.local/lib/python3.12/site-packages/airflow/example_dags/example_branch_python_dop_operator_3.py
[2025-05-30T12:18:34.243+0000] {logging_mixin.py:188} INFO - [2025-05-30T12:18:34.243+0000] {dag.py:3096} INFO - Sync 1 DAGs
[2025-05-30T12:18:34.280+0000] {logging_mixin.py:188} INFO - [2025-05-30T12:18:34.280+0000] {dag.py:3954} INFO - Setting next_dagrun for example_branch_dop_operator_v3 to 2025-05-30 12:17:00+00:00, run_after=2025-05-30 12:18:00+00:00
[2025-05-30T12:18:34.308+0000] {processor.py:183} INFO - Processing /home/airflow/.local/lib/python3.12/site-packages/airflow/example_dags/example_branch_python_dop_operator_3.py took 0.115 seconds
[2025-05-30T12:19:04.836+0000] {processor.py:161} INFO - Started process (PID=305) to work on /home/airflow/.local/lib/python3.12/site-packages/airflow/example_dags/example_branch_python_dop_operator_3.py
[2025-05-30T12:19:04.838+0000] {processor.py:830} INFO - Processing file /home/airflow/.local/lib/python3.12/site-packages/airflow/example_dags/example_branch_python_dop_operator_3.py for tasks to queue
[2025-05-30T12:19:04.840+0000] {logging_mixin.py:188} INFO - [2025-05-30T12:19:04.840+0000] {dagbag.py:545} INFO - Filling up the DagBag from /home/airflow/.local/lib/python3.12/site-packages/airflow/example_dags/example_branch_python_dop_operator_3.py
[2025-05-30T12:19:04.853+0000] {processor.py:840} INFO - DAG(s) 'example_branch_dop_operator_v3' retrieved from /home/airflow/.local/lib/python3.12/site-packages/airflow/example_dags/example_branch_python_dop_operator_3.py
[2025-05-30T12:19:04.883+0000] {logging_mixin.py:188} INFO - [2025-05-30T12:19:04.882+0000] {dag.py:3096} INFO - Sync 1 DAGs
[2025-05-30T12:19:04.920+0000] {logging_mixin.py:188} INFO - [2025-05-30T12:19:04.920+0000] {dag.py:3954} INFO - Setting next_dagrun for example_branch_dop_operator_v3 to 2025-05-30 12:18:00+00:00, run_after=2025-05-30 12:19:00+00:00
[2025-05-30T12:19:04.949+0000] {processor.py:183} INFO - Processing /home/airflow/.local/lib/python3.12/site-packages/airflow/example_dags/example_branch_python_dop_operator_3.py took 0.120 seconds
