[2025-05-30T12:16:57.487+0000] {processor.py:161} INFO - Started process (PID=36) to work on /home/airflow/.local/lib/python3.12/site-packages/airflow/example_dags/example_short_circuit_decorator.py
[2025-05-30T12:16:57.488+0000] {processor.py:830} INFO - Processing file /home/airflow/.local/lib/python3.12/site-packages/airflow/example_dags/example_short_circuit_decorator.py for tasks to queue
[2025-05-30T12:16:57.491+0000] {logging_mixin.py:188} INFO - [2025-05-30T12:16:57.490+0000] {dagbag.py:545} INFO - Filling up the DagBag from /home/airflow/.local/lib/python3.12/site-packages/airflow/example_dags/example_short_circuit_decorator.py
[2025-05-30T12:16:57.504+0000] {processor.py:840} INFO - DAG(s) 'example_short_circuit_decorator' retrieved from /home/airflow/.local/lib/python3.12/site-packages/airflow/example_dags/example_short_circuit_decorator.py
[2025-05-30T12:16:57.707+0000] {logging_mixin.py:188} INFO - [2025-05-30T12:16:57.706+0000] {override.py:1829} INFO - Created Permission View: can read on DAG:example_short_circuit_decorator
[2025-05-30T12:16:57.726+0000] {logging_mixin.py:188} INFO - [2025-05-30T12:16:57.726+0000] {override.py:1829} INFO - Created Permission View: can edit on DAG:example_short_circuit_decorator
[2025-05-30T12:16:57.737+0000] {logging_mixin.py:188} INFO - [2025-05-30T12:16:57.737+0000] {override.py:1829} INFO - Created Permission View: can delete on DAG:example_short_circuit_decorator
[2025-05-30T12:16:57.738+0000] {logging_mixin.py:188} INFO - [2025-05-30T12:16:57.738+0000] {dag.py:3096} INFO - Sync 1 DAGs
[2025-05-30T12:16:57.759+0000] {logging_mixin.py:188} INFO - [2025-05-30T12:16:57.759+0000] {dag.py:3118} INFO - Creating ORM DAG for example_short_circuit_decorator
[2025-05-30T12:16:57.778+0000] {logging_mixin.py:188} INFO - [2025-05-30T12:16:57.778+0000] {dag.py:3954} INFO - Setting next_dagrun for example_short_circuit_decorator to 2025-05-29 00:00:00+00:00, run_after=2025-05-30 00:00:00+00:00
[2025-05-30T12:16:57.809+0000] {processor.py:183} INFO - Processing /home/airflow/.local/lib/python3.12/site-packages/airflow/example_dags/example_short_circuit_decorator.py took 0.329 seconds
[2025-05-30T12:17:28.659+0000] {processor.py:161} INFO - Started process (PID=93) to work on /home/airflow/.local/lib/python3.12/site-packages/airflow/example_dags/example_short_circuit_decorator.py
[2025-05-30T12:17:28.662+0000] {processor.py:830} INFO - Processing file /home/airflow/.local/lib/python3.12/site-packages/airflow/example_dags/example_short_circuit_decorator.py for tasks to queue
[2025-05-30T12:17:28.668+0000] {logging_mixin.py:188} INFO - [2025-05-30T12:17:28.667+0000] {dagbag.py:545} INFO - Filling up the DagBag from /home/airflow/.local/lib/python3.12/site-packages/airflow/example_dags/example_short_circuit_decorator.py
[2025-05-30T12:17:28.697+0000] {processor.py:840} INFO - DAG(s) 'example_short_circuit_decorator' retrieved from /home/airflow/.local/lib/python3.12/site-packages/airflow/example_dags/example_short_circuit_decorator.py
[2025-05-30T12:17:28.730+0000] {logging_mixin.py:188} INFO - [2025-05-30T12:17:28.729+0000] {dag.py:3096} INFO - Sync 1 DAGs
[2025-05-30T12:17:28.756+0000] {logging_mixin.py:188} INFO - [2025-05-30T12:17:28.755+0000] {dag.py:3954} INFO - Setting next_dagrun for example_short_circuit_decorator to 2025-05-29 00:00:00+00:00, run_after=2025-05-30 00:00:00+00:00
[2025-05-30T12:17:29.172+0000] {processor.py:183} INFO - Processing /home/airflow/.local/lib/python3.12/site-packages/airflow/example_dags/example_short_circuit_decorator.py took 0.535 seconds
[2025-05-30T12:17:59.256+0000] {processor.py:161} INFO - Started process (PID=151) to work on /home/airflow/.local/lib/python3.12/site-packages/airflow/example_dags/example_short_circuit_decorator.py
[2025-05-30T12:17:59.258+0000] {processor.py:830} INFO - Processing file /home/airflow/.local/lib/python3.12/site-packages/airflow/example_dags/example_short_circuit_decorator.py for tasks to queue
[2025-05-30T12:17:59.262+0000] {logging_mixin.py:188} INFO - [2025-05-30T12:17:59.261+0000] {dagbag.py:545} INFO - Filling up the DagBag from /home/airflow/.local/lib/python3.12/site-packages/airflow/example_dags/example_short_circuit_decorator.py
[2025-05-30T12:17:59.279+0000] {processor.py:840} INFO - DAG(s) 'example_short_circuit_decorator' retrieved from /home/airflow/.local/lib/python3.12/site-packages/airflow/example_dags/example_short_circuit_decorator.py
[2025-05-30T12:17:59.309+0000] {logging_mixin.py:188} INFO - [2025-05-30T12:17:59.308+0000] {dag.py:3096} INFO - Sync 1 DAGs
[2025-05-30T12:17:59.335+0000] {logging_mixin.py:188} INFO - [2025-05-30T12:17:59.335+0000] {dag.py:3954} INFO - Setting next_dagrun for example_short_circuit_decorator to 2025-05-29 00:00:00+00:00, run_after=2025-05-30 00:00:00+00:00
[2025-05-30T12:17:59.358+0000] {processor.py:183} INFO - Processing /home/airflow/.local/lib/python3.12/site-packages/airflow/example_dags/example_short_circuit_decorator.py took 0.114 seconds
[2025-05-30T12:18:29.718+0000] {processor.py:161} INFO - Started process (PID=210) to work on /home/airflow/.local/lib/python3.12/site-packages/airflow/example_dags/example_short_circuit_decorator.py
[2025-05-30T12:18:29.722+0000] {processor.py:830} INFO - Processing file /home/airflow/.local/lib/python3.12/site-packages/airflow/example_dags/example_short_circuit_decorator.py for tasks to queue
[2025-05-30T12:18:29.728+0000] {logging_mixin.py:188} INFO - [2025-05-30T12:18:29.727+0000] {dagbag.py:545} INFO - Filling up the DagBag from /home/airflow/.local/lib/python3.12/site-packages/airflow/example_dags/example_short_circuit_decorator.py
[2025-05-30T12:18:29.763+0000] {processor.py:840} INFO - DAG(s) 'example_short_circuit_decorator' retrieved from /home/airflow/.local/lib/python3.12/site-packages/airflow/example_dags/example_short_circuit_decorator.py
[2025-05-30T12:18:29.800+0000] {logging_mixin.py:188} INFO - [2025-05-30T12:18:29.799+0000] {dag.py:3096} INFO - Sync 1 DAGs
[2025-05-30T12:18:29.828+0000] {logging_mixin.py:188} INFO - [2025-05-30T12:18:29.828+0000] {dag.py:3954} INFO - Setting next_dagrun for example_short_circuit_decorator to 2025-05-29 00:00:00+00:00, run_after=2025-05-30 00:00:00+00:00
[2025-05-30T12:18:29.852+0000] {processor.py:183} INFO - Processing /home/airflow/.local/lib/python3.12/site-packages/airflow/example_dags/example_short_circuit_decorator.py took 0.156 seconds
[2025-05-30T12:19:00.657+0000] {processor.py:161} INFO - Started process (PID=267) to work on /home/airflow/.local/lib/python3.12/site-packages/airflow/example_dags/example_short_circuit_decorator.py
[2025-05-30T12:19:00.661+0000] {processor.py:830} INFO - Processing file /home/airflow/.local/lib/python3.12/site-packages/airflow/example_dags/example_short_circuit_decorator.py for tasks to queue
[2025-05-30T12:19:00.665+0000] {logging_mixin.py:188} INFO - [2025-05-30T12:19:00.664+0000] {dagbag.py:545} INFO - Filling up the DagBag from /home/airflow/.local/lib/python3.12/site-packages/airflow/example_dags/example_short_circuit_decorator.py
[2025-05-30T12:19:00.680+0000] {processor.py:840} INFO - DAG(s) 'example_short_circuit_decorator' retrieved from /home/airflow/.local/lib/python3.12/site-packages/airflow/example_dags/example_short_circuit_decorator.py
[2025-05-30T12:19:00.720+0000] {logging_mixin.py:188} INFO - [2025-05-30T12:19:00.719+0000] {dag.py:3096} INFO - Sync 1 DAGs
[2025-05-30T12:19:00.766+0000] {logging_mixin.py:188} INFO - [2025-05-30T12:19:00.766+0000] {dag.py:3954} INFO - Setting next_dagrun for example_short_circuit_decorator to 2025-05-29 00:00:00+00:00, run_after=2025-05-30 00:00:00+00:00
[2025-05-30T12:19:00.810+0000] {processor.py:183} INFO - Processing /home/airflow/.local/lib/python3.12/site-packages/airflow/example_dags/example_short_circuit_decorator.py took 0.164 seconds
