[2025-05-30T12:17:00.754+0000] {processor.py:161} INFO - Started process (PID=54) to work on /home/airflow/.local/lib/python3.12/site-packages/airflow/example_dags/example_task_group_decorator.py
[2025-05-30T12:17:00.755+0000] {processor.py:830} INFO - Processing file /home/airflow/.local/lib/python3.12/site-packages/airflow/example_dags/example_task_group_decorator.py for tasks to queue
[2025-05-30T12:17:00.757+0000] {logging_mixin.py:188} INFO - [2025-05-30T12:17:00.757+0000] {dagbag.py:545} INFO - Filling up the DagBag from /home/airflow/.local/lib/python3.12/site-packages/airflow/example_dags/example_task_group_decorator.py
[2025-05-30T12:17:00.779+0000] {processor.py:840} INFO - DAG(s) 'example_task_group_decorator' retrieved from /home/airflow/.local/lib/python3.12/site-packages/airflow/example_dags/example_task_group_decorator.py
[2025-05-30T12:17:00.929+0000] {logging_mixin.py:188} INFO - [2025-05-30T12:17:00.928+0000] {override.py:1829} INFO - Created Permission View: can read on DAG:example_task_group_decorator
[2025-05-30T12:17:00.943+0000] {logging_mixin.py:188} INFO - [2025-05-30T12:17:00.942+0000] {override.py:1829} INFO - Created Permission View: can edit on DAG:example_task_group_decorator
[2025-05-30T12:17:00.952+0000] {logging_mixin.py:188} INFO - [2025-05-30T12:17:00.951+0000] {override.py:1829} INFO - Created Permission View: can delete on DAG:example_task_group_decorator
[2025-05-30T12:17:00.952+0000] {logging_mixin.py:188} INFO - [2025-05-30T12:17:00.952+0000] {dag.py:3096} INFO - Sync 1 DAGs
[2025-05-30T12:17:00.969+0000] {logging_mixin.py:188} INFO - [2025-05-30T12:17:00.968+0000] {dag.py:3118} INFO - Creating ORM DAG for example_task_group_decorator
[2025-05-30T12:17:00.981+0000] {logging_mixin.py:188} INFO - [2025-05-30T12:17:00.981+0000] {dag.py:3954} INFO - Setting next_dagrun for example_task_group_decorator to 2025-05-29 00:00:00+00:00, run_after=2025-05-30 00:00:00+00:00
[2025-05-30T12:17:01.001+0000] {processor.py:183} INFO - Processing /home/airflow/.local/lib/python3.12/site-packages/airflow/example_dags/example_task_group_decorator.py took 0.254 seconds
[2025-05-30T12:17:31.326+0000] {processor.py:161} INFO - Started process (PID=111) to work on /home/airflow/.local/lib/python3.12/site-packages/airflow/example_dags/example_task_group_decorator.py
[2025-05-30T12:17:31.327+0000] {processor.py:830} INFO - Processing file /home/airflow/.local/lib/python3.12/site-packages/airflow/example_dags/example_task_group_decorator.py for tasks to queue
[2025-05-30T12:17:31.330+0000] {logging_mixin.py:188} INFO - [2025-05-30T12:17:31.329+0000] {dagbag.py:545} INFO - Filling up the DagBag from /home/airflow/.local/lib/python3.12/site-packages/airflow/example_dags/example_task_group_decorator.py
[2025-05-30T12:17:31.349+0000] {processor.py:840} INFO - DAG(s) 'example_task_group_decorator' retrieved from /home/airflow/.local/lib/python3.12/site-packages/airflow/example_dags/example_task_group_decorator.py
[2025-05-30T12:17:31.382+0000] {logging_mixin.py:188} INFO - [2025-05-30T12:17:31.382+0000] {dag.py:3096} INFO - Sync 1 DAGs
[2025-05-30T12:17:31.412+0000] {logging_mixin.py:188} INFO - [2025-05-30T12:17:31.411+0000] {dag.py:3954} INFO - Setting next_dagrun for example_task_group_decorator to 2025-05-29 00:00:00+00:00, run_after=2025-05-30 00:00:00+00:00
[2025-05-30T12:17:31.436+0000] {processor.py:183} INFO - Processing /home/airflow/.local/lib/python3.12/site-packages/airflow/example_dags/example_task_group_decorator.py took 0.117 seconds
[2025-05-30T12:18:01.802+0000] {processor.py:161} INFO - Started process (PID=169) to work on /home/airflow/.local/lib/python3.12/site-packages/airflow/example_dags/example_task_group_decorator.py
[2025-05-30T12:18:01.804+0000] {processor.py:830} INFO - Processing file /home/airflow/.local/lib/python3.12/site-packages/airflow/example_dags/example_task_group_decorator.py for tasks to queue
[2025-05-30T12:18:01.807+0000] {logging_mixin.py:188} INFO - [2025-05-30T12:18:01.806+0000] {dagbag.py:545} INFO - Filling up the DagBag from /home/airflow/.local/lib/python3.12/site-packages/airflow/example_dags/example_task_group_decorator.py
[2025-05-30T12:18:01.835+0000] {processor.py:840} INFO - DAG(s) 'example_task_group_decorator' retrieved from /home/airflow/.local/lib/python3.12/site-packages/airflow/example_dags/example_task_group_decorator.py
[2025-05-30T12:18:01.883+0000] {logging_mixin.py:188} INFO - [2025-05-30T12:18:01.882+0000] {dag.py:3096} INFO - Sync 1 DAGs
[2025-05-30T12:18:01.928+0000] {logging_mixin.py:188} INFO - [2025-05-30T12:18:01.927+0000] {dag.py:3954} INFO - Setting next_dagrun for example_task_group_decorator to 2025-05-29 00:00:00+00:00, run_after=2025-05-30 00:00:00+00:00
[2025-05-30T12:18:01.966+0000] {processor.py:183} INFO - Processing /home/airflow/.local/lib/python3.12/site-packages/airflow/example_dags/example_task_group_decorator.py took 0.174 seconds
[2025-05-30T12:18:32.162+0000] {processor.py:161} INFO - Started process (PID=228) to work on /home/airflow/.local/lib/python3.12/site-packages/airflow/example_dags/example_task_group_decorator.py
[2025-05-30T12:18:32.163+0000] {processor.py:830} INFO - Processing file /home/airflow/.local/lib/python3.12/site-packages/airflow/example_dags/example_task_group_decorator.py for tasks to queue
[2025-05-30T12:18:32.165+0000] {logging_mixin.py:188} INFO - [2025-05-30T12:18:32.165+0000] {dagbag.py:545} INFO - Filling up the DagBag from /home/airflow/.local/lib/python3.12/site-packages/airflow/example_dags/example_task_group_decorator.py
[2025-05-30T12:18:32.187+0000] {processor.py:840} INFO - DAG(s) 'example_task_group_decorator' retrieved from /home/airflow/.local/lib/python3.12/site-packages/airflow/example_dags/example_task_group_decorator.py
[2025-05-30T12:18:32.229+0000] {logging_mixin.py:188} INFO - [2025-05-30T12:18:32.228+0000] {dag.py:3096} INFO - Sync 1 DAGs
[2025-05-30T12:18:32.265+0000] {logging_mixin.py:188} INFO - [2025-05-30T12:18:32.265+0000] {dag.py:3954} INFO - Setting next_dagrun for example_task_group_decorator to 2025-05-29 00:00:00+00:00, run_after=2025-05-30 00:00:00+00:00
[2025-05-30T12:18:32.296+0000] {processor.py:183} INFO - Processing /home/airflow/.local/lib/python3.12/site-packages/airflow/example_dags/example_task_group_decorator.py took 0.142 seconds
[2025-05-30T12:19:02.581+0000] {processor.py:161} INFO - Started process (PID=285) to work on /home/airflow/.local/lib/python3.12/site-packages/airflow/example_dags/example_task_group_decorator.py
[2025-05-30T12:19:02.583+0000] {processor.py:830} INFO - Processing file /home/airflow/.local/lib/python3.12/site-packages/airflow/example_dags/example_task_group_decorator.py for tasks to queue
[2025-05-30T12:19:02.586+0000] {logging_mixin.py:188} INFO - [2025-05-30T12:19:02.585+0000] {dagbag.py:545} INFO - Filling up the DagBag from /home/airflow/.local/lib/python3.12/site-packages/airflow/example_dags/example_task_group_decorator.py
[2025-05-30T12:19:02.609+0000] {processor.py:840} INFO - DAG(s) 'example_task_group_decorator' retrieved from /home/airflow/.local/lib/python3.12/site-packages/airflow/example_dags/example_task_group_decorator.py
[2025-05-30T12:19:02.653+0000] {logging_mixin.py:188} INFO - [2025-05-30T12:19:02.652+0000] {dag.py:3096} INFO - Sync 1 DAGs
[2025-05-30T12:19:02.695+0000] {logging_mixin.py:188} INFO - [2025-05-30T12:19:02.695+0000] {dag.py:3954} INFO - Setting next_dagrun for example_task_group_decorator to 2025-05-29 00:00:00+00:00, run_after=2025-05-30 00:00:00+00:00
[2025-05-30T12:19:02.734+0000] {processor.py:183} INFO - Processing /home/airflow/.local/lib/python3.12/site-packages/airflow/example_dags/example_task_group_decorator.py took 0.164 seconds
