[2025-05-30T12:17:00.521+0000] {processor.py:161} INFO - Started process (PID=52) to work on /home/airflow/.local/lib/python3.12/site-packages/airflow/example_dags/example_dynamic_task_mapping.py
[2025-05-30T12:17:00.522+0000] {processor.py:830} INFO - Processing file /home/airflow/.local/lib/python3.12/site-packages/airflow/example_dags/example_dynamic_task_mapping.py for tasks to queue
[2025-05-30T12:17:00.524+0000] {logging_mixin.py:188} INFO - [2025-05-30T12:17:00.524+0000] {dagbag.py:545} INFO - Filling up the DagBag from /home/airflow/.local/lib/python3.12/site-packages/airflow/example_dags/example_dynamic_task_mapping.py
[2025-05-30T12:17:00.532+0000] {processor.py:840} INFO - DAG(s) 'example_dynamic_task_mapping' retrieved from /home/airflow/.local/lib/python3.12/site-packages/airflow/example_dags/example_dynamic_task_mapping.py
[2025-05-30T12:17:00.664+0000] {logging_mixin.py:188} INFO - [2025-05-30T12:17:00.664+0000] {override.py:1829} INFO - Created Permission View: can read on DAG:example_dynamic_task_mapping
[2025-05-30T12:17:00.675+0000] {logging_mixin.py:188} INFO - [2025-05-30T12:17:00.675+0000] {override.py:1829} INFO - Created Permission View: can edit on DAG:example_dynamic_task_mapping
[2025-05-30T12:17:00.683+0000] {logging_mixin.py:188} INFO - [2025-05-30T12:17:00.682+0000] {override.py:1829} INFO - Created Permission View: can delete on DAG:example_dynamic_task_mapping
[2025-05-30T12:17:00.683+0000] {logging_mixin.py:188} INFO - [2025-05-30T12:17:00.683+0000] {dag.py:3096} INFO - Sync 1 DAGs
[2025-05-30T12:17:00.700+0000] {logging_mixin.py:188} INFO - [2025-05-30T12:17:00.699+0000] {dag.py:3118} INFO - Creating ORM DAG for example_dynamic_task_mapping
[2025-05-30T12:17:00.710+0000] {logging_mixin.py:188} INFO - [2025-05-30T12:17:00.710+0000] {dag.py:3954} INFO - Setting next_dagrun for example_dynamic_task_mapping to 2022-03-04 00:00:00+00:00, run_after=2022-03-05 00:00:00+00:00
[2025-05-30T12:17:00.730+0000] {processor.py:183} INFO - Processing /home/airflow/.local/lib/python3.12/site-packages/airflow/example_dags/example_dynamic_task_mapping.py took 0.215 seconds
[2025-05-30T12:17:31.213+0000] {processor.py:161} INFO - Started process (PID=109) to work on /home/airflow/.local/lib/python3.12/site-packages/airflow/example_dags/example_dynamic_task_mapping.py
[2025-05-30T12:17:31.214+0000] {processor.py:830} INFO - Processing file /home/airflow/.local/lib/python3.12/site-packages/airflow/example_dags/example_dynamic_task_mapping.py for tasks to queue
[2025-05-30T12:17:31.216+0000] {logging_mixin.py:188} INFO - [2025-05-30T12:17:31.215+0000] {dagbag.py:545} INFO - Filling up the DagBag from /home/airflow/.local/lib/python3.12/site-packages/airflow/example_dags/example_dynamic_task_mapping.py
[2025-05-30T12:17:31.224+0000] {processor.py:840} INFO - DAG(s) 'example_dynamic_task_mapping' retrieved from /home/airflow/.local/lib/python3.12/site-packages/airflow/example_dags/example_dynamic_task_mapping.py
[2025-05-30T12:17:31.248+0000] {logging_mixin.py:188} INFO - [2025-05-30T12:17:31.248+0000] {dag.py:3096} INFO - Sync 1 DAGs
[2025-05-30T12:17:31.276+0000] {logging_mixin.py:188} INFO - [2025-05-30T12:17:31.276+0000] {dag.py:3954} INFO - Setting next_dagrun for example_dynamic_task_mapping to 2022-03-04 00:00:00+00:00, run_after=2022-03-05 00:00:00+00:00
[2025-05-30T12:17:31.299+0000] {processor.py:183} INFO - Processing /home/airflow/.local/lib/python3.12/site-packages/airflow/example_dags/example_dynamic_task_mapping.py took 0.093 seconds
[2025-05-30T12:18:01.642+0000] {processor.py:161} INFO - Started process (PID=167) to work on /home/airflow/.local/lib/python3.12/site-packages/airflow/example_dags/example_dynamic_task_mapping.py
[2025-05-30T12:18:01.643+0000] {processor.py:830} INFO - Processing file /home/airflow/.local/lib/python3.12/site-packages/airflow/example_dags/example_dynamic_task_mapping.py for tasks to queue
[2025-05-30T12:18:01.647+0000] {logging_mixin.py:188} INFO - [2025-05-30T12:18:01.646+0000] {dagbag.py:545} INFO - Filling up the DagBag from /home/airflow/.local/lib/python3.12/site-packages/airflow/example_dags/example_dynamic_task_mapping.py
[2025-05-30T12:18:01.661+0000] {processor.py:840} INFO - DAG(s) 'example_dynamic_task_mapping' retrieved from /home/airflow/.local/lib/python3.12/site-packages/airflow/example_dags/example_dynamic_task_mapping.py
[2025-05-30T12:18:01.694+0000] {logging_mixin.py:188} INFO - [2025-05-30T12:18:01.694+0000] {dag.py:3096} INFO - Sync 1 DAGs
[2025-05-30T12:18:01.738+0000] {logging_mixin.py:188} INFO - [2025-05-30T12:18:01.737+0000] {dag.py:3954} INFO - Setting next_dagrun for example_dynamic_task_mapping to 2022-03-04 00:00:00+00:00, run_after=2022-03-05 00:00:00+00:00
[2025-05-30T12:18:01.768+0000] {processor.py:183} INFO - Processing /home/airflow/.local/lib/python3.12/site-packages/airflow/example_dags/example_dynamic_task_mapping.py took 0.136 seconds
[2025-05-30T12:18:32.035+0000] {processor.py:161} INFO - Started process (PID=226) to work on /home/airflow/.local/lib/python3.12/site-packages/airflow/example_dags/example_dynamic_task_mapping.py
[2025-05-30T12:18:32.036+0000] {processor.py:830} INFO - Processing file /home/airflow/.local/lib/python3.12/site-packages/airflow/example_dags/example_dynamic_task_mapping.py for tasks to queue
[2025-05-30T12:18:32.039+0000] {logging_mixin.py:188} INFO - [2025-05-30T12:18:32.038+0000] {dagbag.py:545} INFO - Filling up the DagBag from /home/airflow/.local/lib/python3.12/site-packages/airflow/example_dags/example_dynamic_task_mapping.py
[2025-05-30T12:18:32.048+0000] {processor.py:840} INFO - DAG(s) 'example_dynamic_task_mapping' retrieved from /home/airflow/.local/lib/python3.12/site-packages/airflow/example_dags/example_dynamic_task_mapping.py
[2025-05-30T12:18:32.076+0000] {logging_mixin.py:188} INFO - [2025-05-30T12:18:32.075+0000] {dag.py:3096} INFO - Sync 1 DAGs
[2025-05-30T12:18:32.108+0000] {logging_mixin.py:188} INFO - [2025-05-30T12:18:32.108+0000] {dag.py:3954} INFO - Setting next_dagrun for example_dynamic_task_mapping to 2022-03-04 00:00:00+00:00, run_after=2022-03-05 00:00:00+00:00
[2025-05-30T12:18:32.134+0000] {processor.py:183} INFO - Processing /home/airflow/.local/lib/python3.12/site-packages/airflow/example_dags/example_dynamic_task_mapping.py took 0.107 seconds
[2025-05-30T12:19:02.385+0000] {processor.py:161} INFO - Started process (PID=283) to work on /home/airflow/.local/lib/python3.12/site-packages/airflow/example_dags/example_dynamic_task_mapping.py
[2025-05-30T12:19:02.390+0000] {processor.py:830} INFO - Processing file /home/airflow/.local/lib/python3.12/site-packages/airflow/example_dags/example_dynamic_task_mapping.py for tasks to queue
[2025-05-30T12:19:02.394+0000] {logging_mixin.py:188} INFO - [2025-05-30T12:19:02.393+0000] {dagbag.py:545} INFO - Filling up the DagBag from /home/airflow/.local/lib/python3.12/site-packages/airflow/example_dags/example_dynamic_task_mapping.py
[2025-05-30T12:19:02.410+0000] {processor.py:840} INFO - DAG(s) 'example_dynamic_task_mapping' retrieved from /home/airflow/.local/lib/python3.12/site-packages/airflow/example_dags/example_dynamic_task_mapping.py
[2025-05-30T12:19:02.455+0000] {logging_mixin.py:188} INFO - [2025-05-30T12:19:02.454+0000] {dag.py:3096} INFO - Sync 1 DAGs
[2025-05-30T12:19:02.502+0000] {logging_mixin.py:188} INFO - [2025-05-30T12:19:02.501+0000] {dag.py:3954} INFO - Setting next_dagrun for example_dynamic_task_mapping to 2022-03-04 00:00:00+00:00, run_after=2022-03-05 00:00:00+00:00
[2025-05-30T12:19:02.542+0000] {processor.py:183} INFO - Processing /home/airflow/.local/lib/python3.12/site-packages/airflow/example_dags/example_dynamic_task_mapping.py took 0.169 seconds
