[2025-05-30T12:17:03.196+0000] {processor.py:161} INFO - Started process (PID=71) to work on /home/airflow/.local/lib/python3.12/site-packages/airflow/example_dags/example_xcom.py
[2025-05-30T12:17:03.197+0000] {processor.py:830} INFO - Processing file /home/airflow/.local/lib/python3.12/site-packages/airflow/example_dags/example_xcom.py for tasks to queue
[2025-05-30T12:17:03.199+0000] {logging_mixin.py:188} INFO - [2025-05-30T12:17:03.199+0000] {dagbag.py:545} INFO - Filling up the DagBag from /home/airflow/.local/lib/python3.12/site-packages/airflow/example_dags/example_xcom.py
[2025-05-30T12:17:03.211+0000] {processor.py:840} INFO - DAG(s) 'example_xcom' retrieved from /home/airflow/.local/lib/python3.12/site-packages/airflow/example_dags/example_xcom.py
[2025-05-30T12:17:03.378+0000] {logging_mixin.py:188} INFO - [2025-05-30T12:17:03.377+0000] {override.py:1829} INFO - Created Permission View: can read on DAG:example_xcom
[2025-05-30T12:17:03.391+0000] {logging_mixin.py:188} INFO - [2025-05-30T12:17:03.390+0000] {override.py:1829} INFO - Created Permission View: can edit on DAG:example_xcom
[2025-05-30T12:17:03.405+0000] {logging_mixin.py:188} INFO - [2025-05-30T12:17:03.404+0000] {override.py:1829} INFO - Created Permission View: can delete on DAG:example_xcom
[2025-05-30T12:17:03.406+0000] {logging_mixin.py:188} INFO - [2025-05-30T12:17:03.406+0000] {dag.py:3096} INFO - Sync 1 DAGs
[2025-05-30T12:17:03.431+0000] {logging_mixin.py:188} INFO - [2025-05-30T12:17:03.431+0000] {dag.py:3118} INFO - Creating ORM DAG for example_xcom
[2025-05-30T12:17:03.452+0000] {logging_mixin.py:188} INFO - [2025-05-30T12:17:03.451+0000] {dag.py:3954} INFO - Setting next_dagrun for example_xcom to 2021-01-01 00:00:00+00:00, run_after=2021-01-01 00:00:00+00:00
[2025-05-30T12:17:03.479+0000] {processor.py:183} INFO - Processing /home/airflow/.local/lib/python3.12/site-packages/airflow/example_dags/example_xcom.py took 0.290 seconds
[2025-05-30T12:17:34.372+0000] {processor.py:161} INFO - Started process (PID=134) to work on /home/airflow/.local/lib/python3.12/site-packages/airflow/example_dags/example_xcom.py
[2025-05-30T12:17:34.376+0000] {processor.py:830} INFO - Processing file /home/airflow/.local/lib/python3.12/site-packages/airflow/example_dags/example_xcom.py for tasks to queue
[2025-05-30T12:17:34.383+0000] {logging_mixin.py:188} INFO - [2025-05-30T12:17:34.381+0000] {dagbag.py:545} INFO - Filling up the DagBag from /home/airflow/.local/lib/python3.12/site-packages/airflow/example_dags/example_xcom.py
[2025-05-30T12:17:34.408+0000] {processor.py:840} INFO - DAG(s) 'example_xcom' retrieved from /home/airflow/.local/lib/python3.12/site-packages/airflow/example_dags/example_xcom.py
[2025-05-30T12:17:34.443+0000] {logging_mixin.py:188} INFO - [2025-05-30T12:17:34.443+0000] {dag.py:3096} INFO - Sync 1 DAGs
[2025-05-30T12:17:34.471+0000] {logging_mixin.py:188} INFO - [2025-05-30T12:17:34.470+0000] {dag.py:3954} INFO - Setting next_dagrun for example_xcom to 2021-01-01 00:00:00+00:00, run_after=2021-01-01 00:00:00+00:00
[2025-05-30T12:17:34.493+0000] {processor.py:183} INFO - Processing /home/airflow/.local/lib/python3.12/site-packages/airflow/example_dags/example_xcom.py took 0.143 seconds
[2025-05-30T12:18:05.232+0000] {processor.py:161} INFO - Started process (PID=193) to work on /home/airflow/.local/lib/python3.12/site-packages/airflow/example_dags/example_xcom.py
[2025-05-30T12:18:05.236+0000] {processor.py:830} INFO - Processing file /home/airflow/.local/lib/python3.12/site-packages/airflow/example_dags/example_xcom.py for tasks to queue
[2025-05-30T12:18:05.243+0000] {logging_mixin.py:188} INFO - [2025-05-30T12:18:05.242+0000] {dagbag.py:545} INFO - Filling up the DagBag from /home/airflow/.local/lib/python3.12/site-packages/airflow/example_dags/example_xcom.py
[2025-05-30T12:18:05.281+0000] {processor.py:840} INFO - DAG(s) 'example_xcom' retrieved from /home/airflow/.local/lib/python3.12/site-packages/airflow/example_dags/example_xcom.py
[2025-05-30T12:18:05.385+0000] {logging_mixin.py:188} INFO - [2025-05-30T12:18:05.384+0000] {dag.py:3096} INFO - Sync 1 DAGs
[2025-05-30T12:18:05.438+0000] {logging_mixin.py:188} INFO - [2025-05-30T12:18:05.437+0000] {dag.py:3954} INFO - Setting next_dagrun for example_xcom to 2021-01-01 00:00:00+00:00, run_after=2021-01-01 00:00:00+00:00
[2025-05-30T12:18:05.480+0000] {processor.py:183} INFO - Processing /home/airflow/.local/lib/python3.12/site-packages/airflow/example_dags/example_xcom.py took 0.276 seconds
[2025-05-30T12:18:36.514+0000] {processor.py:161} INFO - Started process (PID=250) to work on /home/airflow/.local/lib/python3.12/site-packages/airflow/example_dags/example_xcom.py
[2025-05-30T12:18:36.527+0000] {processor.py:830} INFO - Processing file /home/airflow/.local/lib/python3.12/site-packages/airflow/example_dags/example_xcom.py for tasks to queue
[2025-05-30T12:18:36.532+0000] {logging_mixin.py:188} INFO - [2025-05-30T12:18:36.531+0000] {dagbag.py:545} INFO - Filling up the DagBag from /home/airflow/.local/lib/python3.12/site-packages/airflow/example_dags/example_xcom.py
[2025-05-30T12:18:36.557+0000] {processor.py:840} INFO - DAG(s) 'example_xcom' retrieved from /home/airflow/.local/lib/python3.12/site-packages/airflow/example_dags/example_xcom.py
[2025-05-30T12:18:36.599+0000] {logging_mixin.py:188} INFO - [2025-05-30T12:18:36.598+0000] {dag.py:3096} INFO - Sync 1 DAGs
[2025-05-30T12:18:36.642+0000] {logging_mixin.py:188} INFO - [2025-05-30T12:18:36.641+0000] {dag.py:3954} INFO - Setting next_dagrun for example_xcom to 2021-01-01 00:00:00+00:00, run_after=2021-01-01 00:00:00+00:00
[2025-05-30T12:18:36.669+0000] {processor.py:183} INFO - Processing /home/airflow/.local/lib/python3.12/site-packages/airflow/example_dags/example_xcom.py took 0.179 seconds
[2025-05-30T12:19:07.142+0000] {processor.py:161} INFO - Started process (PID=309) to work on /home/airflow/.local/lib/python3.12/site-packages/airflow/example_dags/example_xcom.py
[2025-05-30T12:19:07.147+0000] {processor.py:830} INFO - Processing file /home/airflow/.local/lib/python3.12/site-packages/airflow/example_dags/example_xcom.py for tasks to queue
[2025-05-30T12:19:07.155+0000] {logging_mixin.py:188} INFO - [2025-05-30T12:19:07.153+0000] {dagbag.py:545} INFO - Filling up the DagBag from /home/airflow/.local/lib/python3.12/site-packages/airflow/example_dags/example_xcom.py
[2025-05-30T12:19:07.189+0000] {processor.py:840} INFO - DAG(s) 'example_xcom' retrieved from /home/airflow/.local/lib/python3.12/site-packages/airflow/example_dags/example_xcom.py
[2025-05-30T12:19:07.237+0000] {logging_mixin.py:188} INFO - [2025-05-30T12:19:07.236+0000] {dag.py:3096} INFO - Sync 1 DAGs
[2025-05-30T12:19:07.273+0000] {logging_mixin.py:188} INFO - [2025-05-30T12:19:07.272+0000] {dag.py:3954} INFO - Setting next_dagrun for example_xcom to 2021-01-01 00:00:00+00:00, run_after=2021-01-01 00:00:00+00:00
[2025-05-30T12:19:07.311+0000] {processor.py:183} INFO - Processing /home/airflow/.local/lib/python3.12/site-packages/airflow/example_dags/example_xcom.py took 0.196 seconds
