[2025-05-30T12:17:00.801+0000] {processor.py:161} INFO - Started process (PID=55) to work on /home/airflow/.local/lib/python3.12/site-packages/airflow/example_dags/example_skip_dag.py
[2025-05-30T12:17:00.801+0000] {processor.py:830} INFO - Processing file /home/airflow/.local/lib/python3.12/site-packages/airflow/example_dags/example_skip_dag.py for tasks to queue
[2025-05-30T12:17:00.803+0000] {logging_mixin.py:188} INFO - [2025-05-30T12:17:00.803+0000] {dagbag.py:545} INFO - Filling up the DagBag from /home/airflow/.local/lib/python3.12/site-packages/airflow/example_dags/example_skip_dag.py
[2025-05-30T12:17:00.814+0000] {processor.py:840} INFO - DAG(s) 'example_skip_dag' retrieved from /home/airflow/.local/lib/python3.12/site-packages/airflow/example_dags/example_skip_dag.py
[2025-05-30T12:17:00.962+0000] {logging_mixin.py:188} INFO - [2025-05-30T12:17:00.961+0000] {override.py:1829} INFO - Created Permission View: can read on DAG:example_skip_dag
[2025-05-30T12:17:00.973+0000] {logging_mixin.py:188} INFO - [2025-05-30T12:17:00.973+0000] {override.py:1829} INFO - Created Permission View: can edit on DAG:example_skip_dag
[2025-05-30T12:17:00.981+0000] {logging_mixin.py:188} INFO - [2025-05-30T12:17:00.981+0000] {override.py:1829} INFO - Created Permission View: can delete on DAG:example_skip_dag
[2025-05-30T12:17:00.981+0000] {logging_mixin.py:188} INFO - [2025-05-30T12:17:00.981+0000] {dag.py:3096} INFO - Sync 1 DAGs
[2025-05-30T12:17:00.995+0000] {logging_mixin.py:188} INFO - [2025-05-30T12:17:00.995+0000] {dag.py:3118} INFO - Creating ORM DAG for example_skip_dag
[2025-05-30T12:17:01.007+0000] {logging_mixin.py:188} INFO - [2025-05-30T12:17:01.007+0000] {dag.py:3954} INFO - Setting next_dagrun for example_skip_dag to 2025-05-29 00:00:00+00:00, run_after=2025-05-30 00:00:00+00:00
[2025-05-30T12:17:01.028+0000] {processor.py:183} INFO - Processing /home/airflow/.local/lib/python3.12/site-packages/airflow/example_dags/example_skip_dag.py took 0.234 seconds
[2025-05-30T12:17:31.364+0000] {processor.py:161} INFO - Started process (PID=112) to work on /home/airflow/.local/lib/python3.12/site-packages/airflow/example_dags/example_skip_dag.py
[2025-05-30T12:17:31.365+0000] {processor.py:830} INFO - Processing file /home/airflow/.local/lib/python3.12/site-packages/airflow/example_dags/example_skip_dag.py for tasks to queue
[2025-05-30T12:17:31.367+0000] {logging_mixin.py:188} INFO - [2025-05-30T12:17:31.367+0000] {dagbag.py:545} INFO - Filling up the DagBag from /home/airflow/.local/lib/python3.12/site-packages/airflow/example_dags/example_skip_dag.py
[2025-05-30T12:17:31.375+0000] {processor.py:840} INFO - DAG(s) 'example_skip_dag' retrieved from /home/airflow/.local/lib/python3.12/site-packages/airflow/example_dags/example_skip_dag.py
[2025-05-30T12:17:31.402+0000] {logging_mixin.py:188} INFO - [2025-05-30T12:17:31.402+0000] {dag.py:3096} INFO - Sync 1 DAGs
[2025-05-30T12:17:31.430+0000] {logging_mixin.py:188} INFO - [2025-05-30T12:17:31.430+0000] {dag.py:3954} INFO - Setting next_dagrun for example_skip_dag to 2025-05-29 00:00:00+00:00, run_after=2025-05-30 00:00:00+00:00
[2025-05-30T12:17:31.455+0000] {processor.py:183} INFO - Processing /home/airflow/.local/lib/python3.12/site-packages/airflow/example_dags/example_skip_dag.py took 0.098 seconds
[2025-05-30T12:18:01.855+0000] {processor.py:161} INFO - Started process (PID=170) to work on /home/airflow/.local/lib/python3.12/site-packages/airflow/example_dags/example_skip_dag.py
[2025-05-30T12:18:01.856+0000] {processor.py:830} INFO - Processing file /home/airflow/.local/lib/python3.12/site-packages/airflow/example_dags/example_skip_dag.py for tasks to queue
[2025-05-30T12:18:01.858+0000] {logging_mixin.py:188} INFO - [2025-05-30T12:18:01.858+0000] {dagbag.py:545} INFO - Filling up the DagBag from /home/airflow/.local/lib/python3.12/site-packages/airflow/example_dags/example_skip_dag.py
[2025-05-30T12:18:01.871+0000] {processor.py:840} INFO - DAG(s) 'example_skip_dag' retrieved from /home/airflow/.local/lib/python3.12/site-packages/airflow/example_dags/example_skip_dag.py
[2025-05-30T12:18:01.911+0000] {logging_mixin.py:188} INFO - [2025-05-30T12:18:01.911+0000] {dag.py:3096} INFO - Sync 1 DAGs
[2025-05-30T12:18:01.952+0000] {logging_mixin.py:188} INFO - [2025-05-30T12:18:01.952+0000] {dag.py:3954} INFO - Setting next_dagrun for example_skip_dag to 2025-05-29 00:00:00+00:00, run_after=2025-05-30 00:00:00+00:00
[2025-05-30T12:18:01.998+0000] {processor.py:183} INFO - Processing /home/airflow/.local/lib/python3.12/site-packages/airflow/example_dags/example_skip_dag.py took 0.153 seconds
[2025-05-30T12:18:32.196+0000] {processor.py:161} INFO - Started process (PID=229) to work on /home/airflow/.local/lib/python3.12/site-packages/airflow/example_dags/example_skip_dag.py
[2025-05-30T12:18:32.197+0000] {processor.py:830} INFO - Processing file /home/airflow/.local/lib/python3.12/site-packages/airflow/example_dags/example_skip_dag.py for tasks to queue
[2025-05-30T12:18:32.200+0000] {logging_mixin.py:188} INFO - [2025-05-30T12:18:32.199+0000] {dagbag.py:545} INFO - Filling up the DagBag from /home/airflow/.local/lib/python3.12/site-packages/airflow/example_dags/example_skip_dag.py
[2025-05-30T12:18:32.209+0000] {processor.py:840} INFO - DAG(s) 'example_skip_dag' retrieved from /home/airflow/.local/lib/python3.12/site-packages/airflow/example_dags/example_skip_dag.py
[2025-05-30T12:18:32.242+0000] {logging_mixin.py:188} INFO - [2025-05-30T12:18:32.242+0000] {dag.py:3096} INFO - Sync 1 DAGs
[2025-05-30T12:18:32.279+0000] {logging_mixin.py:188} INFO - [2025-05-30T12:18:32.278+0000] {dag.py:3954} INFO - Setting next_dagrun for example_skip_dag to 2025-05-29 00:00:00+00:00, run_after=2025-05-30 00:00:00+00:00
[2025-05-30T12:18:32.308+0000] {processor.py:183} INFO - Processing /home/airflow/.local/lib/python3.12/site-packages/airflow/example_dags/example_skip_dag.py took 0.120 seconds
[2025-05-30T12:19:02.701+0000] {processor.py:161} INFO - Started process (PID=286) to work on /home/airflow/.local/lib/python3.12/site-packages/airflow/example_dags/example_skip_dag.py
[2025-05-30T12:19:02.703+0000] {processor.py:830} INFO - Processing file /home/airflow/.local/lib/python3.12/site-packages/airflow/example_dags/example_skip_dag.py for tasks to queue
[2025-05-30T12:19:02.706+0000] {logging_mixin.py:188} INFO - [2025-05-30T12:19:02.705+0000] {dagbag.py:545} INFO - Filling up the DagBag from /home/airflow/.local/lib/python3.12/site-packages/airflow/example_dags/example_skip_dag.py
[2025-05-30T12:19:02.717+0000] {processor.py:840} INFO - DAG(s) 'example_skip_dag' retrieved from /home/airflow/.local/lib/python3.12/site-packages/airflow/example_dags/example_skip_dag.py
[2025-05-30T12:19:02.756+0000] {logging_mixin.py:188} INFO - [2025-05-30T12:19:02.755+0000] {dag.py:3096} INFO - Sync 1 DAGs
[2025-05-30T12:19:02.808+0000] {logging_mixin.py:188} INFO - [2025-05-30T12:19:02.807+0000] {dag.py:3954} INFO - Setting next_dagrun for example_skip_dag to 2025-05-29 00:00:00+00:00, run_after=2025-05-30 00:00:00+00:00
[2025-05-30T12:19:02.847+0000] {processor.py:183} INFO - Processing /home/airflow/.local/lib/python3.12/site-packages/airflow/example_dags/example_skip_dag.py took 0.156 seconds
