[2025-05-30T12:17:01.300+0000] {processor.py:161} INFO - Started process (PID=59) to work on /home/airflow/.local/lib/python3.12/site-packages/airflow/example_dags/example_branch_operator.py
[2025-05-30T12:17:01.301+0000] {processor.py:830} INFO - Processing file /home/airflow/.local/lib/python3.12/site-packages/airflow/example_dags/example_branch_operator.py for tasks to queue
[2025-05-30T12:17:01.303+0000] {logging_mixin.py:188} INFO - [2025-05-30T12:17:01.302+0000] {dagbag.py:545} INFO - Filling up the DagBag from /home/airflow/.local/lib/python3.12/site-packages/airflow/example_dags/example_branch_operator.py
[2025-05-30T12:17:01.325+0000] {processor.py:840} INFO - DAG(s) 'example_branch_operator' retrieved from /home/airflow/.local/lib/python3.12/site-packages/airflow/example_dags/example_branch_operator.py
[2025-05-30T12:17:01.480+0000] {logging_mixin.py:188} INFO - [2025-05-30T12:17:01.479+0000] {override.py:1829} INFO - Created Permission View: can read on DAG:example_branch_operator
[2025-05-30T12:17:01.493+0000] {logging_mixin.py:188} INFO - [2025-05-30T12:17:01.492+0000] {override.py:1829} INFO - Created Permission View: can edit on DAG:example_branch_operator
[2025-05-30T12:17:01.503+0000] {logging_mixin.py:188} INFO - [2025-05-30T12:17:01.502+0000] {override.py:1829} INFO - Created Permission View: can delete on DAG:example_branch_operator
[2025-05-30T12:17:01.503+0000] {logging_mixin.py:188} INFO - [2025-05-30T12:17:01.503+0000] {dag.py:3096} INFO - Sync 1 DAGs
[2025-05-30T12:17:01.519+0000] {logging_mixin.py:188} INFO - [2025-05-30T12:17:01.518+0000] {dag.py:3118} INFO - Creating ORM DAG for example_branch_operator
[2025-05-30T12:17:01.535+0000] {logging_mixin.py:188} INFO - [2025-05-30T12:17:01.535+0000] {dag.py:3954} INFO - Setting next_dagrun for example_branch_operator to 2025-05-29 00:00:00+00:00, run_after=2025-05-30 00:00:00+00:00
[2025-05-30T12:17:01.561+0000] {processor.py:183} INFO - Processing /home/airflow/.local/lib/python3.12/site-packages/airflow/example_dags/example_branch_operator.py took 0.268 seconds
[2025-05-30T12:17:31.613+0000] {processor.py:161} INFO - Started process (PID=116) to work on /home/airflow/.local/lib/python3.12/site-packages/airflow/example_dags/example_branch_operator.py
[2025-05-30T12:17:31.614+0000] {processor.py:830} INFO - Processing file /home/airflow/.local/lib/python3.12/site-packages/airflow/example_dags/example_branch_operator.py for tasks to queue
[2025-05-30T12:17:31.617+0000] {logging_mixin.py:188} INFO - [2025-05-30T12:17:31.617+0000] {dagbag.py:545} INFO - Filling up the DagBag from /home/airflow/.local/lib/python3.12/site-packages/airflow/example_dags/example_branch_operator.py
[2025-05-30T12:17:31.646+0000] {processor.py:840} INFO - DAG(s) 'example_branch_operator' retrieved from /home/airflow/.local/lib/python3.12/site-packages/airflow/example_dags/example_branch_operator.py
[2025-05-30T12:17:31.686+0000] {logging_mixin.py:188} INFO - [2025-05-30T12:17:31.686+0000] {dag.py:3096} INFO - Sync 1 DAGs
[2025-05-30T12:17:31.717+0000] {logging_mixin.py:188} INFO - [2025-05-30T12:17:31.717+0000] {dag.py:3954} INFO - Setting next_dagrun for example_branch_operator to 2025-05-29 00:00:00+00:00, run_after=2025-05-30 00:00:00+00:00
[2025-05-30T12:17:31.740+0000] {processor.py:183} INFO - Processing /home/airflow/.local/lib/python3.12/site-packages/airflow/example_dags/example_branch_operator.py took 0.137 seconds
[2025-05-30T12:18:02.247+0000] {processor.py:161} INFO - Started process (PID=174) to work on /home/airflow/.local/lib/python3.12/site-packages/airflow/example_dags/example_branch_operator.py
[2025-05-30T12:18:02.249+0000] {processor.py:830} INFO - Processing file /home/airflow/.local/lib/python3.12/site-packages/airflow/example_dags/example_branch_operator.py for tasks to queue
[2025-05-30T12:18:02.253+0000] {logging_mixin.py:188} INFO - [2025-05-30T12:18:02.252+0000] {dagbag.py:545} INFO - Filling up the DagBag from /home/airflow/.local/lib/python3.12/site-packages/airflow/example_dags/example_branch_operator.py
[2025-05-30T12:18:02.293+0000] {processor.py:840} INFO - DAG(s) 'example_branch_operator' retrieved from /home/airflow/.local/lib/python3.12/site-packages/airflow/example_dags/example_branch_operator.py
[2025-05-30T12:18:02.356+0000] {logging_mixin.py:188} INFO - [2025-05-30T12:18:02.356+0000] {dag.py:3096} INFO - Sync 1 DAGs
[2025-05-30T12:18:02.405+0000] {logging_mixin.py:188} INFO - [2025-05-30T12:18:02.405+0000] {dag.py:3954} INFO - Setting next_dagrun for example_branch_operator to 2025-05-29 00:00:00+00:00, run_after=2025-05-30 00:00:00+00:00
[2025-05-30T12:18:02.440+0000] {processor.py:183} INFO - Processing /home/airflow/.local/lib/python3.12/site-packages/airflow/example_dags/example_branch_operator.py took 0.205 seconds
[2025-05-30T12:18:32.487+0000] {processor.py:161} INFO - Started process (PID=233) to work on /home/airflow/.local/lib/python3.12/site-packages/airflow/example_dags/example_branch_operator.py
[2025-05-30T12:18:32.489+0000] {processor.py:830} INFO - Processing file /home/airflow/.local/lib/python3.12/site-packages/airflow/example_dags/example_branch_operator.py for tasks to queue
[2025-05-30T12:18:32.492+0000] {logging_mixin.py:188} INFO - [2025-05-30T12:18:32.491+0000] {dagbag.py:545} INFO - Filling up the DagBag from /home/airflow/.local/lib/python3.12/site-packages/airflow/example_dags/example_branch_operator.py
[2025-05-30T12:18:32.520+0000] {processor.py:840} INFO - DAG(s) 'example_branch_operator' retrieved from /home/airflow/.local/lib/python3.12/site-packages/airflow/example_dags/example_branch_operator.py
[2025-05-30T12:18:32.566+0000] {logging_mixin.py:188} INFO - [2025-05-30T12:18:32.565+0000] {dag.py:3096} INFO - Sync 1 DAGs
[2025-05-30T12:18:32.605+0000] {logging_mixin.py:188} INFO - [2025-05-30T12:18:32.604+0000] {dag.py:3954} INFO - Setting next_dagrun for example_branch_operator to 2025-05-29 00:00:00+00:00, run_after=2025-05-30 00:00:00+00:00
[2025-05-30T12:18:32.635+0000] {processor.py:183} INFO - Processing /home/airflow/.local/lib/python3.12/site-packages/airflow/example_dags/example_branch_operator.py took 0.156 seconds
[2025-05-30T12:19:03.057+0000] {processor.py:161} INFO - Started process (PID=290) to work on /home/airflow/.local/lib/python3.12/site-packages/airflow/example_dags/example_branch_operator.py
[2025-05-30T12:19:03.059+0000] {processor.py:830} INFO - Processing file /home/airflow/.local/lib/python3.12/site-packages/airflow/example_dags/example_branch_operator.py for tasks to queue
[2025-05-30T12:19:03.061+0000] {logging_mixin.py:188} INFO - [2025-05-30T12:19:03.061+0000] {dagbag.py:545} INFO - Filling up the DagBag from /home/airflow/.local/lib/python3.12/site-packages/airflow/example_dags/example_branch_operator.py
[2025-05-30T12:19:03.089+0000] {processor.py:840} INFO - DAG(s) 'example_branch_operator' retrieved from /home/airflow/.local/lib/python3.12/site-packages/airflow/example_dags/example_branch_operator.py
[2025-05-30T12:19:03.136+0000] {logging_mixin.py:188} INFO - [2025-05-30T12:19:03.136+0000] {dag.py:3096} INFO - Sync 1 DAGs
[2025-05-30T12:19:03.171+0000] {logging_mixin.py:188} INFO - [2025-05-30T12:19:03.170+0000] {dag.py:3954} INFO - Setting next_dagrun for example_branch_operator to 2025-05-29 00:00:00+00:00, run_after=2025-05-30 00:00:00+00:00
[2025-05-30T12:19:03.200+0000] {processor.py:183} INFO - Processing /home/airflow/.local/lib/python3.12/site-packages/airflow/example_dags/example_branch_operator.py took 0.152 seconds
