[2025-05-30T12:17:03.836+0000] {processor.py:161} INFO - Started process (PID=81) to work on /home/airflow/.local/lib/python3.12/site-packages/airflow/example_dags/example_complex.py
[2025-05-30T12:17:03.837+0000] {processor.py:830} INFO - Processing file /home/airflow/.local/lib/python3.12/site-packages/airflow/example_dags/example_complex.py for tasks to queue
[2025-05-30T12:17:03.840+0000] {logging_mixin.py:188} INFO - [2025-05-30T12:17:03.839+0000] {dagbag.py:545} INFO - Filling up the DagBag from /home/airflow/.local/lib/python3.12/site-packages/airflow/example_dags/example_complex.py
[2025-05-30T12:17:03.858+0000] {processor.py:840} INFO - DAG(s) 'example_complex' retrieved from /home/airflow/.local/lib/python3.12/site-packages/airflow/example_dags/example_complex.py
[2025-05-30T12:17:04.048+0000] {logging_mixin.py:188} INFO - [2025-05-30T12:17:04.047+0000] {override.py:1829} INFO - Created Permission View: can read on DAG:example_complex
[2025-05-30T12:17:04.064+0000] {logging_mixin.py:188} INFO - [2025-05-30T12:17:04.064+0000] {override.py:1829} INFO - Created Permission View: can edit on DAG:example_complex
[2025-05-30T12:17:04.072+0000] {logging_mixin.py:188} INFO - [2025-05-30T12:17:04.072+0000] {override.py:1829} INFO - Created Permission View: can delete on DAG:example_complex
[2025-05-30T12:17:04.073+0000] {logging_mixin.py:188} INFO - [2025-05-30T12:17:04.073+0000] {dag.py:3096} INFO - Sync 1 DAGs
[2025-05-30T12:17:04.093+0000] {logging_mixin.py:188} INFO - [2025-05-30T12:17:04.093+0000] {dag.py:3118} INFO - Creating ORM DAG for example_complex
[2025-05-30T12:17:04.094+0000] {logging_mixin.py:188} INFO - [2025-05-30T12:17:04.094+0000] {dag.py:3954} INFO - Setting next_dagrun for example_complex to None, run_after=None
[2025-05-30T12:17:04.117+0000] {processor.py:183} INFO - Processing /home/airflow/.local/lib/python3.12/site-packages/airflow/example_dags/example_complex.py took 0.289 seconds
[2025-05-30T12:17:34.734+0000] {processor.py:161} INFO - Started process (PID=139) to work on /home/airflow/.local/lib/python3.12/site-packages/airflow/example_dags/example_complex.py
[2025-05-30T12:17:34.735+0000] {processor.py:830} INFO - Processing file /home/airflow/.local/lib/python3.12/site-packages/airflow/example_dags/example_complex.py for tasks to queue
[2025-05-30T12:17:34.737+0000] {logging_mixin.py:188} INFO - [2025-05-30T12:17:34.736+0000] {dagbag.py:545} INFO - Filling up the DagBag from /home/airflow/.local/lib/python3.12/site-packages/airflow/example_dags/example_complex.py
[2025-05-30T12:17:34.751+0000] {processor.py:840} INFO - DAG(s) 'example_complex' retrieved from /home/airflow/.local/lib/python3.12/site-packages/airflow/example_dags/example_complex.py
[2025-05-30T12:17:34.793+0000] {logging_mixin.py:188} INFO - [2025-05-30T12:17:34.792+0000] {dag.py:3096} INFO - Sync 1 DAGs
[2025-05-30T12:17:34.809+0000] {logging_mixin.py:188} INFO - [2025-05-30T12:17:34.808+0000] {dag.py:3954} INFO - Setting next_dagrun for example_complex to None, run_after=None
[2025-05-30T12:17:34.831+0000] {processor.py:183} INFO - Processing /home/airflow/.local/lib/python3.12/site-packages/airflow/example_dags/example_complex.py took 0.103 seconds
[2025-05-30T12:18:05.760+0000] {processor.py:161} INFO - Started process (PID=198) to work on /home/airflow/.local/lib/python3.12/site-packages/airflow/example_dags/example_complex.py
[2025-05-30T12:18:05.761+0000] {processor.py:830} INFO - Processing file /home/airflow/.local/lib/python3.12/site-packages/airflow/example_dags/example_complex.py for tasks to queue
[2025-05-30T12:18:05.763+0000] {logging_mixin.py:188} INFO - [2025-05-30T12:18:05.763+0000] {dagbag.py:545} INFO - Filling up the DagBag from /home/airflow/.local/lib/python3.12/site-packages/airflow/example_dags/example_complex.py
[2025-05-30T12:18:05.777+0000] {processor.py:840} INFO - DAG(s) 'example_complex' retrieved from /home/airflow/.local/lib/python3.12/site-packages/airflow/example_dags/example_complex.py
[2025-05-30T12:18:05.815+0000] {logging_mixin.py:188} INFO - [2025-05-30T12:18:05.815+0000] {dag.py:3096} INFO - Sync 1 DAGs
[2025-05-30T12:18:05.830+0000] {logging_mixin.py:188} INFO - [2025-05-30T12:18:05.829+0000] {dag.py:3954} INFO - Setting next_dagrun for example_complex to None, run_after=None
[2025-05-30T12:18:05.852+0000] {processor.py:183} INFO - Processing /home/airflow/.local/lib/python3.12/site-packages/airflow/example_dags/example_complex.py took 0.099 seconds
[2025-05-30T12:18:36.941+0000] {processor.py:161} INFO - Started process (PID=255) to work on /home/airflow/.local/lib/python3.12/site-packages/airflow/example_dags/example_complex.py
[2025-05-30T12:18:36.943+0000] {processor.py:830} INFO - Processing file /home/airflow/.local/lib/python3.12/site-packages/airflow/example_dags/example_complex.py for tasks to queue
[2025-05-30T12:18:36.945+0000] {logging_mixin.py:188} INFO - [2025-05-30T12:18:36.945+0000] {dagbag.py:545} INFO - Filling up the DagBag from /home/airflow/.local/lib/python3.12/site-packages/airflow/example_dags/example_complex.py
[2025-05-30T12:18:36.960+0000] {processor.py:840} INFO - DAG(s) 'example_complex' retrieved from /home/airflow/.local/lib/python3.12/site-packages/airflow/example_dags/example_complex.py
[2025-05-30T12:18:37.007+0000] {logging_mixin.py:188} INFO - [2025-05-30T12:18:37.007+0000] {dag.py:3096} INFO - Sync 1 DAGs
[2025-05-30T12:18:37.027+0000] {logging_mixin.py:188} INFO - [2025-05-30T12:18:37.025+0000] {dag.py:3954} INFO - Setting next_dagrun for example_complex to None, run_after=None
[2025-05-30T12:18:37.054+0000] {processor.py:183} INFO - Processing /home/airflow/.local/lib/python3.12/site-packages/airflow/example_dags/example_complex.py took 0.120 seconds
[2025-05-30T12:19:07.605+0000] {processor.py:161} INFO - Started process (PID=314) to work on /home/airflow/.local/lib/python3.12/site-packages/airflow/example_dags/example_complex.py
[2025-05-30T12:19:07.607+0000] {processor.py:830} INFO - Processing file /home/airflow/.local/lib/python3.12/site-packages/airflow/example_dags/example_complex.py for tasks to queue
[2025-05-30T12:19:07.609+0000] {logging_mixin.py:188} INFO - [2025-05-30T12:19:07.609+0000] {dagbag.py:545} INFO - Filling up the DagBag from /home/airflow/.local/lib/python3.12/site-packages/airflow/example_dags/example_complex.py
[2025-05-30T12:19:07.625+0000] {processor.py:840} INFO - DAG(s) 'example_complex' retrieved from /home/airflow/.local/lib/python3.12/site-packages/airflow/example_dags/example_complex.py
[2025-05-30T12:19:07.673+0000] {logging_mixin.py:188} INFO - [2025-05-30T12:19:07.673+0000] {dag.py:3096} INFO - Sync 1 DAGs
[2025-05-30T12:19:07.691+0000] {logging_mixin.py:188} INFO - [2025-05-30T12:19:07.691+0000] {dag.py:3954} INFO - Setting next_dagrun for example_complex to None, run_after=None
[2025-05-30T12:19:07.718+0000] {processor.py:183} INFO - Processing /home/airflow/.local/lib/python3.12/site-packages/airflow/example_dags/example_complex.py took 0.121 seconds
