[2025-05-30T12:16:59.859+0000] {processor.py:161} INFO - Started process (PID=48) to work on /home/airflow/.local/lib/python3.12/site-packages/airflow/example_dags/example_task_group.py
[2025-05-30T12:16:59.860+0000] {processor.py:830} INFO - Processing file /home/airflow/.local/lib/python3.12/site-packages/airflow/example_dags/example_task_group.py for tasks to queue
[2025-05-30T12:16:59.862+0000] {logging_mixin.py:188} INFO - [2025-05-30T12:16:59.862+0000] {dagbag.py:545} INFO - Filling up the DagBag from /home/airflow/.local/lib/python3.12/site-packages/airflow/example_dags/example_task_group.py
[2025-05-30T12:16:59.875+0000] {processor.py:840} INFO - DAG(s) 'example_task_group' retrieved from /home/airflow/.local/lib/python3.12/site-packages/airflow/example_dags/example_task_group.py
[2025-05-30T12:17:00.075+0000] {logging_mixin.py:188} INFO - [2025-05-30T12:17:00.074+0000] {override.py:1829} INFO - Created Permission View: can read on DAG:example_task_group
[2025-05-30T12:17:00.094+0000] {logging_mixin.py:188} INFO - [2025-05-30T12:17:00.093+0000] {override.py:1829} INFO - Created Permission View: can edit on DAG:example_task_group
[2025-05-30T12:17:00.105+0000] {logging_mixin.py:188} INFO - [2025-05-30T12:17:00.105+0000] {override.py:1829} INFO - Created Permission View: can delete on DAG:example_task_group
[2025-05-30T12:17:00.106+0000] {logging_mixin.py:188} INFO - [2025-05-30T12:17:00.105+0000] {dag.py:3096} INFO - Sync 1 DAGs
[2025-05-30T12:17:00.125+0000] {logging_mixin.py:188} INFO - [2025-05-30T12:17:00.125+0000] {dag.py:3118} INFO - Creating ORM DAG for example_task_group
[2025-05-30T12:17:00.142+0000] {logging_mixin.py:188} INFO - [2025-05-30T12:17:00.141+0000] {dag.py:3954} INFO - Setting next_dagrun for example_task_group to 2025-05-29 00:00:00+00:00, run_after=2025-05-30 00:00:00+00:00
[2025-05-30T12:17:00.166+0000] {processor.py:183} INFO - Processing /home/airflow/.local/lib/python3.12/site-packages/airflow/example_dags/example_task_group.py took 0.319 seconds
[2025-05-30T12:17:30.991+0000] {processor.py:161} INFO - Started process (PID=105) to work on /home/airflow/.local/lib/python3.12/site-packages/airflow/example_dags/example_task_group.py
[2025-05-30T12:17:30.992+0000] {processor.py:830} INFO - Processing file /home/airflow/.local/lib/python3.12/site-packages/airflow/example_dags/example_task_group.py for tasks to queue
[2025-05-30T12:17:30.993+0000] {logging_mixin.py:188} INFO - [2025-05-30T12:17:30.993+0000] {dagbag.py:545} INFO - Filling up the DagBag from /home/airflow/.local/lib/python3.12/site-packages/airflow/example_dags/example_task_group.py
[2025-05-30T12:17:31.002+0000] {processor.py:840} INFO - DAG(s) 'example_task_group' retrieved from /home/airflow/.local/lib/python3.12/site-packages/airflow/example_dags/example_task_group.py
[2025-05-30T12:17:31.029+0000] {logging_mixin.py:188} INFO - [2025-05-30T12:17:31.028+0000] {dag.py:3096} INFO - Sync 1 DAGs
[2025-05-30T12:17:31.057+0000] {logging_mixin.py:188} INFO - [2025-05-30T12:17:31.057+0000] {dag.py:3954} INFO - Setting next_dagrun for example_task_group to 2025-05-29 00:00:00+00:00, run_after=2025-05-30 00:00:00+00:00
[2025-05-30T12:17:31.079+0000] {processor.py:183} INFO - Processing /home/airflow/.local/lib/python3.12/site-packages/airflow/example_dags/example_task_group.py took 0.095 seconds
[2025-05-30T12:18:01.263+0000] {processor.py:161} INFO - Started process (PID=163) to work on /home/airflow/.local/lib/python3.12/site-packages/airflow/example_dags/example_task_group.py
[2025-05-30T12:18:01.266+0000] {processor.py:830} INFO - Processing file /home/airflow/.local/lib/python3.12/site-packages/airflow/example_dags/example_task_group.py for tasks to queue
[2025-05-30T12:18:01.270+0000] {logging_mixin.py:188} INFO - [2025-05-30T12:18:01.269+0000] {dagbag.py:545} INFO - Filling up the DagBag from /home/airflow/.local/lib/python3.12/site-packages/airflow/example_dags/example_task_group.py
[2025-05-30T12:18:01.285+0000] {processor.py:840} INFO - DAG(s) 'example_task_group' retrieved from /home/airflow/.local/lib/python3.12/site-packages/airflow/example_dags/example_task_group.py
[2025-05-30T12:18:01.328+0000] {logging_mixin.py:188} INFO - [2025-05-30T12:18:01.328+0000] {dag.py:3096} INFO - Sync 1 DAGs
[2025-05-30T12:18:01.368+0000] {logging_mixin.py:188} INFO - [2025-05-30T12:18:01.367+0000] {dag.py:3954} INFO - Setting next_dagrun for example_task_group to 2025-05-29 00:00:00+00:00, run_after=2025-05-30 00:00:00+00:00
[2025-05-30T12:18:01.410+0000] {processor.py:183} INFO - Processing /home/airflow/.local/lib/python3.12/site-packages/airflow/example_dags/example_task_group.py took 0.157 seconds
[2025-05-30T12:18:31.743+0000] {processor.py:161} INFO - Started process (PID=222) to work on /home/airflow/.local/lib/python3.12/site-packages/airflow/example_dags/example_task_group.py
[2025-05-30T12:18:31.745+0000] {processor.py:830} INFO - Processing file /home/airflow/.local/lib/python3.12/site-packages/airflow/example_dags/example_task_group.py for tasks to queue
[2025-05-30T12:18:31.748+0000] {logging_mixin.py:188} INFO - [2025-05-30T12:18:31.747+0000] {dagbag.py:545} INFO - Filling up the DagBag from /home/airflow/.local/lib/python3.12/site-packages/airflow/example_dags/example_task_group.py
[2025-05-30T12:18:31.757+0000] {processor.py:840} INFO - DAG(s) 'example_task_group' retrieved from /home/airflow/.local/lib/python3.12/site-packages/airflow/example_dags/example_task_group.py
[2025-05-30T12:18:31.789+0000] {logging_mixin.py:188} INFO - [2025-05-30T12:18:31.789+0000] {dag.py:3096} INFO - Sync 1 DAGs
[2025-05-30T12:18:31.829+0000] {logging_mixin.py:188} INFO - [2025-05-30T12:18:31.829+0000] {dag.py:3954} INFO - Setting next_dagrun for example_task_group to 2025-05-29 00:00:00+00:00, run_after=2025-05-30 00:00:00+00:00
[2025-05-30T12:18:31.865+0000] {processor.py:183} INFO - Processing /home/airflow/.local/lib/python3.12/site-packages/airflow/example_dags/example_task_group.py took 0.131 seconds
[2025-05-30T12:19:02.011+0000] {processor.py:161} INFO - Started process (PID=279) to work on /home/airflow/.local/lib/python3.12/site-packages/airflow/example_dags/example_task_group.py
[2025-05-30T12:19:02.013+0000] {processor.py:830} INFO - Processing file /home/airflow/.local/lib/python3.12/site-packages/airflow/example_dags/example_task_group.py for tasks to queue
[2025-05-30T12:19:02.016+0000] {logging_mixin.py:188} INFO - [2025-05-30T12:19:02.015+0000] {dagbag.py:545} INFO - Filling up the DagBag from /home/airflow/.local/lib/python3.12/site-packages/airflow/example_dags/example_task_group.py
[2025-05-30T12:19:02.033+0000] {processor.py:840} INFO - DAG(s) 'example_task_group' retrieved from /home/airflow/.local/lib/python3.12/site-packages/airflow/example_dags/example_task_group.py
[2025-05-30T12:19:02.078+0000] {logging_mixin.py:188} INFO - [2025-05-30T12:19:02.077+0000] {dag.py:3096} INFO - Sync 1 DAGs
[2025-05-30T12:19:02.136+0000] {logging_mixin.py:188} INFO - [2025-05-30T12:19:02.135+0000] {dag.py:3954} INFO - Setting next_dagrun for example_task_group to 2025-05-29 00:00:00+00:00, run_after=2025-05-30 00:00:00+00:00
[2025-05-30T12:19:02.180+0000] {processor.py:183} INFO - Processing /home/airflow/.local/lib/python3.12/site-packages/airflow/example_dags/example_task_group.py took 0.181 seconds
