[2025-05-30T12:16:56.393+0000] {processor.py:161} INFO - Started process (PID=32) to work on /home/airflow/.local/lib/python3.12/site-packages/airflow/example_dags/example_params_trigger_ui.py
[2025-05-30T12:16:56.394+0000] {processor.py:830} INFO - Processing file /home/airflow/.local/lib/python3.12/site-packages/airflow/example_dags/example_params_trigger_ui.py for tasks to queue
[2025-05-30T12:16:56.396+0000] {logging_mixin.py:188} INFO - [2025-05-30T12:16:56.396+0000] {dagbag.py:545} INFO - Filling up the DagBag from /home/airflow/.local/lib/python3.12/site-packages/airflow/example_dags/example_params_trigger_ui.py
[2025-05-30T12:16:56.429+0000] {processor.py:840} INFO - DAG(s) 'example_params_trigger_ui' retrieved from /home/airflow/.local/lib/python3.12/site-packages/airflow/example_dags/example_params_trigger_ui.py
[2025-05-30T12:16:56.698+0000] {logging_mixin.py:188} INFO - [2025-05-30T12:16:56.697+0000] {override.py:1829} INFO - Created Permission View: can read on DAG:example_params_trigger_ui
[2025-05-30T12:16:56.714+0000] {logging_mixin.py:188} INFO - [2025-05-30T12:16:56.714+0000] {override.py:1829} INFO - Created Permission View: can edit on DAG:example_params_trigger_ui
[2025-05-30T12:16:56.725+0000] {logging_mixin.py:188} INFO - [2025-05-30T12:16:56.724+0000] {override.py:1829} INFO - Created Permission View: can delete on DAG:example_params_trigger_ui
[2025-05-30T12:16:56.725+0000] {logging_mixin.py:188} INFO - [2025-05-30T12:16:56.725+0000] {dag.py:3096} INFO - Sync 1 DAGs
[2025-05-30T12:16:56.746+0000] {logging_mixin.py:188} INFO - [2025-05-30T12:16:56.745+0000] {dag.py:3118} INFO - Creating ORM DAG for example_params_trigger_ui
[2025-05-30T12:16:56.747+0000] {logging_mixin.py:188} INFO - [2025-05-30T12:16:56.747+0000] {dag.py:3954} INFO - Setting next_dagrun for example_params_trigger_ui to None, run_after=None
[2025-05-30T12:16:56.792+0000] {processor.py:183} INFO - Processing /home/airflow/.local/lib/python3.12/site-packages/airflow/example_dags/example_params_trigger_ui.py took 0.406 seconds
[2025-05-30T12:17:27.126+0000] {processor.py:161} INFO - Started process (PID=88) to work on /home/airflow/.local/lib/python3.12/site-packages/airflow/example_dags/example_params_trigger_ui.py
[2025-05-30T12:17:27.128+0000] {processor.py:830} INFO - Processing file /home/airflow/.local/lib/python3.12/site-packages/airflow/example_dags/example_params_trigger_ui.py for tasks to queue
[2025-05-30T12:17:27.132+0000] {logging_mixin.py:188} INFO - [2025-05-30T12:17:27.132+0000] {dagbag.py:545} INFO - Filling up the DagBag from /home/airflow/.local/lib/python3.12/site-packages/airflow/example_dags/example_params_trigger_ui.py
[2025-05-30T12:17:27.155+0000] {processor.py:840} INFO - DAG(s) 'example_params_trigger_ui' retrieved from /home/airflow/.local/lib/python3.12/site-packages/airflow/example_dags/example_params_trigger_ui.py
[2025-05-30T12:17:27.220+0000] {logging_mixin.py:188} INFO - [2025-05-30T12:17:27.220+0000] {dag.py:3096} INFO - Sync 1 DAGs
[2025-05-30T12:17:27.236+0000] {logging_mixin.py:188} INFO - [2025-05-30T12:17:27.236+0000] {dag.py:3954} INFO - Setting next_dagrun for example_params_trigger_ui to None, run_after=None
[2025-05-30T12:17:27.261+0000] {processor.py:183} INFO - Processing /home/airflow/.local/lib/python3.12/site-packages/airflow/example_dags/example_params_trigger_ui.py took 0.158 seconds
[2025-05-30T12:17:57.838+0000] {processor.py:161} INFO - Started process (PID=147) to work on /home/airflow/.local/lib/python3.12/site-packages/airflow/example_dags/example_params_trigger_ui.py
[2025-05-30T12:17:57.842+0000] {processor.py:830} INFO - Processing file /home/airflow/.local/lib/python3.12/site-packages/airflow/example_dags/example_params_trigger_ui.py for tasks to queue
[2025-05-30T12:17:57.849+0000] {logging_mixin.py:188} INFO - [2025-05-30T12:17:57.848+0000] {dagbag.py:545} INFO - Filling up the DagBag from /home/airflow/.local/lib/python3.12/site-packages/airflow/example_dags/example_params_trigger_ui.py
[2025-05-30T12:17:57.883+0000] {processor.py:840} INFO - DAG(s) 'example_params_trigger_ui' retrieved from /home/airflow/.local/lib/python3.12/site-packages/airflow/example_dags/example_params_trigger_ui.py
[2025-05-30T12:17:57.947+0000] {logging_mixin.py:188} INFO - [2025-05-30T12:17:57.947+0000] {dag.py:3096} INFO - Sync 1 DAGs
[2025-05-30T12:17:57.964+0000] {logging_mixin.py:188} INFO - [2025-05-30T12:17:57.963+0000] {dag.py:3954} INFO - Setting next_dagrun for example_params_trigger_ui to None, run_after=None
[2025-05-30T12:17:57.998+0000] {processor.py:183} INFO - Processing /home/airflow/.local/lib/python3.12/site-packages/airflow/example_dags/example_params_trigger_ui.py took 0.190 seconds
[2025-05-30T12:18:28.267+0000] {processor.py:161} INFO - Started process (PID=206) to work on /home/airflow/.local/lib/python3.12/site-packages/airflow/example_dags/example_params_trigger_ui.py
[2025-05-30T12:18:28.269+0000] {processor.py:830} INFO - Processing file /home/airflow/.local/lib/python3.12/site-packages/airflow/example_dags/example_params_trigger_ui.py for tasks to queue
[2025-05-30T12:18:28.273+0000] {logging_mixin.py:188} INFO - [2025-05-30T12:18:28.272+0000] {dagbag.py:545} INFO - Filling up the DagBag from /home/airflow/.local/lib/python3.12/site-packages/airflow/example_dags/example_params_trigger_ui.py
[2025-05-30T12:18:28.297+0000] {processor.py:840} INFO - DAG(s) 'example_params_trigger_ui' retrieved from /home/airflow/.local/lib/python3.12/site-packages/airflow/example_dags/example_params_trigger_ui.py
[2025-05-30T12:18:28.374+0000] {logging_mixin.py:188} INFO - [2025-05-30T12:18:28.374+0000] {dag.py:3096} INFO - Sync 1 DAGs
[2025-05-30T12:18:28.392+0000] {logging_mixin.py:188} INFO - [2025-05-30T12:18:28.392+0000] {dag.py:3954} INFO - Setting next_dagrun for example_params_trigger_ui to None, run_after=None
[2025-05-30T12:18:28.417+0000] {processor.py:183} INFO - Processing /home/airflow/.local/lib/python3.12/site-packages/airflow/example_dags/example_params_trigger_ui.py took 0.170 seconds
[2025-05-30T12:18:59.268+0000] {processor.py:161} INFO - Started process (PID=263) to work on /home/airflow/.local/lib/python3.12/site-packages/airflow/example_dags/example_params_trigger_ui.py
[2025-05-30T12:18:59.270+0000] {processor.py:830} INFO - Processing file /home/airflow/.local/lib/python3.12/site-packages/airflow/example_dags/example_params_trigger_ui.py for tasks to queue
[2025-05-30T12:18:59.273+0000] {logging_mixin.py:188} INFO - [2025-05-30T12:18:59.272+0000] {dagbag.py:545} INFO - Filling up the DagBag from /home/airflow/.local/lib/python3.12/site-packages/airflow/example_dags/example_params_trigger_ui.py
[2025-05-30T12:18:59.294+0000] {processor.py:840} INFO - DAG(s) 'example_params_trigger_ui' retrieved from /home/airflow/.local/lib/python3.12/site-packages/airflow/example_dags/example_params_trigger_ui.py
[2025-05-30T12:18:59.368+0000] {logging_mixin.py:188} INFO - [2025-05-30T12:18:59.368+0000] {dag.py:3096} INFO - Sync 1 DAGs
[2025-05-30T12:18:59.385+0000] {logging_mixin.py:188} INFO - [2025-05-30T12:18:59.385+0000] {dag.py:3954} INFO - Setting next_dagrun for example_params_trigger_ui to None, run_after=None
[2025-05-30T12:18:59.408+0000] {processor.py:183} INFO - Processing /home/airflow/.local/lib/python3.12/site-packages/airflow/example_dags/example_params_trigger_ui.py took 0.151 seconds
