[2025-05-30T12:17:01.053+0000] {processor.py:161} INFO - Started process (PID=57) to work on /home/airflow/.local/lib/python3.12/site-packages/airflow/example_dags/example_bash_decorator.py
[2025-05-30T12:17:01.054+0000] {processor.py:830} INFO - Processing file /home/airflow/.local/lib/python3.12/site-packages/airflow/example_dags/example_bash_decorator.py for tasks to queue
[2025-05-30T12:17:01.056+0000] {logging_mixin.py:188} INFO - [2025-05-30T12:17:01.056+0000] {dagbag.py:545} INFO - Filling up the DagBag from /home/airflow/.local/lib/python3.12/site-packages/airflow/example_dags/example_bash_decorator.py
[2025-05-30T12:17:01.076+0000] {processor.py:840} INFO - DAG(s) 'example_bash_decorator' retrieved from /home/airflow/.local/lib/python3.12/site-packages/airflow/example_dags/example_bash_decorator.py
[2025-05-30T12:17:01.214+0000] {logging_mixin.py:188} INFO - [2025-05-30T12:17:01.213+0000] {override.py:1829} INFO - Created Permission View: can read on DAG:example_bash_decorator
[2025-05-30T12:17:01.226+0000] {logging_mixin.py:188} INFO - [2025-05-30T12:17:01.225+0000] {override.py:1829} INFO - Created Permission View: can edit on DAG:example_bash_decorator
[2025-05-30T12:17:01.234+0000] {logging_mixin.py:188} INFO - [2025-05-30T12:17:01.233+0000] {override.py:1829} INFO - Created Permission View: can delete on DAG:example_bash_decorator
[2025-05-30T12:17:01.234+0000] {logging_mixin.py:188} INFO - [2025-05-30T12:17:01.234+0000] {dag.py:3096} INFO - Sync 1 DAGs
[2025-05-30T12:17:01.252+0000] {logging_mixin.py:188} INFO - [2025-05-30T12:17:01.251+0000] {dag.py:3118} INFO - Creating ORM DAG for example_bash_decorator
[2025-05-30T12:17:01.253+0000] {logging_mixin.py:188} INFO - [2025-05-30T12:17:01.252+0000] {dag.py:3954} INFO - Setting next_dagrun for example_bash_decorator to None, run_after=None
[2025-05-30T12:17:01.272+0000] {processor.py:183} INFO - Processing /home/airflow/.local/lib/python3.12/site-packages/airflow/example_dags/example_bash_decorator.py took 0.225 seconds
[2025-05-30T12:17:31.481+0000] {processor.py:161} INFO - Started process (PID=114) to work on /home/airflow/.local/lib/python3.12/site-packages/airflow/example_dags/example_bash_decorator.py
[2025-05-30T12:17:31.482+0000] {processor.py:830} INFO - Processing file /home/airflow/.local/lib/python3.12/site-packages/airflow/example_dags/example_bash_decorator.py for tasks to queue
[2025-05-30T12:17:31.484+0000] {logging_mixin.py:188} INFO - [2025-05-30T12:17:31.483+0000] {dagbag.py:545} INFO - Filling up the DagBag from /home/airflow/.local/lib/python3.12/site-packages/airflow/example_dags/example_bash_decorator.py
[2025-05-30T12:17:31.501+0000] {processor.py:840} INFO - DAG(s) 'example_bash_decorator' retrieved from /home/airflow/.local/lib/python3.12/site-packages/airflow/example_dags/example_bash_decorator.py
[2025-05-30T12:17:31.529+0000] {logging_mixin.py:188} INFO - [2025-05-30T12:17:31.529+0000] {dag.py:3096} INFO - Sync 1 DAGs
[2025-05-30T12:17:31.548+0000] {logging_mixin.py:188} INFO - [2025-05-30T12:17:31.548+0000] {dag.py:3954} INFO - Setting next_dagrun for example_bash_decorator to None, run_after=None
[2025-05-30T12:17:31.579+0000] {processor.py:183} INFO - Processing /home/airflow/.local/lib/python3.12/site-packages/airflow/example_dags/example_bash_decorator.py took 0.106 seconds
[2025-05-30T12:18:02.041+0000] {processor.py:161} INFO - Started process (PID=172) to work on /home/airflow/.local/lib/python3.12/site-packages/airflow/example_dags/example_bash_decorator.py
[2025-05-30T12:18:02.043+0000] {processor.py:830} INFO - Processing file /home/airflow/.local/lib/python3.12/site-packages/airflow/example_dags/example_bash_decorator.py for tasks to queue
[2025-05-30T12:18:02.048+0000] {logging_mixin.py:188} INFO - [2025-05-30T12:18:02.046+0000] {dagbag.py:545} INFO - Filling up the DagBag from /home/airflow/.local/lib/python3.12/site-packages/airflow/example_dags/example_bash_decorator.py
[2025-05-30T12:18:02.088+0000] {processor.py:840} INFO - DAG(s) 'example_bash_decorator' retrieved from /home/airflow/.local/lib/python3.12/site-packages/airflow/example_dags/example_bash_decorator.py
[2025-05-30T12:18:02.140+0000] {logging_mixin.py:188} INFO - [2025-05-30T12:18:02.139+0000] {dag.py:3096} INFO - Sync 1 DAGs
[2025-05-30T12:18:02.169+0000] {logging_mixin.py:188} INFO - [2025-05-30T12:18:02.168+0000] {dag.py:3954} INFO - Setting next_dagrun for example_bash_decorator to None, run_after=None
[2025-05-30T12:18:02.204+0000] {processor.py:183} INFO - Processing /home/airflow/.local/lib/python3.12/site-packages/airflow/example_dags/example_bash_decorator.py took 0.174 seconds
[2025-05-30T12:18:32.341+0000] {processor.py:161} INFO - Started process (PID=231) to work on /home/airflow/.local/lib/python3.12/site-packages/airflow/example_dags/example_bash_decorator.py
[2025-05-30T12:18:32.342+0000] {processor.py:830} INFO - Processing file /home/airflow/.local/lib/python3.12/site-packages/airflow/example_dags/example_bash_decorator.py for tasks to queue
[2025-05-30T12:18:32.345+0000] {logging_mixin.py:188} INFO - [2025-05-30T12:18:32.344+0000] {dagbag.py:545} INFO - Filling up the DagBag from /home/airflow/.local/lib/python3.12/site-packages/airflow/example_dags/example_bash_decorator.py
[2025-05-30T12:18:32.367+0000] {processor.py:840} INFO - DAG(s) 'example_bash_decorator' retrieved from /home/airflow/.local/lib/python3.12/site-packages/airflow/example_dags/example_bash_decorator.py
[2025-05-30T12:18:32.405+0000] {logging_mixin.py:188} INFO - [2025-05-30T12:18:32.405+0000] {dag.py:3096} INFO - Sync 1 DAGs
[2025-05-30T12:18:32.427+0000] {logging_mixin.py:188} INFO - [2025-05-30T12:18:32.426+0000] {dag.py:3954} INFO - Setting next_dagrun for example_bash_decorator to None, run_after=None
[2025-05-30T12:18:32.456+0000] {processor.py:183} INFO - Processing /home/airflow/.local/lib/python3.12/site-packages/airflow/example_dags/example_bash_decorator.py took 0.124 seconds
[2025-05-30T12:19:02.884+0000] {processor.py:161} INFO - Started process (PID=288) to work on /home/airflow/.local/lib/python3.12/site-packages/airflow/example_dags/example_bash_decorator.py
[2025-05-30T12:19:02.886+0000] {processor.py:830} INFO - Processing file /home/airflow/.local/lib/python3.12/site-packages/airflow/example_dags/example_bash_decorator.py for tasks to queue
[2025-05-30T12:19:02.889+0000] {logging_mixin.py:188} INFO - [2025-05-30T12:19:02.889+0000] {dagbag.py:545} INFO - Filling up the DagBag from /home/airflow/.local/lib/python3.12/site-packages/airflow/example_dags/example_bash_decorator.py
[2025-05-30T12:19:02.916+0000] {processor.py:840} INFO - DAG(s) 'example_bash_decorator' retrieved from /home/airflow/.local/lib/python3.12/site-packages/airflow/example_dags/example_bash_decorator.py
[2025-05-30T12:19:02.960+0000] {logging_mixin.py:188} INFO - [2025-05-30T12:19:02.959+0000] {dag.py:3096} INFO - Sync 1 DAGs
[2025-05-30T12:19:02.989+0000] {logging_mixin.py:188} INFO - [2025-05-30T12:19:02.988+0000] {dag.py:3954} INFO - Setting next_dagrun for example_bash_decorator to None, run_after=None
[2025-05-30T12:19:03.025+0000] {processor.py:183} INFO - Processing /home/airflow/.local/lib/python3.12/site-packages/airflow/example_dags/example_bash_decorator.py took 0.150 seconds
