[2025-05-30T12:16:56.837+0000] {processor.py:161} INFO - Started process (PID=33) to work on /home/airflow/.local/lib/python3.12/site-packages/airflow/example_dags/example_subdag_operator.py
[2025-05-30T12:16:56.838+0000] {processor.py:830} INFO - Processing file /home/airflow/.local/lib/python3.12/site-packages/airflow/example_dags/example_subdag_operator.py for tasks to queue
[2025-05-30T12:16:56.840+0000] {logging_mixin.py:188} INFO - [2025-05-30T12:16:56.840+0000] {dagbag.py:545} INFO - Filling up the DagBag from /home/airflow/.local/lib/python3.12/site-packages/airflow/example_dags/example_subdag_operator.py
[2025-05-30T12:16:56.873+0000] {processor.py:840} INFO - DAG(s) 'example_subdag_operator.section-1', 'example_subdag_operator.section-2', 'example_subdag_operator' retrieved from /home/airflow/.local/lib/python3.12/site-packages/airflow/example_dags/example_subdag_operator.py
[2025-05-30T12:16:57.046+0000] {logging_mixin.py:188} INFO - [2025-05-30T12:16:57.045+0000] {override.py:1829} INFO - Created Permission View: can read on DAG:example_subdag_operator
[2025-05-30T12:16:57.060+0000] {logging_mixin.py:188} INFO - [2025-05-30T12:16:57.059+0000] {override.py:1829} INFO - Created Permission View: can edit on DAG:example_subdag_operator
[2025-05-30T12:16:57.069+0000] {logging_mixin.py:188} INFO - [2025-05-30T12:16:57.068+0000] {override.py:1829} INFO - Created Permission View: can delete on DAG:example_subdag_operator
[2025-05-30T12:16:57.069+0000] {logging_mixin.py:188} INFO - [2025-05-30T12:16:57.069+0000] {dag.py:3096} INFO - Sync 3 DAGs
[2025-05-30T12:16:57.089+0000] {logging_mixin.py:188} INFO - [2025-05-30T12:16:57.089+0000] {dag.py:3118} INFO - Creating ORM DAG for example_subdag_operator.section-1
[2025-05-30T12:16:57.090+0000] {logging_mixin.py:188} INFO - [2025-05-30T12:16:57.090+0000] {dag.py:3118} INFO - Creating ORM DAG for example_subdag_operator
[2025-05-30T12:16:57.091+0000] {logging_mixin.py:188} INFO - [2025-05-30T12:16:57.091+0000] {dag.py:3118} INFO - Creating ORM DAG for example_subdag_operator.section-2
[2025-05-30T12:16:57.104+0000] {logging_mixin.py:188} INFO - [2025-05-30T12:16:57.104+0000] {dag.py:3954} INFO - Setting next_dagrun for example_subdag_operator to 2022-01-01 00:00:00+00:00, run_after=2022-01-01 00:00:00+00:00
[2025-05-30T12:16:57.105+0000] {logging_mixin.py:188} INFO - [2025-05-30T12:16:57.105+0000] {dag.py:3954} INFO - Setting next_dagrun for example_subdag_operator.section-1 to None, run_after=None
[2025-05-30T12:16:57.106+0000] {logging_mixin.py:188} INFO - [2025-05-30T12:16:57.105+0000] {dag.py:3954} INFO - Setting next_dagrun for example_subdag_operator.section-2 to None, run_after=None
[2025-05-30T12:16:57.118+0000] {logging_mixin.py:188} INFO - [2025-05-30T12:16:57.118+0000] {dag.py:3096} INFO - Sync 2 DAGs
[2025-05-30T12:16:57.125+0000] {logging_mixin.py:188} INFO - [2025-05-30T12:16:57.125+0000] {dag.py:3954} INFO - Setting next_dagrun for example_subdag_operator.section-1 to None, run_after=None
[2025-05-30T12:16:57.129+0000] {logging_mixin.py:188} INFO - [2025-05-30T12:16:57.129+0000] {dag.py:3954} INFO - Setting next_dagrun for example_subdag_operator.section-2 to None, run_after=None
[2025-05-30T12:16:57.145+0000] {processor.py:183} INFO - Processing /home/airflow/.local/lib/python3.12/site-packages/airflow/example_dags/example_subdag_operator.py took 0.318 seconds
[2025-05-30T12:17:27.291+0000] {processor.py:161} INFO - Started process (PID=90) to work on /home/airflow/.local/lib/python3.12/site-packages/airflow/example_dags/example_subdag_operator.py
[2025-05-30T12:17:27.292+0000] {processor.py:830} INFO - Processing file /home/airflow/.local/lib/python3.12/site-packages/airflow/example_dags/example_subdag_operator.py for tasks to queue
[2025-05-30T12:17:27.294+0000] {logging_mixin.py:188} INFO - [2025-05-30T12:17:27.294+0000] {dagbag.py:545} INFO - Filling up the DagBag from /home/airflow/.local/lib/python3.12/site-packages/airflow/example_dags/example_subdag_operator.py
[2025-05-30T12:17:27.323+0000] {processor.py:840} INFO - DAG(s) 'example_subdag_operator.section-1', 'example_subdag_operator.section-2', 'example_subdag_operator' retrieved from /home/airflow/.local/lib/python3.12/site-packages/airflow/example_dags/example_subdag_operator.py
[2025-05-30T12:17:27.346+0000] {logging_mixin.py:188} INFO - [2025-05-30T12:17:27.346+0000] {dag.py:3096} INFO - Sync 3 DAGs
[2025-05-30T12:17:27.375+0000] {logging_mixin.py:188} INFO - [2025-05-30T12:17:27.375+0000] {dag.py:3954} INFO - Setting next_dagrun for example_subdag_operator to 2022-01-01 00:00:00+00:00, run_after=2022-01-01 00:00:00+00:00
[2025-05-30T12:17:27.380+0000] {logging_mixin.py:188} INFO - [2025-05-30T12:17:27.380+0000] {dag.py:3954} INFO - Setting next_dagrun for example_subdag_operator.section-1 to None, run_after=None
[2025-05-30T12:17:27.382+0000] {logging_mixin.py:188} INFO - [2025-05-30T12:17:27.382+0000] {dag.py:3954} INFO - Setting next_dagrun for example_subdag_operator.section-2 to None, run_after=None
[2025-05-30T12:17:27.390+0000] {logging_mixin.py:188} INFO - [2025-05-30T12:17:27.390+0000] {dag.py:3096} INFO - Sync 2 DAGs
[2025-05-30T12:17:27.395+0000] {logging_mixin.py:188} INFO - [2025-05-30T12:17:27.395+0000] {dag.py:3954} INFO - Setting next_dagrun for example_subdag_operator.section-1 to None, run_after=None
[2025-05-30T12:17:27.396+0000] {logging_mixin.py:188} INFO - [2025-05-30T12:17:27.396+0000] {dag.py:3954} INFO - Setting next_dagrun for example_subdag_operator.section-2 to None, run_after=None
[2025-05-30T12:17:27.409+0000] {processor.py:183} INFO - Processing /home/airflow/.local/lib/python3.12/site-packages/airflow/example_dags/example_subdag_operator.py took 0.125 seconds
[2025-05-30T12:17:58.022+0000] {processor.py:161} INFO - Started process (PID=148) to work on /home/airflow/.local/lib/python3.12/site-packages/airflow/example_dags/example_subdag_operator.py
[2025-05-30T12:17:58.023+0000] {processor.py:830} INFO - Processing file /home/airflow/.local/lib/python3.12/site-packages/airflow/example_dags/example_subdag_operator.py for tasks to queue
[2025-05-30T12:17:58.025+0000] {logging_mixin.py:188} INFO - [2025-05-30T12:17:58.025+0000] {dagbag.py:545} INFO - Filling up the DagBag from /home/airflow/.local/lib/python3.12/site-packages/airflow/example_dags/example_subdag_operator.py
[2025-05-30T12:17:58.054+0000] {processor.py:840} INFO - DAG(s) 'example_subdag_operator.section-1', 'example_subdag_operator.section-2', 'example_subdag_operator' retrieved from /home/airflow/.local/lib/python3.12/site-packages/airflow/example_dags/example_subdag_operator.py
[2025-05-30T12:17:58.082+0000] {logging_mixin.py:188} INFO - [2025-05-30T12:17:58.082+0000] {dag.py:3096} INFO - Sync 3 DAGs
[2025-05-30T12:17:58.111+0000] {logging_mixin.py:188} INFO - [2025-05-30T12:17:58.111+0000] {dag.py:3954} INFO - Setting next_dagrun for example_subdag_operator to 2022-01-01 00:00:00+00:00, run_after=2022-01-01 00:00:00+00:00
[2025-05-30T12:17:58.117+0000] {logging_mixin.py:188} INFO - [2025-05-30T12:17:58.117+0000] {dag.py:3954} INFO - Setting next_dagrun for example_subdag_operator.section-1 to None, run_after=None
[2025-05-30T12:17:58.119+0000] {logging_mixin.py:188} INFO - [2025-05-30T12:17:58.119+0000] {dag.py:3954} INFO - Setting next_dagrun for example_subdag_operator.section-2 to None, run_after=None
[2025-05-30T12:17:58.129+0000] {logging_mixin.py:188} INFO - [2025-05-30T12:17:58.128+0000] {dag.py:3096} INFO - Sync 2 DAGs
[2025-05-30T12:17:58.135+0000] {logging_mixin.py:188} INFO - [2025-05-30T12:17:58.135+0000] {dag.py:3954} INFO - Setting next_dagrun for example_subdag_operator.section-1 to None, run_after=None
[2025-05-30T12:17:58.136+0000] {logging_mixin.py:188} INFO - [2025-05-30T12:17:58.136+0000] {dag.py:3954} INFO - Setting next_dagrun for example_subdag_operator.section-2 to None, run_after=None
[2025-05-30T12:17:58.151+0000] {processor.py:183} INFO - Processing /home/airflow/.local/lib/python3.12/site-packages/airflow/example_dags/example_subdag_operator.py took 0.136 seconds
[2025-05-30T12:18:28.442+0000] {processor.py:161} INFO - Started process (PID=207) to work on /home/airflow/.local/lib/python3.12/site-packages/airflow/example_dags/example_subdag_operator.py
[2025-05-30T12:18:28.443+0000] {processor.py:830} INFO - Processing file /home/airflow/.local/lib/python3.12/site-packages/airflow/example_dags/example_subdag_operator.py for tasks to queue
[2025-05-30T12:18:28.446+0000] {logging_mixin.py:188} INFO - [2025-05-30T12:18:28.445+0000] {dagbag.py:545} INFO - Filling up the DagBag from /home/airflow/.local/lib/python3.12/site-packages/airflow/example_dags/example_subdag_operator.py
[2025-05-30T12:18:28.476+0000] {processor.py:840} INFO - DAG(s) 'example_subdag_operator.section-1', 'example_subdag_operator.section-2', 'example_subdag_operator' retrieved from /home/airflow/.local/lib/python3.12/site-packages/airflow/example_dags/example_subdag_operator.py
[2025-05-30T12:18:28.502+0000] {logging_mixin.py:188} INFO - [2025-05-30T12:18:28.501+0000] {dag.py:3096} INFO - Sync 3 DAGs
[2025-05-30T12:18:28.533+0000] {logging_mixin.py:188} INFO - [2025-05-30T12:18:28.533+0000] {dag.py:3954} INFO - Setting next_dagrun for example_subdag_operator to 2022-01-01 00:00:00+00:00, run_after=2022-01-01 00:00:00+00:00
[2025-05-30T12:18:28.539+0000] {logging_mixin.py:188} INFO - [2025-05-30T12:18:28.539+0000] {dag.py:3954} INFO - Setting next_dagrun for example_subdag_operator.section-1 to None, run_after=None
[2025-05-30T12:18:28.541+0000] {logging_mixin.py:188} INFO - [2025-05-30T12:18:28.541+0000] {dag.py:3954} INFO - Setting next_dagrun for example_subdag_operator.section-2 to None, run_after=None
[2025-05-30T12:18:28.551+0000] {logging_mixin.py:188} INFO - [2025-05-30T12:18:28.551+0000] {dag.py:3096} INFO - Sync 2 DAGs
[2025-05-30T12:18:28.559+0000] {logging_mixin.py:188} INFO - [2025-05-30T12:18:28.558+0000] {dag.py:3954} INFO - Setting next_dagrun for example_subdag_operator.section-1 to None, run_after=None
[2025-05-30T12:18:28.559+0000] {logging_mixin.py:188} INFO - [2025-05-30T12:18:28.559+0000] {dag.py:3954} INFO - Setting next_dagrun for example_subdag_operator.section-2 to None, run_after=None
[2025-05-30T12:18:28.574+0000] {processor.py:183} INFO - Processing /home/airflow/.local/lib/python3.12/site-packages/airflow/example_dags/example_subdag_operator.py took 0.139 seconds
[2025-05-30T12:18:59.432+0000] {processor.py:161} INFO - Started process (PID=264) to work on /home/airflow/.local/lib/python3.12/site-packages/airflow/example_dags/example_subdag_operator.py
[2025-05-30T12:18:59.433+0000] {processor.py:830} INFO - Processing file /home/airflow/.local/lib/python3.12/site-packages/airflow/example_dags/example_subdag_operator.py for tasks to queue
[2025-05-30T12:18:59.435+0000] {logging_mixin.py:188} INFO - [2025-05-30T12:18:59.435+0000] {dagbag.py:545} INFO - Filling up the DagBag from /home/airflow/.local/lib/python3.12/site-packages/airflow/example_dags/example_subdag_operator.py
[2025-05-30T12:18:59.467+0000] {processor.py:840} INFO - DAG(s) 'example_subdag_operator.section-1', 'example_subdag_operator.section-2', 'example_subdag_operator' retrieved from /home/airflow/.local/lib/python3.12/site-packages/airflow/example_dags/example_subdag_operator.py
[2025-05-30T12:18:59.490+0000] {logging_mixin.py:188} INFO - [2025-05-30T12:18:59.489+0000] {dag.py:3096} INFO - Sync 3 DAGs
[2025-05-30T12:18:59.519+0000] {logging_mixin.py:188} INFO - [2025-05-30T12:18:59.518+0000] {dag.py:3954} INFO - Setting next_dagrun for example_subdag_operator to 2022-01-01 00:00:00+00:00, run_after=2022-01-01 00:00:00+00:00
[2025-05-30T12:18:59.524+0000] {logging_mixin.py:188} INFO - [2025-05-30T12:18:59.524+0000] {dag.py:3954} INFO - Setting next_dagrun for example_subdag_operator.section-1 to None, run_after=None
[2025-05-30T12:18:59.526+0000] {logging_mixin.py:188} INFO - [2025-05-30T12:18:59.525+0000] {dag.py:3954} INFO - Setting next_dagrun for example_subdag_operator.section-2 to None, run_after=None
[2025-05-30T12:18:59.535+0000] {logging_mixin.py:188} INFO - [2025-05-30T12:18:59.535+0000] {dag.py:3096} INFO - Sync 2 DAGs
[2025-05-30T12:18:59.542+0000] {logging_mixin.py:188} INFO - [2025-05-30T12:18:59.542+0000] {dag.py:3954} INFO - Setting next_dagrun for example_subdag_operator.section-1 to None, run_after=None
[2025-05-30T12:18:59.543+0000] {logging_mixin.py:188} INFO - [2025-05-30T12:18:59.542+0000] {dag.py:3954} INFO - Setting next_dagrun for example_subdag_operator.section-2 to None, run_after=None
[2025-05-30T12:18:59.556+0000] {processor.py:183} INFO - Processing /home/airflow/.local/lib/python3.12/site-packages/airflow/example_dags/example_subdag_operator.py took 0.133 seconds
