[2025-05-30T12:17:02.549+0000] {processor.py:161} INFO - Started process (PID=68) to work on /home/airflow/.local/lib/python3.12/site-packages/airflow/example_dags/example_branch_labels.py
[2025-05-30T12:17:02.551+0000] {processor.py:830} INFO - Processing file /home/airflow/.local/lib/python3.12/site-packages/airflow/example_dags/example_branch_labels.py for tasks to queue
[2025-05-30T12:17:02.553+0000] {logging_mixin.py:188} INFO - [2025-05-30T12:17:02.553+0000] {dagbag.py:545} INFO - Filling up the DagBag from /home/airflow/.local/lib/python3.12/site-packages/airflow/example_dags/example_branch_labels.py
[2025-05-30T12:17:02.567+0000] {processor.py:840} INFO - DAG(s) 'example_branch_labels' retrieved from /home/airflow/.local/lib/python3.12/site-packages/airflow/example_dags/example_branch_labels.py
[2025-05-30T12:17:02.711+0000] {logging_mixin.py:188} INFO - [2025-05-30T12:17:02.711+0000] {override.py:1829} INFO - Created Permission View: can read on DAG:example_branch_labels
[2025-05-30T12:17:02.724+0000] {logging_mixin.py:188} INFO - [2025-05-30T12:17:02.724+0000] {override.py:1829} INFO - Created Permission View: can edit on DAG:example_branch_labels
[2025-05-30T12:17:02.732+0000] {logging_mixin.py:188} INFO - [2025-05-30T12:17:02.732+0000] {override.py:1829} INFO - Created Permission View: can delete on DAG:example_branch_labels
[2025-05-30T12:17:02.733+0000] {logging_mixin.py:188} INFO - [2025-05-30T12:17:02.733+0000] {dag.py:3096} INFO - Sync 1 DAGs
[2025-05-30T12:17:02.747+0000] {logging_mixin.py:188} INFO - [2025-05-30T12:17:02.746+0000] {dag.py:3118} INFO - Creating ORM DAG for example_branch_labels
[2025-05-30T12:17:02.762+0000] {logging_mixin.py:188} INFO - [2025-05-30T12:17:02.762+0000] {dag.py:3954} INFO - Setting next_dagrun for example_branch_labels to 2025-05-29 00:00:00+00:00, run_after=2025-05-30 00:00:00+00:00
[2025-05-30T12:17:02.779+0000] {processor.py:183} INFO - Processing /home/airflow/.local/lib/python3.12/site-packages/airflow/example_dags/example_branch_labels.py took 0.237 seconds
[2025-05-30T12:17:33.150+0000] {processor.py:161} INFO - Started process (PID=125) to work on /home/airflow/.local/lib/python3.12/site-packages/airflow/example_dags/example_branch_labels.py
[2025-05-30T12:17:33.151+0000] {processor.py:830} INFO - Processing file /home/airflow/.local/lib/python3.12/site-packages/airflow/example_dags/example_branch_labels.py for tasks to queue
[2025-05-30T12:17:33.153+0000] {logging_mixin.py:188} INFO - [2025-05-30T12:17:33.153+0000] {dagbag.py:545} INFO - Filling up the DagBag from /home/airflow/.local/lib/python3.12/site-packages/airflow/example_dags/example_branch_labels.py
[2025-05-30T12:17:33.163+0000] {processor.py:840} INFO - DAG(s) 'example_branch_labels' retrieved from /home/airflow/.local/lib/python3.12/site-packages/airflow/example_dags/example_branch_labels.py
[2025-05-30T12:17:33.189+0000] {logging_mixin.py:188} INFO - [2025-05-30T12:17:33.188+0000] {dag.py:3096} INFO - Sync 1 DAGs
[2025-05-30T12:17:33.220+0000] {logging_mixin.py:188} INFO - [2025-05-30T12:17:33.220+0000] {dag.py:3954} INFO - Setting next_dagrun for example_branch_labels to 2025-05-29 00:00:00+00:00, run_after=2025-05-30 00:00:00+00:00
[2025-05-30T12:17:33.246+0000] {processor.py:183} INFO - Processing /home/airflow/.local/lib/python3.12/site-packages/airflow/example_dags/example_branch_labels.py took 0.103 seconds
[2025-05-30T12:18:03.982+0000] {processor.py:161} INFO - Started process (PID=190) to work on /home/airflow/.local/lib/python3.12/site-packages/airflow/example_dags/example_branch_labels.py
[2025-05-30T12:18:03.984+0000] {processor.py:830} INFO - Processing file /home/airflow/.local/lib/python3.12/site-packages/airflow/example_dags/example_branch_labels.py for tasks to queue
[2025-05-30T12:18:03.986+0000] {logging_mixin.py:188} INFO - [2025-05-30T12:18:03.986+0000] {dagbag.py:545} INFO - Filling up the DagBag from /home/airflow/.local/lib/python3.12/site-packages/airflow/example_dags/example_branch_labels.py
[2025-05-30T12:18:03.998+0000] {processor.py:840} INFO - DAG(s) 'example_branch_labels' retrieved from /home/airflow/.local/lib/python3.12/site-packages/airflow/example_dags/example_branch_labels.py
[2025-05-30T12:18:04.029+0000] {logging_mixin.py:188} INFO - [2025-05-30T12:18:04.029+0000] {dag.py:3096} INFO - Sync 1 DAGs
[2025-05-30T12:18:04.064+0000] {logging_mixin.py:188} INFO - [2025-05-30T12:18:04.064+0000] {dag.py:3954} INFO - Setting next_dagrun for example_branch_labels to 2025-05-29 00:00:00+00:00, run_after=2025-05-30 00:00:00+00:00
[2025-05-30T12:18:04.091+0000] {processor.py:183} INFO - Processing /home/airflow/.local/lib/python3.12/site-packages/airflow/example_dags/example_branch_labels.py took 0.117 seconds
[2025-05-30T12:18:34.253+0000] {processor.py:161} INFO - Started process (PID=247) to work on /home/airflow/.local/lib/python3.12/site-packages/airflow/example_dags/example_branch_labels.py
[2025-05-30T12:18:34.254+0000] {processor.py:830} INFO - Processing file /home/airflow/.local/lib/python3.12/site-packages/airflow/example_dags/example_branch_labels.py for tasks to queue
[2025-05-30T12:18:34.256+0000] {logging_mixin.py:188} INFO - [2025-05-30T12:18:34.256+0000] {dagbag.py:545} INFO - Filling up the DagBag from /home/airflow/.local/lib/python3.12/site-packages/airflow/example_dags/example_branch_labels.py
[2025-05-30T12:18:34.267+0000] {processor.py:840} INFO - DAG(s) 'example_branch_labels' retrieved from /home/airflow/.local/lib/python3.12/site-packages/airflow/example_dags/example_branch_labels.py
[2025-05-30T12:18:34.296+0000] {logging_mixin.py:188} INFO - [2025-05-30T12:18:34.295+0000] {dag.py:3096} INFO - Sync 1 DAGs
[2025-05-30T12:18:34.331+0000] {logging_mixin.py:188} INFO - [2025-05-30T12:18:34.331+0000] {dag.py:3954} INFO - Setting next_dagrun for example_branch_labels to 2025-05-29 00:00:00+00:00, run_after=2025-05-30 00:00:00+00:00
[2025-05-30T12:18:34.358+0000] {processor.py:183} INFO - Processing /home/airflow/.local/lib/python3.12/site-packages/airflow/example_dags/example_branch_labels.py took 0.113 seconds
[2025-05-30T12:19:04.881+0000] {processor.py:161} INFO - Started process (PID=306) to work on /home/airflow/.local/lib/python3.12/site-packages/airflow/example_dags/example_branch_labels.py
[2025-05-30T12:19:04.882+0000] {processor.py:830} INFO - Processing file /home/airflow/.local/lib/python3.12/site-packages/airflow/example_dags/example_branch_labels.py for tasks to queue
[2025-05-30T12:19:04.885+0000] {logging_mixin.py:188} INFO - [2025-05-30T12:19:04.884+0000] {dagbag.py:545} INFO - Filling up the DagBag from /home/airflow/.local/lib/python3.12/site-packages/airflow/example_dags/example_branch_labels.py
[2025-05-30T12:19:04.896+0000] {processor.py:840} INFO - DAG(s) 'example_branch_labels' retrieved from /home/airflow/.local/lib/python3.12/site-packages/airflow/example_dags/example_branch_labels.py
[2025-05-30T12:19:04.925+0000] {logging_mixin.py:188} INFO - [2025-05-30T12:19:04.925+0000] {dag.py:3096} INFO - Sync 1 DAGs
[2025-05-30T12:19:04.965+0000] {logging_mixin.py:188} INFO - [2025-05-30T12:19:04.965+0000] {dag.py:3954} INFO - Setting next_dagrun for example_branch_labels to 2025-05-29 00:00:00+00:00, run_after=2025-05-30 00:00:00+00:00
[2025-05-30T12:19:04.994+0000] {processor.py:183} INFO - Processing /home/airflow/.local/lib/python3.12/site-packages/airflow/example_dags/example_branch_labels.py took 0.121 seconds
