[2025-05-30T12:16:58.813+0000] {processor.py:161} INFO - Started process (PID=42) to work on /home/airflow/.local/lib/python3.12/site-packages/airflow/example_dags/example_python_operator.py
[2025-05-30T12:16:58.814+0000] {processor.py:830} INFO - Processing file /home/airflow/.local/lib/python3.12/site-packages/airflow/example_dags/example_python_operator.py for tasks to queue
[2025-05-30T12:16:58.816+0000] {logging_mixin.py:188} INFO - [2025-05-30T12:16:58.816+0000] {dagbag.py:545} INFO - Filling up the DagBag from /home/airflow/.local/lib/python3.12/site-packages/airflow/example_dags/example_python_operator.py
[2025-05-30T12:16:58.831+0000] {processor.py:840} INFO - DAG(s) 'example_python_operator' retrieved from /home/airflow/.local/lib/python3.12/site-packages/airflow/example_dags/example_python_operator.py
[2025-05-30T12:16:59.015+0000] {logging_mixin.py:188} INFO - [2025-05-30T12:16:59.014+0000] {override.py:1829} INFO - Created Permission View: can read on DAG:example_python_operator
[2025-05-30T12:16:59.030+0000] {logging_mixin.py:188} INFO - [2025-05-30T12:16:59.029+0000] {override.py:1829} INFO - Created Permission View: can edit on DAG:example_python_operator
[2025-05-30T12:16:59.041+0000] {logging_mixin.py:188} INFO - [2025-05-30T12:16:59.040+0000] {override.py:1829} INFO - Created Permission View: can delete on DAG:example_python_operator
[2025-05-30T12:16:59.042+0000] {logging_mixin.py:188} INFO - [2025-05-30T12:16:59.041+0000] {dag.py:3096} INFO - Sync 1 DAGs
[2025-05-30T12:16:59.063+0000] {logging_mixin.py:188} INFO - [2025-05-30T12:16:59.063+0000] {dag.py:3118} INFO - Creating ORM DAG for example_python_operator
[2025-05-30T12:16:59.064+0000] {logging_mixin.py:188} INFO - [2025-05-30T12:16:59.064+0000] {dag.py:3954} INFO - Setting next_dagrun for example_python_operator to None, run_after=None
[2025-05-30T12:16:59.086+0000] {processor.py:183} INFO - Processing /home/airflow/.local/lib/python3.12/site-packages/airflow/example_dags/example_python_operator.py took 0.281 seconds
[2025-05-30T12:17:29.583+0000] {processor.py:161} INFO - Started process (PID=99) to work on /home/airflow/.local/lib/python3.12/site-packages/airflow/example_dags/example_python_operator.py
[2025-05-30T12:17:29.584+0000] {processor.py:830} INFO - Processing file /home/airflow/.local/lib/python3.12/site-packages/airflow/example_dags/example_python_operator.py for tasks to queue
[2025-05-30T12:17:29.586+0000] {logging_mixin.py:188} INFO - [2025-05-30T12:17:29.586+0000] {dagbag.py:545} INFO - Filling up the DagBag from /home/airflow/.local/lib/python3.12/site-packages/airflow/example_dags/example_python_operator.py
[2025-05-30T12:17:29.599+0000] {processor.py:840} INFO - DAG(s) 'example_python_operator' retrieved from /home/airflow/.local/lib/python3.12/site-packages/airflow/example_dags/example_python_operator.py
[2025-05-30T12:17:29.627+0000] {logging_mixin.py:188} INFO - [2025-05-30T12:17:29.627+0000] {dag.py:3096} INFO - Sync 1 DAGs
[2025-05-30T12:17:29.644+0000] {logging_mixin.py:188} INFO - [2025-05-30T12:17:29.643+0000] {dag.py:3954} INFO - Setting next_dagrun for example_python_operator to None, run_after=None
[2025-05-30T12:17:29.666+0000] {processor.py:183} INFO - Processing /home/airflow/.local/lib/python3.12/site-packages/airflow/example_dags/example_python_operator.py took 0.090 seconds
[2025-05-30T12:17:59.695+0000] {processor.py:161} INFO - Started process (PID=157) to work on /home/airflow/.local/lib/python3.12/site-packages/airflow/example_dags/example_python_operator.py
[2025-05-30T12:17:59.696+0000] {processor.py:830} INFO - Processing file /home/airflow/.local/lib/python3.12/site-packages/airflow/example_dags/example_python_operator.py for tasks to queue
[2025-05-30T12:17:59.699+0000] {logging_mixin.py:188} INFO - [2025-05-30T12:17:59.698+0000] {dagbag.py:545} INFO - Filling up the DagBag from /home/airflow/.local/lib/python3.12/site-packages/airflow/example_dags/example_python_operator.py
[2025-05-30T12:17:59.715+0000] {processor.py:840} INFO - DAG(s) 'example_python_operator' retrieved from /home/airflow/.local/lib/python3.12/site-packages/airflow/example_dags/example_python_operator.py
[2025-05-30T12:17:59.745+0000] {logging_mixin.py:188} INFO - [2025-05-30T12:17:59.745+0000] {dag.py:3096} INFO - Sync 1 DAGs
[2025-05-30T12:17:59.763+0000] {logging_mixin.py:188} INFO - [2025-05-30T12:17:59.763+0000] {dag.py:3954} INFO - Setting next_dagrun for example_python_operator to None, run_after=None
[2025-05-30T12:17:59.799+0000] {processor.py:183} INFO - Processing /home/airflow/.local/lib/python3.12/site-packages/airflow/example_dags/example_python_operator.py took 0.112 seconds
[2025-05-30T12:18:30.251+0000] {processor.py:161} INFO - Started process (PID=216) to work on /home/airflow/.local/lib/python3.12/site-packages/airflow/example_dags/example_python_operator.py
[2025-05-30T12:18:30.252+0000] {processor.py:830} INFO - Processing file /home/airflow/.local/lib/python3.12/site-packages/airflow/example_dags/example_python_operator.py for tasks to queue
[2025-05-30T12:18:30.254+0000] {logging_mixin.py:188} INFO - [2025-05-30T12:18:30.254+0000] {dagbag.py:545} INFO - Filling up the DagBag from /home/airflow/.local/lib/python3.12/site-packages/airflow/example_dags/example_python_operator.py
[2025-05-30T12:18:30.268+0000] {processor.py:840} INFO - DAG(s) 'example_python_operator' retrieved from /home/airflow/.local/lib/python3.12/site-packages/airflow/example_dags/example_python_operator.py
[2025-05-30T12:18:30.297+0000] {logging_mixin.py:188} INFO - [2025-05-30T12:18:30.297+0000] {dag.py:3096} INFO - Sync 1 DAGs
[2025-05-30T12:18:30.315+0000] {logging_mixin.py:188} INFO - [2025-05-30T12:18:30.314+0000] {dag.py:3954} INFO - Setting next_dagrun for example_python_operator to None, run_after=None
[2025-05-30T12:18:30.343+0000] {processor.py:183} INFO - Processing /home/airflow/.local/lib/python3.12/site-packages/airflow/example_dags/example_python_operator.py took 0.099 seconds
[2025-05-30T12:19:01.430+0000] {processor.py:161} INFO - Started process (PID=273) to work on /home/airflow/.local/lib/python3.12/site-packages/airflow/example_dags/example_python_operator.py
[2025-05-30T12:19:01.431+0000] {processor.py:830} INFO - Processing file /home/airflow/.local/lib/python3.12/site-packages/airflow/example_dags/example_python_operator.py for tasks to queue
[2025-05-30T12:19:01.434+0000] {logging_mixin.py:188} INFO - [2025-05-30T12:19:01.433+0000] {dagbag.py:545} INFO - Filling up the DagBag from /home/airflow/.local/lib/python3.12/site-packages/airflow/example_dags/example_python_operator.py
[2025-05-30T12:19:01.455+0000] {processor.py:840} INFO - DAG(s) 'example_python_operator' retrieved from /home/airflow/.local/lib/python3.12/site-packages/airflow/example_dags/example_python_operator.py
[2025-05-30T12:19:01.500+0000] {logging_mixin.py:188} INFO - [2025-05-30T12:19:01.499+0000] {dag.py:3096} INFO - Sync 1 DAGs
[2025-05-30T12:19:01.524+0000] {logging_mixin.py:188} INFO - [2025-05-30T12:19:01.523+0000] {dag.py:3954} INFO - Setting next_dagrun for example_python_operator to None, run_after=None
[2025-05-30T12:19:01.564+0000] {processor.py:183} INFO - Processing /home/airflow/.local/lib/python3.12/site-packages/airflow/example_dags/example_python_operator.py took 0.144 seconds
