[2025-05-30T12:16:58.517+0000] {processor.py:161} INFO - Started process (PID=41) to work on /home/airflow/.local/lib/python3.12/site-packages/airflow/example_dags/example_trigger_target_dag.py
[2025-05-30T12:16:58.519+0000] {processor.py:830} INFO - Processing file /home/airflow/.local/lib/python3.12/site-packages/airflow/example_dags/example_trigger_target_dag.py for tasks to queue
[2025-05-30T12:16:58.523+0000] {logging_mixin.py:188} INFO - [2025-05-30T12:16:58.522+0000] {dagbag.py:545} INFO - Filling up the DagBag from /home/airflow/.local/lib/python3.12/site-packages/airflow/example_dags/example_trigger_target_dag.py
[2025-05-30T12:16:58.536+0000] {processor.py:840} INFO - DAG(s) 'example_trigger_target_dag' retrieved from /home/airflow/.local/lib/python3.12/site-packages/airflow/example_dags/example_trigger_target_dag.py
[2025-05-30T12:16:58.724+0000] {logging_mixin.py:188} INFO - [2025-05-30T12:16:58.723+0000] {override.py:1829} INFO - Created Permission View: can read on DAG:example_trigger_target_dag
[2025-05-30T12:16:58.742+0000] {logging_mixin.py:188} INFO - [2025-05-30T12:16:58.741+0000] {override.py:1829} INFO - Created Permission View: can edit on DAG:example_trigger_target_dag
[2025-05-30T12:16:58.752+0000] {logging_mixin.py:188} INFO - [2025-05-30T12:16:58.752+0000] {override.py:1829} INFO - Created Permission View: can delete on DAG:example_trigger_target_dag
[2025-05-30T12:16:58.753+0000] {logging_mixin.py:188} INFO - [2025-05-30T12:16:58.753+0000] {dag.py:3096} INFO - Sync 1 DAGs
[2025-05-30T12:16:58.772+0000] {logging_mixin.py:188} INFO - [2025-05-30T12:16:58.771+0000] {dag.py:3118} INFO - Creating ORM DAG for example_trigger_target_dag
[2025-05-30T12:16:58.773+0000] {logging_mixin.py:188} INFO - [2025-05-30T12:16:58.773+0000] {dag.py:3954} INFO - Setting next_dagrun for example_trigger_target_dag to None, run_after=None
[2025-05-30T12:16:58.800+0000] {processor.py:183} INFO - Processing /home/airflow/.local/lib/python3.12/site-packages/airflow/example_dags/example_trigger_target_dag.py took 0.295 seconds
[2025-05-30T12:17:29.484+0000] {processor.py:161} INFO - Started process (PID=98) to work on /home/airflow/.local/lib/python3.12/site-packages/airflow/example_dags/example_trigger_target_dag.py
[2025-05-30T12:17:29.485+0000] {processor.py:830} INFO - Processing file /home/airflow/.local/lib/python3.12/site-packages/airflow/example_dags/example_trigger_target_dag.py for tasks to queue
[2025-05-30T12:17:29.487+0000] {logging_mixin.py:188} INFO - [2025-05-30T12:17:29.487+0000] {dagbag.py:545} INFO - Filling up the DagBag from /home/airflow/.local/lib/python3.12/site-packages/airflow/example_dags/example_trigger_target_dag.py
[2025-05-30T12:17:29.494+0000] {processor.py:840} INFO - DAG(s) 'example_trigger_target_dag' retrieved from /home/airflow/.local/lib/python3.12/site-packages/airflow/example_dags/example_trigger_target_dag.py
[2025-05-30T12:17:29.518+0000] {logging_mixin.py:188} INFO - [2025-05-30T12:17:29.517+0000] {dag.py:3096} INFO - Sync 1 DAGs
[2025-05-30T12:17:29.536+0000] {logging_mixin.py:188} INFO - [2025-05-30T12:17:29.535+0000] {dag.py:3954} INFO - Setting next_dagrun for example_trigger_target_dag to None, run_after=None
[2025-05-30T12:17:29.558+0000] {processor.py:183} INFO - Processing /home/airflow/.local/lib/python3.12/site-packages/airflow/example_dags/example_trigger_target_dag.py took 0.081 seconds
[2025-05-30T12:17:59.588+0000] {processor.py:161} INFO - Started process (PID=155) to work on /home/airflow/.local/lib/python3.12/site-packages/airflow/example_dags/example_trigger_target_dag.py
[2025-05-30T12:17:59.589+0000] {processor.py:830} INFO - Processing file /home/airflow/.local/lib/python3.12/site-packages/airflow/example_dags/example_trigger_target_dag.py for tasks to queue
[2025-05-30T12:17:59.591+0000] {logging_mixin.py:188} INFO - [2025-05-30T12:17:59.591+0000] {dagbag.py:545} INFO - Filling up the DagBag from /home/airflow/.local/lib/python3.12/site-packages/airflow/example_dags/example_trigger_target_dag.py
[2025-05-30T12:17:59.599+0000] {processor.py:840} INFO - DAG(s) 'example_trigger_target_dag' retrieved from /home/airflow/.local/lib/python3.12/site-packages/airflow/example_dags/example_trigger_target_dag.py
[2025-05-30T12:17:59.624+0000] {logging_mixin.py:188} INFO - [2025-05-30T12:17:59.623+0000] {dag.py:3096} INFO - Sync 1 DAGs
[2025-05-30T12:17:59.642+0000] {logging_mixin.py:188} INFO - [2025-05-30T12:17:59.641+0000] {dag.py:3954} INFO - Setting next_dagrun for example_trigger_target_dag to None, run_after=None
[2025-05-30T12:17:59.668+0000] {processor.py:183} INFO - Processing /home/airflow/.local/lib/python3.12/site-packages/airflow/example_dags/example_trigger_target_dag.py took 0.087 seconds
[2025-05-30T12:18:30.243+0000] {processor.py:161} INFO - Started process (PID=215) to work on /home/airflow/.local/lib/python3.12/site-packages/airflow/example_dags/example_trigger_target_dag.py
[2025-05-30T12:18:30.245+0000] {processor.py:830} INFO - Processing file /home/airflow/.local/lib/python3.12/site-packages/airflow/example_dags/example_trigger_target_dag.py for tasks to queue
[2025-05-30T12:18:30.247+0000] {logging_mixin.py:188} INFO - [2025-05-30T12:18:30.246+0000] {dagbag.py:545} INFO - Filling up the DagBag from /home/airflow/.local/lib/python3.12/site-packages/airflow/example_dags/example_trigger_target_dag.py
[2025-05-30T12:18:30.254+0000] {processor.py:840} INFO - DAG(s) 'example_trigger_target_dag' retrieved from /home/airflow/.local/lib/python3.12/site-packages/airflow/example_dags/example_trigger_target_dag.py
[2025-05-30T12:18:30.279+0000] {logging_mixin.py:188} INFO - [2025-05-30T12:18:30.278+0000] {dag.py:3096} INFO - Sync 1 DAGs
[2025-05-30T12:18:30.296+0000] {logging_mixin.py:188} INFO - [2025-05-30T12:18:30.296+0000] {dag.py:3954} INFO - Setting next_dagrun for example_trigger_target_dag to None, run_after=None
[2025-05-30T12:18:30.321+0000] {processor.py:183} INFO - Processing /home/airflow/.local/lib/python3.12/site-packages/airflow/example_dags/example_trigger_target_dag.py took 0.085 seconds
[2025-05-30T12:19:01.419+0000] {processor.py:161} INFO - Started process (PID=272) to work on /home/airflow/.local/lib/python3.12/site-packages/airflow/example_dags/example_trigger_target_dag.py
[2025-05-30T12:19:01.421+0000] {processor.py:830} INFO - Processing file /home/airflow/.local/lib/python3.12/site-packages/airflow/example_dags/example_trigger_target_dag.py for tasks to queue
[2025-05-30T12:19:01.425+0000] {logging_mixin.py:188} INFO - [2025-05-30T12:19:01.425+0000] {dagbag.py:545} INFO - Filling up the DagBag from /home/airflow/.local/lib/python3.12/site-packages/airflow/example_dags/example_trigger_target_dag.py
[2025-05-30T12:19:01.438+0000] {processor.py:840} INFO - DAG(s) 'example_trigger_target_dag' retrieved from /home/airflow/.local/lib/python3.12/site-packages/airflow/example_dags/example_trigger_target_dag.py
[2025-05-30T12:19:01.477+0000] {logging_mixin.py:188} INFO - [2025-05-30T12:19:01.476+0000] {dag.py:3096} INFO - Sync 1 DAGs
[2025-05-30T12:19:01.501+0000] {logging_mixin.py:188} INFO - [2025-05-30T12:19:01.501+0000] {dag.py:3954} INFO - Setting next_dagrun for example_trigger_target_dag to None, run_after=None
[2025-05-30T12:19:01.537+0000] {processor.py:183} INFO - Processing /home/airflow/.local/lib/python3.12/site-packages/airflow/example_dags/example_trigger_target_dag.py took 0.129 seconds
