[2025-05-30T12:16:58.466+0000] {processor.py:161} INFO - Started process (PID=40) to work on /home/airflow/.local/lib/python3.12/site-packages/airflow/example_dags/example_local_kubernetes_executor.py
[2025-05-30T12:16:58.467+0000] {processor.py:830} INFO - Processing file /home/airflow/.local/lib/python3.12/site-packages/airflow/example_dags/example_local_kubernetes_executor.py for tasks to queue
[2025-05-30T12:16:58.470+0000] {logging_mixin.py:188} INFO - [2025-05-30T12:16:58.469+0000] {dagbag.py:545} INFO - Filling up the DagBag from /home/airflow/.local/lib/python3.12/site-packages/airflow/example_dags/example_local_kubernetes_executor.py
[2025-05-30T12:16:58.482+0000] {processor.py:840} INFO - DAG(s) 'example_local_kubernetes_executor' retrieved from /home/airflow/.local/lib/python3.12/site-packages/airflow/example_dags/example_local_kubernetes_executor.py
[2025-05-30T12:16:58.715+0000] {logging_mixin.py:188} INFO - [2025-05-30T12:16:58.714+0000] {override.py:1829} INFO - Created Permission View: can read on DAG:example_local_kubernetes_executor
[2025-05-30T12:16:58.731+0000] {logging_mixin.py:188} INFO - [2025-05-30T12:16:58.731+0000] {override.py:1829} INFO - Created Permission View: can edit on DAG:example_local_kubernetes_executor
[2025-05-30T12:16:58.740+0000] {logging_mixin.py:188} INFO - [2025-05-30T12:16:58.739+0000] {override.py:1829} INFO - Created Permission View: can delete on DAG:example_local_kubernetes_executor
[2025-05-30T12:16:58.740+0000] {logging_mixin.py:188} INFO - [2025-05-30T12:16:58.740+0000] {dag.py:3096} INFO - Sync 1 DAGs
[2025-05-30T12:16:58.757+0000] {logging_mixin.py:188} INFO - [2025-05-30T12:16:58.756+0000] {dag.py:3118} INFO - Creating ORM DAG for example_local_kubernetes_executor
[2025-05-30T12:16:58.758+0000] {logging_mixin.py:188} INFO - [2025-05-30T12:16:58.757+0000] {dag.py:3954} INFO - Setting next_dagrun for example_local_kubernetes_executor to None, run_after=None
[2025-05-30T12:16:58.783+0000] {processor.py:183} INFO - Processing /home/airflow/.local/lib/python3.12/site-packages/airflow/example_dags/example_local_kubernetes_executor.py took 0.327 seconds
[2025-05-30T12:17:29.479+0000] {processor.py:161} INFO - Started process (PID=97) to work on /home/airflow/.local/lib/python3.12/site-packages/airflow/example_dags/example_local_kubernetes_executor.py
[2025-05-30T12:17:29.480+0000] {processor.py:830} INFO - Processing file /home/airflow/.local/lib/python3.12/site-packages/airflow/example_dags/example_local_kubernetes_executor.py for tasks to queue
[2025-05-30T12:17:29.482+0000] {logging_mixin.py:188} INFO - [2025-05-30T12:17:29.482+0000] {dagbag.py:545} INFO - Filling up the DagBag from /home/airflow/.local/lib/python3.12/site-packages/airflow/example_dags/example_local_kubernetes_executor.py
[2025-05-30T12:17:29.490+0000] {processor.py:840} INFO - DAG(s) 'example_local_kubernetes_executor' retrieved from /home/airflow/.local/lib/python3.12/site-packages/airflow/example_dags/example_local_kubernetes_executor.py
[2025-05-30T12:17:29.532+0000] {logging_mixin.py:188} INFO - [2025-05-30T12:17:29.531+0000] {dag.py:3096} INFO - Sync 1 DAGs
[2025-05-30T12:17:29.548+0000] {logging_mixin.py:188} INFO - [2025-05-30T12:17:29.548+0000] {dag.py:3954} INFO - Setting next_dagrun for example_local_kubernetes_executor to None, run_after=None
[2025-05-30T12:17:29.571+0000] {processor.py:183} INFO - Processing /home/airflow/.local/lib/python3.12/site-packages/airflow/example_dags/example_local_kubernetes_executor.py took 0.099 seconds
[2025-05-30T12:17:59.602+0000] {processor.py:161} INFO - Started process (PID=156) to work on /home/airflow/.local/lib/python3.12/site-packages/airflow/example_dags/example_local_kubernetes_executor.py
[2025-05-30T12:17:59.604+0000] {processor.py:830} INFO - Processing file /home/airflow/.local/lib/python3.12/site-packages/airflow/example_dags/example_local_kubernetes_executor.py for tasks to queue
[2025-05-30T12:17:59.606+0000] {logging_mixin.py:188} INFO - [2025-05-30T12:17:59.606+0000] {dagbag.py:545} INFO - Filling up the DagBag from /home/airflow/.local/lib/python3.12/site-packages/airflow/example_dags/example_local_kubernetes_executor.py
[2025-05-30T12:17:59.615+0000] {processor.py:840} INFO - DAG(s) 'example_local_kubernetes_executor' retrieved from /home/airflow/.local/lib/python3.12/site-packages/airflow/example_dags/example_local_kubernetes_executor.py
[2025-05-30T12:17:59.660+0000] {logging_mixin.py:188} INFO - [2025-05-30T12:17:59.659+0000] {dag.py:3096} INFO - Sync 1 DAGs
[2025-05-30T12:17:59.677+0000] {logging_mixin.py:188} INFO - [2025-05-30T12:17:59.677+0000] {dag.py:3954} INFO - Setting next_dagrun for example_local_kubernetes_executor to None, run_after=None
[2025-05-30T12:17:59.704+0000] {processor.py:183} INFO - Processing /home/airflow/.local/lib/python3.12/site-packages/airflow/example_dags/example_local_kubernetes_executor.py took 0.109 seconds
[2025-05-30T12:18:30.121+0000] {processor.py:161} INFO - Started process (PID=214) to work on /home/airflow/.local/lib/python3.12/site-packages/airflow/example_dags/example_local_kubernetes_executor.py
[2025-05-30T12:18:30.123+0000] {processor.py:830} INFO - Processing file /home/airflow/.local/lib/python3.12/site-packages/airflow/example_dags/example_local_kubernetes_executor.py for tasks to queue
[2025-05-30T12:18:30.125+0000] {logging_mixin.py:188} INFO - [2025-05-30T12:18:30.124+0000] {dagbag.py:545} INFO - Filling up the DagBag from /home/airflow/.local/lib/python3.12/site-packages/airflow/example_dags/example_local_kubernetes_executor.py
[2025-05-30T12:18:30.134+0000] {processor.py:840} INFO - DAG(s) 'example_local_kubernetes_executor' retrieved from /home/airflow/.local/lib/python3.12/site-packages/airflow/example_dags/example_local_kubernetes_executor.py
[2025-05-30T12:18:30.178+0000] {logging_mixin.py:188} INFO - [2025-05-30T12:18:30.178+0000] {dag.py:3096} INFO - Sync 1 DAGs
[2025-05-30T12:18:30.197+0000] {logging_mixin.py:188} INFO - [2025-05-30T12:18:30.197+0000] {dag.py:3954} INFO - Setting next_dagrun for example_local_kubernetes_executor to None, run_after=None
[2025-05-30T12:18:30.220+0000] {processor.py:183} INFO - Processing /home/airflow/.local/lib/python3.12/site-packages/airflow/example_dags/example_local_kubernetes_executor.py took 0.106 seconds
[2025-05-30T12:19:01.233+0000] {processor.py:161} INFO - Started process (PID=271) to work on /home/airflow/.local/lib/python3.12/site-packages/airflow/example_dags/example_local_kubernetes_executor.py
[2025-05-30T12:19:01.235+0000] {processor.py:830} INFO - Processing file /home/airflow/.local/lib/python3.12/site-packages/airflow/example_dags/example_local_kubernetes_executor.py for tasks to queue
[2025-05-30T12:19:01.238+0000] {logging_mixin.py:188} INFO - [2025-05-30T12:19:01.238+0000] {dagbag.py:545} INFO - Filling up the DagBag from /home/airflow/.local/lib/python3.12/site-packages/airflow/example_dags/example_local_kubernetes_executor.py
[2025-05-30T12:19:01.251+0000] {processor.py:840} INFO - DAG(s) 'example_local_kubernetes_executor' retrieved from /home/airflow/.local/lib/python3.12/site-packages/airflow/example_dags/example_local_kubernetes_executor.py
[2025-05-30T12:19:01.310+0000] {logging_mixin.py:188} INFO - [2025-05-30T12:19:01.309+0000] {dag.py:3096} INFO - Sync 1 DAGs
[2025-05-30T12:19:01.342+0000] {logging_mixin.py:188} INFO - [2025-05-30T12:19:01.342+0000] {dag.py:3954} INFO - Setting next_dagrun for example_local_kubernetes_executor to None, run_after=None
[2025-05-30T12:19:01.379+0000] {processor.py:183} INFO - Processing /home/airflow/.local/lib/python3.12/site-packages/airflow/example_dags/example_local_kubernetes_executor.py took 0.158 seconds
