[2025-05-30T12:17:03.478+0000] {processor.py:161} INFO - Started process (PID=78) to work on /home/airflow/.local/lib/python3.12/site-packages/airflow/example_dags/example_short_circuit_operator.py
[2025-05-30T12:17:03.479+0000] {processor.py:830} INFO - Processing file /home/airflow/.local/lib/python3.12/site-packages/airflow/example_dags/example_short_circuit_operator.py for tasks to queue
[2025-05-30T12:17:03.481+0000] {logging_mixin.py:188} INFO - [2025-05-30T12:17:03.481+0000] {dagbag.py:545} INFO - Filling up the DagBag from /home/airflow/.local/lib/python3.12/site-packages/airflow/example_dags/example_short_circuit_operator.py
[2025-05-30T12:17:03.494+0000] {processor.py:840} INFO - DAG(s) 'example_short_circuit_operator' retrieved from /home/airflow/.local/lib/python3.12/site-packages/airflow/example_dags/example_short_circuit_operator.py
[2025-05-30T12:17:03.653+0000] {logging_mixin.py:188} INFO - [2025-05-30T12:17:03.652+0000] {override.py:1829} INFO - Created Permission View: can read on DAG:example_short_circuit_operator
[2025-05-30T12:17:03.665+0000] {logging_mixin.py:188} INFO - [2025-05-30T12:17:03.665+0000] {override.py:1829} INFO - Created Permission View: can edit on DAG:example_short_circuit_operator
[2025-05-30T12:17:03.674+0000] {logging_mixin.py:188} INFO - [2025-05-30T12:17:03.674+0000] {override.py:1829} INFO - Created Permission View: can delete on DAG:example_short_circuit_operator
[2025-05-30T12:17:03.675+0000] {logging_mixin.py:188} INFO - [2025-05-30T12:17:03.675+0000] {dag.py:3096} INFO - Sync 1 DAGs
[2025-05-30T12:17:03.690+0000] {logging_mixin.py:188} INFO - [2025-05-30T12:17:03.690+0000] {dag.py:3118} INFO - Creating ORM DAG for example_short_circuit_operator
[2025-05-30T12:17:03.704+0000] {logging_mixin.py:188} INFO - [2025-05-30T12:17:03.704+0000] {dag.py:3954} INFO - Setting next_dagrun for example_short_circuit_operator to 2025-05-29 00:00:00+00:00, run_after=2025-05-30 00:00:00+00:00
[2025-05-30T12:17:03.726+0000] {processor.py:183} INFO - Processing /home/airflow/.local/lib/python3.12/site-packages/airflow/example_dags/example_short_circuit_operator.py took 0.258 seconds
[2025-05-30T12:17:34.514+0000] {processor.py:161} INFO - Started process (PID=136) to work on /home/airflow/.local/lib/python3.12/site-packages/airflow/example_dags/example_short_circuit_operator.py
[2025-05-30T12:17:34.516+0000] {processor.py:830} INFO - Processing file /home/airflow/.local/lib/python3.12/site-packages/airflow/example_dags/example_short_circuit_operator.py for tasks to queue
[2025-05-30T12:17:34.518+0000] {logging_mixin.py:188} INFO - [2025-05-30T12:17:34.517+0000] {dagbag.py:545} INFO - Filling up the DagBag from /home/airflow/.local/lib/python3.12/site-packages/airflow/example_dags/example_short_circuit_operator.py
[2025-05-30T12:17:34.526+0000] {processor.py:840} INFO - DAG(s) 'example_short_circuit_operator' retrieved from /home/airflow/.local/lib/python3.12/site-packages/airflow/example_dags/example_short_circuit_operator.py
[2025-05-30T12:17:34.556+0000] {logging_mixin.py:188} INFO - [2025-05-30T12:17:34.555+0000] {dag.py:3096} INFO - Sync 1 DAGs
[2025-05-30T12:17:34.584+0000] {logging_mixin.py:188} INFO - [2025-05-30T12:17:34.584+0000] {dag.py:3954} INFO - Setting next_dagrun for example_short_circuit_operator to 2025-05-29 00:00:00+00:00, run_after=2025-05-30 00:00:00+00:00
[2025-05-30T12:17:34.606+0000] {processor.py:183} INFO - Processing /home/airflow/.local/lib/python3.12/site-packages/airflow/example_dags/example_short_circuit_operator.py took 0.099 seconds
[2025-05-30T12:18:05.510+0000] {processor.py:161} INFO - Started process (PID=195) to work on /home/airflow/.local/lib/python3.12/site-packages/airflow/example_dags/example_short_circuit_operator.py
[2025-05-30T12:18:05.511+0000] {processor.py:830} INFO - Processing file /home/airflow/.local/lib/python3.12/site-packages/airflow/example_dags/example_short_circuit_operator.py for tasks to queue
[2025-05-30T12:18:05.514+0000] {logging_mixin.py:188} INFO - [2025-05-30T12:18:05.513+0000] {dagbag.py:545} INFO - Filling up the DagBag from /home/airflow/.local/lib/python3.12/site-packages/airflow/example_dags/example_short_circuit_operator.py
[2025-05-30T12:18:05.524+0000] {processor.py:840} INFO - DAG(s) 'example_short_circuit_operator' retrieved from /home/airflow/.local/lib/python3.12/site-packages/airflow/example_dags/example_short_circuit_operator.py
[2025-05-30T12:18:05.558+0000] {logging_mixin.py:188} INFO - [2025-05-30T12:18:05.558+0000] {dag.py:3096} INFO - Sync 1 DAGs
[2025-05-30T12:18:05.593+0000] {logging_mixin.py:188} INFO - [2025-05-30T12:18:05.593+0000] {dag.py:3954} INFO - Setting next_dagrun for example_short_circuit_operator to 2025-05-29 00:00:00+00:00, run_after=2025-05-30 00:00:00+00:00
[2025-05-30T12:18:05.621+0000] {processor.py:183} INFO - Processing /home/airflow/.local/lib/python3.12/site-packages/airflow/example_dags/example_short_circuit_operator.py took 0.120 seconds
[2025-05-30T12:18:36.698+0000] {processor.py:161} INFO - Started process (PID=252) to work on /home/airflow/.local/lib/python3.12/site-packages/airflow/example_dags/example_short_circuit_operator.py
[2025-05-30T12:18:36.700+0000] {processor.py:830} INFO - Processing file /home/airflow/.local/lib/python3.12/site-packages/airflow/example_dags/example_short_circuit_operator.py for tasks to queue
[2025-05-30T12:18:36.703+0000] {logging_mixin.py:188} INFO - [2025-05-30T12:18:36.702+0000] {dagbag.py:545} INFO - Filling up the DagBag from /home/airflow/.local/lib/python3.12/site-packages/airflow/example_dags/example_short_circuit_operator.py
[2025-05-30T12:18:36.716+0000] {processor.py:840} INFO - DAG(s) 'example_short_circuit_operator' retrieved from /home/airflow/.local/lib/python3.12/site-packages/airflow/example_dags/example_short_circuit_operator.py
[2025-05-30T12:18:36.750+0000] {logging_mixin.py:188} INFO - [2025-05-30T12:18:36.750+0000] {dag.py:3096} INFO - Sync 1 DAGs
[2025-05-30T12:18:36.780+0000] {logging_mixin.py:188} INFO - [2025-05-30T12:18:36.780+0000] {dag.py:3954} INFO - Setting next_dagrun for example_short_circuit_operator to 2025-05-29 00:00:00+00:00, run_after=2025-05-30 00:00:00+00:00
[2025-05-30T12:18:36.803+0000] {processor.py:183} INFO - Processing /home/airflow/.local/lib/python3.12/site-packages/airflow/example_dags/example_short_circuit_operator.py took 0.114 seconds
[2025-05-30T12:19:07.339+0000] {processor.py:161} INFO - Started process (PID=311) to work on /home/airflow/.local/lib/python3.12/site-packages/airflow/example_dags/example_short_circuit_operator.py
[2025-05-30T12:19:07.340+0000] {processor.py:830} INFO - Processing file /home/airflow/.local/lib/python3.12/site-packages/airflow/example_dags/example_short_circuit_operator.py for tasks to queue
[2025-05-30T12:19:07.343+0000] {logging_mixin.py:188} INFO - [2025-05-30T12:19:07.342+0000] {dagbag.py:545} INFO - Filling up the DagBag from /home/airflow/.local/lib/python3.12/site-packages/airflow/example_dags/example_short_circuit_operator.py
[2025-05-30T12:19:07.354+0000] {processor.py:840} INFO - DAG(s) 'example_short_circuit_operator' retrieved from /home/airflow/.local/lib/python3.12/site-packages/airflow/example_dags/example_short_circuit_operator.py
[2025-05-30T12:19:07.389+0000] {logging_mixin.py:188} INFO - [2025-05-30T12:19:07.389+0000] {dag.py:3096} INFO - Sync 1 DAGs
[2025-05-30T12:19:07.425+0000] {logging_mixin.py:188} INFO - [2025-05-30T12:19:07.425+0000] {dag.py:3954} INFO - Setting next_dagrun for example_short_circuit_operator to 2025-05-29 00:00:00+00:00, run_after=2025-05-30 00:00:00+00:00
[2025-05-30T12:19:07.454+0000] {processor.py:183} INFO - Processing /home/airflow/.local/lib/python3.12/site-packages/airflow/example_dags/example_short_circuit_operator.py took 0.123 seconds
