[2025-05-30T12:17:02.137+0000] {processor.py:161} INFO - Started process (PID=65) to work on /home/airflow/.local/lib/python3.12/site-packages/airflow/example_dags/example_time_delta_sensor_async.py
[2025-05-30T12:17:02.138+0000] {processor.py:830} INFO - Processing file /home/airflow/.local/lib/python3.12/site-packages/airflow/example_dags/example_time_delta_sensor_async.py for tasks to queue
[2025-05-30T12:17:02.141+0000] {logging_mixin.py:188} INFO - [2025-05-30T12:17:02.140+0000] {dagbag.py:545} INFO - Filling up the DagBag from /home/airflow/.local/lib/python3.12/site-packages/airflow/example_dags/example_time_delta_sensor_async.py
[2025-05-30T12:17:02.147+0000] {processor.py:840} INFO - DAG(s) 'example_time_delta_sensor_async' retrieved from /home/airflow/.local/lib/python3.12/site-packages/airflow/example_dags/example_time_delta_sensor_async.py
[2025-05-30T12:17:02.298+0000] {logging_mixin.py:188} INFO - [2025-05-30T12:17:02.297+0000] {override.py:1829} INFO - Created Permission View: can read on DAG:example_time_delta_sensor_async
[2025-05-30T12:17:02.312+0000] {logging_mixin.py:188} INFO - [2025-05-30T12:17:02.311+0000] {override.py:1829} INFO - Created Permission View: can edit on DAG:example_time_delta_sensor_async
[2025-05-30T12:17:02.322+0000] {logging_mixin.py:188} INFO - [2025-05-30T12:17:02.321+0000] {override.py:1829} INFO - Created Permission View: can delete on DAG:example_time_delta_sensor_async
[2025-05-30T12:17:02.322+0000] {logging_mixin.py:188} INFO - [2025-05-30T12:17:02.322+0000] {dag.py:3096} INFO - Sync 1 DAGs
[2025-05-30T12:17:02.338+0000] {logging_mixin.py:188} INFO - [2025-05-30T12:17:02.338+0000] {dag.py:3118} INFO - Creating ORM DAG for example_time_delta_sensor_async
[2025-05-30T12:17:02.340+0000] {logging_mixin.py:188} INFO - [2025-05-30T12:17:02.339+0000] {dag.py:3954} INFO - Setting next_dagrun for example_time_delta_sensor_async to None, run_after=None
[2025-05-30T12:17:02.364+0000] {processor.py:183} INFO - Processing /home/airflow/.local/lib/python3.12/site-packages/airflow/example_dags/example_time_delta_sensor_async.py took 0.233 seconds
[2025-05-30T12:17:33.001+0000] {processor.py:161} INFO - Started process (PID=122) to work on /home/airflow/.local/lib/python3.12/site-packages/airflow/example_dags/example_time_delta_sensor_async.py
[2025-05-30T12:17:33.002+0000] {processor.py:830} INFO - Processing file /home/airflow/.local/lib/python3.12/site-packages/airflow/example_dags/example_time_delta_sensor_async.py for tasks to queue
[2025-05-30T12:17:33.004+0000] {logging_mixin.py:188} INFO - [2025-05-30T12:17:33.004+0000] {dagbag.py:545} INFO - Filling up the DagBag from /home/airflow/.local/lib/python3.12/site-packages/airflow/example_dags/example_time_delta_sensor_async.py
[2025-05-30T12:17:33.010+0000] {processor.py:840} INFO - DAG(s) 'example_time_delta_sensor_async' retrieved from /home/airflow/.local/lib/python3.12/site-packages/airflow/example_dags/example_time_delta_sensor_async.py
[2025-05-30T12:17:33.035+0000] {logging_mixin.py:188} INFO - [2025-05-30T12:17:33.035+0000] {dag.py:3096} INFO - Sync 1 DAGs
[2025-05-30T12:17:33.053+0000] {logging_mixin.py:188} INFO - [2025-05-30T12:17:33.053+0000] {dag.py:3954} INFO - Setting next_dagrun for example_time_delta_sensor_async to None, run_after=None
[2025-05-30T12:17:33.078+0000] {processor.py:183} INFO - Processing /home/airflow/.local/lib/python3.12/site-packages/airflow/example_dags/example_time_delta_sensor_async.py took 0.083 seconds
[2025-05-30T12:18:03.817+0000] {processor.py:161} INFO - Started process (PID=187) to work on /home/airflow/.local/lib/python3.12/site-packages/airflow/example_dags/example_time_delta_sensor_async.py
[2025-05-30T12:18:03.818+0000] {processor.py:830} INFO - Processing file /home/airflow/.local/lib/python3.12/site-packages/airflow/example_dags/example_time_delta_sensor_async.py for tasks to queue
[2025-05-30T12:18:03.821+0000] {logging_mixin.py:188} INFO - [2025-05-30T12:18:03.821+0000] {dagbag.py:545} INFO - Filling up the DagBag from /home/airflow/.local/lib/python3.12/site-packages/airflow/example_dags/example_time_delta_sensor_async.py
[2025-05-30T12:18:03.828+0000] {processor.py:840} INFO - DAG(s) 'example_time_delta_sensor_async' retrieved from /home/airflow/.local/lib/python3.12/site-packages/airflow/example_dags/example_time_delta_sensor_async.py
[2025-05-30T12:18:03.857+0000] {logging_mixin.py:188} INFO - [2025-05-30T12:18:03.857+0000] {dag.py:3096} INFO - Sync 1 DAGs
[2025-05-30T12:18:03.876+0000] {logging_mixin.py:188} INFO - [2025-05-30T12:18:03.876+0000] {dag.py:3954} INFO - Setting next_dagrun for example_time_delta_sensor_async to None, run_after=None
[2025-05-30T12:18:03.904+0000] {processor.py:183} INFO - Processing /home/airflow/.local/lib/python3.12/site-packages/airflow/example_dags/example_time_delta_sensor_async.py took 0.095 seconds
[2025-05-30T12:18:34.092+0000] {processor.py:161} INFO - Started process (PID=244) to work on /home/airflow/.local/lib/python3.12/site-packages/airflow/example_dags/example_time_delta_sensor_async.py
[2025-05-30T12:18:34.093+0000] {processor.py:830} INFO - Processing file /home/airflow/.local/lib/python3.12/site-packages/airflow/example_dags/example_time_delta_sensor_async.py for tasks to queue
[2025-05-30T12:18:34.095+0000] {logging_mixin.py:188} INFO - [2025-05-30T12:18:34.095+0000] {dagbag.py:545} INFO - Filling up the DagBag from /home/airflow/.local/lib/python3.12/site-packages/airflow/example_dags/example_time_delta_sensor_async.py
[2025-05-30T12:18:34.101+0000] {processor.py:840} INFO - DAG(s) 'example_time_delta_sensor_async' retrieved from /home/airflow/.local/lib/python3.12/site-packages/airflow/example_dags/example_time_delta_sensor_async.py
[2025-05-30T12:18:34.129+0000] {logging_mixin.py:188} INFO - [2025-05-30T12:18:34.128+0000] {dag.py:3096} INFO - Sync 1 DAGs
[2025-05-30T12:18:34.148+0000] {logging_mixin.py:188} INFO - [2025-05-30T12:18:34.148+0000] {dag.py:3954} INFO - Setting next_dagrun for example_time_delta_sensor_async to None, run_after=None
[2025-05-30T12:18:34.174+0000] {processor.py:183} INFO - Processing /home/airflow/.local/lib/python3.12/site-packages/airflow/example_dags/example_time_delta_sensor_async.py took 0.090 seconds
[2025-05-30T12:19:04.706+0000] {processor.py:161} INFO - Started process (PID=303) to work on /home/airflow/.local/lib/python3.12/site-packages/airflow/example_dags/example_time_delta_sensor_async.py
[2025-05-30T12:19:04.708+0000] {processor.py:830} INFO - Processing file /home/airflow/.local/lib/python3.12/site-packages/airflow/example_dags/example_time_delta_sensor_async.py for tasks to queue
[2025-05-30T12:19:04.710+0000] {logging_mixin.py:188} INFO - [2025-05-30T12:19:04.710+0000] {dagbag.py:545} INFO - Filling up the DagBag from /home/airflow/.local/lib/python3.12/site-packages/airflow/example_dags/example_time_delta_sensor_async.py
[2025-05-30T12:19:04.719+0000] {processor.py:840} INFO - DAG(s) 'example_time_delta_sensor_async' retrieved from /home/airflow/.local/lib/python3.12/site-packages/airflow/example_dags/example_time_delta_sensor_async.py
[2025-05-30T12:19:04.764+0000] {logging_mixin.py:188} INFO - [2025-05-30T12:19:04.764+0000] {dag.py:3096} INFO - Sync 1 DAGs
[2025-05-30T12:19:04.785+0000] {logging_mixin.py:188} INFO - [2025-05-30T12:19:04.784+0000] {dag.py:3954} INFO - Setting next_dagrun for example_time_delta_sensor_async to None, run_after=None
[2025-05-30T12:19:04.810+0000] {processor.py:183} INFO - Processing /home/airflow/.local/lib/python3.12/site-packages/airflow/example_dags/example_time_delta_sensor_async.py took 0.112 seconds
