[2025-05-30T12:17:01.590+0000] {processor.py:161} INFO - Started process (PID=61) to work on /home/airflow/.local/lib/python3.12/site-packages/airflow/example_dags/example_branch_datetime_operator.py
[2025-05-30T12:17:01.591+0000] {processor.py:830} INFO - Processing file /home/airflow/.local/lib/python3.12/site-packages/airflow/example_dags/example_branch_datetime_operator.py for tasks to queue
[2025-05-30T12:17:01.594+0000] {logging_mixin.py:188} INFO - [2025-05-30T12:17:01.593+0000] {dagbag.py:545} INFO - Filling up the DagBag from /home/airflow/.local/lib/python3.12/site-packages/airflow/example_dags/example_branch_datetime_operator.py
[2025-05-30T12:17:01.607+0000] {processor.py:840} INFO - DAG(s) 'example_branch_datetime_operator_2', 'example_branch_datetime_operator_3', 'example_branch_datetime_operator' retrieved from /home/airflow/.local/lib/python3.12/site-packages/airflow/example_dags/example_branch_datetime_operator.py
[2025-05-30T12:17:01.744+0000] {logging_mixin.py:188} INFO - [2025-05-30T12:17:01.743+0000] {override.py:1829} INFO - Created Permission View: can read on DAG:example_branch_datetime_operator_2
[2025-05-30T12:17:01.757+0000] {logging_mixin.py:188} INFO - [2025-05-30T12:17:01.757+0000] {override.py:1829} INFO - Created Permission View: can edit on DAG:example_branch_datetime_operator_2
[2025-05-30T12:17:01.765+0000] {logging_mixin.py:188} INFO - [2025-05-30T12:17:01.765+0000] {override.py:1829} INFO - Created Permission View: can delete on DAG:example_branch_datetime_operator_2
[2025-05-30T12:17:01.781+0000] {logging_mixin.py:188} INFO - [2025-05-30T12:17:01.780+0000] {override.py:1829} INFO - Created Permission View: can read on DAG:example_branch_datetime_operator_3
[2025-05-30T12:17:01.788+0000] {logging_mixin.py:188} INFO - [2025-05-30T12:17:01.788+0000] {override.py:1829} INFO - Created Permission View: can edit on DAG:example_branch_datetime_operator_3
[2025-05-30T12:17:01.795+0000] {logging_mixin.py:188} INFO - [2025-05-30T12:17:01.795+0000] {override.py:1829} INFO - Created Permission View: can delete on DAG:example_branch_datetime_operator_3
[2025-05-30T12:17:01.810+0000] {logging_mixin.py:188} INFO - [2025-05-30T12:17:01.809+0000] {override.py:1829} INFO - Created Permission View: can read on DAG:example_branch_datetime_operator
[2025-05-30T12:17:01.817+0000] {logging_mixin.py:188} INFO - [2025-05-30T12:17:01.816+0000] {override.py:1829} INFO - Created Permission View: can edit on DAG:example_branch_datetime_operator
[2025-05-30T12:17:01.824+0000] {logging_mixin.py:188} INFO - [2025-05-30T12:17:01.824+0000] {override.py:1829} INFO - Created Permission View: can delete on DAG:example_branch_datetime_operator
[2025-05-30T12:17:01.824+0000] {logging_mixin.py:188} INFO - [2025-05-30T12:17:01.824+0000] {dag.py:3096} INFO - Sync 3 DAGs
[2025-05-30T12:17:01.838+0000] {logging_mixin.py:188} INFO - [2025-05-30T12:17:01.837+0000] {dag.py:3118} INFO - Creating ORM DAG for example_branch_datetime_operator_3
[2025-05-30T12:17:01.838+0000] {logging_mixin.py:188} INFO - [2025-05-30T12:17:01.838+0000] {dag.py:3118} INFO - Creating ORM DAG for example_branch_datetime_operator
[2025-05-30T12:17:01.839+0000] {logging_mixin.py:188} INFO - [2025-05-30T12:17:01.839+0000] {dag.py:3118} INFO - Creating ORM DAG for example_branch_datetime_operator_2
[2025-05-30T12:17:01.855+0000] {logging_mixin.py:188} INFO - [2025-05-30T12:17:01.854+0000] {dag.py:3954} INFO - Setting next_dagrun for example_branch_datetime_operator to 2025-05-29 00:00:00+00:00, run_after=2025-05-30 00:00:00+00:00
[2025-05-30T12:17:01.857+0000] {logging_mixin.py:188} INFO - [2025-05-30T12:17:01.857+0000] {dag.py:3954} INFO - Setting next_dagrun for example_branch_datetime_operator_2 to 2025-05-29 00:00:00+00:00, run_after=2025-05-30 00:00:00+00:00
[2025-05-30T12:17:01.859+0000] {logging_mixin.py:188} INFO - [2025-05-30T12:17:01.859+0000] {dag.py:3954} INFO - Setting next_dagrun for example_branch_datetime_operator_3 to 2025-05-29 00:00:00+00:00, run_after=2025-05-30 00:00:00+00:00
[2025-05-30T12:17:01.879+0000] {processor.py:183} INFO - Processing /home/airflow/.local/lib/python3.12/site-packages/airflow/example_dags/example_branch_datetime_operator.py took 0.297 seconds
[2025-05-30T12:17:32.771+0000] {processor.py:161} INFO - Started process (PID=118) to work on /home/airflow/.local/lib/python3.12/site-packages/airflow/example_dags/example_branch_datetime_operator.py
[2025-05-30T12:17:32.772+0000] {processor.py:830} INFO - Processing file /home/airflow/.local/lib/python3.12/site-packages/airflow/example_dags/example_branch_datetime_operator.py for tasks to queue
[2025-05-30T12:17:32.773+0000] {logging_mixin.py:188} INFO - [2025-05-30T12:17:32.773+0000] {dagbag.py:545} INFO - Filling up the DagBag from /home/airflow/.local/lib/python3.12/site-packages/airflow/example_dags/example_branch_datetime_operator.py
[2025-05-30T12:17:32.785+0000] {processor.py:840} INFO - DAG(s) 'example_branch_datetime_operator_2', 'example_branch_datetime_operator', 'example_branch_datetime_operator_3' retrieved from /home/airflow/.local/lib/python3.12/site-packages/airflow/example_dags/example_branch_datetime_operator.py
[2025-05-30T12:17:32.820+0000] {logging_mixin.py:188} INFO - [2025-05-30T12:17:32.820+0000] {dag.py:3096} INFO - Sync 3 DAGs
[2025-05-30T12:17:32.855+0000] {logging_mixin.py:188} INFO - [2025-05-30T12:17:32.854+0000] {dag.py:3954} INFO - Setting next_dagrun for example_branch_datetime_operator to 2025-05-29 00:00:00+00:00, run_after=2025-05-30 00:00:00+00:00
[2025-05-30T12:17:32.864+0000] {logging_mixin.py:188} INFO - [2025-05-30T12:17:32.864+0000] {dag.py:3954} INFO - Setting next_dagrun for example_branch_datetime_operator_2 to 2025-05-29 00:00:00+00:00, run_after=2025-05-30 00:00:00+00:00
[2025-05-30T12:17:32.867+0000] {logging_mixin.py:188} INFO - [2025-05-30T12:17:32.867+0000] {dag.py:3954} INFO - Setting next_dagrun for example_branch_datetime_operator_3 to 2025-05-29 00:00:00+00:00, run_after=2025-05-30 00:00:00+00:00
[2025-05-30T12:17:32.889+0000] {processor.py:183} INFO - Processing /home/airflow/.local/lib/python3.12/site-packages/airflow/example_dags/example_branch_datetime_operator.py took 0.125 seconds
[2025-05-30T12:18:03.483+0000] {processor.py:161} INFO - Started process (PID=176) to work on /home/airflow/.local/lib/python3.12/site-packages/airflow/example_dags/example_branch_datetime_operator.py
[2025-05-30T12:18:03.484+0000] {processor.py:830} INFO - Processing file /home/airflow/.local/lib/python3.12/site-packages/airflow/example_dags/example_branch_datetime_operator.py for tasks to queue
[2025-05-30T12:18:03.488+0000] {logging_mixin.py:188} INFO - [2025-05-30T12:18:03.487+0000] {dagbag.py:545} INFO - Filling up the DagBag from /home/airflow/.local/lib/python3.12/site-packages/airflow/example_dags/example_branch_datetime_operator.py
[2025-05-30T12:18:03.508+0000] {processor.py:840} INFO - DAG(s) 'example_branch_datetime_operator_2', 'example_branch_datetime_operator_3', 'example_branch_datetime_operator' retrieved from /home/airflow/.local/lib/python3.12/site-packages/airflow/example_dags/example_branch_datetime_operator.py
[2025-05-30T12:18:03.558+0000] {logging_mixin.py:188} INFO - [2025-05-30T12:18:03.557+0000] {dag.py:3096} INFO - Sync 3 DAGs
[2025-05-30T12:18:03.602+0000] {logging_mixin.py:188} INFO - [2025-05-30T12:18:03.601+0000] {dag.py:3954} INFO - Setting next_dagrun for example_branch_datetime_operator to 2025-05-29 00:00:00+00:00, run_after=2025-05-30 00:00:00+00:00
[2025-05-30T12:18:03.612+0000] {logging_mixin.py:188} INFO - [2025-05-30T12:18:03.612+0000] {dag.py:3954} INFO - Setting next_dagrun for example_branch_datetime_operator_2 to 2025-05-29 00:00:00+00:00, run_after=2025-05-30 00:00:00+00:00
[2025-05-30T12:18:03.618+0000] {logging_mixin.py:188} INFO - [2025-05-30T12:18:03.618+0000] {dag.py:3954} INFO - Setting next_dagrun for example_branch_datetime_operator_3 to 2025-05-29 00:00:00+00:00, run_after=2025-05-30 00:00:00+00:00
[2025-05-30T12:18:03.653+0000] {processor.py:183} INFO - Processing /home/airflow/.local/lib/python3.12/site-packages/airflow/example_dags/example_branch_datetime_operator.py took 0.179 seconds
[2025-05-30T12:18:33.787+0000] {processor.py:161} INFO - Started process (PID=236) to work on /home/airflow/.local/lib/python3.12/site-packages/airflow/example_dags/example_branch_datetime_operator.py
[2025-05-30T12:18:33.790+0000] {processor.py:830} INFO - Processing file /home/airflow/.local/lib/python3.12/site-packages/airflow/example_dags/example_branch_datetime_operator.py for tasks to queue
[2025-05-30T12:18:33.796+0000] {logging_mixin.py:188} INFO - [2025-05-30T12:18:33.795+0000] {dagbag.py:545} INFO - Filling up the DagBag from /home/airflow/.local/lib/python3.12/site-packages/airflow/example_dags/example_branch_datetime_operator.py
[2025-05-30T12:18:33.823+0000] {processor.py:840} INFO - DAG(s) 'example_branch_datetime_operator_3', 'example_branch_datetime_operator', 'example_branch_datetime_operator_2' retrieved from /home/airflow/.local/lib/python3.12/site-packages/airflow/example_dags/example_branch_datetime_operator.py
[2025-05-30T12:18:33.881+0000] {logging_mixin.py:188} INFO - [2025-05-30T12:18:33.880+0000] {dag.py:3096} INFO - Sync 3 DAGs
[2025-05-30T12:18:33.939+0000] {logging_mixin.py:188} INFO - [2025-05-30T12:18:33.939+0000] {dag.py:3954} INFO - Setting next_dagrun for example_branch_datetime_operator to 2025-05-29 00:00:00+00:00, run_after=2025-05-30 00:00:00+00:00
[2025-05-30T12:18:33.948+0000] {logging_mixin.py:188} INFO - [2025-05-30T12:18:33.947+0000] {dag.py:3954} INFO - Setting next_dagrun for example_branch_datetime_operator_2 to 2025-05-29 00:00:00+00:00, run_after=2025-05-30 00:00:00+00:00
[2025-05-30T12:18:33.952+0000] {logging_mixin.py:188} INFO - [2025-05-30T12:18:33.952+0000] {dag.py:3954} INFO - Setting next_dagrun for example_branch_datetime_operator_3 to 2025-05-29 00:00:00+00:00, run_after=2025-05-30 00:00:00+00:00
[2025-05-30T12:18:33.975+0000] {processor.py:183} INFO - Processing /home/airflow/.local/lib/python3.12/site-packages/airflow/example_dags/example_branch_datetime_operator.py took 0.221 seconds
[2025-05-30T12:19:04.233+0000] {processor.py:161} INFO - Started process (PID=299) to work on /home/airflow/.local/lib/python3.12/site-packages/airflow/example_dags/example_branch_datetime_operator.py
[2025-05-30T12:19:04.235+0000] {processor.py:830} INFO - Processing file /home/airflow/.local/lib/python3.12/site-packages/airflow/example_dags/example_branch_datetime_operator.py for tasks to queue
[2025-05-30T12:19:04.239+0000] {logging_mixin.py:188} INFO - [2025-05-30T12:19:04.238+0000] {dagbag.py:545} INFO - Filling up the DagBag from /home/airflow/.local/lib/python3.12/site-packages/airflow/example_dags/example_branch_datetime_operator.py
[2025-05-30T12:19:04.264+0000] {processor.py:840} INFO - DAG(s) 'example_branch_datetime_operator', 'example_branch_datetime_operator_2', 'example_branch_datetime_operator_3' retrieved from /home/airflow/.local/lib/python3.12/site-packages/airflow/example_dags/example_branch_datetime_operator.py
[2025-05-30T12:19:04.341+0000] {logging_mixin.py:188} INFO - [2025-05-30T12:19:04.340+0000] {dag.py:3096} INFO - Sync 3 DAGs
[2025-05-30T12:19:04.419+0000] {logging_mixin.py:188} INFO - [2025-05-30T12:19:04.419+0000] {dag.py:3954} INFO - Setting next_dagrun for example_branch_datetime_operator to 2025-05-29 00:00:00+00:00, run_after=2025-05-30 00:00:00+00:00
[2025-05-30T12:19:04.435+0000] {logging_mixin.py:188} INFO - [2025-05-30T12:19:04.435+0000] {dag.py:3954} INFO - Setting next_dagrun for example_branch_datetime_operator_2 to 2025-05-29 00:00:00+00:00, run_after=2025-05-30 00:00:00+00:00
[2025-05-30T12:19:04.443+0000] {logging_mixin.py:188} INFO - [2025-05-30T12:19:04.442+0000] {dag.py:3954} INFO - Setting next_dagrun for example_branch_datetime_operator_3 to 2025-05-29 00:00:00+00:00, run_after=2025-05-30 00:00:00+00:00
[2025-05-30T12:19:04.486+0000] {processor.py:183} INFO - Processing /home/airflow/.local/lib/python3.12/site-packages/airflow/example_dags/example_branch_datetime_operator.py took 0.264 seconds
