[2025-05-30T12:16:59.505+0000] {processor.py:161} INFO - Started process (PID=47) to work on /home/airflow/.local/lib/python3.12/site-packages/airflow/example_dags/example_kubernetes_executor.py
[2025-05-30T12:16:59.506+0000] {processor.py:830} INFO - Processing file /home/airflow/.local/lib/python3.12/site-packages/airflow/example_dags/example_kubernetes_executor.py for tasks to queue
[2025-05-30T12:16:59.508+0000] {logging_mixin.py:188} INFO - [2025-05-30T12:16:59.508+0000] {dagbag.py:545} INFO - Filling up the DagBag from /home/airflow/.local/lib/python3.12/site-packages/airflow/example_dags/example_kubernetes_executor.py
[2025-05-30T12:16:59.529+0000] {processor.py:840} INFO - DAG(s) 'example_kubernetes_executor' retrieved from /home/airflow/.local/lib/python3.12/site-packages/airflow/example_dags/example_kubernetes_executor.py
[2025-05-30T12:16:59.769+0000] {logging_mixin.py:188} INFO - [2025-05-30T12:16:59.768+0000] {override.py:1829} INFO - Created Permission View: can read on DAG:example_kubernetes_executor
[2025-05-30T12:16:59.787+0000] {logging_mixin.py:188} INFO - [2025-05-30T12:16:59.786+0000] {override.py:1829} INFO - Created Permission View: can edit on DAG:example_kubernetes_executor
[2025-05-30T12:16:59.798+0000] {logging_mixin.py:188} INFO - [2025-05-30T12:16:59.797+0000] {override.py:1829} INFO - Created Permission View: can delete on DAG:example_kubernetes_executor
[2025-05-30T12:16:59.799+0000] {logging_mixin.py:188} INFO - [2025-05-30T12:16:59.798+0000] {dag.py:3096} INFO - Sync 1 DAGs
[2025-05-30T12:16:59.824+0000] {logging_mixin.py:188} INFO - [2025-05-30T12:16:59.823+0000] {dag.py:3118} INFO - Creating ORM DAG for example_kubernetes_executor
[2025-05-30T12:16:59.825+0000] {logging_mixin.py:188} INFO - [2025-05-30T12:16:59.825+0000] {dag.py:3954} INFO - Setting next_dagrun for example_kubernetes_executor to None, run_after=None
[2025-05-30T12:16:59.854+0000] {processor.py:183} INFO - Processing /home/airflow/.local/lib/python3.12/site-packages/airflow/example_dags/example_kubernetes_executor.py took 0.356 seconds
[2025-05-30T12:17:30.861+0000] {processor.py:161} INFO - Started process (PID=104) to work on /home/airflow/.local/lib/python3.12/site-packages/airflow/example_dags/example_kubernetes_executor.py
[2025-05-30T12:17:30.862+0000] {processor.py:830} INFO - Processing file /home/airflow/.local/lib/python3.12/site-packages/airflow/example_dags/example_kubernetes_executor.py for tasks to queue
[2025-05-30T12:17:30.865+0000] {logging_mixin.py:188} INFO - [2025-05-30T12:17:30.865+0000] {dagbag.py:545} INFO - Filling up the DagBag from /home/airflow/.local/lib/python3.12/site-packages/airflow/example_dags/example_kubernetes_executor.py
[2025-05-30T12:17:30.887+0000] {processor.py:840} INFO - DAG(s) 'example_kubernetes_executor' retrieved from /home/airflow/.local/lib/python3.12/site-packages/airflow/example_dags/example_kubernetes_executor.py
[2025-05-30T12:17:30.932+0000] {logging_mixin.py:188} INFO - [2025-05-30T12:17:30.932+0000] {dag.py:3096} INFO - Sync 1 DAGs
[2025-05-30T12:17:30.947+0000] {logging_mixin.py:188} INFO - [2025-05-30T12:17:30.947+0000] {dag.py:3954} INFO - Setting next_dagrun for example_kubernetes_executor to None, run_after=None
[2025-05-30T12:17:30.969+0000] {processor.py:183} INFO - Processing /home/airflow/.local/lib/python3.12/site-packages/airflow/example_dags/example_kubernetes_executor.py took 0.124 seconds
[2025-05-30T12:18:01.030+0000] {processor.py:161} INFO - Started process (PID=162) to work on /home/airflow/.local/lib/python3.12/site-packages/airflow/example_dags/example_kubernetes_executor.py
[2025-05-30T12:18:01.036+0000] {processor.py:830} INFO - Processing file /home/airflow/.local/lib/python3.12/site-packages/airflow/example_dags/example_kubernetes_executor.py for tasks to queue
[2025-05-30T12:18:01.039+0000] {logging_mixin.py:188} INFO - [2025-05-30T12:18:01.039+0000] {dagbag.py:545} INFO - Filling up the DagBag from /home/airflow/.local/lib/python3.12/site-packages/airflow/example_dags/example_kubernetes_executor.py
[2025-05-30T12:18:01.062+0000] {processor.py:840} INFO - DAG(s) 'example_kubernetes_executor' retrieved from /home/airflow/.local/lib/python3.12/site-packages/airflow/example_dags/example_kubernetes_executor.py
[2025-05-30T12:18:01.145+0000] {logging_mixin.py:188} INFO - [2025-05-30T12:18:01.145+0000] {dag.py:3096} INFO - Sync 1 DAGs
[2025-05-30T12:18:01.172+0000] {logging_mixin.py:188} INFO - [2025-05-30T12:18:01.172+0000] {dag.py:3954} INFO - Setting next_dagrun for example_kubernetes_executor to None, run_after=None
[2025-05-30T12:18:01.226+0000] {processor.py:183} INFO - Processing /home/airflow/.local/lib/python3.12/site-packages/airflow/example_dags/example_kubernetes_executor.py took 0.203 seconds
[2025-05-30T12:18:31.549+0000] {processor.py:161} INFO - Started process (PID=221) to work on /home/airflow/.local/lib/python3.12/site-packages/airflow/example_dags/example_kubernetes_executor.py
[2025-05-30T12:18:31.552+0000] {processor.py:830} INFO - Processing file /home/airflow/.local/lib/python3.12/site-packages/airflow/example_dags/example_kubernetes_executor.py for tasks to queue
[2025-05-30T12:18:31.559+0000] {logging_mixin.py:188} INFO - [2025-05-30T12:18:31.557+0000] {dagbag.py:545} INFO - Filling up the DagBag from /home/airflow/.local/lib/python3.12/site-packages/airflow/example_dags/example_kubernetes_executor.py
[2025-05-30T12:18:31.610+0000] {processor.py:840} INFO - DAG(s) 'example_kubernetes_executor' retrieved from /home/airflow/.local/lib/python3.12/site-packages/airflow/example_dags/example_kubernetes_executor.py
[2025-05-30T12:18:31.670+0000] {logging_mixin.py:188} INFO - [2025-05-30T12:18:31.669+0000] {dag.py:3096} INFO - Sync 1 DAGs
[2025-05-30T12:18:31.687+0000] {logging_mixin.py:188} INFO - [2025-05-30T12:18:31.686+0000] {dag.py:3954} INFO - Setting next_dagrun for example_kubernetes_executor to None, run_after=None
[2025-05-30T12:18:31.715+0000] {processor.py:183} INFO - Processing /home/airflow/.local/lib/python3.12/site-packages/airflow/example_dags/example_kubernetes_executor.py took 0.185 seconds
[2025-05-30T12:19:01.932+0000] {processor.py:161} INFO - Started process (PID=278) to work on /home/airflow/.local/lib/python3.12/site-packages/airflow/example_dags/example_kubernetes_executor.py
[2025-05-30T12:19:01.934+0000] {processor.py:830} INFO - Processing file /home/airflow/.local/lib/python3.12/site-packages/airflow/example_dags/example_kubernetes_executor.py for tasks to queue
[2025-05-30T12:19:01.938+0000] {logging_mixin.py:188} INFO - [2025-05-30T12:19:01.937+0000] {dagbag.py:545} INFO - Filling up the DagBag from /home/airflow/.local/lib/python3.12/site-packages/airflow/example_dags/example_kubernetes_executor.py
[2025-05-30T12:19:01.958+0000] {processor.py:840} INFO - DAG(s) 'example_kubernetes_executor' retrieved from /home/airflow/.local/lib/python3.12/site-packages/airflow/example_dags/example_kubernetes_executor.py
[2025-05-30T12:19:02.037+0000] {logging_mixin.py:188} INFO - [2025-05-30T12:19:02.036+0000] {dag.py:3096} INFO - Sync 1 DAGs
[2025-05-30T12:19:02.068+0000] {logging_mixin.py:188} INFO - [2025-05-30T12:19:02.068+0000] {dag.py:3954} INFO - Setting next_dagrun for example_kubernetes_executor to None, run_after=None
[2025-05-30T12:19:02.113+0000] {processor.py:183} INFO - Processing /home/airflow/.local/lib/python3.12/site-packages/airflow/example_dags/example_kubernetes_executor.py took 0.189 seconds
