[2025-05-30T12:16:57.840+0000] {processor.py:161} INFO - Started process (PID=38) to work on /home/airflow/.local/lib/python3.12/site-packages/airflow/example_dags/example_python_decorator.py
[2025-05-30T12:16:57.841+0000] {processor.py:830} INFO - Processing file /home/airflow/.local/lib/python3.12/site-packages/airflow/example_dags/example_python_decorator.py for tasks to queue
[2025-05-30T12:16:57.844+0000] {logging_mixin.py:188} INFO - [2025-05-30T12:16:57.843+0000] {dagbag.py:545} INFO - Filling up the DagBag from /home/airflow/.local/lib/python3.12/site-packages/airflow/example_dags/example_python_decorator.py
[2025-05-30T12:16:57.872+0000] {processor.py:840} INFO - DAG(s) 'example_python_decorator' retrieved from /home/airflow/.local/lib/python3.12/site-packages/airflow/example_dags/example_python_decorator.py
[2025-05-30T12:16:58.061+0000] {logging_mixin.py:188} INFO - [2025-05-30T12:16:58.059+0000] {override.py:1829} INFO - Created Permission View: can read on DAG:example_python_decorator
[2025-05-30T12:16:58.080+0000] {logging_mixin.py:188} INFO - [2025-05-30T12:16:58.080+0000] {override.py:1829} INFO - Created Permission View: can edit on DAG:example_python_decorator
[2025-05-30T12:16:58.097+0000] {logging_mixin.py:188} INFO - [2025-05-30T12:16:58.096+0000] {override.py:1829} INFO - Created Permission View: can delete on DAG:example_python_decorator
[2025-05-30T12:16:58.098+0000] {logging_mixin.py:188} INFO - [2025-05-30T12:16:58.098+0000] {dag.py:3096} INFO - Sync 1 DAGs
[2025-05-30T12:16:58.120+0000] {logging_mixin.py:188} INFO - [2025-05-30T12:16:58.120+0000] {dag.py:3118} INFO - Creating ORM DAG for example_python_decorator
[2025-05-30T12:16:58.122+0000] {logging_mixin.py:188} INFO - [2025-05-30T12:16:58.121+0000] {dag.py:3954} INFO - Setting next_dagrun for example_python_decorator to None, run_after=None
[2025-05-30T12:16:58.152+0000] {processor.py:183} INFO - Processing /home/airflow/.local/lib/python3.12/site-packages/airflow/example_dags/example_python_decorator.py took 0.321 seconds
[2025-05-30T12:17:29.241+0000] {processor.py:161} INFO - Started process (PID=95) to work on /home/airflow/.local/lib/python3.12/site-packages/airflow/example_dags/example_python_decorator.py
[2025-05-30T12:17:29.245+0000] {processor.py:830} INFO - Processing file /home/airflow/.local/lib/python3.12/site-packages/airflow/example_dags/example_python_decorator.py for tasks to queue
[2025-05-30T12:17:29.252+0000] {logging_mixin.py:188} INFO - [2025-05-30T12:17:29.250+0000] {dagbag.py:545} INFO - Filling up the DagBag from /home/airflow/.local/lib/python3.12/site-packages/airflow/example_dags/example_python_decorator.py
[2025-05-30T12:17:29.289+0000] {processor.py:840} INFO - DAG(s) 'example_python_decorator' retrieved from /home/airflow/.local/lib/python3.12/site-packages/airflow/example_dags/example_python_decorator.py
[2025-05-30T12:17:29.318+0000] {logging_mixin.py:188} INFO - [2025-05-30T12:17:29.318+0000] {dag.py:3096} INFO - Sync 1 DAGs
[2025-05-30T12:17:29.335+0000] {logging_mixin.py:188} INFO - [2025-05-30T12:17:29.335+0000] {dag.py:3954} INFO - Setting next_dagrun for example_python_decorator to None, run_after=None
[2025-05-30T12:17:29.360+0000] {processor.py:183} INFO - Processing /home/airflow/.local/lib/python3.12/site-packages/airflow/example_dags/example_python_decorator.py took 0.140 seconds
[2025-05-30T12:17:59.382+0000] {processor.py:161} INFO - Started process (PID=153) to work on /home/airflow/.local/lib/python3.12/site-packages/airflow/example_dags/example_python_decorator.py
[2025-05-30T12:17:59.383+0000] {processor.py:830} INFO - Processing file /home/airflow/.local/lib/python3.12/site-packages/airflow/example_dags/example_python_decorator.py for tasks to queue
[2025-05-30T12:17:59.385+0000] {logging_mixin.py:188} INFO - [2025-05-30T12:17:59.385+0000] {dagbag.py:545} INFO - Filling up the DagBag from /home/airflow/.local/lib/python3.12/site-packages/airflow/example_dags/example_python_decorator.py
[2025-05-30T12:17:59.401+0000] {processor.py:840} INFO - DAG(s) 'example_python_decorator' retrieved from /home/airflow/.local/lib/python3.12/site-packages/airflow/example_dags/example_python_decorator.py
[2025-05-30T12:17:59.429+0000] {logging_mixin.py:188} INFO - [2025-05-30T12:17:59.428+0000] {dag.py:3096} INFO - Sync 1 DAGs
[2025-05-30T12:17:59.444+0000] {logging_mixin.py:188} INFO - [2025-05-30T12:17:59.444+0000] {dag.py:3954} INFO - Setting next_dagrun for example_python_decorator to None, run_after=None
[2025-05-30T12:17:59.468+0000] {processor.py:183} INFO - Processing /home/airflow/.local/lib/python3.12/site-packages/airflow/example_dags/example_python_decorator.py took 0.092 seconds
[2025-05-30T12:18:29.876+0000] {processor.py:161} INFO - Started process (PID=212) to work on /home/airflow/.local/lib/python3.12/site-packages/airflow/example_dags/example_python_decorator.py
[2025-05-30T12:18:29.878+0000] {processor.py:830} INFO - Processing file /home/airflow/.local/lib/python3.12/site-packages/airflow/example_dags/example_python_decorator.py for tasks to queue
[2025-05-30T12:18:29.881+0000] {logging_mixin.py:188} INFO - [2025-05-30T12:18:29.880+0000] {dagbag.py:545} INFO - Filling up the DagBag from /home/airflow/.local/lib/python3.12/site-packages/airflow/example_dags/example_python_decorator.py
[2025-05-30T12:18:29.900+0000] {processor.py:840} INFO - DAG(s) 'example_python_decorator' retrieved from /home/airflow/.local/lib/python3.12/site-packages/airflow/example_dags/example_python_decorator.py
[2025-05-30T12:18:29.931+0000] {logging_mixin.py:188} INFO - [2025-05-30T12:18:29.930+0000] {dag.py:3096} INFO - Sync 1 DAGs
[2025-05-30T12:18:29.951+0000] {logging_mixin.py:188} INFO - [2025-05-30T12:18:29.950+0000] {dag.py:3954} INFO - Setting next_dagrun for example_python_decorator to None, run_after=None
[2025-05-30T12:18:29.977+0000] {processor.py:183} INFO - Processing /home/airflow/.local/lib/python3.12/site-packages/airflow/example_dags/example_python_decorator.py took 0.108 seconds
[2025-05-30T12:19:00.851+0000] {processor.py:161} INFO - Started process (PID=269) to work on /home/airflow/.local/lib/python3.12/site-packages/airflow/example_dags/example_python_decorator.py
[2025-05-30T12:19:00.856+0000] {processor.py:830} INFO - Processing file /home/airflow/.local/lib/python3.12/site-packages/airflow/example_dags/example_python_decorator.py for tasks to queue
[2025-05-30T12:19:00.859+0000] {logging_mixin.py:188} INFO - [2025-05-30T12:19:00.858+0000] {dagbag.py:545} INFO - Filling up the DagBag from /home/airflow/.local/lib/python3.12/site-packages/airflow/example_dags/example_python_decorator.py
[2025-05-30T12:19:00.902+0000] {processor.py:840} INFO - DAG(s) 'example_python_decorator' retrieved from /home/airflow/.local/lib/python3.12/site-packages/airflow/example_dags/example_python_decorator.py
[2025-05-30T12:19:00.948+0000] {logging_mixin.py:188} INFO - [2025-05-30T12:19:00.947+0000] {dag.py:3096} INFO - Sync 1 DAGs
[2025-05-30T12:19:00.977+0000] {logging_mixin.py:188} INFO - [2025-05-30T12:19:00.977+0000] {dag.py:3954} INFO - Setting next_dagrun for example_python_decorator to None, run_after=None
[2025-05-30T12:19:01.016+0000] {processor.py:183} INFO - Processing /home/airflow/.local/lib/python3.12/site-packages/airflow/example_dags/example_python_decorator.py took 0.176 seconds
