[2025-05-30T12:16:57.173+0000] {processor.py:161} INFO - Started process (PID=34) to work on /home/airflow/.local/lib/python3.12/site-packages/airflow/example_dags/example_branch_operator_decorator.py
[2025-05-30T12:16:57.174+0000] {processor.py:830} INFO - Processing file /home/airflow/.local/lib/python3.12/site-packages/airflow/example_dags/example_branch_operator_decorator.py for tasks to queue
[2025-05-30T12:16:57.177+0000] {logging_mixin.py:188} INFO - [2025-05-30T12:16:57.176+0000] {dagbag.py:545} INFO - Filling up the DagBag from /home/airflow/.local/lib/python3.12/site-packages/airflow/example_dags/example_branch_operator_decorator.py
[2025-05-30T12:16:57.207+0000] {processor.py:840} INFO - DAG(s) 'example_branch_python_operator_decorator' retrieved from /home/airflow/.local/lib/python3.12/site-packages/airflow/example_dags/example_branch_operator_decorator.py
[2025-05-30T12:16:57.368+0000] {logging_mixin.py:188} INFO - [2025-05-30T12:16:57.367+0000] {override.py:1829} INFO - Created Permission View: can read on DAG:example_branch_python_operator_decorator
[2025-05-30T12:16:57.379+0000] {logging_mixin.py:188} INFO - [2025-05-30T12:16:57.379+0000] {override.py:1829} INFO - Created Permission View: can edit on DAG:example_branch_python_operator_decorator
[2025-05-30T12:16:57.388+0000] {logging_mixin.py:188} INFO - [2025-05-30T12:16:57.388+0000] {override.py:1829} INFO - Created Permission View: can delete on DAG:example_branch_python_operator_decorator
[2025-05-30T12:16:57.389+0000] {logging_mixin.py:188} INFO - [2025-05-30T12:16:57.389+0000] {dag.py:3096} INFO - Sync 1 DAGs
[2025-05-30T12:16:57.408+0000] {logging_mixin.py:188} INFO - [2025-05-30T12:16:57.407+0000] {dag.py:3118} INFO - Creating ORM DAG for example_branch_python_operator_decorator
[2025-05-30T12:16:57.429+0000] {logging_mixin.py:188} INFO - [2025-05-30T12:16:57.429+0000] {dag.py:3954} INFO - Setting next_dagrun for example_branch_python_operator_decorator to 2025-05-29 00:00:00+00:00, run_after=2025-05-30 00:00:00+00:00
[2025-05-30T12:16:57.458+0000] {processor.py:183} INFO - Processing /home/airflow/.local/lib/python3.12/site-packages/airflow/example_dags/example_branch_operator_decorator.py took 0.294 seconds
[2025-05-30T12:17:27.482+0000] {processor.py:161} INFO - Started process (PID=91) to work on /home/airflow/.local/lib/python3.12/site-packages/airflow/example_dags/example_branch_operator_decorator.py
[2025-05-30T12:17:27.483+0000] {processor.py:830} INFO - Processing file /home/airflow/.local/lib/python3.12/site-packages/airflow/example_dags/example_branch_operator_decorator.py for tasks to queue
[2025-05-30T12:17:27.485+0000] {logging_mixin.py:188} INFO - [2025-05-30T12:17:27.484+0000] {dagbag.py:545} INFO - Filling up the DagBag from /home/airflow/.local/lib/python3.12/site-packages/airflow/example_dags/example_branch_operator_decorator.py
[2025-05-30T12:17:27.511+0000] {processor.py:840} INFO - DAG(s) 'example_branch_python_operator_decorator' retrieved from /home/airflow/.local/lib/python3.12/site-packages/airflow/example_dags/example_branch_operator_decorator.py
[2025-05-30T12:17:27.547+0000] {logging_mixin.py:188} INFO - [2025-05-30T12:17:27.546+0000] {dag.py:3096} INFO - Sync 1 DAGs
[2025-05-30T12:17:27.574+0000] {logging_mixin.py:188} INFO - [2025-05-30T12:17:27.573+0000] {dag.py:3954} INFO - Setting next_dagrun for example_branch_python_operator_decorator to 2025-05-29 00:00:00+00:00, run_after=2025-05-30 00:00:00+00:00
[2025-05-30T12:17:27.595+0000] {processor.py:183} INFO - Processing /home/airflow/.local/lib/python3.12/site-packages/airflow/example_dags/example_branch_operator_decorator.py took 0.119 seconds
[2025-05-30T12:17:58.075+0000] {processor.py:161} INFO - Started process (PID=149) to work on /home/airflow/.local/lib/python3.12/site-packages/airflow/example_dags/example_branch_operator_decorator.py
[2025-05-30T12:17:58.077+0000] {processor.py:830} INFO - Processing file /home/airflow/.local/lib/python3.12/site-packages/airflow/example_dags/example_branch_operator_decorator.py for tasks to queue
[2025-05-30T12:17:58.079+0000] {logging_mixin.py:188} INFO - [2025-05-30T12:17:58.079+0000] {dagbag.py:545} INFO - Filling up the DagBag from /home/airflow/.local/lib/python3.12/site-packages/airflow/example_dags/example_branch_operator_decorator.py
[2025-05-30T12:17:58.110+0000] {processor.py:840} INFO - DAG(s) 'example_branch_python_operator_decorator' retrieved from /home/airflow/.local/lib/python3.12/site-packages/airflow/example_dags/example_branch_operator_decorator.py
[2025-05-30T12:17:58.150+0000] {logging_mixin.py:188} INFO - [2025-05-30T12:17:58.149+0000] {dag.py:3096} INFO - Sync 1 DAGs
[2025-05-30T12:17:58.186+0000] {logging_mixin.py:188} INFO - [2025-05-30T12:17:58.185+0000] {dag.py:3954} INFO - Setting next_dagrun for example_branch_python_operator_decorator to 2025-05-29 00:00:00+00:00, run_after=2025-05-30 00:00:00+00:00
[2025-05-30T12:17:58.212+0000] {processor.py:183} INFO - Processing /home/airflow/.local/lib/python3.12/site-packages/airflow/example_dags/example_branch_operator_decorator.py took 0.146 seconds
[2025-05-30T12:18:28.512+0000] {processor.py:161} INFO - Started process (PID=208) to work on /home/airflow/.local/lib/python3.12/site-packages/airflow/example_dags/example_branch_operator_decorator.py
[2025-05-30T12:18:28.513+0000] {processor.py:830} INFO - Processing file /home/airflow/.local/lib/python3.12/site-packages/airflow/example_dags/example_branch_operator_decorator.py for tasks to queue
[2025-05-30T12:18:28.516+0000] {logging_mixin.py:188} INFO - [2025-05-30T12:18:28.515+0000] {dagbag.py:545} INFO - Filling up the DagBag from /home/airflow/.local/lib/python3.12/site-packages/airflow/example_dags/example_branch_operator_decorator.py
[2025-05-30T12:18:28.545+0000] {processor.py:840} INFO - DAG(s) 'example_branch_python_operator_decorator' retrieved from /home/airflow/.local/lib/python3.12/site-packages/airflow/example_dags/example_branch_operator_decorator.py
[2025-05-30T12:18:28.589+0000] {logging_mixin.py:188} INFO - [2025-05-30T12:18:28.588+0000] {dag.py:3096} INFO - Sync 1 DAGs
[2025-05-30T12:18:28.628+0000] {logging_mixin.py:188} INFO - [2025-05-30T12:18:28.627+0000] {dag.py:3954} INFO - Setting next_dagrun for example_branch_python_operator_decorator to 2025-05-29 00:00:00+00:00, run_after=2025-05-30 00:00:00+00:00
[2025-05-30T12:18:28.653+0000] {processor.py:183} INFO - Processing /home/airflow/.local/lib/python3.12/site-packages/airflow/example_dags/example_branch_operator_decorator.py took 0.149 seconds
[2025-05-30T12:18:59.491+0000] {processor.py:161} INFO - Started process (PID=265) to work on /home/airflow/.local/lib/python3.12/site-packages/airflow/example_dags/example_branch_operator_decorator.py
[2025-05-30T12:18:59.493+0000] {processor.py:830} INFO - Processing file /home/airflow/.local/lib/python3.12/site-packages/airflow/example_dags/example_branch_operator_decorator.py for tasks to queue
[2025-05-30T12:18:59.495+0000] {logging_mixin.py:188} INFO - [2025-05-30T12:18:59.495+0000] {dagbag.py:545} INFO - Filling up the DagBag from /home/airflow/.local/lib/python3.12/site-packages/airflow/example_dags/example_branch_operator_decorator.py
[2025-05-30T12:18:59.524+0000] {processor.py:840} INFO - DAG(s) 'example_branch_python_operator_decorator' retrieved from /home/airflow/.local/lib/python3.12/site-packages/airflow/example_dags/example_branch_operator_decorator.py
[2025-05-30T12:18:59.563+0000] {logging_mixin.py:188} INFO - [2025-05-30T12:18:59.562+0000] {dag.py:3096} INFO - Sync 1 DAGs
[2025-05-30T12:18:59.594+0000] {logging_mixin.py:188} INFO - [2025-05-30T12:18:59.594+0000] {dag.py:3954} INFO - Setting next_dagrun for example_branch_python_operator_decorator to 2025-05-29 00:00:00+00:00, run_after=2025-05-30 00:00:00+00:00
[2025-05-30T12:18:59.621+0000] {processor.py:183} INFO - Processing /home/airflow/.local/lib/python3.12/site-packages/airflow/example_dags/example_branch_operator_decorator.py took 0.137 seconds
