[2025-05-30T12:17:03.201+0000] {processor.py:161} INFO - Started process (PID=72) to work on /home/airflow/.local/lib/python3.12/site-packages/airflow/example_dags/example_dynamic_task_mapping_with_no_taskflow_operators.py
[2025-05-30T12:17:03.202+0000] {processor.py:830} INFO - Processing file /home/airflow/.local/lib/python3.12/site-packages/airflow/example_dags/example_dynamic_task_mapping_with_no_taskflow_operators.py for tasks to queue
[2025-05-30T12:17:03.204+0000] {logging_mixin.py:188} INFO - [2025-05-30T12:17:03.204+0000] {dagbag.py:545} INFO - Filling up the DagBag from /home/airflow/.local/lib/python3.12/site-packages/airflow/example_dags/example_dynamic_task_mapping_with_no_taskflow_operators.py
[2025-05-30T12:17:03.213+0000] {processor.py:840} INFO - DAG(s) 'example_dynamic_task_mapping_with_no_taskflow_operators' retrieved from /home/airflow/.local/lib/python3.12/site-packages/airflow/example_dags/example_dynamic_task_mapping_with_no_taskflow_operators.py
[2025-05-30T12:17:03.353+0000] {logging_mixin.py:188} INFO - [2025-05-30T12:17:03.352+0000] {override.py:1829} INFO - Created Permission View: can read on DAG:example_dynamic_task_mapping_with_no_taskflow_operators
[2025-05-30T12:17:03.365+0000] {logging_mixin.py:188} INFO - [2025-05-30T12:17:03.364+0000] {override.py:1829} INFO - Created Permission View: can edit on DAG:example_dynamic_task_mapping_with_no_taskflow_operators
[2025-05-30T12:17:03.373+0000] {logging_mixin.py:188} INFO - [2025-05-30T12:17:03.373+0000] {override.py:1829} INFO - Created Permission View: can delete on DAG:example_dynamic_task_mapping_with_no_taskflow_operators
[2025-05-30T12:17:03.374+0000] {logging_mixin.py:188} INFO - [2025-05-30T12:17:03.374+0000] {dag.py:3096} INFO - Sync 1 DAGs
[2025-05-30T12:17:03.391+0000] {logging_mixin.py:188} INFO - [2025-05-30T12:17:03.390+0000] {dag.py:3118} INFO - Creating ORM DAG for example_dynamic_task_mapping_with_no_taskflow_operators
[2025-05-30T12:17:03.419+0000] {logging_mixin.py:188} INFO - [2025-05-30T12:17:03.418+0000] {dag.py:3954} INFO - Setting next_dagrun for example_dynamic_task_mapping_with_no_taskflow_operators to 2025-05-29 00:00:00+00:00, run_after=2025-05-30 00:00:00+00:00
[2025-05-30T12:17:03.444+0000] {processor.py:183} INFO - Processing /home/airflow/.local/lib/python3.12/site-packages/airflow/example_dags/example_dynamic_task_mapping_with_no_taskflow_operators.py took 0.250 seconds
[2025-05-30T12:17:34.386+0000] {processor.py:161} INFO - Started process (PID=135) to work on /home/airflow/.local/lib/python3.12/site-packages/airflow/example_dags/example_dynamic_task_mapping_with_no_taskflow_operators.py
[2025-05-30T12:17:34.390+0000] {processor.py:830} INFO - Processing file /home/airflow/.local/lib/python3.12/site-packages/airflow/example_dags/example_dynamic_task_mapping_with_no_taskflow_operators.py for tasks to queue
[2025-05-30T12:17:34.396+0000] {logging_mixin.py:188} INFO - [2025-05-30T12:17:34.394+0000] {dagbag.py:545} INFO - Filling up the DagBag from /home/airflow/.local/lib/python3.12/site-packages/airflow/example_dags/example_dynamic_task_mapping_with_no_taskflow_operators.py
[2025-05-30T12:17:34.411+0000] {processor.py:840} INFO - DAG(s) 'example_dynamic_task_mapping_with_no_taskflow_operators' retrieved from /home/airflow/.local/lib/python3.12/site-packages/airflow/example_dags/example_dynamic_task_mapping_with_no_taskflow_operators.py
[2025-05-30T12:17:34.442+0000] {logging_mixin.py:188} INFO - [2025-05-30T12:17:34.441+0000] {dag.py:3096} INFO - Sync 1 DAGs
[2025-05-30T12:17:34.471+0000] {logging_mixin.py:188} INFO - [2025-05-30T12:17:34.471+0000] {dag.py:3954} INFO - Setting next_dagrun for example_dynamic_task_mapping_with_no_taskflow_operators to 2025-05-29 00:00:00+00:00, run_after=2025-05-30 00:00:00+00:00
[2025-05-30T12:17:34.493+0000] {processor.py:183} INFO - Processing /home/airflow/.local/lib/python3.12/site-packages/airflow/example_dags/example_dynamic_task_mapping_with_no_taskflow_operators.py took 0.127 seconds
[2025-05-30T12:18:05.246+0000] {processor.py:161} INFO - Started process (PID=194) to work on /home/airflow/.local/lib/python3.12/site-packages/airflow/example_dags/example_dynamic_task_mapping_with_no_taskflow_operators.py
[2025-05-30T12:18:05.248+0000] {processor.py:830} INFO - Processing file /home/airflow/.local/lib/python3.12/site-packages/airflow/example_dags/example_dynamic_task_mapping_with_no_taskflow_operators.py for tasks to queue
[2025-05-30T12:18:05.256+0000] {logging_mixin.py:188} INFO - [2025-05-30T12:18:05.255+0000] {dagbag.py:545} INFO - Filling up the DagBag from /home/airflow/.local/lib/python3.12/site-packages/airflow/example_dags/example_dynamic_task_mapping_with_no_taskflow_operators.py
[2025-05-30T12:18:05.282+0000] {processor.py:840} INFO - DAG(s) 'example_dynamic_task_mapping_with_no_taskflow_operators' retrieved from /home/airflow/.local/lib/python3.12/site-packages/airflow/example_dags/example_dynamic_task_mapping_with_no_taskflow_operators.py
[2025-05-30T12:18:05.369+0000] {logging_mixin.py:188} INFO - [2025-05-30T12:18:05.367+0000] {dag.py:3096} INFO - Sync 1 DAGs
[2025-05-30T12:18:05.436+0000] {logging_mixin.py:188} INFO - [2025-05-30T12:18:05.435+0000] {dag.py:3954} INFO - Setting next_dagrun for example_dynamic_task_mapping_with_no_taskflow_operators to 2025-05-29 00:00:00+00:00, run_after=2025-05-30 00:00:00+00:00
[2025-05-30T12:18:05.480+0000] {processor.py:183} INFO - Processing /home/airflow/.local/lib/python3.12/site-packages/airflow/example_dags/example_dynamic_task_mapping_with_no_taskflow_operators.py took 0.258 seconds
[2025-05-30T12:18:36.524+0000] {processor.py:161} INFO - Started process (PID=251) to work on /home/airflow/.local/lib/python3.12/site-packages/airflow/example_dags/example_dynamic_task_mapping_with_no_taskflow_operators.py
[2025-05-30T12:18:36.527+0000] {processor.py:830} INFO - Processing file /home/airflow/.local/lib/python3.12/site-packages/airflow/example_dags/example_dynamic_task_mapping_with_no_taskflow_operators.py for tasks to queue
[2025-05-30T12:18:36.532+0000] {logging_mixin.py:188} INFO - [2025-05-30T12:18:36.531+0000] {dagbag.py:545} INFO - Filling up the DagBag from /home/airflow/.local/lib/python3.12/site-packages/airflow/example_dags/example_dynamic_task_mapping_with_no_taskflow_operators.py
[2025-05-30T12:18:36.551+0000] {processor.py:840} INFO - DAG(s) 'example_dynamic_task_mapping_with_no_taskflow_operators' retrieved from /home/airflow/.local/lib/python3.12/site-packages/airflow/example_dags/example_dynamic_task_mapping_with_no_taskflow_operators.py
[2025-05-30T12:18:36.595+0000] {logging_mixin.py:188} INFO - [2025-05-30T12:18:36.595+0000] {dag.py:3096} INFO - Sync 1 DAGs
[2025-05-30T12:18:36.640+0000] {logging_mixin.py:188} INFO - [2025-05-30T12:18:36.640+0000] {dag.py:3954} INFO - Setting next_dagrun for example_dynamic_task_mapping_with_no_taskflow_operators to 2025-05-29 00:00:00+00:00, run_after=2025-05-30 00:00:00+00:00
[2025-05-30T12:18:36.669+0000] {processor.py:183} INFO - Processing /home/airflow/.local/lib/python3.12/site-packages/airflow/example_dags/example_dynamic_task_mapping_with_no_taskflow_operators.py took 0.163 seconds
[2025-05-30T12:19:07.163+0000] {processor.py:161} INFO - Started process (PID=310) to work on /home/airflow/.local/lib/python3.12/site-packages/airflow/example_dags/example_dynamic_task_mapping_with_no_taskflow_operators.py
[2025-05-30T12:19:07.167+0000] {processor.py:830} INFO - Processing file /home/airflow/.local/lib/python3.12/site-packages/airflow/example_dags/example_dynamic_task_mapping_with_no_taskflow_operators.py for tasks to queue
[2025-05-30T12:19:07.177+0000] {logging_mixin.py:188} INFO - [2025-05-30T12:19:07.175+0000] {dagbag.py:545} INFO - Filling up the DagBag from /home/airflow/.local/lib/python3.12/site-packages/airflow/example_dags/example_dynamic_task_mapping_with_no_taskflow_operators.py
[2025-05-30T12:19:07.195+0000] {processor.py:840} INFO - DAG(s) 'example_dynamic_task_mapping_with_no_taskflow_operators' retrieved from /home/airflow/.local/lib/python3.12/site-packages/airflow/example_dags/example_dynamic_task_mapping_with_no_taskflow_operators.py
[2025-05-30T12:19:07.238+0000] {logging_mixin.py:188} INFO - [2025-05-30T12:19:07.237+0000] {dag.py:3096} INFO - Sync 1 DAGs
[2025-05-30T12:19:07.274+0000] {logging_mixin.py:188} INFO - [2025-05-30T12:19:07.273+0000] {dag.py:3954} INFO - Setting next_dagrun for example_dynamic_task_mapping_with_no_taskflow_operators to 2025-05-29 00:00:00+00:00, run_after=2025-05-30 00:00:00+00:00
[2025-05-30T12:19:07.311+0000] {processor.py:183} INFO - Processing /home/airflow/.local/lib/python3.12/site-packages/airflow/example_dags/example_dynamic_task_mapping_with_no_taskflow_operators.py took 0.173 seconds
