[2025-05-30T12:17:03.512+0000] {processor.py:161} INFO - Started process (PID=79) to work on /home/airflow/.local/lib/python3.12/site-packages/airflow/example_dags/example_xcomargs.py
[2025-05-30T12:17:03.514+0000] {processor.py:830} INFO - Processing file /home/airflow/.local/lib/python3.12/site-packages/airflow/example_dags/example_xcomargs.py for tasks to queue
[2025-05-30T12:17:03.517+0000] {logging_mixin.py:188} INFO - [2025-05-30T12:17:03.516+0000] {dagbag.py:545} INFO - Filling up the DagBag from /home/airflow/.local/lib/python3.12/site-packages/airflow/example_dags/example_xcomargs.py
[2025-05-30T12:17:03.533+0000] {processor.py:840} INFO - DAG(s) 'example_xcom_args_with_operators', 'example_xcom_args' retrieved from /home/airflow/.local/lib/python3.12/site-packages/airflow/example_dags/example_xcomargs.py
[2025-05-30T12:17:03.702+0000] {logging_mixin.py:188} INFO - [2025-05-30T12:17:03.702+0000] {override.py:1829} INFO - Created Permission View: can read on DAG:example_xcom_args_with_operators
[2025-05-30T12:17:03.715+0000] {logging_mixin.py:188} INFO - [2025-05-30T12:17:03.715+0000] {override.py:1829} INFO - Created Permission View: can edit on DAG:example_xcom_args_with_operators
[2025-05-30T12:17:03.723+0000] {logging_mixin.py:188} INFO - [2025-05-30T12:17:03.723+0000] {override.py:1829} INFO - Created Permission View: can delete on DAG:example_xcom_args_with_operators
[2025-05-30T12:17:03.742+0000] {logging_mixin.py:188} INFO - [2025-05-30T12:17:03.742+0000] {override.py:1829} INFO - Created Permission View: can read on DAG:example_xcom_args
[2025-05-30T12:17:03.751+0000] {logging_mixin.py:188} INFO - [2025-05-30T12:17:03.751+0000] {override.py:1829} INFO - Created Permission View: can edit on DAG:example_xcom_args
[2025-05-30T12:17:03.760+0000] {logging_mixin.py:188} INFO - [2025-05-30T12:17:03.759+0000] {override.py:1829} INFO - Created Permission View: can delete on DAG:example_xcom_args
[2025-05-30T12:17:03.760+0000] {logging_mixin.py:188} INFO - [2025-05-30T12:17:03.760+0000] {dag.py:3096} INFO - Sync 2 DAGs
[2025-05-30T12:17:03.779+0000] {logging_mixin.py:188} INFO - [2025-05-30T12:17:03.779+0000] {dag.py:3118} INFO - Creating ORM DAG for example_xcom_args_with_operators
[2025-05-30T12:17:03.780+0000] {logging_mixin.py:188} INFO - [2025-05-30T12:17:03.780+0000] {dag.py:3118} INFO - Creating ORM DAG for example_xcom_args
[2025-05-30T12:17:03.781+0000] {logging_mixin.py:188} INFO - [2025-05-30T12:17:03.781+0000] {dag.py:3954} INFO - Setting next_dagrun for example_xcom_args to None, run_after=None
[2025-05-30T12:17:03.782+0000] {logging_mixin.py:188} INFO - [2025-05-30T12:17:03.781+0000] {dag.py:3954} INFO - Setting next_dagrun for example_xcom_args_with_operators to None, run_after=None
[2025-05-30T12:17:03.805+0000] {processor.py:183} INFO - Processing /home/airflow/.local/lib/python3.12/site-packages/airflow/example_dags/example_xcomargs.py took 0.302 seconds
[2025-05-30T12:17:34.628+0000] {processor.py:161} INFO - Started process (PID=137) to work on /home/airflow/.local/lib/python3.12/site-packages/airflow/example_dags/example_xcomargs.py
[2025-05-30T12:17:34.630+0000] {processor.py:830} INFO - Processing file /home/airflow/.local/lib/python3.12/site-packages/airflow/example_dags/example_xcomargs.py for tasks to queue
[2025-05-30T12:17:34.632+0000] {logging_mixin.py:188} INFO - [2025-05-30T12:17:34.631+0000] {dagbag.py:545} INFO - Filling up the DagBag from /home/airflow/.local/lib/python3.12/site-packages/airflow/example_dags/example_xcomargs.py
[2025-05-30T12:17:34.642+0000] {processor.py:840} INFO - DAG(s) 'example_xcom_args_with_operators', 'example_xcom_args' retrieved from /home/airflow/.local/lib/python3.12/site-packages/airflow/example_dags/example_xcomargs.py
[2025-05-30T12:17:34.671+0000] {logging_mixin.py:188} INFO - [2025-05-30T12:17:34.671+0000] {dag.py:3096} INFO - Sync 2 DAGs
[2025-05-30T12:17:34.688+0000] {logging_mixin.py:188} INFO - [2025-05-30T12:17:34.688+0000] {dag.py:3954} INFO - Setting next_dagrun for example_xcom_args to None, run_after=None
[2025-05-30T12:17:34.693+0000] {logging_mixin.py:188} INFO - [2025-05-30T12:17:34.693+0000] {dag.py:3954} INFO - Setting next_dagrun for example_xcom_args_with_operators to None, run_after=None
[2025-05-30T12:17:34.715+0000] {processor.py:183} INFO - Processing /home/airflow/.local/lib/python3.12/site-packages/airflow/example_dags/example_xcomargs.py took 0.094 seconds
[2025-05-30T12:18:05.646+0000] {processor.py:161} INFO - Started process (PID=196) to work on /home/airflow/.local/lib/python3.12/site-packages/airflow/example_dags/example_xcomargs.py
[2025-05-30T12:18:05.647+0000] {processor.py:830} INFO - Processing file /home/airflow/.local/lib/python3.12/site-packages/airflow/example_dags/example_xcomargs.py for tasks to queue
[2025-05-30T12:18:05.650+0000] {logging_mixin.py:188} INFO - [2025-05-30T12:18:05.649+0000] {dagbag.py:545} INFO - Filling up the DagBag from /home/airflow/.local/lib/python3.12/site-packages/airflow/example_dags/example_xcomargs.py
[2025-05-30T12:18:05.662+0000] {processor.py:840} INFO - DAG(s) 'example_xcom_args_with_operators', 'example_xcom_args' retrieved from /home/airflow/.local/lib/python3.12/site-packages/airflow/example_dags/example_xcomargs.py
[2025-05-30T12:18:05.695+0000] {logging_mixin.py:188} INFO - [2025-05-30T12:18:05.695+0000] {dag.py:3096} INFO - Sync 2 DAGs
[2025-05-30T12:18:05.712+0000] {logging_mixin.py:188} INFO - [2025-05-30T12:18:05.712+0000] {dag.py:3954} INFO - Setting next_dagrun for example_xcom_args to None, run_after=None
[2025-05-30T12:18:05.717+0000] {logging_mixin.py:188} INFO - [2025-05-30T12:18:05.716+0000] {dag.py:3954} INFO - Setting next_dagrun for example_xcom_args_with_operators to None, run_after=None
[2025-05-30T12:18:05.737+0000] {processor.py:183} INFO - Processing /home/airflow/.local/lib/python3.12/site-packages/airflow/example_dags/example_xcomargs.py took 0.098 seconds
[2025-05-30T12:18:36.827+0000] {processor.py:161} INFO - Started process (PID=253) to work on /home/airflow/.local/lib/python3.12/site-packages/airflow/example_dags/example_xcomargs.py
[2025-05-30T12:18:36.829+0000] {processor.py:830} INFO - Processing file /home/airflow/.local/lib/python3.12/site-packages/airflow/example_dags/example_xcomargs.py for tasks to queue
[2025-05-30T12:18:36.831+0000] {logging_mixin.py:188} INFO - [2025-05-30T12:18:36.831+0000] {dagbag.py:545} INFO - Filling up the DagBag from /home/airflow/.local/lib/python3.12/site-packages/airflow/example_dags/example_xcomargs.py
[2025-05-30T12:18:36.841+0000] {processor.py:840} INFO - DAG(s) 'example_xcom_args', 'example_xcom_args_with_operators' retrieved from /home/airflow/.local/lib/python3.12/site-packages/airflow/example_dags/example_xcomargs.py
[2025-05-30T12:18:36.873+0000] {logging_mixin.py:188} INFO - [2025-05-30T12:18:36.872+0000] {dag.py:3096} INFO - Sync 2 DAGs
[2025-05-30T12:18:36.890+0000] {logging_mixin.py:188} INFO - [2025-05-30T12:18:36.890+0000] {dag.py:3954} INFO - Setting next_dagrun for example_xcom_args to None, run_after=None
[2025-05-30T12:18:36.895+0000] {logging_mixin.py:188} INFO - [2025-05-30T12:18:36.895+0000] {dag.py:3954} INFO - Setting next_dagrun for example_xcom_args_with_operators to None, run_after=None
[2025-05-30T12:18:36.917+0000] {processor.py:183} INFO - Processing /home/airflow/.local/lib/python3.12/site-packages/airflow/example_dags/example_xcomargs.py took 0.096 seconds
[2025-05-30T12:19:07.346+0000] {processor.py:161} INFO - Started process (PID=312) to work on /home/airflow/.local/lib/python3.12/site-packages/airflow/example_dags/example_xcomargs.py
[2025-05-30T12:19:07.348+0000] {processor.py:830} INFO - Processing file /home/airflow/.local/lib/python3.12/site-packages/airflow/example_dags/example_xcomargs.py for tasks to queue
[2025-05-30T12:19:07.350+0000] {logging_mixin.py:188} INFO - [2025-05-30T12:19:07.350+0000] {dagbag.py:545} INFO - Filling up the DagBag from /home/airflow/.local/lib/python3.12/site-packages/airflow/example_dags/example_xcomargs.py
[2025-05-30T12:19:07.363+0000] {processor.py:840} INFO - DAG(s) 'example_xcom_args', 'example_xcom_args_with_operators' retrieved from /home/airflow/.local/lib/python3.12/site-packages/airflow/example_dags/example_xcomargs.py
[2025-05-30T12:19:07.401+0000] {logging_mixin.py:188} INFO - [2025-05-30T12:19:07.400+0000] {dag.py:3096} INFO - Sync 2 DAGs
[2025-05-30T12:19:07.422+0000] {logging_mixin.py:188} INFO - [2025-05-30T12:19:07.421+0000] {dag.py:3954} INFO - Setting next_dagrun for example_xcom_args to None, run_after=None
[2025-05-30T12:19:07.428+0000] {logging_mixin.py:188} INFO - [2025-05-30T12:19:07.427+0000] {dag.py:3954} INFO - Setting next_dagrun for example_xcom_args_with_operators to None, run_after=None
[2025-05-30T12:19:07.453+0000] {processor.py:183} INFO - Processing /home/airflow/.local/lib/python3.12/site-packages/airflow/example_dags/example_xcomargs.py took 0.116 seconds
