[2025-05-30T12:17:01.987+0000] {processor.py:161} INFO - Started process (PID=64) to work on /home/airflow/.local/lib/python3.12/site-packages/airflow/example_dags/example_sla_dag.py
[2025-05-30T12:17:01.988+0000] {processor.py:830} INFO - Processing file /home/airflow/.local/lib/python3.12/site-packages/airflow/example_dags/example_sla_dag.py for tasks to queue
[2025-05-30T12:17:01.990+0000] {logging_mixin.py:188} INFO - [2025-05-30T12:17:01.990+0000] {dagbag.py:545} INFO - Filling up the DagBag from /home/airflow/.local/lib/python3.12/site-packages/airflow/example_dags/example_sla_dag.py
[2025-05-30T12:17:02.004+0000] {processor.py:840} INFO - DAG(s) 'example_sla_dag' retrieved from /home/airflow/.local/lib/python3.12/site-packages/airflow/example_dags/example_sla_dag.py
[2025-05-30T12:17:02.146+0000] {logging_mixin.py:188} INFO - [2025-05-30T12:17:02.145+0000] {override.py:1829} INFO - Created Permission View: can read on DAG:example_sla_dag
[2025-05-30T12:17:02.159+0000] {logging_mixin.py:188} INFO - [2025-05-30T12:17:02.159+0000] {override.py:1829} INFO - Created Permission View: can edit on DAG:example_sla_dag
[2025-05-30T12:17:02.167+0000] {logging_mixin.py:188} INFO - [2025-05-30T12:17:02.167+0000] {override.py:1829} INFO - Created Permission View: can delete on DAG:example_sla_dag
[2025-05-30T12:17:02.168+0000] {logging_mixin.py:188} INFO - [2025-05-30T12:17:02.168+0000] {dag.py:3096} INFO - Sync 1 DAGs
[2025-05-30T12:17:02.182+0000] {logging_mixin.py:188} INFO - [2025-05-30T12:17:02.181+0000] {dag.py:3118} INFO - Creating ORM DAG for example_sla_dag
[2025-05-30T12:17:02.197+0000] {logging_mixin.py:188} INFO - [2025-05-30T12:17:02.197+0000] {dag.py:3954} INFO - Setting next_dagrun for example_sla_dag to 2025-05-30 12:14:00+00:00, run_after=2025-05-30 12:16:00+00:00
[2025-05-30T12:17:02.217+0000] {processor.py:183} INFO - Processing /home/airflow/.local/lib/python3.12/site-packages/airflow/example_dags/example_sla_dag.py took 0.236 seconds
[2025-05-30T12:17:32.915+0000] {processor.py:161} INFO - Started process (PID=121) to work on /home/airflow/.local/lib/python3.12/site-packages/airflow/example_dags/example_sla_dag.py
[2025-05-30T12:17:32.916+0000] {processor.py:830} INFO - Processing file /home/airflow/.local/lib/python3.12/site-packages/airflow/example_dags/example_sla_dag.py for tasks to queue
[2025-05-30T12:17:32.918+0000] {logging_mixin.py:188} INFO - [2025-05-30T12:17:32.918+0000] {dagbag.py:545} INFO - Filling up the DagBag from /home/airflow/.local/lib/python3.12/site-packages/airflow/example_dags/example_sla_dag.py
[2025-05-30T12:17:32.930+0000] {processor.py:840} INFO - DAG(s) 'example_sla_dag' retrieved from /home/airflow/.local/lib/python3.12/site-packages/airflow/example_dags/example_sla_dag.py
[2025-05-30T12:17:32.954+0000] {logging_mixin.py:188} INFO - [2025-05-30T12:17:32.954+0000] {dag.py:3096} INFO - Sync 1 DAGs
[2025-05-30T12:17:32.990+0000] {logging_mixin.py:188} INFO - [2025-05-30T12:17:32.990+0000] {dag.py:3954} INFO - Setting next_dagrun for example_sla_dag to 2025-05-30 12:14:00+00:00, run_after=2025-05-30 12:16:00+00:00
[2025-05-30T12:17:33.013+0000] {processor.py:183} INFO - Processing /home/airflow/.local/lib/python3.12/site-packages/airflow/example_dags/example_sla_dag.py took 0.105 seconds
[2025-05-30T12:18:03.690+0000] {processor.py:161} INFO - Started process (PID=179) to work on /home/airflow/.local/lib/python3.12/site-packages/airflow/example_dags/example_sla_dag.py
[2025-05-30T12:18:03.692+0000] {processor.py:830} INFO - Processing file /home/airflow/.local/lib/python3.12/site-packages/airflow/example_dags/example_sla_dag.py for tasks to queue
[2025-05-30T12:18:03.695+0000] {logging_mixin.py:188} INFO - [2025-05-30T12:18:03.695+0000] {dagbag.py:545} INFO - Filling up the DagBag from /home/airflow/.local/lib/python3.12/site-packages/airflow/example_dags/example_sla_dag.py
[2025-05-30T12:18:03.714+0000] {processor.py:840} INFO - DAG(s) 'example_sla_dag' retrieved from /home/airflow/.local/lib/python3.12/site-packages/airflow/example_dags/example_sla_dag.py
[2025-05-30T12:18:03.751+0000] {logging_mixin.py:188} INFO - [2025-05-30T12:18:03.751+0000] {dag.py:3096} INFO - Sync 1 DAGs
[2025-05-30T12:18:03.801+0000] {logging_mixin.py:188} INFO - [2025-05-30T12:18:03.801+0000] {dag.py:3954} INFO - Setting next_dagrun for example_sla_dag to 2025-05-30 12:16:00+00:00, run_after=2025-05-30 12:18:00+00:00
[2025-05-30T12:18:03.828+0000] {processor.py:183} INFO - Processing /home/airflow/.local/lib/python3.12/site-packages/airflow/example_dags/example_sla_dag.py took 0.150 seconds
[2025-05-30T12:18:34.004+0000] {processor.py:161} INFO - Started process (PID=243) to work on /home/airflow/.local/lib/python3.12/site-packages/airflow/example_dags/example_sla_dag.py
[2025-05-30T12:18:34.006+0000] {processor.py:830} INFO - Processing file /home/airflow/.local/lib/python3.12/site-packages/airflow/example_dags/example_sla_dag.py for tasks to queue
[2025-05-30T12:18:34.008+0000] {logging_mixin.py:188} INFO - [2025-05-30T12:18:34.008+0000] {dagbag.py:545} INFO - Filling up the DagBag from /home/airflow/.local/lib/python3.12/site-packages/airflow/example_dags/example_sla_dag.py
[2025-05-30T12:18:34.020+0000] {processor.py:840} INFO - DAG(s) 'example_sla_dag' retrieved from /home/airflow/.local/lib/python3.12/site-packages/airflow/example_dags/example_sla_dag.py
[2025-05-30T12:18:34.045+0000] {logging_mixin.py:188} INFO - [2025-05-30T12:18:34.045+0000] {dag.py:3096} INFO - Sync 1 DAGs
[2025-05-30T12:18:34.081+0000] {logging_mixin.py:188} INFO - [2025-05-30T12:18:34.081+0000] {dag.py:3954} INFO - Setting next_dagrun for example_sla_dag to 2025-05-30 12:16:00+00:00, run_after=2025-05-30 12:18:00+00:00
[2025-05-30T12:18:34.107+0000] {processor.py:183} INFO - Processing /home/airflow/.local/lib/python3.12/site-packages/airflow/example_dags/example_sla_dag.py took 0.113 seconds
[2025-05-30T12:19:04.538+0000] {processor.py:161} INFO - Started process (PID=302) to work on /home/airflow/.local/lib/python3.12/site-packages/airflow/example_dags/example_sla_dag.py
[2025-05-30T12:19:04.540+0000] {processor.py:830} INFO - Processing file /home/airflow/.local/lib/python3.12/site-packages/airflow/example_dags/example_sla_dag.py for tasks to queue
[2025-05-30T12:19:04.545+0000] {logging_mixin.py:188} INFO - [2025-05-30T12:19:04.544+0000] {dagbag.py:545} INFO - Filling up the DagBag from /home/airflow/.local/lib/python3.12/site-packages/airflow/example_dags/example_sla_dag.py
[2025-05-30T12:19:04.567+0000] {processor.py:840} INFO - DAG(s) 'example_sla_dag' retrieved from /home/airflow/.local/lib/python3.12/site-packages/airflow/example_dags/example_sla_dag.py
[2025-05-30T12:19:04.632+0000] {logging_mixin.py:188} INFO - [2025-05-30T12:19:04.631+0000] {dag.py:3096} INFO - Sync 1 DAGs
[2025-05-30T12:19:04.685+0000] {logging_mixin.py:188} INFO - [2025-05-30T12:19:04.685+0000] {dag.py:3954} INFO - Setting next_dagrun for example_sla_dag to 2025-05-30 12:16:00+00:00, run_after=2025-05-30 12:18:00+00:00
[2025-05-30T12:19:04.714+0000] {processor.py:183} INFO - Processing /home/airflow/.local/lib/python3.12/site-packages/airflow/example_dags/example_sla_dag.py took 0.194 seconds
