[2025-05-30T12:17:00.569+0000] {processor.py:161} INFO - Started process (PID=53) to work on /home/airflow/.local/lib/python3.12/site-packages/airflow/example_dags/example_sensors.py
[2025-05-30T12:17:00.570+0000] {processor.py:830} INFO - Processing file /home/airflow/.local/lib/python3.12/site-packages/airflow/example_dags/example_sensors.py for tasks to queue
[2025-05-30T12:17:00.572+0000] {logging_mixin.py:188} INFO - [2025-05-30T12:17:00.571+0000] {dagbag.py:545} INFO - Filling up the DagBag from /home/airflow/.local/lib/python3.12/site-packages/airflow/example_dags/example_sensors.py
[2025-05-30T12:17:00.585+0000] {processor.py:840} INFO - DAG(s) 'example_sensors' retrieved from /home/airflow/.local/lib/python3.12/site-packages/airflow/example_dags/example_sensors.py
[2025-05-30T12:17:00.718+0000] {logging_mixin.py:188} INFO - [2025-05-30T12:17:00.717+0000] {override.py:1829} INFO - Created Permission View: can read on DAG:example_sensors
[2025-05-30T12:17:00.729+0000] {logging_mixin.py:188} INFO - [2025-05-30T12:17:00.729+0000] {override.py:1829} INFO - Created Permission View: can edit on DAG:example_sensors
[2025-05-30T12:17:00.738+0000] {logging_mixin.py:188} INFO - [2025-05-30T12:17:00.738+0000] {override.py:1829} INFO - Created Permission View: can delete on DAG:example_sensors
[2025-05-30T12:17:00.739+0000] {logging_mixin.py:188} INFO - [2025-05-30T12:17:00.738+0000] {dag.py:3096} INFO - Sync 1 DAGs
[2025-05-30T12:17:00.755+0000] {logging_mixin.py:188} INFO - [2025-05-30T12:17:00.754+0000] {dag.py:3118} INFO - Creating ORM DAG for example_sensors
[2025-05-30T12:17:00.755+0000] {logging_mixin.py:188} INFO - [2025-05-30T12:17:00.755+0000] {dag.py:3954} INFO - Setting next_dagrun for example_sensors to None, run_after=None
[2025-05-30T12:17:00.776+0000] {processor.py:183} INFO - Processing /home/airflow/.local/lib/python3.12/site-packages/airflow/example_dags/example_sensors.py took 0.213 seconds
[2025-05-30T12:17:31.246+0000] {processor.py:161} INFO - Started process (PID=110) to work on /home/airflow/.local/lib/python3.12/site-packages/airflow/example_dags/example_sensors.py
[2025-05-30T12:17:31.247+0000] {processor.py:830} INFO - Processing file /home/airflow/.local/lib/python3.12/site-packages/airflow/example_dags/example_sensors.py for tasks to queue
[2025-05-30T12:17:31.249+0000] {logging_mixin.py:188} INFO - [2025-05-30T12:17:31.249+0000] {dagbag.py:545} INFO - Filling up the DagBag from /home/airflow/.local/lib/python3.12/site-packages/airflow/example_dags/example_sensors.py
[2025-05-30T12:17:31.260+0000] {processor.py:840} INFO - DAG(s) 'example_sensors' retrieved from /home/airflow/.local/lib/python3.12/site-packages/airflow/example_dags/example_sensors.py
[2025-05-30T12:17:31.293+0000] {logging_mixin.py:188} INFO - [2025-05-30T12:17:31.293+0000] {dag.py:3096} INFO - Sync 1 DAGs
[2025-05-30T12:17:31.312+0000] {logging_mixin.py:188} INFO - [2025-05-30T12:17:31.311+0000] {dag.py:3954} INFO - Setting next_dagrun for example_sensors to None, run_after=None
[2025-05-30T12:17:31.339+0000] {processor.py:183} INFO - Processing /home/airflow/.local/lib/python3.12/site-packages/airflow/example_dags/example_sensors.py took 0.100 seconds
[2025-05-30T12:18:01.694+0000] {processor.py:161} INFO - Started process (PID=168) to work on /home/airflow/.local/lib/python3.12/site-packages/airflow/example_dags/example_sensors.py
[2025-05-30T12:18:01.696+0000] {processor.py:830} INFO - Processing file /home/airflow/.local/lib/python3.12/site-packages/airflow/example_dags/example_sensors.py for tasks to queue
[2025-05-30T12:18:01.698+0000] {logging_mixin.py:188} INFO - [2025-05-30T12:18:01.698+0000] {dagbag.py:545} INFO - Filling up the DagBag from /home/airflow/.local/lib/python3.12/site-packages/airflow/example_dags/example_sensors.py
[2025-05-30T12:18:01.716+0000] {processor.py:840} INFO - DAG(s) 'example_sensors' retrieved from /home/airflow/.local/lib/python3.12/site-packages/airflow/example_dags/example_sensors.py
[2025-05-30T12:18:01.761+0000] {logging_mixin.py:188} INFO - [2025-05-30T12:18:01.761+0000] {dag.py:3096} INFO - Sync 1 DAGs
[2025-05-30T12:18:01.784+0000] {logging_mixin.py:188} INFO - [2025-05-30T12:18:01.784+0000] {dag.py:3954} INFO - Setting next_dagrun for example_sensors to None, run_after=None
[2025-05-30T12:18:01.820+0000] {processor.py:183} INFO - Processing /home/airflow/.local/lib/python3.12/site-packages/airflow/example_dags/example_sensors.py took 0.136 seconds
[2025-05-30T12:18:32.067+0000] {processor.py:161} INFO - Started process (PID=227) to work on /home/airflow/.local/lib/python3.12/site-packages/airflow/example_dags/example_sensors.py
[2025-05-30T12:18:32.068+0000] {processor.py:830} INFO - Processing file /home/airflow/.local/lib/python3.12/site-packages/airflow/example_dags/example_sensors.py for tasks to queue
[2025-05-30T12:18:32.071+0000] {logging_mixin.py:188} INFO - [2025-05-30T12:18:32.070+0000] {dagbag.py:545} INFO - Filling up the DagBag from /home/airflow/.local/lib/python3.12/site-packages/airflow/example_dags/example_sensors.py
[2025-05-30T12:18:32.084+0000] {processor.py:840} INFO - DAG(s) 'example_sensors' retrieved from /home/airflow/.local/lib/python3.12/site-packages/airflow/example_dags/example_sensors.py
[2025-05-30T12:18:32.121+0000] {logging_mixin.py:188} INFO - [2025-05-30T12:18:32.121+0000] {dag.py:3096} INFO - Sync 1 DAGs
[2025-05-30T12:18:32.140+0000] {logging_mixin.py:188} INFO - [2025-05-30T12:18:32.140+0000] {dag.py:3954} INFO - Setting next_dagrun for example_sensors to None, run_after=None
[2025-05-30T12:18:32.168+0000] {processor.py:183} INFO - Processing /home/airflow/.local/lib/python3.12/site-packages/airflow/example_dags/example_sensors.py took 0.108 seconds
[2025-05-30T12:19:02.535+0000] {processor.py:161} INFO - Started process (PID=284) to work on /home/airflow/.local/lib/python3.12/site-packages/airflow/example_dags/example_sensors.py
[2025-05-30T12:19:02.539+0000] {processor.py:830} INFO - Processing file /home/airflow/.local/lib/python3.12/site-packages/airflow/example_dags/example_sensors.py for tasks to queue
[2025-05-30T12:19:02.542+0000] {logging_mixin.py:188} INFO - [2025-05-30T12:19:02.541+0000] {dagbag.py:545} INFO - Filling up the DagBag from /home/airflow/.local/lib/python3.12/site-packages/airflow/example_dags/example_sensors.py
[2025-05-30T12:19:02.560+0000] {processor.py:840} INFO - DAG(s) 'example_sensors' retrieved from /home/airflow/.local/lib/python3.12/site-packages/airflow/example_dags/example_sensors.py
[2025-05-30T12:19:02.603+0000] {logging_mixin.py:188} INFO - [2025-05-30T12:19:02.603+0000] {dag.py:3096} INFO - Sync 1 DAGs
[2025-05-30T12:19:02.630+0000] {logging_mixin.py:188} INFO - [2025-05-30T12:19:02.629+0000] {dag.py:3954} INFO - Setting next_dagrun for example_sensors to None, run_after=None
[2025-05-30T12:19:02.667+0000] {processor.py:183} INFO - Processing /home/airflow/.local/lib/python3.12/site-packages/airflow/example_dags/example_sensors.py took 0.142 seconds
