[2025-05-30T12:16:57.537+0000] {processor.py:161} INFO - Started process (PID=37) to work on /home/airflow/.local/lib/python3.12/site-packages/airflow/example_dags/example_dag_decorator.py
[2025-05-30T12:16:57.539+0000] {processor.py:830} INFO - Processing file /home/airflow/.local/lib/python3.12/site-packages/airflow/example_dags/example_dag_decorator.py for tasks to queue
[2025-05-30T12:16:57.541+0000] {logging_mixin.py:188} INFO - [2025-05-30T12:16:57.541+0000] {dagbag.py:545} INFO - Filling up the DagBag from /home/airflow/.local/lib/python3.12/site-packages/airflow/example_dags/example_dag_decorator.py
[2025-05-30T12:16:58.165+0000] {processor.py:840} INFO - DAG(s) 'example_dag_decorator' retrieved from /home/airflow/.local/lib/python3.12/site-packages/airflow/example_dags/example_dag_decorator.py
[2025-05-30T12:16:58.368+0000] {logging_mixin.py:188} INFO - [2025-05-30T12:16:58.367+0000] {override.py:1829} INFO - Created Permission View: can read on DAG:example_dag_decorator
[2025-05-30T12:16:58.382+0000] {logging_mixin.py:188} INFO - [2025-05-30T12:16:58.382+0000] {override.py:1829} INFO - Created Permission View: can edit on DAG:example_dag_decorator
[2025-05-30T12:16:58.392+0000] {logging_mixin.py:188} INFO - [2025-05-30T12:16:58.391+0000] {override.py:1829} INFO - Created Permission View: can delete on DAG:example_dag_decorator
[2025-05-30T12:16:58.393+0000] {logging_mixin.py:188} INFO - [2025-05-30T12:16:58.392+0000] {dag.py:3096} INFO - Sync 1 DAGs
[2025-05-30T12:16:58.410+0000] {logging_mixin.py:188} INFO - [2025-05-30T12:16:58.409+0000] {dag.py:3118} INFO - Creating ORM DAG for example_dag_decorator
[2025-05-30T12:16:58.411+0000] {logging_mixin.py:188} INFO - [2025-05-30T12:16:58.410+0000] {dag.py:3954} INFO - Setting next_dagrun for example_dag_decorator to None, run_after=None
[2025-05-30T12:16:58.435+0000] {processor.py:183} INFO - Processing /home/airflow/.local/lib/python3.12/site-packages/airflow/example_dags/example_dag_decorator.py took 0.905 seconds
[2025-05-30T12:17:28.674+0000] {processor.py:161} INFO - Started process (PID=94) to work on /home/airflow/.local/lib/python3.12/site-packages/airflow/example_dags/example_dag_decorator.py
[2025-05-30T12:17:28.676+0000] {processor.py:830} INFO - Processing file /home/airflow/.local/lib/python3.12/site-packages/airflow/example_dags/example_dag_decorator.py for tasks to queue
[2025-05-30T12:17:28.682+0000] {logging_mixin.py:188} INFO - [2025-05-30T12:17:28.681+0000] {dagbag.py:545} INFO - Filling up the DagBag from /home/airflow/.local/lib/python3.12/site-packages/airflow/example_dags/example_dag_decorator.py
[2025-05-30T12:17:28.817+0000] {processor.py:840} INFO - DAG(s) 'example_dag_decorator' retrieved from /home/airflow/.local/lib/python3.12/site-packages/airflow/example_dags/example_dag_decorator.py
[2025-05-30T12:17:28.929+0000] {logging_mixin.py:188} INFO - [2025-05-30T12:17:28.929+0000] {dag.py:3096} INFO - Sync 1 DAGs
[2025-05-30T12:17:28.942+0000] {logging_mixin.py:188} INFO - [2025-05-30T12:17:28.941+0000] {dag.py:3954} INFO - Setting next_dagrun for example_dag_decorator to None, run_after=None
[2025-05-30T12:17:29.185+0000] {processor.py:183} INFO - Processing /home/airflow/.local/lib/python3.12/site-packages/airflow/example_dags/example_dag_decorator.py took 0.532 seconds
[2025-05-30T12:17:59.265+0000] {processor.py:161} INFO - Started process (PID=152) to work on /home/airflow/.local/lib/python3.12/site-packages/airflow/example_dags/example_dag_decorator.py
[2025-05-30T12:17:59.267+0000] {processor.py:830} INFO - Processing file /home/airflow/.local/lib/python3.12/site-packages/airflow/example_dags/example_dag_decorator.py for tasks to queue
[2025-05-30T12:17:59.270+0000] {logging_mixin.py:188} INFO - [2025-05-30T12:17:59.270+0000] {dagbag.py:545} INFO - Filling up the DagBag from /home/airflow/.local/lib/python3.12/site-packages/airflow/example_dags/example_dag_decorator.py
[2025-05-30T12:17:59.407+0000] {processor.py:840} INFO - DAG(s) 'example_dag_decorator' retrieved from /home/airflow/.local/lib/python3.12/site-packages/airflow/example_dags/example_dag_decorator.py
[2025-05-30T12:17:59.535+0000] {logging_mixin.py:188} INFO - [2025-05-30T12:17:59.535+0000] {dag.py:3096} INFO - Sync 1 DAGs
[2025-05-30T12:17:59.548+0000] {logging_mixin.py:188} INFO - [2025-05-30T12:17:59.547+0000] {dag.py:3954} INFO - Setting next_dagrun for example_dag_decorator to None, run_after=None
[2025-05-30T12:17:59.573+0000] {processor.py:183} INFO - Processing /home/airflow/.local/lib/python3.12/site-packages/airflow/example_dags/example_dag_decorator.py took 0.319 seconds
[2025-05-30T12:18:29.734+0000] {processor.py:161} INFO - Started process (PID=211) to work on /home/airflow/.local/lib/python3.12/site-packages/airflow/example_dags/example_dag_decorator.py
[2025-05-30T12:18:29.738+0000] {processor.py:830} INFO - Processing file /home/airflow/.local/lib/python3.12/site-packages/airflow/example_dags/example_dag_decorator.py for tasks to queue
[2025-05-30T12:18:29.744+0000] {logging_mixin.py:188} INFO - [2025-05-30T12:18:29.743+0000] {dagbag.py:545} INFO - Filling up the DagBag from /home/airflow/.local/lib/python3.12/site-packages/airflow/example_dags/example_dag_decorator.py
[2025-05-30T12:18:29.902+0000] {processor.py:840} INFO - DAG(s) 'example_dag_decorator' retrieved from /home/airflow/.local/lib/python3.12/site-packages/airflow/example_dags/example_dag_decorator.py
[2025-05-30T12:18:30.050+0000] {logging_mixin.py:188} INFO - [2025-05-30T12:18:30.050+0000] {dag.py:3096} INFO - Sync 1 DAGs
[2025-05-30T12:18:30.067+0000] {logging_mixin.py:188} INFO - [2025-05-30T12:18:30.067+0000] {dag.py:3954} INFO - Setting next_dagrun for example_dag_decorator to None, run_after=None
[2025-05-30T12:18:30.095+0000] {processor.py:183} INFO - Processing /home/airflow/.local/lib/python3.12/site-packages/airflow/example_dags/example_dag_decorator.py took 0.382 seconds
[2025-05-30T12:19:00.662+0000] {processor.py:161} INFO - Started process (PID=268) to work on /home/airflow/.local/lib/python3.12/site-packages/airflow/example_dags/example_dag_decorator.py
[2025-05-30T12:19:00.664+0000] {processor.py:830} INFO - Processing file /home/airflow/.local/lib/python3.12/site-packages/airflow/example_dags/example_dag_decorator.py for tasks to queue
[2025-05-30T12:19:00.666+0000] {logging_mixin.py:188} INFO - [2025-05-30T12:19:00.666+0000] {dagbag.py:545} INFO - Filling up the DagBag from /home/airflow/.local/lib/python3.12/site-packages/airflow/example_dags/example_dag_decorator.py
[2025-05-30T12:19:00.886+0000] {processor.py:840} INFO - DAG(s) 'example_dag_decorator' retrieved from /home/airflow/.local/lib/python3.12/site-packages/airflow/example_dags/example_dag_decorator.py
[2025-05-30T12:19:01.122+0000] {logging_mixin.py:188} INFO - [2025-05-30T12:19:01.121+0000] {dag.py:3096} INFO - Sync 1 DAGs
[2025-05-30T12:19:01.150+0000] {logging_mixin.py:188} INFO - [2025-05-30T12:19:01.150+0000] {dag.py:3954} INFO - Setting next_dagrun for example_dag_decorator to None, run_after=None
[2025-05-30T12:19:01.197+0000] {processor.py:183} INFO - Processing /home/airflow/.local/lib/python3.12/site-packages/airflow/example_dags/example_dag_decorator.py took 0.543 seconds
