[2025-05-30T12:17:00.197+0000] {processor.py:161} INFO - Started process (PID=50) to work on /home/airflow/.local/lib/python3.12/site-packages/airflow/example_dags/example_latest_only_with_trigger.py
[2025-05-30T12:17:00.198+0000] {processor.py:830} INFO - Processing file /home/airflow/.local/lib/python3.12/site-packages/airflow/example_dags/example_latest_only_with_trigger.py for tasks to queue
[2025-05-30T12:17:00.200+0000] {logging_mixin.py:188} INFO - [2025-05-30T12:17:00.200+0000] {dagbag.py:545} INFO - Filling up the DagBag from /home/airflow/.local/lib/python3.12/site-packages/airflow/example_dags/example_latest_only_with_trigger.py
[2025-05-30T12:17:00.209+0000] {processor.py:840} INFO - DAG(s) 'latest_only_with_trigger' retrieved from /home/airflow/.local/lib/python3.12/site-packages/airflow/example_dags/example_latest_only_with_trigger.py
[2025-05-30T12:17:00.420+0000] {logging_mixin.py:188} INFO - [2025-05-30T12:17:00.419+0000] {override.py:1829} INFO - Created Permission View: can read on DAG:latest_only_with_trigger
[2025-05-30T12:17:00.440+0000] {logging_mixin.py:188} INFO - [2025-05-30T12:17:00.440+0000] {override.py:1829} INFO - Created Permission View: can edit on DAG:latest_only_with_trigger
[2025-05-30T12:17:00.450+0000] {logging_mixin.py:188} INFO - [2025-05-30T12:17:00.450+0000] {override.py:1829} INFO - Created Permission View: can delete on DAG:latest_only_with_trigger
[2025-05-30T12:17:00.451+0000] {logging_mixin.py:188} INFO - [2025-05-30T12:17:00.451+0000] {dag.py:3096} INFO - Sync 1 DAGs
[2025-05-30T12:17:00.468+0000] {logging_mixin.py:188} INFO - [2025-05-30T12:17:00.468+0000] {dag.py:3118} INFO - Creating ORM DAG for latest_only_with_trigger
[2025-05-30T12:17:00.480+0000] {logging_mixin.py:188} INFO - [2025-05-30T12:17:00.480+0000] {dag.py:3954} INFO - Setting next_dagrun for latest_only_with_trigger to 2025-05-30 08:00:00+00:00, run_after=2025-05-30 12:00:00+00:00
[2025-05-30T12:17:00.498+0000] {processor.py:183} INFO - Processing /home/airflow/.local/lib/python3.12/site-packages/airflow/example_dags/example_latest_only_with_trigger.py took 0.310 seconds
[2025-05-30T12:17:31.104+0000] {processor.py:161} INFO - Started process (PID=107) to work on /home/airflow/.local/lib/python3.12/site-packages/airflow/example_dags/example_latest_only_with_trigger.py
[2025-05-30T12:17:31.104+0000] {processor.py:830} INFO - Processing file /home/airflow/.local/lib/python3.12/site-packages/airflow/example_dags/example_latest_only_with_trigger.py for tasks to queue
[2025-05-30T12:17:31.107+0000] {logging_mixin.py:188} INFO - [2025-05-30T12:17:31.106+0000] {dagbag.py:545} INFO - Filling up the DagBag from /home/airflow/.local/lib/python3.12/site-packages/airflow/example_dags/example_latest_only_with_trigger.py
[2025-05-30T12:17:31.113+0000] {processor.py:840} INFO - DAG(s) 'latest_only_with_trigger' retrieved from /home/airflow/.local/lib/python3.12/site-packages/airflow/example_dags/example_latest_only_with_trigger.py
[2025-05-30T12:17:31.139+0000] {logging_mixin.py:188} INFO - [2025-05-30T12:17:31.139+0000] {dag.py:3096} INFO - Sync 1 DAGs
[2025-05-30T12:17:31.167+0000] {logging_mixin.py:188} INFO - [2025-05-30T12:17:31.167+0000] {dag.py:3954} INFO - Setting next_dagrun for latest_only_with_trigger to 2025-05-30 08:00:00+00:00, run_after=2025-05-30 12:00:00+00:00
[2025-05-30T12:17:31.190+0000] {processor.py:183} INFO - Processing /home/airflow/.local/lib/python3.12/site-packages/airflow/example_dags/example_latest_only_with_trigger.py took 0.093 seconds
[2025-05-30T12:18:01.451+0000] {processor.py:161} INFO - Started process (PID=165) to work on /home/airflow/.local/lib/python3.12/site-packages/airflow/example_dags/example_latest_only_with_trigger.py
[2025-05-30T12:18:01.453+0000] {processor.py:830} INFO - Processing file /home/airflow/.local/lib/python3.12/site-packages/airflow/example_dags/example_latest_only_with_trigger.py for tasks to queue
[2025-05-30T12:18:01.457+0000] {logging_mixin.py:188} INFO - [2025-05-30T12:18:01.457+0000] {dagbag.py:545} INFO - Filling up the DagBag from /home/airflow/.local/lib/python3.12/site-packages/airflow/example_dags/example_latest_only_with_trigger.py
[2025-05-30T12:18:01.474+0000] {processor.py:840} INFO - DAG(s) 'latest_only_with_trigger' retrieved from /home/airflow/.local/lib/python3.12/site-packages/airflow/example_dags/example_latest_only_with_trigger.py
[2025-05-30T12:18:01.521+0000] {logging_mixin.py:188} INFO - [2025-05-30T12:18:01.520+0000] {dag.py:3096} INFO - Sync 1 DAGs
[2025-05-30T12:18:01.567+0000] {logging_mixin.py:188} INFO - [2025-05-30T12:18:01.567+0000] {dag.py:3954} INFO - Setting next_dagrun for latest_only_with_trigger to 2025-05-30 08:00:00+00:00, run_after=2025-05-30 12:00:00+00:00
[2025-05-30T12:18:01.607+0000] {processor.py:183} INFO - Processing /home/airflow/.local/lib/python3.12/site-packages/airflow/example_dags/example_latest_only_with_trigger.py took 0.171 seconds
[2025-05-30T12:18:31.896+0000] {processor.py:161} INFO - Started process (PID=224) to work on /home/airflow/.local/lib/python3.12/site-packages/airflow/example_dags/example_latest_only_with_trigger.py
[2025-05-30T12:18:31.898+0000] {processor.py:830} INFO - Processing file /home/airflow/.local/lib/python3.12/site-packages/airflow/example_dags/example_latest_only_with_trigger.py for tasks to queue
[2025-05-30T12:18:31.901+0000] {logging_mixin.py:188} INFO - [2025-05-30T12:18:31.900+0000] {dagbag.py:545} INFO - Filling up the DagBag from /home/airflow/.local/lib/python3.12/site-packages/airflow/example_dags/example_latest_only_with_trigger.py
[2025-05-30T12:18:31.909+0000] {processor.py:840} INFO - DAG(s) 'latest_only_with_trigger' retrieved from /home/airflow/.local/lib/python3.12/site-packages/airflow/example_dags/example_latest_only_with_trigger.py
[2025-05-30T12:18:31.943+0000] {logging_mixin.py:188} INFO - [2025-05-30T12:18:31.943+0000] {dag.py:3096} INFO - Sync 1 DAGs
[2025-05-30T12:18:31.980+0000] {logging_mixin.py:188} INFO - [2025-05-30T12:18:31.980+0000] {dag.py:3954} INFO - Setting next_dagrun for latest_only_with_trigger to 2025-05-30 08:00:00+00:00, run_after=2025-05-30 12:00:00+00:00
[2025-05-30T12:18:32.008+0000] {processor.py:183} INFO - Processing /home/airflow/.local/lib/python3.12/site-packages/airflow/example_dags/example_latest_only_with_trigger.py took 0.120 seconds
[2025-05-30T12:19:02.223+0000] {processor.py:161} INFO - Started process (PID=281) to work on /home/airflow/.local/lib/python3.12/site-packages/airflow/example_dags/example_latest_only_with_trigger.py
[2025-05-30T12:19:02.224+0000] {processor.py:830} INFO - Processing file /home/airflow/.local/lib/python3.12/site-packages/airflow/example_dags/example_latest_only_with_trigger.py for tasks to queue
[2025-05-30T12:19:02.227+0000] {logging_mixin.py:188} INFO - [2025-05-30T12:19:02.227+0000] {dagbag.py:545} INFO - Filling up the DagBag from /home/airflow/.local/lib/python3.12/site-packages/airflow/example_dags/example_latest_only_with_trigger.py
[2025-05-30T12:19:02.238+0000] {processor.py:840} INFO - DAG(s) 'latest_only_with_trigger' retrieved from /home/airflow/.local/lib/python3.12/site-packages/airflow/example_dags/example_latest_only_with_trigger.py
[2025-05-30T12:19:02.273+0000] {logging_mixin.py:188} INFO - [2025-05-30T12:19:02.273+0000] {dag.py:3096} INFO - Sync 1 DAGs
[2025-05-30T12:19:02.316+0000] {logging_mixin.py:188} INFO - [2025-05-30T12:19:02.315+0000] {dag.py:3954} INFO - Setting next_dagrun for latest_only_with_trigger to 2025-05-30 08:00:00+00:00, run_after=2025-05-30 12:00:00+00:00
[2025-05-30T12:19:02.350+0000] {processor.py:183} INFO - Processing /home/airflow/.local/lib/python3.12/site-packages/airflow/example_dags/example_latest_only_with_trigger.py took 0.139 seconds
