[2025-05-30T12:17:01.902+0000] {processor.py:161} INFO - Started process (PID=63) to work on /home/airflow/.local/lib/python3.12/site-packages/airflow/example_dags/tutorial_dag.py
[2025-05-30T12:17:01.903+0000] {processor.py:830} INFO - Processing file /home/airflow/.local/lib/python3.12/site-packages/airflow/example_dags/tutorial_dag.py for tasks to queue
[2025-05-30T12:17:01.904+0000] {logging_mixin.py:188} INFO - [2025-05-30T12:17:01.904+0000] {dagbag.py:545} INFO - Filling up the DagBag from /home/airflow/.local/lib/python3.12/site-packages/airflow/example_dags/tutorial_dag.py
[2025-05-30T12:17:01.911+0000] {processor.py:840} INFO - DAG(s) 'tutorial_dag' retrieved from /home/airflow/.local/lib/python3.12/site-packages/airflow/example_dags/tutorial_dag.py
[2025-05-30T12:17:02.058+0000] {logging_mixin.py:188} INFO - [2025-05-30T12:17:02.057+0000] {override.py:1829} INFO - Created Permission View: can read on DAG:tutorial_dag
[2025-05-30T12:17:02.071+0000] {logging_mixin.py:188} INFO - [2025-05-30T12:17:02.070+0000] {override.py:1829} INFO - Created Permission View: can edit on DAG:tutorial_dag
[2025-05-30T12:17:02.079+0000] {logging_mixin.py:188} INFO - [2025-05-30T12:17:02.078+0000] {override.py:1829} INFO - Created Permission View: can delete on DAG:tutorial_dag
[2025-05-30T12:17:02.079+0000] {logging_mixin.py:188} INFO - [2025-05-30T12:17:02.079+0000] {dag.py:3096} INFO - Sync 1 DAGs
[2025-05-30T12:17:02.093+0000] {logging_mixin.py:188} INFO - [2025-05-30T12:17:02.092+0000] {dag.py:3118} INFO - Creating ORM DAG for tutorial_dag
[2025-05-30T12:17:02.094+0000] {logging_mixin.py:188} INFO - [2025-05-30T12:17:02.093+0000] {dag.py:3954} INFO - Setting next_dagrun for tutorial_dag to None, run_after=None
[2025-05-30T12:17:02.114+0000] {processor.py:183} INFO - Processing /home/airflow/.local/lib/python3.12/site-packages/airflow/example_dags/tutorial_dag.py took 0.218 seconds
[2025-05-30T12:17:32.899+0000] {processor.py:161} INFO - Started process (PID=120) to work on /home/airflow/.local/lib/python3.12/site-packages/airflow/example_dags/tutorial_dag.py
[2025-05-30T12:17:32.900+0000] {processor.py:830} INFO - Processing file /home/airflow/.local/lib/python3.12/site-packages/airflow/example_dags/tutorial_dag.py for tasks to queue
[2025-05-30T12:17:32.902+0000] {logging_mixin.py:188} INFO - [2025-05-30T12:17:32.902+0000] {dagbag.py:545} INFO - Filling up the DagBag from /home/airflow/.local/lib/python3.12/site-packages/airflow/example_dags/tutorial_dag.py
[2025-05-30T12:17:32.909+0000] {processor.py:840} INFO - DAG(s) 'tutorial_dag' retrieved from /home/airflow/.local/lib/python3.12/site-packages/airflow/example_dags/tutorial_dag.py
[2025-05-30T12:17:32.935+0000] {logging_mixin.py:188} INFO - [2025-05-30T12:17:32.934+0000] {dag.py:3096} INFO - Sync 1 DAGs
[2025-05-30T12:17:32.952+0000] {logging_mixin.py:188} INFO - [2025-05-30T12:17:32.951+0000] {dag.py:3954} INFO - Setting next_dagrun for tutorial_dag to None, run_after=None
[2025-05-30T12:17:32.978+0000] {processor.py:183} INFO - Processing /home/airflow/.local/lib/python3.12/site-packages/airflow/example_dags/tutorial_dag.py took 0.086 seconds
[2025-05-30T12:18:03.666+0000] {processor.py:161} INFO - Started process (PID=178) to work on /home/airflow/.local/lib/python3.12/site-packages/airflow/example_dags/tutorial_dag.py
[2025-05-30T12:18:03.668+0000] {processor.py:830} INFO - Processing file /home/airflow/.local/lib/python3.12/site-packages/airflow/example_dags/tutorial_dag.py for tasks to queue
[2025-05-30T12:18:03.671+0000] {logging_mixin.py:188} INFO - [2025-05-30T12:18:03.670+0000] {dagbag.py:545} INFO - Filling up the DagBag from /home/airflow/.local/lib/python3.12/site-packages/airflow/example_dags/tutorial_dag.py
[2025-05-30T12:18:03.678+0000] {processor.py:840} INFO - DAG(s) 'tutorial_dag' retrieved from /home/airflow/.local/lib/python3.12/site-packages/airflow/example_dags/tutorial_dag.py
[2025-05-30T12:18:03.718+0000] {logging_mixin.py:188} INFO - [2025-05-30T12:18:03.717+0000] {dag.py:3096} INFO - Sync 1 DAGs
[2025-05-30T12:18:03.748+0000] {logging_mixin.py:188} INFO - [2025-05-30T12:18:03.748+0000] {dag.py:3954} INFO - Setting next_dagrun for tutorial_dag to None, run_after=None
[2025-05-30T12:18:03.787+0000] {processor.py:183} INFO - Processing /home/airflow/.local/lib/python3.12/site-packages/airflow/example_dags/tutorial_dag.py took 0.130 seconds
[2025-05-30T12:18:33.981+0000] {processor.py:161} INFO - Started process (PID=242) to work on /home/airflow/.local/lib/python3.12/site-packages/airflow/example_dags/tutorial_dag.py
[2025-05-30T12:18:33.983+0000] {processor.py:830} INFO - Processing file /home/airflow/.local/lib/python3.12/site-packages/airflow/example_dags/tutorial_dag.py for tasks to queue
[2025-05-30T12:18:33.985+0000] {logging_mixin.py:188} INFO - [2025-05-30T12:18:33.985+0000] {dagbag.py:545} INFO - Filling up the DagBag from /home/airflow/.local/lib/python3.12/site-packages/airflow/example_dags/tutorial_dag.py
[2025-05-30T12:18:33.992+0000] {processor.py:840} INFO - DAG(s) 'tutorial_dag' retrieved from /home/airflow/.local/lib/python3.12/site-packages/airflow/example_dags/tutorial_dag.py
[2025-05-30T12:18:34.020+0000] {logging_mixin.py:188} INFO - [2025-05-30T12:18:34.020+0000] {dag.py:3096} INFO - Sync 1 DAGs
[2025-05-30T12:18:34.039+0000] {logging_mixin.py:188} INFO - [2025-05-30T12:18:34.038+0000] {dag.py:3954} INFO - Setting next_dagrun for tutorial_dag to None, run_after=None
[2025-05-30T12:18:34.066+0000] {processor.py:183} INFO - Processing /home/airflow/.local/lib/python3.12/site-packages/airflow/example_dags/tutorial_dag.py took 0.092 seconds
[2025-05-30T12:19:04.511+0000] {processor.py:161} INFO - Started process (PID=301) to work on /home/airflow/.local/lib/python3.12/site-packages/airflow/example_dags/tutorial_dag.py
[2025-05-30T12:19:04.513+0000] {processor.py:830} INFO - Processing file /home/airflow/.local/lib/python3.12/site-packages/airflow/example_dags/tutorial_dag.py for tasks to queue
[2025-05-30T12:19:04.518+0000] {logging_mixin.py:188} INFO - [2025-05-30T12:19:04.517+0000] {dagbag.py:545} INFO - Filling up the DagBag from /home/airflow/.local/lib/python3.12/site-packages/airflow/example_dags/tutorial_dag.py
[2025-05-30T12:19:04.531+0000] {processor.py:840} INFO - DAG(s) 'tutorial_dag' retrieved from /home/airflow/.local/lib/python3.12/site-packages/airflow/example_dags/tutorial_dag.py
[2025-05-30T12:19:04.582+0000] {logging_mixin.py:188} INFO - [2025-05-30T12:19:04.581+0000] {dag.py:3096} INFO - Sync 1 DAGs
[2025-05-30T12:19:04.635+0000] {logging_mixin.py:188} INFO - [2025-05-30T12:19:04.634+0000] {dag.py:3954} INFO - Setting next_dagrun for tutorial_dag to None, run_after=None
[2025-05-30T12:19:04.677+0000] {processor.py:183} INFO - Processing /home/airflow/.local/lib/python3.12/site-packages/airflow/example_dags/tutorial_dag.py took 0.180 seconds
