[2025-05-30T12:16:59.112+0000] {processor.py:161} INFO - Started process (PID=44) to work on /home/airflow/.local/lib/python3.12/site-packages/airflow/example_dags/tutorial.py
[2025-05-30T12:16:59.114+0000] {processor.py:830} INFO - Processing file /home/airflow/.local/lib/python3.12/site-packages/airflow/example_dags/tutorial.py for tasks to queue
[2025-05-30T12:16:59.117+0000] {logging_mixin.py:188} INFO - [2025-05-30T12:16:59.116+0000] {dagbag.py:545} INFO - Filling up the DagBag from /home/airflow/.local/lib/python3.12/site-packages/airflow/example_dags/tutorial.py
[2025-05-30T12:16:59.126+0000] {processor.py:840} INFO - DAG(s) 'tutorial' retrieved from /home/airflow/.local/lib/python3.12/site-packages/airflow/example_dags/tutorial.py
[2025-05-30T12:16:59.305+0000] {logging_mixin.py:188} INFO - [2025-05-30T12:16:59.304+0000] {override.py:1829} INFO - Created Permission View: can read on DAG:tutorial
[2025-05-30T12:16:59.324+0000] {logging_mixin.py:188} INFO - [2025-05-30T12:16:59.323+0000] {override.py:1829} INFO - Created Permission View: can edit on DAG:tutorial
[2025-05-30T12:16:59.336+0000] {logging_mixin.py:188} INFO - [2025-05-30T12:16:59.336+0000] {override.py:1829} INFO - Created Permission View: can delete on DAG:tutorial
[2025-05-30T12:16:59.337+0000] {logging_mixin.py:188} INFO - [2025-05-30T12:16:59.337+0000] {dag.py:3096} INFO - Sync 1 DAGs
[2025-05-30T12:16:59.355+0000] {logging_mixin.py:188} INFO - [2025-05-30T12:16:59.355+0000] {dag.py:3118} INFO - Creating ORM DAG for tutorial
[2025-05-30T12:16:59.371+0000] {logging_mixin.py:188} INFO - [2025-05-30T12:16:59.371+0000] {dag.py:3954} INFO - Setting next_dagrun for tutorial to 2025-05-29 00:00:00+00:00, run_after=2025-05-30 00:00:00+00:00
[2025-05-30T12:16:59.395+0000] {processor.py:183} INFO - Processing /home/airflow/.local/lib/python3.12/site-packages/airflow/example_dags/tutorial.py took 0.292 seconds
[2025-05-30T12:17:29.691+0000] {processor.py:161} INFO - Started process (PID=101) to work on /home/airflow/.local/lib/python3.12/site-packages/airflow/example_dags/tutorial.py
[2025-05-30T12:17:29.692+0000] {processor.py:830} INFO - Processing file /home/airflow/.local/lib/python3.12/site-packages/airflow/example_dags/tutorial.py for tasks to queue
[2025-05-30T12:17:29.694+0000] {logging_mixin.py:188} INFO - [2025-05-30T12:17:29.694+0000] {dagbag.py:545} INFO - Filling up the DagBag from /home/airflow/.local/lib/python3.12/site-packages/airflow/example_dags/tutorial.py
[2025-05-30T12:17:29.701+0000] {processor.py:840} INFO - DAG(s) 'tutorial' retrieved from /home/airflow/.local/lib/python3.12/site-packages/airflow/example_dags/tutorial.py
[2025-05-30T12:17:29.726+0000] {logging_mixin.py:188} INFO - [2025-05-30T12:17:29.726+0000] {dag.py:3096} INFO - Sync 1 DAGs
[2025-05-30T12:17:29.756+0000] {logging_mixin.py:188} INFO - [2025-05-30T12:17:29.755+0000] {dag.py:3954} INFO - Setting next_dagrun for tutorial to 2025-05-29 00:00:00+00:00, run_after=2025-05-30 00:00:00+00:00
[2025-05-30T12:17:29.779+0000] {processor.py:183} INFO - Processing /home/airflow/.local/lib/python3.12/site-packages/airflow/example_dags/tutorial.py took 0.095 seconds
[2025-05-30T12:17:59.826+0000] {processor.py:161} INFO - Started process (PID=159) to work on /home/airflow/.local/lib/python3.12/site-packages/airflow/example_dags/tutorial.py
[2025-05-30T12:17:59.827+0000] {processor.py:830} INFO - Processing file /home/airflow/.local/lib/python3.12/site-packages/airflow/example_dags/tutorial.py for tasks to queue
[2025-05-30T12:17:59.829+0000] {logging_mixin.py:188} INFO - [2025-05-30T12:17:59.829+0000] {dagbag.py:545} INFO - Filling up the DagBag from /home/airflow/.local/lib/python3.12/site-packages/airflow/example_dags/tutorial.py
[2025-05-30T12:17:59.837+0000] {processor.py:840} INFO - DAG(s) 'tutorial' retrieved from /home/airflow/.local/lib/python3.12/site-packages/airflow/example_dags/tutorial.py
[2025-05-30T12:17:59.864+0000] {logging_mixin.py:188} INFO - [2025-05-30T12:17:59.864+0000] {dag.py:3096} INFO - Sync 1 DAGs
[2025-05-30T12:17:59.895+0000] {logging_mixin.py:188} INFO - [2025-05-30T12:17:59.895+0000] {dag.py:3954} INFO - Setting next_dagrun for tutorial to 2025-05-29 00:00:00+00:00, run_after=2025-05-30 00:00:00+00:00
[2025-05-30T12:17:59.920+0000] {processor.py:183} INFO - Processing /home/airflow/.local/lib/python3.12/site-packages/airflow/example_dags/tutorial.py took 0.102 seconds
[2025-05-30T12:18:30.370+0000] {processor.py:161} INFO - Started process (PID=218) to work on /home/airflow/.local/lib/python3.12/site-packages/airflow/example_dags/tutorial.py
[2025-05-30T12:18:30.372+0000] {processor.py:830} INFO - Processing file /home/airflow/.local/lib/python3.12/site-packages/airflow/example_dags/tutorial.py for tasks to queue
[2025-05-30T12:18:30.374+0000] {logging_mixin.py:188} INFO - [2025-05-30T12:18:30.373+0000] {dagbag.py:545} INFO - Filling up the DagBag from /home/airflow/.local/lib/python3.12/site-packages/airflow/example_dags/tutorial.py
[2025-05-30T12:18:30.383+0000] {processor.py:840} INFO - DAG(s) 'tutorial' retrieved from /home/airflow/.local/lib/python3.12/site-packages/airflow/example_dags/tutorial.py
[2025-05-30T12:18:30.412+0000] {logging_mixin.py:188} INFO - [2025-05-30T12:18:30.411+0000] {dag.py:3096} INFO - Sync 1 DAGs
[2025-05-30T12:18:30.444+0000] {logging_mixin.py:188} INFO - [2025-05-30T12:18:30.443+0000] {dag.py:3954} INFO - Setting next_dagrun for tutorial to 2025-05-29 00:00:00+00:00, run_after=2025-05-30 00:00:00+00:00
[2025-05-30T12:18:30.470+0000] {processor.py:183} INFO - Processing /home/airflow/.local/lib/python3.12/site-packages/airflow/example_dags/tutorial.py took 0.107 seconds
[2025-05-30T12:19:01.605+0000] {processor.py:161} INFO - Started process (PID=275) to work on /home/airflow/.local/lib/python3.12/site-packages/airflow/example_dags/tutorial.py
[2025-05-30T12:19:01.607+0000] {processor.py:830} INFO - Processing file /home/airflow/.local/lib/python3.12/site-packages/airflow/example_dags/tutorial.py for tasks to queue
[2025-05-30T12:19:01.610+0000] {logging_mixin.py:188} INFO - [2025-05-30T12:19:01.610+0000] {dagbag.py:545} INFO - Filling up the DagBag from /home/airflow/.local/lib/python3.12/site-packages/airflow/example_dags/tutorial.py
[2025-05-30T12:19:01.620+0000] {processor.py:840} INFO - DAG(s) 'tutorial' retrieved from /home/airflow/.local/lib/python3.12/site-packages/airflow/example_dags/tutorial.py
[2025-05-30T12:19:01.660+0000] {logging_mixin.py:188} INFO - [2025-05-30T12:19:01.659+0000] {dag.py:3096} INFO - Sync 1 DAGs
[2025-05-30T12:19:01.700+0000] {logging_mixin.py:188} INFO - [2025-05-30T12:19:01.699+0000] {dag.py:3954} INFO - Setting next_dagrun for tutorial to 2025-05-29 00:00:00+00:00, run_after=2025-05-30 00:00:00+00:00
[2025-05-30T12:19:01.740+0000] {processor.py:183} INFO - Processing /home/airflow/.local/lib/python3.12/site-packages/airflow/example_dags/tutorial.py took 0.148 seconds
