[2025-05-30T12:17:02.983+0000] {processor.py:161} INFO - Started process (PID=70) to work on /home/airflow/.local/lib/python3.12/site-packages/airflow/example_dags/tutorial_objectstorage.py
[2025-05-30T12:17:02.984+0000] {processor.py:830} INFO - Processing file /home/airflow/.local/lib/python3.12/site-packages/airflow/example_dags/tutorial_objectstorage.py for tasks to queue
[2025-05-30T12:17:02.986+0000] {logging_mixin.py:188} INFO - [2025-05-30T12:17:02.986+0000] {dagbag.py:545} INFO - Filling up the DagBag from /home/airflow/.local/lib/python3.12/site-packages/airflow/example_dags/tutorial_objectstorage.py
[2025-05-30T12:17:02.998+0000] {processor.py:840} INFO - DAG(s) 'tutorial_objectstorage' retrieved from /home/airflow/.local/lib/python3.12/site-packages/airflow/example_dags/tutorial_objectstorage.py
[2025-05-30T12:17:03.114+0000] {logging_mixin.py:188} INFO - [2025-05-30T12:17:03.113+0000] {override.py:1829} INFO - Created Permission View: can read on DAG:tutorial_objectstorage
[2025-05-30T12:17:03.125+0000] {logging_mixin.py:188} INFO - [2025-05-30T12:17:03.125+0000] {override.py:1829} INFO - Created Permission View: can edit on DAG:tutorial_objectstorage
[2025-05-30T12:17:03.135+0000] {logging_mixin.py:188} INFO - [2025-05-30T12:17:03.135+0000] {override.py:1829} INFO - Created Permission View: can delete on DAG:tutorial_objectstorage
[2025-05-30T12:17:03.136+0000] {logging_mixin.py:188} INFO - [2025-05-30T12:17:03.135+0000] {dag.py:3096} INFO - Sync 1 DAGs
[2025-05-30T12:17:03.150+0000] {logging_mixin.py:188} INFO - [2025-05-30T12:17:03.150+0000] {dag.py:3118} INFO - Creating ORM DAG for tutorial_objectstorage
[2025-05-30T12:17:03.151+0000] {logging_mixin.py:188} INFO - [2025-05-30T12:17:03.151+0000] {dag.py:3954} INFO - Setting next_dagrun for tutorial_objectstorage to None, run_after=None
[2025-05-30T12:17:03.172+0000] {processor.py:183} INFO - Processing /home/airflow/.local/lib/python3.12/site-packages/airflow/example_dags/tutorial_objectstorage.py took 0.194 seconds
[2025-05-30T12:17:33.271+0000] {processor.py:161} INFO - Started process (PID=127) to work on /home/airflow/.local/lib/python3.12/site-packages/airflow/example_dags/tutorial_objectstorage.py
[2025-05-30T12:17:33.272+0000] {processor.py:830} INFO - Processing file /home/airflow/.local/lib/python3.12/site-packages/airflow/example_dags/tutorial_objectstorage.py for tasks to queue
[2025-05-30T12:17:33.274+0000] {logging_mixin.py:188} INFO - [2025-05-30T12:17:33.274+0000] {dagbag.py:545} INFO - Filling up the DagBag from /home/airflow/.local/lib/python3.12/site-packages/airflow/example_dags/tutorial_objectstorage.py
[2025-05-30T12:17:33.282+0000] {processor.py:840} INFO - DAG(s) 'tutorial_objectstorage' retrieved from /home/airflow/.local/lib/python3.12/site-packages/airflow/example_dags/tutorial_objectstorage.py
[2025-05-30T12:17:33.306+0000] {logging_mixin.py:188} INFO - [2025-05-30T12:17:33.306+0000] {dag.py:3096} INFO - Sync 1 DAGs
[2025-05-30T12:17:33.322+0000] {logging_mixin.py:188} INFO - [2025-05-30T12:17:33.322+0000] {dag.py:3954} INFO - Setting next_dagrun for tutorial_objectstorage to None, run_after=None
[2025-05-30T12:17:33.345+0000] {processor.py:183} INFO - Processing /home/airflow/.local/lib/python3.12/site-packages/airflow/example_dags/tutorial_objectstorage.py took 0.081 seconds
[2025-05-30T12:18:04.118+0000] {processor.py:161} INFO - Started process (PID=192) to work on /home/airflow/.local/lib/python3.12/site-packages/airflow/example_dags/tutorial_objectstorage.py
[2025-05-30T12:18:04.119+0000] {processor.py:830} INFO - Processing file /home/airflow/.local/lib/python3.12/site-packages/airflow/example_dags/tutorial_objectstorage.py for tasks to queue
[2025-05-30T12:18:04.122+0000] {logging_mixin.py:188} INFO - [2025-05-30T12:18:04.121+0000] {dagbag.py:545} INFO - Filling up the DagBag from /home/airflow/.local/lib/python3.12/site-packages/airflow/example_dags/tutorial_objectstorage.py
[2025-05-30T12:18:04.133+0000] {processor.py:840} INFO - DAG(s) 'tutorial_objectstorage' retrieved from /home/airflow/.local/lib/python3.12/site-packages/airflow/example_dags/tutorial_objectstorage.py
[2025-05-30T12:18:04.160+0000] {logging_mixin.py:188} INFO - [2025-05-30T12:18:04.159+0000] {dag.py:3096} INFO - Sync 1 DAGs
[2025-05-30T12:18:04.180+0000] {logging_mixin.py:188} INFO - [2025-05-30T12:18:04.180+0000] {dag.py:3954} INFO - Setting next_dagrun for tutorial_objectstorage to None, run_after=None
[2025-05-30T12:18:04.208+0000] {processor.py:183} INFO - Processing /home/airflow/.local/lib/python3.12/site-packages/airflow/example_dags/tutorial_objectstorage.py took 0.098 seconds
[2025-05-30T12:18:34.388+0000] {processor.py:161} INFO - Started process (PID=249) to work on /home/airflow/.local/lib/python3.12/site-packages/airflow/example_dags/tutorial_objectstorage.py
[2025-05-30T12:18:34.389+0000] {processor.py:830} INFO - Processing file /home/airflow/.local/lib/python3.12/site-packages/airflow/example_dags/tutorial_objectstorage.py for tasks to queue
[2025-05-30T12:18:34.391+0000] {logging_mixin.py:188} INFO - [2025-05-30T12:18:34.391+0000] {dagbag.py:545} INFO - Filling up the DagBag from /home/airflow/.local/lib/python3.12/site-packages/airflow/example_dags/tutorial_objectstorage.py
[2025-05-30T12:18:34.401+0000] {processor.py:840} INFO - DAG(s) 'tutorial_objectstorage' retrieved from /home/airflow/.local/lib/python3.12/site-packages/airflow/example_dags/tutorial_objectstorage.py
[2025-05-30T12:18:34.427+0000] {logging_mixin.py:188} INFO - [2025-05-30T12:18:34.427+0000] {dag.py:3096} INFO - Sync 1 DAGs
[2025-05-30T12:18:34.447+0000] {logging_mixin.py:188} INFO - [2025-05-30T12:18:34.446+0000] {dag.py:3954} INFO - Setting next_dagrun for tutorial_objectstorage to None, run_after=None
[2025-05-30T12:18:34.472+0000] {processor.py:183} INFO - Processing /home/airflow/.local/lib/python3.12/site-packages/airflow/example_dags/tutorial_objectstorage.py took 0.092 seconds
[2025-05-30T12:19:05.019+0000] {processor.py:161} INFO - Started process (PID=308) to work on /home/airflow/.local/lib/python3.12/site-packages/airflow/example_dags/tutorial_objectstorage.py
[2025-05-30T12:19:05.020+0000] {processor.py:830} INFO - Processing file /home/airflow/.local/lib/python3.12/site-packages/airflow/example_dags/tutorial_objectstorage.py for tasks to queue
[2025-05-30T12:19:05.022+0000] {logging_mixin.py:188} INFO - [2025-05-30T12:19:05.021+0000] {dagbag.py:545} INFO - Filling up the DagBag from /home/airflow/.local/lib/python3.12/site-packages/airflow/example_dags/tutorial_objectstorage.py
[2025-05-30T12:19:05.030+0000] {processor.py:840} INFO - DAG(s) 'tutorial_objectstorage' retrieved from /home/airflow/.local/lib/python3.12/site-packages/airflow/example_dags/tutorial_objectstorage.py
[2025-05-30T12:19:05.054+0000] {logging_mixin.py:188} INFO - [2025-05-30T12:19:05.054+0000] {dag.py:3096} INFO - Sync 1 DAGs
[2025-05-30T12:19:05.070+0000] {logging_mixin.py:188} INFO - [2025-05-30T12:19:05.070+0000] {dag.py:3954} INFO - Setting next_dagrun for tutorial_objectstorage to None, run_after=None
[2025-05-30T12:19:05.093+0000] {processor.py:183} INFO - Processing /home/airflow/.local/lib/python3.12/site-packages/airflow/example_dags/tutorial_objectstorage.py took 0.082 seconds
