[2025-05-30T12:17:03.753+0000] {processor.py:161} INFO - Started process (PID=80) to work on /home/airflow/.local/lib/python3.12/site-packages/airflow/example_dags/tutorial_taskflow_api.py
[2025-05-30T12:17:03.754+0000] {processor.py:830} INFO - Processing file /home/airflow/.local/lib/python3.12/site-packages/airflow/example_dags/tutorial_taskflow_api.py for tasks to queue
[2025-05-30T12:17:03.757+0000] {logging_mixin.py:188} INFO - [2025-05-30T12:17:03.756+0000] {dagbag.py:545} INFO - Filling up the DagBag from /home/airflow/.local/lib/python3.12/site-packages/airflow/example_dags/tutorial_taskflow_api.py
[2025-05-30T12:17:03.767+0000] {processor.py:840} INFO - DAG(s) 'tutorial_taskflow_api' retrieved from /home/airflow/.local/lib/python3.12/site-packages/airflow/example_dags/tutorial_taskflow_api.py
[2025-05-30T12:17:03.913+0000] {logging_mixin.py:188} INFO - [2025-05-30T12:17:03.912+0000] {override.py:1829} INFO - Created Permission View: can read on DAG:tutorial_taskflow_api
[2025-05-30T12:17:03.929+0000] {logging_mixin.py:188} INFO - [2025-05-30T12:17:03.928+0000] {override.py:1829} INFO - Created Permission View: can edit on DAG:tutorial_taskflow_api
[2025-05-30T12:17:03.939+0000] {logging_mixin.py:188} INFO - [2025-05-30T12:17:03.938+0000] {override.py:1829} INFO - Created Permission View: can delete on DAG:tutorial_taskflow_api
[2025-05-30T12:17:03.940+0000] {logging_mixin.py:188} INFO - [2025-05-30T12:17:03.939+0000] {dag.py:3096} INFO - Sync 1 DAGs
[2025-05-30T12:17:03.961+0000] {logging_mixin.py:188} INFO - [2025-05-30T12:17:03.961+0000] {dag.py:3118} INFO - Creating ORM DAG for tutorial_taskflow_api
[2025-05-30T12:17:03.962+0000] {logging_mixin.py:188} INFO - [2025-05-30T12:17:03.962+0000] {dag.py:3954} INFO - Setting next_dagrun for tutorial_taskflow_api to None, run_after=None
[2025-05-30T12:17:03.984+0000] {processor.py:183} INFO - Processing /home/airflow/.local/lib/python3.12/site-packages/airflow/example_dags/tutorial_taskflow_api.py took 0.240 seconds
[2025-05-30T12:17:34.633+0000] {processor.py:161} INFO - Started process (PID=138) to work on /home/airflow/.local/lib/python3.12/site-packages/airflow/example_dags/tutorial_taskflow_api.py
[2025-05-30T12:17:34.634+0000] {processor.py:830} INFO - Processing file /home/airflow/.local/lib/python3.12/site-packages/airflow/example_dags/tutorial_taskflow_api.py for tasks to queue
[2025-05-30T12:17:34.636+0000] {logging_mixin.py:188} INFO - [2025-05-30T12:17:34.636+0000] {dagbag.py:545} INFO - Filling up the DagBag from /home/airflow/.local/lib/python3.12/site-packages/airflow/example_dags/tutorial_taskflow_api.py
[2025-05-30T12:17:34.644+0000] {processor.py:840} INFO - DAG(s) 'tutorial_taskflow_api' retrieved from /home/airflow/.local/lib/python3.12/site-packages/airflow/example_dags/tutorial_taskflow_api.py
[2025-05-30T12:17:34.667+0000] {logging_mixin.py:188} INFO - [2025-05-30T12:17:34.667+0000] {dag.py:3096} INFO - Sync 1 DAGs
[2025-05-30T12:17:34.684+0000] {logging_mixin.py:188} INFO - [2025-05-30T12:17:34.683+0000] {dag.py:3954} INFO - Setting next_dagrun for tutorial_taskflow_api to None, run_after=None
[2025-05-30T12:17:34.709+0000] {processor.py:183} INFO - Processing /home/airflow/.local/lib/python3.12/site-packages/airflow/example_dags/tutorial_taskflow_api.py took 0.082 seconds
[2025-05-30T12:18:05.654+0000] {processor.py:161} INFO - Started process (PID=197) to work on /home/airflow/.local/lib/python3.12/site-packages/airflow/example_dags/tutorial_taskflow_api.py
[2025-05-30T12:18:05.655+0000] {processor.py:830} INFO - Processing file /home/airflow/.local/lib/python3.12/site-packages/airflow/example_dags/tutorial_taskflow_api.py for tasks to queue
[2025-05-30T12:18:05.658+0000] {logging_mixin.py:188} INFO - [2025-05-30T12:18:05.657+0000] {dagbag.py:545} INFO - Filling up the DagBag from /home/airflow/.local/lib/python3.12/site-packages/airflow/example_dags/tutorial_taskflow_api.py
[2025-05-30T12:18:05.667+0000] {processor.py:840} INFO - DAG(s) 'tutorial_taskflow_api' retrieved from /home/airflow/.local/lib/python3.12/site-packages/airflow/example_dags/tutorial_taskflow_api.py
[2025-05-30T12:18:05.694+0000] {logging_mixin.py:188} INFO - [2025-05-30T12:18:05.694+0000] {dag.py:3096} INFO - Sync 1 DAGs
[2025-05-30T12:18:05.711+0000] {logging_mixin.py:188} INFO - [2025-05-30T12:18:05.711+0000] {dag.py:3954} INFO - Setting next_dagrun for tutorial_taskflow_api to None, run_after=None
[2025-05-30T12:18:05.735+0000] {processor.py:183} INFO - Processing /home/airflow/.local/lib/python3.12/site-packages/airflow/example_dags/tutorial_taskflow_api.py took 0.089 seconds
[2025-05-30T12:18:36.834+0000] {processor.py:161} INFO - Started process (PID=254) to work on /home/airflow/.local/lib/python3.12/site-packages/airflow/example_dags/tutorial_taskflow_api.py
[2025-05-30T12:18:36.835+0000] {processor.py:830} INFO - Processing file /home/airflow/.local/lib/python3.12/site-packages/airflow/example_dags/tutorial_taskflow_api.py for tasks to queue
[2025-05-30T12:18:36.837+0000] {logging_mixin.py:188} INFO - [2025-05-30T12:18:36.837+0000] {dagbag.py:545} INFO - Filling up the DagBag from /home/airflow/.local/lib/python3.12/site-packages/airflow/example_dags/tutorial_taskflow_api.py
[2025-05-30T12:18:36.845+0000] {processor.py:840} INFO - DAG(s) 'tutorial_taskflow_api' retrieved from /home/airflow/.local/lib/python3.12/site-packages/airflow/example_dags/tutorial_taskflow_api.py
[2025-05-30T12:18:36.872+0000] {logging_mixin.py:188} INFO - [2025-05-30T12:18:36.872+0000] {dag.py:3096} INFO - Sync 1 DAGs
[2025-05-30T12:18:36.890+0000] {logging_mixin.py:188} INFO - [2025-05-30T12:18:36.890+0000] {dag.py:3954} INFO - Setting next_dagrun for tutorial_taskflow_api to None, run_after=None
[2025-05-30T12:18:36.917+0000] {processor.py:183} INFO - Processing /home/airflow/.local/lib/python3.12/site-packages/airflow/example_dags/tutorial_taskflow_api.py took 0.090 seconds
[2025-05-30T12:19:07.480+0000] {processor.py:161} INFO - Started process (PID=313) to work on /home/airflow/.local/lib/python3.12/site-packages/airflow/example_dags/tutorial_taskflow_api.py
[2025-05-30T12:19:07.482+0000] {processor.py:830} INFO - Processing file /home/airflow/.local/lib/python3.12/site-packages/airflow/example_dags/tutorial_taskflow_api.py for tasks to queue
[2025-05-30T12:19:07.484+0000] {logging_mixin.py:188} INFO - [2025-05-30T12:19:07.484+0000] {dagbag.py:545} INFO - Filling up the DagBag from /home/airflow/.local/lib/python3.12/site-packages/airflow/example_dags/tutorial_taskflow_api.py
[2025-05-30T12:19:07.493+0000] {processor.py:840} INFO - DAG(s) 'tutorial_taskflow_api' retrieved from /home/airflow/.local/lib/python3.12/site-packages/airflow/example_dags/tutorial_taskflow_api.py
[2025-05-30T12:19:07.523+0000] {logging_mixin.py:188} INFO - [2025-05-30T12:19:07.523+0000] {dag.py:3096} INFO - Sync 1 DAGs
[2025-05-30T12:19:07.545+0000] {logging_mixin.py:188} INFO - [2025-05-30T12:19:07.544+0000] {dag.py:3954} INFO - Setting next_dagrun for tutorial_taskflow_api to None, run_after=None
[2025-05-30T12:19:07.576+0000] {processor.py:183} INFO - Processing /home/airflow/.local/lib/python3.12/site-packages/airflow/example_dags/tutorial_taskflow_api.py took 0.104 seconds
