[2025-05-30T12:17:01.498+0000] {processor.py:161} INFO - Started process (PID=60) to work on /home/airflow/.local/lib/python3.12/site-packages/airflow/example_dags/tutorial_taskflow_api_virtualenv.py
[2025-05-30T12:17:01.499+0000] {processor.py:830} INFO - Processing file /home/airflow/.local/lib/python3.12/site-packages/airflow/example_dags/tutorial_taskflow_api_virtualenv.py for tasks to queue
[2025-05-30T12:17:01.501+0000] {logging_mixin.py:188} INFO - [2025-05-30T12:17:01.501+0000] {dagbag.py:545} INFO - Filling up the DagBag from /home/airflow/.local/lib/python3.12/site-packages/airflow/example_dags/tutorial_taskflow_api_virtualenv.py
[2025-05-30T12:17:01.516+0000] {processor.py:840} INFO - DAG(s) 'tutorial_taskflow_api_virtualenv' retrieved from /home/airflow/.local/lib/python3.12/site-packages/airflow/example_dags/tutorial_taskflow_api_virtualenv.py
[2025-05-30T12:17:01.651+0000] {logging_mixin.py:188} INFO - [2025-05-30T12:17:01.651+0000] {override.py:1829} INFO - Created Permission View: can read on DAG:tutorial_taskflow_api_virtualenv
[2025-05-30T12:17:01.663+0000] {logging_mixin.py:188} INFO - [2025-05-30T12:17:01.662+0000] {override.py:1829} INFO - Created Permission View: can edit on DAG:tutorial_taskflow_api_virtualenv
[2025-05-30T12:17:01.670+0000] {logging_mixin.py:188} INFO - [2025-05-30T12:17:01.670+0000] {override.py:1829} INFO - Created Permission View: can delete on DAG:tutorial_taskflow_api_virtualenv
[2025-05-30T12:17:01.671+0000] {logging_mixin.py:188} INFO - [2025-05-30T12:17:01.670+0000] {dag.py:3096} INFO - Sync 1 DAGs
[2025-05-30T12:17:01.684+0000] {logging_mixin.py:188} INFO - [2025-05-30T12:17:01.683+0000] {dag.py:3118} INFO - Creating ORM DAG for tutorial_taskflow_api_virtualenv
[2025-05-30T12:17:01.684+0000] {logging_mixin.py:188} INFO - [2025-05-30T12:17:01.684+0000] {dag.py:3954} INFO - Setting next_dagrun for tutorial_taskflow_api_virtualenv to None, run_after=None
[2025-05-30T12:17:01.702+0000] {processor.py:183} INFO - Processing /home/airflow/.local/lib/python3.12/site-packages/airflow/example_dags/tutorial_taskflow_api_virtualenv.py took 0.212 seconds
[2025-05-30T12:17:31.763+0000] {processor.py:161} INFO - Started process (PID=117) to work on /home/airflow/.local/lib/python3.12/site-packages/airflow/example_dags/tutorial_taskflow_api_virtualenv.py
[2025-05-30T12:17:31.764+0000] {processor.py:830} INFO - Processing file /home/airflow/.local/lib/python3.12/site-packages/airflow/example_dags/tutorial_taskflow_api_virtualenv.py for tasks to queue
[2025-05-30T12:17:31.766+0000] {logging_mixin.py:188} INFO - [2025-05-30T12:17:31.765+0000] {dagbag.py:545} INFO - Filling up the DagBag from /home/airflow/.local/lib/python3.12/site-packages/airflow/example_dags/tutorial_taskflow_api_virtualenv.py
[2025-05-30T12:17:31.778+0000] {processor.py:840} INFO - DAG(s) 'tutorial_taskflow_api_virtualenv' retrieved from /home/airflow/.local/lib/python3.12/site-packages/airflow/example_dags/tutorial_taskflow_api_virtualenv.py
[2025-05-30T12:17:31.801+0000] {logging_mixin.py:188} INFO - [2025-05-30T12:17:31.801+0000] {dag.py:3096} INFO - Sync 1 DAGs
[2025-05-30T12:17:31.817+0000] {logging_mixin.py:188} INFO - [2025-05-30T12:17:31.817+0000] {dag.py:3954} INFO - Setting next_dagrun for tutorial_taskflow_api_virtualenv to None, run_after=None
[2025-05-30T12:17:31.840+0000] {processor.py:183} INFO - Processing /home/airflow/.local/lib/python3.12/site-packages/airflow/example_dags/tutorial_taskflow_api_virtualenv.py took 0.084 seconds
[2025-05-30T12:18:02.373+0000] {processor.py:161} INFO - Started process (PID=175) to work on /home/airflow/.local/lib/python3.12/site-packages/airflow/example_dags/tutorial_taskflow_api_virtualenv.py
[2025-05-30T12:18:02.374+0000] {processor.py:830} INFO - Processing file /home/airflow/.local/lib/python3.12/site-packages/airflow/example_dags/tutorial_taskflow_api_virtualenv.py for tasks to queue
[2025-05-30T12:18:02.378+0000] {logging_mixin.py:188} INFO - [2025-05-30T12:18:02.377+0000] {dagbag.py:545} INFO - Filling up the DagBag from /home/airflow/.local/lib/python3.12/site-packages/airflow/example_dags/tutorial_taskflow_api_virtualenv.py
[2025-05-30T12:18:02.398+0000] {processor.py:840} INFO - DAG(s) 'tutorial_taskflow_api_virtualenv' retrieved from /home/airflow/.local/lib/python3.12/site-packages/airflow/example_dags/tutorial_taskflow_api_virtualenv.py
[2025-05-30T12:18:02.435+0000] {logging_mixin.py:188} INFO - [2025-05-30T12:18:02.434+0000] {dag.py:3096} INFO - Sync 1 DAGs
[2025-05-30T12:18:02.462+0000] {logging_mixin.py:188} INFO - [2025-05-30T12:18:02.462+0000] {dag.py:3954} INFO - Setting next_dagrun for tutorial_taskflow_api_virtualenv to None, run_after=None
[2025-05-30T12:18:02.496+0000] {processor.py:183} INFO - Processing /home/airflow/.local/lib/python3.12/site-packages/airflow/example_dags/tutorial_taskflow_api_virtualenv.py took 0.134 seconds
[2025-05-30T12:18:32.588+0000] {processor.py:161} INFO - Started process (PID=234) to work on /home/airflow/.local/lib/python3.12/site-packages/airflow/example_dags/tutorial_taskflow_api_virtualenv.py
[2025-05-30T12:18:32.589+0000] {processor.py:830} INFO - Processing file /home/airflow/.local/lib/python3.12/site-packages/airflow/example_dags/tutorial_taskflow_api_virtualenv.py for tasks to queue
[2025-05-30T12:18:32.592+0000] {logging_mixin.py:188} INFO - [2025-05-30T12:18:32.592+0000] {dagbag.py:545} INFO - Filling up the DagBag from /home/airflow/.local/lib/python3.12/site-packages/airflow/example_dags/tutorial_taskflow_api_virtualenv.py
[2025-05-30T12:18:32.608+0000] {processor.py:840} INFO - DAG(s) 'tutorial_taskflow_api_virtualenv' retrieved from /home/airflow/.local/lib/python3.12/site-packages/airflow/example_dags/tutorial_taskflow_api_virtualenv.py
[2025-05-30T12:18:32.638+0000] {logging_mixin.py:188} INFO - [2025-05-30T12:18:32.638+0000] {dag.py:3096} INFO - Sync 1 DAGs
[2025-05-30T12:18:32.658+0000] {logging_mixin.py:188} INFO - [2025-05-30T12:18:32.658+0000] {dag.py:3954} INFO - Setting next_dagrun for tutorial_taskflow_api_virtualenv to None, run_after=None
[2025-05-30T12:18:32.686+0000] {processor.py:183} INFO - Processing /home/airflow/.local/lib/python3.12/site-packages/airflow/example_dags/tutorial_taskflow_api_virtualenv.py took 0.108 seconds
[2025-05-30T12:19:03.095+0000] {processor.py:161} INFO - Started process (PID=291) to work on /home/airflow/.local/lib/python3.12/site-packages/airflow/example_dags/tutorial_taskflow_api_virtualenv.py
[2025-05-30T12:19:03.096+0000] {processor.py:830} INFO - Processing file /home/airflow/.local/lib/python3.12/site-packages/airflow/example_dags/tutorial_taskflow_api_virtualenv.py for tasks to queue
[2025-05-30T12:19:03.099+0000] {logging_mixin.py:188} INFO - [2025-05-30T12:19:03.098+0000] {dagbag.py:545} INFO - Filling up the DagBag from /home/airflow/.local/lib/python3.12/site-packages/airflow/example_dags/tutorial_taskflow_api_virtualenv.py
[2025-05-30T12:19:03.117+0000] {processor.py:840} INFO - DAG(s) 'tutorial_taskflow_api_virtualenv' retrieved from /home/airflow/.local/lib/python3.12/site-packages/airflow/example_dags/tutorial_taskflow_api_virtualenv.py
[2025-05-30T12:19:03.146+0000] {logging_mixin.py:188} INFO - [2025-05-30T12:19:03.146+0000] {dag.py:3096} INFO - Sync 1 DAGs
[2025-05-30T12:19:03.165+0000] {logging_mixin.py:188} INFO - [2025-05-30T12:19:03.165+0000] {dag.py:3954} INFO - Setting next_dagrun for tutorial_taskflow_api_virtualenv to None, run_after=None
[2025-05-30T12:19:03.193+0000] {processor.py:183} INFO - Processing /home/airflow/.local/lib/python3.12/site-packages/airflow/example_dags/tutorial_taskflow_api_virtualenv.py took 0.108 seconds
