[2025-05-25T12:37:41.371+0000] {local_task_job_runner.py:120} INFO - ::group::Pre task execution logs
[2025-05-25T12:37:41.395+0000] {taskinstance.py:2076} INFO - Dependencies all met for dep_context=non-requeueable deps ti=<TaskInstance: example_branch_operator.branching_venv scheduled__2025-05-24T00:00:00+00:00 [queued]>
[2025-05-25T12:37:41.405+0000] {taskinstance.py:2076} INFO - Dependencies all met for dep_context=requeueable deps ti=<TaskInstance: example_branch_operator.branching_venv scheduled__2025-05-24T00:00:00+00:00 [queued]>
[2025-05-25T12:37:41.405+0000] {taskinstance.py:2306} INFO - Starting attempt 1 of 1
[2025-05-25T12:37:41.419+0000] {taskinstance.py:2330} INFO - Executing <Task(BranchPythonVirtualenvOperator): branching_venv> on 2025-05-24 00:00:00+00:00
[2025-05-25T12:37:41.425+0000] {warnings.py:112} WARNING - /home/***/.local/lib/python3.12/site-packages/***/task/task_runner/standard_task_runner.py:61: DeprecationWarning: This process (pid=186) is multi-threaded, use of fork() may lead to deadlocks in the child.
  pid = os.fork()

[2025-05-25T12:37:41.427+0000] {standard_task_runner.py:63} INFO - Started process 191 to run task
[2025-05-25T12:37:41.427+0000] {standard_task_runner.py:90} INFO - Running: ['***', 'tasks', 'run', 'example_branch_operator', 'branching_venv', 'scheduled__2025-05-24T00:00:00+00:00', '--job-id', '16', '--raw', '--subdir', '/home/***/.local/lib/python3.12/site-packages/***/example_dags/example_branch_operator.py', '--cfg-path', '/tmp/tmp1g2z43zb']
[2025-05-25T12:37:41.430+0000] {standard_task_runner.py:91} INFO - Job 16: Subtask branching_venv
[2025-05-25T12:37:41.468+0000] {task_command.py:426} INFO - Running <TaskInstance: example_branch_operator.branching_venv scheduled__2025-05-24T00:00:00+00:00 [running]> on host af29f3c8a508
[2025-05-25T12:37:41.540+0000] {taskinstance.py:2648} INFO - Exporting env vars: AIRFLOW_CTX_DAG_OWNER='***' AIRFLOW_CTX_DAG_ID='example_branch_operator' AIRFLOW_CTX_TASK_ID='branching_venv' AIRFLOW_CTX_EXECUTION_DATE='2025-05-24T00:00:00+00:00' AIRFLOW_CTX_TRY_NUMBER='1' AIRFLOW_CTX_DAG_RUN_ID='scheduled__2025-05-24T00:00:00+00:00'
[2025-05-25T12:37:41.542+0000] {taskinstance.py:430} INFO - ::endgroup::
[2025-05-25T12:37:41.542+0000] {baseoperator.py:400} WARNING - BranchPythonVirtualenvOperator.execute cannot be called outside TaskInstance!
[2025-05-25T12:37:41.542+0000] {baseoperator.py:400} WARNING - BranchPythonVirtualenvOperator.execute cannot be called outside TaskInstance!
[2025-05-25T12:37:41.549+0000] {python.py:708} INFO - Python virtual environment will be cached in /tmp/venv-5ea997a7
[2025-05-25T12:37:48.300+0000] {python.py:720} INFO - Re-using cached Python virtual environment in /tmp/venv-5ea997a7
[2025-05-25T12:37:48.314+0000] {process_utils.py:183} INFO - Executing cmd: /tmp/venv-5ea997a7/bin/python /tmp/venv-call0egae9xl/script.py /tmp/venv-call0egae9xl/script.in /tmp/venv-call0egae9xl/script.out /tmp/venv-call0egae9xl/string_args.txt /tmp/venv-call0egae9xl/termination.log
[2025-05-25T12:37:48.315+0000] {process_utils.py:187} INFO - Output:
[2025-05-25T12:37:51.176+0000] {process_utils.py:191} INFO - Some numpy stuff: [0 1 2 3 4 5]
[2025-05-25T12:37:51.543+0000] {python.py:237} INFO - Done. Returned value was: venv_b
[2025-05-25T12:37:51.543+0000] {branch.py:36} INFO - Branch into venv_b
[2025-05-25T12:37:51.543+0000] {skipmixin.py:178} INFO - Following branch venv_b
[2025-05-25T12:37:51.584+0000] {skipmixin.py:246} INFO - Skipping tasks [('venv_d', -1), ('venv_a', -1), ('venv_c', -1)]
[2025-05-25T12:37:51.666+0000] {taskinstance.py:441} INFO - ::group::Post task execution logs
[2025-05-25T12:37:51.698+0000] {taskinstance.py:1206} INFO - Marking task as SUCCESS. dag_id=example_branch_operator, task_id=branching_venv, run_id=scheduled__2025-05-24T00:00:00+00:00, execution_date=20250524T000000, start_date=20250525T123741, end_date=20250525T123751
[2025-05-25T12:37:51.767+0000] {local_task_job_runner.py:240} INFO - Task exited with return code 0
[2025-05-25T12:37:51.799+0000] {taskinstance.py:3503} INFO - 1 downstream tasks scheduled from follow-on schedule check
[2025-05-25T12:37:51.800+0000] {local_task_job_runner.py:222} INFO - ::endgroup::
