[2025-05-25T12:37:23.343+0000] {local_task_job_runner.py:120} INFO - ::group::Pre task execution logs
[2025-05-25T12:37:23.368+0000] {taskinstance.py:2076} INFO - Dependencies all met for dep_context=non-requeueable deps ti=<TaskInstance: example_branch_operator.branching manual__2025-05-25T12:37:18.175203+00:00 [queued]>
[2025-05-25T12:37:23.375+0000] {taskinstance.py:2076} INFO - Dependencies all met for dep_context=requeueable deps ti=<TaskInstance: example_branch_operator.branching manual__2025-05-25T12:37:18.175203+00:00 [queued]>
[2025-05-25T12:37:23.376+0000] {taskinstance.py:2306} INFO - Starting attempt 1 of 1
[2025-05-25T12:37:23.389+0000] {taskinstance.py:2330} INFO - Executing <Task(BranchPythonOperator): branching> on 2025-05-25 12:37:18.175203+00:00
[2025-05-25T12:37:23.396+0000] {warnings.py:112} WARNING - /home/***/.local/lib/python3.12/site-packages/***/task/task_runner/standard_task_runner.py:61: DeprecationWarning: This process (pid=122) is multi-threaded, use of fork() may lead to deadlocks in the child.
  pid = os.fork()

[2025-05-25T12:37:23.407+0000] {standard_task_runner.py:63} INFO - Started process 126 to run task
[2025-05-25T12:37:23.404+0000] {standard_task_runner.py:90} INFO - Running: ['***', 'tasks', 'run', 'example_branch_operator', 'branching', 'manual__2025-05-25T12:37:18.175203+00:00', '--job-id', '7', '--raw', '--subdir', '/home/***/.local/lib/python3.12/site-packages/***/example_dags/example_branch_operator.py', '--cfg-path', '/tmp/tmpyh2le49p']
[2025-05-25T12:37:23.409+0000] {standard_task_runner.py:91} INFO - Job 7: Subtask branching
[2025-05-25T12:37:23.527+0000] {task_command.py:426} INFO - Running <TaskInstance: example_branch_operator.branching manual__2025-05-25T12:37:18.175203+00:00 [running]> on host af29f3c8a508
[2025-05-25T12:37:23.638+0000] {taskinstance.py:2648} INFO - Exporting env vars: AIRFLOW_CTX_DAG_OWNER='***' AIRFLOW_CTX_DAG_ID='example_branch_operator' AIRFLOW_CTX_TASK_ID='branching' AIRFLOW_CTX_EXECUTION_DATE='2025-05-25T12:37:18.175203+00:00' AIRFLOW_CTX_TRY_NUMBER='1' AIRFLOW_CTX_DAG_RUN_ID='manual__2025-05-25T12:37:18.175203+00:00'
[2025-05-25T12:37:23.652+0000] {taskinstance.py:430} INFO - ::endgroup::
[2025-05-25T12:37:23.652+0000] {baseoperator.py:400} WARNING - BranchPythonOperator.execute cannot be called outside TaskInstance!
[2025-05-25T12:37:23.653+0000] {python.py:237} INFO - Done. Returned value was: branch_a
[2025-05-25T12:37:23.653+0000] {branch.py:36} INFO - Branch into branch_a
[2025-05-25T12:37:23.653+0000] {skipmixin.py:178} INFO - Following branch branch_a
[2025-05-25T12:37:23.709+0000] {skipmixin.py:246} INFO - Skipping tasks [('branch_b', -1), ('branch_d', -1), ('branch_c', -1)]
[2025-05-25T12:37:23.749+0000] {taskinstance.py:441} INFO - ::group::Post task execution logs
[2025-05-25T12:37:23.771+0000] {taskinstance.py:1206} INFO - Marking task as SUCCESS. dag_id=example_branch_operator, task_id=branching, run_id=manual__2025-05-25T12:37:18.175203+00:00, execution_date=20250525T123718, start_date=20250525T123723, end_date=20250525T123723
[2025-05-25T12:37:23.822+0000] {local_task_job_runner.py:240} INFO - Task exited with return code 0
[2025-05-25T12:37:23.858+0000] {taskinstance.py:3503} INFO - 0 downstream tasks scheduled from follow-on schedule check
[2025-05-25T12:37:23.860+0000] {local_task_job_runner.py:222} INFO - ::endgroup::
