[2025-05-25T12:37:25.064+0000] {local_task_job_runner.py:120} INFO - ::group::Pre task execution logs
[2025-05-25T12:37:25.094+0000] {taskinstance.py:2076} INFO - Dependencies all met for dep_context=non-requeueable deps ti=<TaskInstance: example_branch_operator.branch_d scheduled__2025-05-24T00:00:00+00:00 [queued]>
[2025-05-25T12:37:25.103+0000] {taskinstance.py:2076} INFO - Dependencies all met for dep_context=requeueable deps ti=<TaskInstance: example_branch_operator.branch_d scheduled__2025-05-24T00:00:00+00:00 [queued]>
[2025-05-25T12:37:25.104+0000] {taskinstance.py:2306} INFO - Starting attempt 1 of 1
[2025-05-25T12:37:25.116+0000] {taskinstance.py:2330} INFO - Executing <Task(PythonOperator): branch_d> on 2025-05-24 00:00:00+00:00
[2025-05-25T12:37:25.123+0000] {warnings.py:112} WARNING - /home/***/.local/lib/python3.12/site-packages/***/task/task_runner/standard_task_runner.py:61: DeprecationWarning: This process (pid=128) is multi-threaded, use of fork() may lead to deadlocks in the child.
  pid = os.fork()

[2025-05-25T12:37:25.125+0000] {standard_task_runner.py:63} INFO - Started process 132 to run task
[2025-05-25T12:37:25.125+0000] {standard_task_runner.py:90} INFO - Running: ['***', 'tasks', 'run', 'example_branch_operator', 'branch_d', 'scheduled__2025-05-24T00:00:00+00:00', '--job-id', '9', '--raw', '--subdir', '/home/***/.local/lib/python3.12/site-packages/***/example_dags/example_branch_operator.py', '--cfg-path', '/tmp/tmpmthci52t']
[2025-05-25T12:37:25.127+0000] {standard_task_runner.py:91} INFO - Job 9: Subtask branch_d
[2025-05-25T12:37:25.179+0000] {task_command.py:426} INFO - Running <TaskInstance: example_branch_operator.branch_d scheduled__2025-05-24T00:00:00+00:00 [running]> on host af29f3c8a508
[2025-05-25T12:37:25.252+0000] {taskinstance.py:2648} INFO - Exporting env vars: AIRFLOW_CTX_DAG_OWNER='***' AIRFLOW_CTX_DAG_ID='example_branch_operator' AIRFLOW_CTX_TASK_ID='branch_d' AIRFLOW_CTX_EXECUTION_DATE='2025-05-24T00:00:00+00:00' AIRFLOW_CTX_TRY_NUMBER='1' AIRFLOW_CTX_DAG_RUN_ID='scheduled__2025-05-24T00:00:00+00:00'
[2025-05-25T12:37:25.254+0000] {taskinstance.py:430} INFO - ::endgroup::
[2025-05-25T12:37:25.255+0000] {logging_mixin.py:188} INFO - Hello World
[2025-05-25T12:37:25.255+0000] {python.py:237} INFO - Done. Returned value was: None
[2025-05-25T12:37:25.255+0000] {taskinstance.py:441} INFO - ::group::Post task execution logs
[2025-05-25T12:37:25.263+0000] {taskinstance.py:1206} INFO - Marking task as SUCCESS. dag_id=example_branch_operator, task_id=branch_d, run_id=scheduled__2025-05-24T00:00:00+00:00, execution_date=20250524T000000, start_date=20250525T123725, end_date=20250525T123725
[2025-05-25T12:37:25.298+0000] {local_task_job_runner.py:240} INFO - Task exited with return code 0
[2025-05-25T12:37:25.326+0000] {taskinstance.py:3503} INFO - 0 downstream tasks scheduled from follow-on schedule check
[2025-05-25T12:37:25.328+0000] {local_task_job_runner.py:222} INFO - ::endgroup::
