[2025-05-25T12:37:25.073+0000] {local_task_job_runner.py:120} INFO - ::group::Pre task execution logs
[2025-05-25T12:37:25.103+0000] {taskinstance.py:2076} INFO - Dependencies all met for dep_context=non-requeueable deps ti=<TaskInstance: example_branch_operator.branch_a manual__2025-05-25T12:37:18.175203+00:00 [queued]>
[2025-05-25T12:37:25.115+0000] {taskinstance.py:2076} INFO - Dependencies all met for dep_context=requeueable deps ti=<TaskInstance: example_branch_operator.branch_a manual__2025-05-25T12:37:18.175203+00:00 [queued]>
[2025-05-25T12:37:25.115+0000] {taskinstance.py:2306} INFO - Starting attempt 1 of 1
[2025-05-25T12:37:25.129+0000] {taskinstance.py:2330} INFO - Executing <Task(PythonOperator): branch_a> on 2025-05-25 12:37:18.175203+00:00
[2025-05-25T12:37:25.135+0000] {warnings.py:112} WARNING - /home/***/.local/lib/python3.12/site-packages/***/task/task_runner/standard_task_runner.py:61: DeprecationWarning: This process (pid=129) is multi-threaded, use of fork() may lead to deadlocks in the child.
  pid = os.fork()

[2025-05-25T12:37:25.136+0000] {standard_task_runner.py:63} INFO - Started process 133 to run task
[2025-05-25T12:37:25.137+0000] {standard_task_runner.py:90} INFO - Running: ['***', 'tasks', 'run', 'example_branch_operator', 'branch_a', 'manual__2025-05-25T12:37:18.175203+00:00', '--job-id', '10', '--raw', '--subdir', '/home/***/.local/lib/python3.12/site-packages/***/example_dags/example_branch_operator.py', '--cfg-path', '/tmp/tmpckikbr6q']
[2025-05-25T12:37:25.142+0000] {standard_task_runner.py:91} INFO - Job 10: Subtask branch_a
[2025-05-25T12:37:25.188+0000] {task_command.py:426} INFO - Running <TaskInstance: example_branch_operator.branch_a manual__2025-05-25T12:37:18.175203+00:00 [running]> on host af29f3c8a508
[2025-05-25T12:37:25.262+0000] {taskinstance.py:2648} INFO - Exporting env vars: AIRFLOW_CTX_DAG_OWNER='***' AIRFLOW_CTX_DAG_ID='example_branch_operator' AIRFLOW_CTX_TASK_ID='branch_a' AIRFLOW_CTX_EXECUTION_DATE='2025-05-25T12:37:18.175203+00:00' AIRFLOW_CTX_TRY_NUMBER='1' AIRFLOW_CTX_DAG_RUN_ID='manual__2025-05-25T12:37:18.175203+00:00'
[2025-05-25T12:37:25.264+0000] {taskinstance.py:430} INFO - ::endgroup::
[2025-05-25T12:37:25.264+0000] {logging_mixin.py:188} INFO - Hello World
[2025-05-25T12:37:25.264+0000] {python.py:237} INFO - Done. Returned value was: None
[2025-05-25T12:37:25.265+0000] {taskinstance.py:441} INFO - ::group::Post task execution logs
[2025-05-25T12:37:25.272+0000] {taskinstance.py:1206} INFO - Marking task as SUCCESS. dag_id=example_branch_operator, task_id=branch_a, run_id=manual__2025-05-25T12:37:18.175203+00:00, execution_date=20250525T123718, start_date=20250525T123725, end_date=20250525T123725
[2025-05-25T12:37:25.310+0000] {local_task_job_runner.py:240} INFO - Task exited with return code 0
[2025-05-25T12:37:25.339+0000] {taskinstance.py:3503} INFO - 0 downstream tasks scheduled from follow-on schedule check
[2025-05-25T12:37:25.340+0000] {local_task_job_runner.py:222} INFO - ::endgroup::
