[2025-05-25T12:37:53.483+0000] {local_task_job_runner.py:120} INFO - ::group::Pre task execution logs
[2025-05-25T12:37:53.512+0000] {taskinstance.py:2076} INFO - Dependencies all met for dep_context=non-requeueable deps ti=<TaskInstance: example_branch_operator.venv_d manual__2025-05-25T12:37:18.175203+00:00 [queued]>
[2025-05-25T12:37:53.524+0000] {taskinstance.py:2076} INFO - Dependencies all met for dep_context=requeueable deps ti=<TaskInstance: example_branch_operator.venv_d manual__2025-05-25T12:37:18.175203+00:00 [queued]>
[2025-05-25T12:37:53.525+0000] {taskinstance.py:2306} INFO - Starting attempt 1 of 1
[2025-05-25T12:37:53.540+0000] {taskinstance.py:2330} INFO - Executing <Task(PythonVirtualenvOperator): venv_d> on 2025-05-25 12:37:18.175203+00:00
[2025-05-25T12:37:53.547+0000] {warnings.py:112} WARNING - /home/***/.local/lib/python3.12/site-packages/***/task/task_runner/standard_task_runner.py:61: DeprecationWarning: This process (pid=271) is multi-threaded, use of fork() may lead to deadlocks in the child.
  pid = os.fork()

[2025-05-25T12:37:53.549+0000] {standard_task_runner.py:63} INFO - Started process 276 to run task
[2025-05-25T12:37:53.549+0000] {standard_task_runner.py:90} INFO - Running: ['***', 'tasks', 'run', 'example_branch_operator', 'venv_d', 'manual__2025-05-25T12:37:18.175203+00:00', '--job-id', '18', '--raw', '--subdir', '/home/***/.local/lib/python3.12/site-packages/***/example_dags/example_branch_operator.py', '--cfg-path', '/tmp/tmptacpw1tw']
[2025-05-25T12:37:53.551+0000] {standard_task_runner.py:91} INFO - Job 18: Subtask venv_d
[2025-05-25T12:37:53.596+0000] {task_command.py:426} INFO - Running <TaskInstance: example_branch_operator.venv_d manual__2025-05-25T12:37:18.175203+00:00 [running]> on host af29f3c8a508
[2025-05-25T12:37:53.678+0000] {taskinstance.py:2648} INFO - Exporting env vars: AIRFLOW_CTX_DAG_OWNER='***' AIRFLOW_CTX_DAG_ID='example_branch_operator' AIRFLOW_CTX_TASK_ID='venv_d' AIRFLOW_CTX_EXECUTION_DATE='2025-05-25T12:37:18.175203+00:00' AIRFLOW_CTX_TRY_NUMBER='1' AIRFLOW_CTX_DAG_RUN_ID='manual__2025-05-25T12:37:18.175203+00:00'
[2025-05-25T12:37:53.680+0000] {taskinstance.py:430} INFO - ::endgroup::
[2025-05-25T12:37:53.680+0000] {baseoperator.py:400} WARNING - PythonVirtualenvOperator.execute cannot be called outside TaskInstance!
[2025-05-25T12:37:53.688+0000] {python.py:708} INFO - Python virtual environment will be cached in /tmp/venv-5ea997a7
[2025-05-25T12:37:53.690+0000] {python.py:720} INFO - Re-using cached Python virtual environment in /tmp/venv-5ea997a7
[2025-05-25T12:37:53.697+0000] {process_utils.py:183} INFO - Executing cmd: /tmp/venv-5ea997a7/bin/python /tmp/venv-calluxn1h9zg/script.py /tmp/venv-calluxn1h9zg/script.in /tmp/venv-calluxn1h9zg/script.out /tmp/venv-calluxn1h9zg/string_args.txt /tmp/venv-calluxn1h9zg/termination.log
[2025-05-25T12:37:53.697+0000] {process_utils.py:187} INFO - Output:
[2025-05-25T12:37:55.944+0000] {process_utils.py:191} INFO - Hello World with some numpy stuff: [0 1 2 3 4 5]
[2025-05-25T12:37:56.254+0000] {python.py:237} INFO - Done. Returned value was: None
[2025-05-25T12:37:56.254+0000] {taskinstance.py:441} INFO - ::group::Post task execution logs
[2025-05-25T12:37:56.264+0000] {taskinstance.py:1206} INFO - Marking task as SUCCESS. dag_id=example_branch_operator, task_id=venv_d, run_id=manual__2025-05-25T12:37:18.175203+00:00, execution_date=20250525T123718, start_date=20250525T123753, end_date=20250525T123756
[2025-05-25T12:37:56.292+0000] {local_task_job_runner.py:240} INFO - Task exited with return code 0
[2025-05-25T12:37:56.308+0000] {taskinstance.py:3503} INFO - 0 downstream tasks scheduled from follow-on schedule check
[2025-05-25T12:37:56.310+0000] {local_task_job_runner.py:222} INFO - ::endgroup::
