[2025-05-25T12:37:29.017+0000] {local_task_job_runner.py:120} INFO - ::group::Pre task execution logs
[2025-05-25T12:37:29.037+0000] {taskinstance.py:2076} INFO - Dependencies all met for dep_context=non-requeueable deps ti=<TaskInstance: example_branch_operator.branching_ext_python manual__2025-05-25T12:37:18.175203+00:00 [queued]>
[2025-05-25T12:37:29.046+0000] {taskinstance.py:2076} INFO - Dependencies all met for dep_context=requeueable deps ti=<TaskInstance: example_branch_operator.branching_ext_python manual__2025-05-25T12:37:18.175203+00:00 [queued]>
[2025-05-25T12:37:29.046+0000] {taskinstance.py:2306} INFO - Starting attempt 1 of 1
[2025-05-25T12:37:29.059+0000] {taskinstance.py:2330} INFO - Executing <Task(BranchExternalPythonOperator): branching_ext_python> on 2025-05-25 12:37:18.175203+00:00
[2025-05-25T12:37:29.067+0000] {warnings.py:112} WARNING - /home/***/.local/lib/python3.12/site-packages/***/task/task_runner/standard_task_runner.py:61: DeprecationWarning: This process (pid=134) is multi-threaded, use of fork() may lead to deadlocks in the child.
  pid = os.fork()

[2025-05-25T12:37:29.068+0000] {standard_task_runner.py:63} INFO - Started process 139 to run task
[2025-05-25T12:37:29.069+0000] {standard_task_runner.py:90} INFO - Running: ['***', 'tasks', 'run', 'example_branch_operator', 'branching_ext_python', 'manual__2025-05-25T12:37:18.175203+00:00', '--job-id', '12', '--raw', '--subdir', '/home/***/.local/lib/python3.12/site-packages/***/example_dags/example_branch_operator.py', '--cfg-path', '/tmp/tmpvvdceg2b']
[2025-05-25T12:37:29.071+0000] {standard_task_runner.py:91} INFO - Job 12: Subtask branching_ext_python
[2025-05-25T12:37:29.113+0000] {task_command.py:426} INFO - Running <TaskInstance: example_branch_operator.branching_ext_python manual__2025-05-25T12:37:18.175203+00:00 [running]> on host af29f3c8a508
[2025-05-25T12:37:29.195+0000] {taskinstance.py:2648} INFO - Exporting env vars: AIRFLOW_CTX_DAG_OWNER='***' AIRFLOW_CTX_DAG_ID='example_branch_operator' AIRFLOW_CTX_TASK_ID='branching_ext_python' AIRFLOW_CTX_EXECUTION_DATE='2025-05-25T12:37:18.175203+00:00' AIRFLOW_CTX_TRY_NUMBER='1' AIRFLOW_CTX_DAG_RUN_ID='manual__2025-05-25T12:37:18.175203+00:00'
[2025-05-25T12:37:29.197+0000] {taskinstance.py:430} INFO - ::endgroup::
[2025-05-25T12:37:29.197+0000] {baseoperator.py:400} WARNING - BranchExternalPythonOperator.execute cannot be called outside TaskInstance!
[2025-05-25T12:37:29.675+0000] {baseoperator.py:400} WARNING - BranchExternalPythonOperator.execute cannot be called outside TaskInstance!
[2025-05-25T12:37:29.755+0000] {process_utils.py:183} INFO - Executing cmd: /home/***/.local/bin/python /tmp/venv-calli3t76m16/script.py /tmp/venv-calli3t76m16/script.in /tmp/venv-calli3t76m16/script.out /tmp/venv-calli3t76m16/string_args.txt /tmp/venv-calli3t76m16/termination.log
[2025-05-25T12:37:29.756+0000] {process_utils.py:187} INFO - Output:
[2025-05-25T12:37:32.762+0000] {python.py:237} INFO - Done. Returned value was: ext_py_a
[2025-05-25T12:37:32.762+0000] {branch.py:36} INFO - Branch into ext_py_a
[2025-05-25T12:37:32.762+0000] {skipmixin.py:178} INFO - Following branch ext_py_a
[2025-05-25T12:37:32.827+0000] {skipmixin.py:246} INFO - Skipping tasks [('ext_py_b', -1), ('ext_py_d', -1), ('ext_py_c', -1)]
[2025-05-25T12:37:32.879+0000] {taskinstance.py:441} INFO - ::group::Post task execution logs
[2025-05-25T12:37:32.925+0000] {taskinstance.py:1206} INFO - Marking task as SUCCESS. dag_id=example_branch_operator, task_id=branching_ext_python, run_id=manual__2025-05-25T12:37:18.175203+00:00, execution_date=20250525T123718, start_date=20250525T123729, end_date=20250525T123732
[2025-05-25T12:37:32.975+0000] {local_task_job_runner.py:240} INFO - Task exited with return code 0
[2025-05-25T12:37:33.050+0000] {taskinstance.py:3503} INFO - 1 downstream tasks scheduled from follow-on schedule check
[2025-05-25T12:37:33.082+0000] {local_task_job_runner.py:222} INFO - ::endgroup::
