[2025-05-25T12:37:41.343+0000] {local_task_job_runner.py:120} INFO - ::group::Pre task execution logs
[2025-05-25T12:37:41.364+0000] {taskinstance.py:2076} INFO - Dependencies all met for dep_context=non-requeueable deps ti=<TaskInstance: example_branch_operator.branching_venv manual__2025-05-25T12:37:18.175203+00:00 [queued]>
[2025-05-25T12:37:41.372+0000] {taskinstance.py:2076} INFO - Dependencies all met for dep_context=requeueable deps ti=<TaskInstance: example_branch_operator.branching_venv manual__2025-05-25T12:37:18.175203+00:00 [queued]>
[2025-05-25T12:37:41.372+0000] {taskinstance.py:2306} INFO - Starting attempt 1 of 1
[2025-05-25T12:37:41.386+0000] {taskinstance.py:2330} INFO - Executing <Task(BranchPythonVirtualenvOperator): branching_venv> on 2025-05-25 12:37:18.175203+00:00
[2025-05-25T12:37:41.392+0000] {warnings.py:112} WARNING - /home/***/.local/lib/python3.12/site-packages/***/task/task_runner/standard_task_runner.py:61: DeprecationWarning: This process (pid=187) is multi-threaded, use of fork() may lead to deadlocks in the child.
  pid = os.fork()

[2025-05-25T12:37:41.393+0000] {standard_task_runner.py:63} INFO - Started process 190 to run task
[2025-05-25T12:37:41.394+0000] {standard_task_runner.py:90} INFO - Running: ['***', 'tasks', 'run', 'example_branch_operator', 'branching_venv', 'manual__2025-05-25T12:37:18.175203+00:00', '--job-id', '15', '--raw', '--subdir', '/home/***/.local/lib/python3.12/site-packages/***/example_dags/example_branch_operator.py', '--cfg-path', '/tmp/tmp4ytkmzc3']
[2025-05-25T12:37:41.396+0000] {standard_task_runner.py:91} INFO - Job 15: Subtask branching_venv
[2025-05-25T12:37:41.438+0000] {task_command.py:426} INFO - Running <TaskInstance: example_branch_operator.branching_venv manual__2025-05-25T12:37:18.175203+00:00 [running]> on host af29f3c8a508
[2025-05-25T12:37:41.510+0000] {taskinstance.py:2648} INFO - Exporting env vars: AIRFLOW_CTX_DAG_OWNER='***' AIRFLOW_CTX_DAG_ID='example_branch_operator' AIRFLOW_CTX_TASK_ID='branching_venv' AIRFLOW_CTX_EXECUTION_DATE='2025-05-25T12:37:18.175203+00:00' AIRFLOW_CTX_TRY_NUMBER='1' AIRFLOW_CTX_DAG_RUN_ID='manual__2025-05-25T12:37:18.175203+00:00'
[2025-05-25T12:37:41.512+0000] {taskinstance.py:430} INFO - ::endgroup::
[2025-05-25T12:37:41.512+0000] {baseoperator.py:400} WARNING - BranchPythonVirtualenvOperator.execute cannot be called outside TaskInstance!
[2025-05-25T12:37:41.512+0000] {baseoperator.py:400} WARNING - BranchPythonVirtualenvOperator.execute cannot be called outside TaskInstance!
[2025-05-25T12:37:41.519+0000] {python.py:708} INFO - Python virtual environment will be cached in /tmp/venv-5ea997a7
[2025-05-25T12:37:41.520+0000] {process_utils.py:183} INFO - Executing cmd: /home/***/.local/bin/python -m virtualenv /tmp/venv-5ea997a7 --system-site-packages --python=python
[2025-05-25T12:37:41.521+0000] {process_utils.py:187} INFO - Output:
[2025-05-25T12:37:42.543+0000] {process_utils.py:191} INFO - created virtual environment CPython3.12.4.final.0-64 in 538ms
[2025-05-25T12:37:42.543+0000] {process_utils.py:191} INFO -   creator CPython3Posix(dest=/tmp/venv-5ea997a7, clear=False, no_vcs_ignore=False, global=True)
[2025-05-25T12:37:42.544+0000] {process_utils.py:191} INFO -   seeder FromAppData(download=False, pip=bundle, via=copy, app_data_dir=/home/***/.local/share/virtualenv)
[2025-05-25T12:37:42.544+0000] {process_utils.py:191} INFO -     added seed packages: pip==24.0
[2025-05-25T12:37:42.544+0000] {process_utils.py:191} INFO -   activators BashActivator,CShellActivator,FishActivator,NushellActivator,PowerShellActivator,PythonActivator
[2025-05-25T12:37:42.566+0000] {process_utils.py:183} INFO - Executing cmd: /tmp/venv-5ea997a7/bin/pip install -r /tmp/venv-5ea997a7/requirements.txt
[2025-05-25T12:37:42.567+0000] {process_utils.py:187} INFO - Output:
[2025-05-25T12:37:44.759+0000] {process_utils.py:191} INFO - Requirement already satisfied: numpy~=1.26.0 in /home/***/.local/lib/python3.12/site-packages (from -r /tmp/venv-5ea997a7/requirements.txt (line 1)) (1.26.4)
[2025-05-25T12:37:48.103+0000] {process_utils.py:191} INFO - 
[2025-05-25T12:37:48.103+0000] {process_utils.py:191} INFO - [notice] A new release of pip is available: 24.0 -> 25.1.1
[2025-05-25T12:37:48.104+0000] {process_utils.py:191} INFO - [notice] To update, run: python -m pip install --upgrade pip
[2025-05-25T12:37:48.300+0000] {python.py:746} INFO - New Python virtual environment created in /tmp/venv-5ea997a7
[2025-05-25T12:37:48.313+0000] {process_utils.py:183} INFO - Executing cmd: /tmp/venv-5ea997a7/bin/python /tmp/venv-call37osk9s7/script.py /tmp/venv-call37osk9s7/script.in /tmp/venv-call37osk9s7/script.out /tmp/venv-call37osk9s7/string_args.txt /tmp/venv-call37osk9s7/termination.log
[2025-05-25T12:37:48.314+0000] {process_utils.py:187} INFO - Output:
[2025-05-25T12:37:51.189+0000] {process_utils.py:191} INFO - Some numpy stuff: [0 1 2 3 4 5]
[2025-05-25T12:37:51.561+0000] {python.py:237} INFO - Done. Returned value was: venv_d
[2025-05-25T12:37:51.561+0000] {branch.py:36} INFO - Branch into venv_d
[2025-05-25T12:37:51.562+0000] {skipmixin.py:178} INFO - Following branch venv_d
[2025-05-25T12:37:51.610+0000] {skipmixin.py:246} INFO - Skipping tasks [('venv_b', -1), ('venv_a', -1), ('venv_c', -1)]
[2025-05-25T12:37:51.680+0000] {taskinstance.py:441} INFO - ::group::Post task execution logs
[2025-05-25T12:37:51.720+0000] {taskinstance.py:1206} INFO - Marking task as SUCCESS. dag_id=example_branch_operator, task_id=branching_venv, run_id=manual__2025-05-25T12:37:18.175203+00:00, execution_date=20250525T123718, start_date=20250525T123741, end_date=20250525T123751
[2025-05-25T12:37:51.773+0000] {local_task_job_runner.py:240} INFO - Task exited with return code 0
[2025-05-25T12:37:51.808+0000] {taskinstance.py:3503} INFO - 1 downstream tasks scheduled from follow-on schedule check
[2025-05-25T12:37:51.810+0000] {local_task_job_runner.py:222} INFO - ::endgroup::
